ESP-ROM:esp32s3-20210327
Build:Mar 27 2021
rst:0x15 (USB_UART_CHIP_RESET),boot:0x8 (SPI_FAST_FLASH_BOOT)
Saved PC:0x4205f9ae
SPIWP:0xee
mode:DIO, clock div:1
load:0x3fcd0108,len:0x164c
load:0x403b6000,len:0xb7c
load:0x403ba000,len:0x2f74
entry 0x403b6248
[0;32mI (24) boot: ESP-IDF v4.4.1 2nd stage bootloader[0m
[0;32mI (25) boot: compile time 08:20:34[0m
[0;32mI (25) boot: chip revision: 0[0m
[0;32mI (26) boot.esp32s3: Boot SPI Speed : 80MHz[0m
[0;32mI (31) boot.esp32s3: SPI Mode       : DIO[0m
[0;32mI (36) boot.esp32s3: SPI Flash Size : 2MB[0m
[0;32mI (40) boot: Enabling RNG early entropy source...[0m
[0;32mI (46) boot: Partition Table:[0m
[0;32mI (49) boot: ## Label            Usage          Type ST Offset   Length[0m
[0;32mI (57) boot:  0 nvs              WiFi data        01 02 00009000 00006000[0m
[0;32mI (64) boot:  1 phy_init         RF data          01 01 0000f000 00001000[0m
[0;32mI (72) boot:  2 factory          factory app      00 00 00010000 00100000[0m
[0;32mI (79) boot: End of partition table[0m
[0;32mI (83) esp_image: segment 0: paddr=00010020 vaddr=3c070020 size=11f5ch ( 73564) map[0m
[0;32mI (105) esp_image: segment 1: paddr=00021f84 vaddr=3fc946a0 size=0414ch ( 16716) load[0m
[0;32mI (109) esp_image: segment 2: paddr=000260d8 vaddr=40374000 size=09f40h ( 40768) load[0m
[0;32mI (120) esp_image: segment 3: paddr=00030020 vaddr=42000020 size=622c0h (402112) map[0m
[0;32mI (192) esp_image: segment 4: paddr=000922e8 vaddr=4037df40 size=06760h ( 26464) load[0m
[0;32mI (199) esp_image: segment 5: paddr=00098a50 vaddr=50000000 size=00010h (    16) load[0m
[0;32mI (206) boot: Loaded app from partition at offset 0x10000[0m
[0;32mI (206) boot: Disabling RNG early entropy source...[0m
[0;32mI (221) cpu_start: Pro cpu up.[0m
[0;32mI (221) cpu_start: Starting app cpu, entry point is 0x403751d0[0m
[0;32mI (0) cpu_start: App cpu up.[0m
[0;32mI (235) cpu_start: Pro cpu start user code[0m
[0;32mI (235) cpu_start: cpu freq: 160000000[0m
[0;32mI (235) cpu_start: Application information:[0m
[0;32mI (238) cpu_start: Project name:     espnow_receiver[0m
[0;32mI (243) cpu_start: App version:      ea4a627-dirty[0m
[0;32mI (249) cpu_start: Compile time:     Mar 13 2024 18:09:57[0m
[0;32mI (255) cpu_start: ELF file SHA256:  b8afe2ffb77c6502...[0m
[0;32mI (261) cpu_start: ESP-IDF:          v4.4.1-dirty[0m
[0;32mI (266) heap_init: Initializing. RAM available for dynamic allocation:[0m
[0;32mI (274) heap_init: At 3FC9B9F8 len 00044608 (273 KiB): D/IRAM[0m
[0;32mI (280) heap_init: At 3FCE0000 len 0000EE34 (59 KiB): STACK/DRAM[0m
[0;32mI (287) heap_init: At 3FCF0000 len 00008000 (32 KiB): DRAM[0m
[0;32mI (293) heap_init: At 600FE000 len 00002000 (8 KiB): RTCRAM[0m
[0;32mI (300) spi_flash: detected chip: gd[0m
[0;32mI (304) spi_flash: flash io: dio[0m
[0;33mW (307) spi_flash: Detected size(8192k) larger than the size in the binary image header(2048k). Using the size in the binary image header.[0m
[0;32mI (321) sleep: Configure to isolate all GPIO pins in sleep state[0m
[0;32mI (328) sleep: Enable automatic switching of GPIO sleep configuration[0m
[0;32mI (335) cpu_start: Starting scheduler on PRO CPU.[0m
[0;32mI (0) cpu_start: Starting scheduler on APP CPU.[0m
[0;32mI (375) pp: pp rom version: e7ae62f[0m
[0;32mI (375) net80211: net80211 rom version: e7ae62f[0m
I (385) wifi:wifi driver task: 3fce33b8, prio:23, stack:6656, core=0
[0;32mI (385) system_api: Base MAC address is not set[0m
[0;32mI (385) system_api: read default base MAC address from EFUSE[0m
I (385) wifi:wifi firmware version: 63017e0
I (395) wifi:wifi certification version: v7.0
I (395) wifi:config NVS flash: enabled
I (395) wifi:config nano formating: disabled
I (405) wifi:Init data frame dynamic rx buffer num: 32
I (405) wifi:Init management frame dynamic rx buffer num: 32
I (415) wifi:Init management short buffer num: 32
I (415) wifi:Init dynamic tx buffer num: 32
I (425) wifi:Init static tx FG buffer num: 2
I (425) wifi:Init static rx buffer size: 1600
I (425) wifi:Init static rx buffer num: 10
I (435) wifi:Init dynamic rx buffer num: 32
[0;32mI (435) wifi_init: rx ba win: 6[0m
[0;32mI (445) wifi_init: tcpip mbox: 32[0m
[0;32mI (445) wifi_init: udp mbox: 6[0m
[0;32mI (445) wifi_init: tcp mbox: 6[0m
[0;32mI (455) wifi_init: tcp tx win: 5744[0m
[0;32mI (455) wifi_init: tcp rx win: 5744[0m
[0;32mI (465) wifi_init: tcp mss: 1440[0m
[0;32mI (465) wifi_init: WiFi IRAM OP enabled[0m
[0;32mI (465) wifi_init: WiFi RX IRAM OP enabled[0m
[0;32mI (475) phy_init: phy_version 501,94697a2,Apr  7 2022,20:49:08[0m
I (585) wifi:mode : sta (dc:54:75:c1:80:34)
I (585) wifi:enable tsf
I (585) ESPNOW: espnow [version: 1.0] init
[0;32mI (4515) espnow_recv: (5660;0;200;2)[0m
[0;32mI (4605) espnow_recv: (5660;0;300;2)[0m
[0;32mI (4695) espnow_recv: (34695;0;400;2)[0m
[0;32mI (4785) espnow_recv: (44475;0;500;2)[0m
[0;32mI (4875) espnow_recv: (57434;0;600;2)[0m
[0;32mI (4965) espnow_recv: (69808;0;700;2)[0m
[0;32mI (5055) espnow_recv: (71259;0;800;2)[0m
[0;32mI (5145) espnow_recv: (71259;0;900;2)[0m
[0;32mI (5235) espnow_recv: (86930;0;1000;2)[0m
[0;32mI (5325) espnow_recv: (98630;0;1100;2)[0m
[0;32mI (5415) espnow_recv: (110948;0;1200;2)[0m
[0;32mI (5505) espnow_recv: (119366;0;1300;2)[0m
[0;32mI (5595) espnow_recv: (122614;0;1400;2)[0m
[0;32mI (5685) espnow_recv: (133863;0;1500;2)[0m
[0;32mI (5775) espnow_recv: (141428;0;1600;2)[0m
[0;32mI (5865) espnow_recv: (141428;0;1700;2)[0m
[0;32mI (5955) espnow_recv: (161356;0;1800;2)[0m
[0;32mI (25315) espnow_recv: (102658;102745;162745;2)[0m
[0;32mI (25325) espnow_recv: (103391;102694;162694;2)[0m
[0;32mI (25335) espnow_recv: (103272;102722;162722;2)[0m
[0;32mI (25345) espnow_recv: (105314;102851;162851;2)[0m
[0;32mI (25355) espnow_recv: (105337;102975;162975;2)[0m
[0;32mI (25365) espnow_recv: (103504;103001;163001;2)[0m
[0;32mI (25375) espnow_recv: (104892;103095;163095;2)[0m
[0;32mI (25385) espnow_recv: (108146;103347;163347;2)[0m
[0;32mI (25395) espnow_recv: (108146;103586;163586;2)[0m
[0;32mI (25405) espnow_recv: (214311;109122;169122;2)[0m
[0;32mI (25415) espnow_recv: (214311;109122;169122;2)[0m
[0;32mI (25425) espnow_recv: (300390;109122;169122;2)[0m
[0;32mI (25435) espnow_recv: (300390;109122;169122;2)[0m
[0;32mI (25435) espnow_recv: (312688;109122;169122;2)[0m
[0;32mI (25455) espnow_recv: (312688;109122;169122;2)[0m
[0;32mI (25465) espnow_recv: (349424;109122;169122;2)[0m
[0;32mI (25475) espnow_recv: (349424;109122;169122;2)[0m
[0;32mI (25485) espnow_recv: (335931;109122;169122;2)[0m
[0;32mI (25495) espnow_recv: (335931;109122;169122;2)[0m
[0;32mI (25505) espnow_recv: (326678;109122;169122;2)[0m
[0;32mI (25515) espnow_recv: (326678;109122;169122;2)[0m
[0;32mI (25525) espnow_recv: (325191;109122;169122;2)[0m
[0;32mI (25535) espnow_recv: (276453;109122;169122;2)[0m
[0;32mI (25545) espnow_recv: (276453;109122;169122;2)[0m
[0;32mI (25555) espnow_recv: (185334;109122;169122;2)[0m
[0;32mI (25565) espnow_recv: (144665;109122;169122;2)[0m
[0;32mI (25575) espnow_recv: (114017;109366;169366;2)[0m
[0;32mI (25585) espnow_recv: (111728;109484;169484;2)[0m
[0;32mI (25595) espnow_recv: (106321;109326;169326;2)[0m
[0;32mI (25595) espnow_recv: (106321;109176;169176;2)[0m
[0;32mI (25595) espnow_recv: (104155;108925;168925;2)[0m
[0;32mI (25615) espnow_recv: (108410;108900;168900;2)[0m
[0;32mI (25625) espnow_recv: (110844;108997;168997;2)[0m
[0;32mI (25635) espnow_recv: (115215;109307;169307;2)[0m
[0;32mI (25645) espnow_recv: (117525;117234;177234;2)[0m
[0;32mI (25655) espnow_recv: (116477;116579;176579;2)[0m
[0;32mI (25665) espnow_recv: (114143;114378;174378;2)[0m
[0;32mI (25675) espnow_recv: (110733;111077;171077;2)[0m
[0;32mI (25685) espnow_recv: (116831;116224;176224;2)[0m
[0;32mI (25695) espnow_recv: (118981;118759;178759;2)[0m
[0;32mI (25705) espnow_recv: (120786;120603;180603;2)[0m
[0;32mI (25715) espnow_recv: (120699;120706;180706;2)[0m
[0;32mI (25725) espnow_recv: (118261;118505;178505;2)[0m
[0;32mI (25735) espnow_recv: (113429;113915;173915;2)[0m
[0;32mI (25745) espnow_recv: (108735;109210;169210;2)[0m
[0;32mI (25755) espnow_recv: (114200;113658;173658;2)[0m
[0;32mI (25765) espnow_recv: (120111;119514;179514;2)[0m
[0;32mI (25775) espnow_recv: (120553;120502;180502;2)[0m
[0;32mI (25785) espnow_recv: (121708;121591;181591;2)[0m
[0;32mI (25795) espnow_recv: (120383;120515;180515;2)[0m
[0;32mI (25805) espnow_recv: (117054;117389;177389;2)[0m
[0;32mI (25815) espnow_recv: (114033;114339;174339;2)[0m
[0;32mI (25825) espnow_recv: (111666;111906;171906;2)[0m
[0;32mI (25835) espnow_recv: (117078;116539;176539;2)[0m
[0;32mI (25845) espnow_recv: (119226;119005;179005;2)[0m
[0;32mI (25855) espnow_recv: (120851;120686;180686;2)[0m
[0;32mI (25865) espnow_recv: (120468;120505;180505;2)[0m
[0;32mI (25875) espnow_recv: (117962;118213;178213;2)[0m
[0;32mI (25885) espnow_recv: (112317;112885;172885;2)[0m
[0;32mI (25895) espnow_recv: (109108;109435;169435;2)[0m
[0;32mI (25905) espnow_recv: (115573;114929;174929;2)[0m
[0;32mI (25915) espnow_recv: (123087;122329;182329;2)[0m
[0;32mI (25925) espnow_recv: (124054;123949;183949;2)[0m
[0;32mI (25935) espnow_recv: (125137;125027;185027;2)[0m
[0;32mI (25945) espnow_recv: (124737;124776;184776;2)[0m
[0;32mI (25955) espnow_recv: (124534;124555;184555;2)[0m
[0;32mI (25965) espnow_recv: (123637;123727;183727;2)[0m
[0;32mI (25975) espnow_recv: (121806;121990;181990;2)[0m
[0;32mI (25985) espnow_recv: (117660;118077;178077;2)[0m
[0;32mI (25995) espnow_recv: (110188;117287;177287;2)[0m
[0;32mI (26005) espnow_recv: (115429;117195;177195;2)[0m
[0;32mI (26015) espnow_recv: (119994;117334;177334;2)[0m
[0;32mI (26025) espnow_recv: (124403;117687;177687;2)[0m
[0;32mI (26035) espnow_recv: (125493;118077;178077;2)[0m
[0;32mI (26045) espnow_recv: (125033;118424;178424;2)[0m
[0;32mI (26055) espnow_recv: (126419;118823;178823;2)[0m
[0;32mI (26065) espnow_recv: (125668;119165;179165;2)[0m
[0;32mI (26075) espnow_recv: (124614;119437;179437;2)[0m
[0;32mI (26085) espnow_recv: (123659;119648;179648;2)[0m
[0;32mI (26095) espnow_recv: (120064;119668;179668;2)[0m
[0;32mI (26105) espnow_recv: (118105;119590;179590;2)[0m
[0;32mI (26115) espnow_recv: (112032;119213;179213;2)[0m
[0;32mI (26125) espnow_recv: (122820;119393;179393;2)[0m
[0;32mI (26135) espnow_recv: (127390;119792;179792;2)[0m
[0;32mI (26145) espnow_recv: (127390;120171;180171;2)[0m
[0;32mI (26155) espnow_recv: (193021;123813;183813;2)[0m
[0;32mI (26165) espnow_recv: (241311;123813;183813;2)[0m
[0;32mI (26175) espnow_recv: (241311;123813;183813;2)[0m
[0;32mI (26175) espnow_recv: (241311;123813;183813;2)[0m
[0;32mI (26195) espnow_recv: (264922;123813;183813;2)[0m
[0;32mI (26205) espnow_recv: (278508;123813;183813;2)[0m
[0;32mI (26215) espnow_recv: (278508;123813;183813;2)[0m
[0;32mI (26225) espnow_recv: (282976;123813;183813;2)[0m
[0;32mI (26235) espnow_recv: (283775;123813;183813;2)[0m
[0;32mI (26245) espnow_recv: (283775;123813;183813;2)[0m
[0;32mI (26255) espnow_recv: (275785;123813;183813;2)[0m
[0;32mI (26265) espnow_recv: (209146;123813;183813;2)[0m
[0;32mI (26275) espnow_recv: (151724;123813;183813;2)[0m
[0;32mI (26285) espnow_recv: (141099;124677;184677;2)[0m
[0;32mI (26295) espnow_recv: (134509;125168;185168;2)[0m
[0;32mI (26295) espnow_recv: (131812;125500;185500;2)[0m
[0;32mI (26295) espnow_recv: (131812;131812;311812;2)[0m
[0;32mI (26315) espnow_recv: (122012;131322;311322;2)[0m
[0;32mI (26325) espnow_recv: (119206;130717;310717;2)[0m
[0;32mI (26335) espnow_recv: (118558;130110;310110;2)[0m
[0;32mI (26345) espnow_recv: (114514;129331;309331;2)[0m
[0;32mI (26355) espnow_recv: (110280;128379;188379;2)[0m
[0;32mI (26365) espnow_recv: (116105;115703;175703;2)[0m
[0;32mI (26375) espnow_recv: (118152;117943;177943;2)[0m
[0;32mI (26385) espnow_recv: (118013;118025;178025;2)[0m
[0;32mI (26395) espnow_recv: (114961;115267;175267;2)[0m
[0;32mI (26405) espnow_recv: (109435;109991;169991;2)[0m
[0;32mI (26415) espnow_recv: (108012;108160;168160;2)[0m
[0;32mI (26425) espnow_recv: (113445;112903;172903;2)[0m
[0;32mI (26435) espnow_recv: (114709;114577;174577;2)[0m
[0;32mI (26445) espnow_recv: (114635;114641;174641;2)[0m
[0;32mI (26455) espnow_recv: (106305;107139;167139;2)[0m
[0;32mI (26465) espnow_recv: (104294;104504;164504;2)[0m
[0;32mI (26475) espnow_recv: (105864;105709;165709;2)[0m
[0;32mI (26485) espnow_recv: (105564;105593;165593;2)[0m
[0;32mI (26495) espnow_recv: (101968;102328;162328;2)[0m
[0;32mI (26505) espnow_recv: (103615;103453;163453;2)[0m
[0;32mI (26515) espnow_recv: (106069;105821;165821;2)[0m
[0;32mI (26525) espnow_recv: (104254;104433;164433;2)[0m
[0;32mI (26535) espnow_recv: (102984;103113;163113;2)[0m
[0;32mI (26545) espnow_recv: (104360;104223;164223;2)[0m
[0;32mI (26555) espnow_recv: (104996;104931;164931;2)[0m
[0;32mI (26565) espnow_recv: (103372;103534;163534;2)[0m
[0;32mI (26575) espnow_recv: (103598;103577;163577;2)[0m
[0;32mI (26585) espnow_recv: (105382;105203;165203;2)[0m
[0;32mI (26595) espnow_recv: (103910;104056;164056;2)[0m
[0;32mI (26605) espnow_recv: (102448;102596;162596;2)[0m
[0;32mI (26615) espnow_recv: (105094;104830;164830;2)[0m
[0;32mI (26625) espnow_recv: (105804;105730;165730;2)[0m
[0;32mI (26635) espnow_recv: (104628;104745;164745;2)[0m
[0;32mI (26645) espnow_recv: (102361;102589;162589;2)[0m
[0;32mI (26655) espnow_recv: (104691;104460;164460;2)[0m
[0;32mI (26665) espnow_recv: (105387;104725;164725;2)[0m
[0;32mI (26675) espnow_recv: (103313;104655;164655;2)[0m
[0;32mI (26685) espnow_recv: (103736;104610;164610;2)[0m
[0;32mI (26695) espnow_recv: (105492;104654;164654;2)[0m
[0;32mI (26705) espnow_recv: (104460;104645;164645;2)[0m
[0;32mI (26715) espnow_recv: (103354;104581;164581;2)[0m
[0;32mI (26725) espnow_recv: (105079;104605;164605;2)[0m
[0;32mI (26735) espnow_recv: (106224;104685;164685;2)[0m
[0;32mI (26745) espnow_recv: (104015;104652;164652;2)[0m
[0;32mI (26755) espnow_recv: (103787;104609;164609;2)[0m
[0;32mI (26765) espnow_recv: (106804;104718;164718;2)[0m
[0;32mI (26775) espnow_recv: (106865;104825;164825;2)[0m
[0;32mI (26785) espnow_recv: (106287;104898;164898;2)[0m
[0;32mI (26795) espnow_recv: (164584;107882;167882;2)[0m
[0;32mI (26805) espnow_recv: (164584;110717;170717;2)[0m
[0;32mI (26815) espnow_recv: (276850;119023;179023;2)[0m
[0;32mI (26825) espnow_recv: (276850;119023;179023;2)[0m
[0;32mI (26835) espnow_recv: (302821;119023;179023;2)[0m
[0;32mI (26835) espnow_recv: (302821;119023;179023;2)[0m
[0;32mI (26855) espnow_recv: (302821;119023;179023;2)[0m
[0;32mI (26865) espnow_recv: (340999;119023;179023;2)[0m
[0;32mI (26875) espnow_recv: (332662;119023;179023;2)[0m
[0;32mI (26885) espnow_recv: (332662;119023;179023;2)[0m
[0;32mI (26895) espnow_recv: (300698;119023;179023;2)[0m
[0;32mI (26905) espnow_recv: (156569;119023;179023;2)[0m
[0;32mI (26915) espnow_recv: (130908;119617;179617;2)[0m
[0;32mI (26925) espnow_recv: (110856;119179;179179;2)[0m
[0;32mI (26935) espnow_recv: (109474;118694;178694;2)[0m
[0;32mI (26935) espnow_recv: (108652;118192;178192;2)[0m
[0;32mI (26935) espnow_recv: (108652;117715;177715;2)[0m
[0;32mI (26955) espnow_recv: (107082;117184;177184;2)[0m
[0;32mI (26965) espnow_recv: (106086;116630;176630;2)[0m
[0;32mI (26975) espnow_recv: (114946;116546;176546;2)[0m
[0;32mI (26985) espnow_recv: (119363;118937;178937;2)[0m
[0;32mI (26995) espnow_recv: (120157;120073;180073;2)[0m
[0;32mI (27005) espnow_recv: (121764;121602;181602;2)[0m
[0;32mI (27015) espnow_recv: (120924;121007;181007;2)[0m
[0;32mI (27025) espnow_recv: (118544;118783;178783;2)[0m
[0;32mI (27035) espnow_recv: (116441;116654;176654;2)[0m
[0;32mI (27045) espnow_recv: (109106;109842;169842;2)[0m
[0;32mI (27055) espnow_recv: (115266;114657;174657;2)[0m
[0;32mI (27065) espnow_recv: (118526;118193;178193;2)[0m
[0;32mI (27075) espnow_recv: (120859;120622;180622;2)[0m
[0;32mI (27085) espnow_recv: (121639;121558;181558;2)[0m
[0;32mI (27095) espnow_recv: (119629;119830;179830;2)[0m
[0;32mI (27105) espnow_recv: (116219;116563;176563;2)[0m
[0;32mI (27115) espnow_recv: (113240;113542;173542;2)[0m
[0;32mI (27125) espnow_recv: (112693;112751;172751;2)[0m
[0;32mI (27135) espnow_recv: (117650;117154;177154;2)[0m
[0;32mI (27145) espnow_recv: (119080;118932;178932;2)[0m
[0;32mI (27155) espnow_recv: (121122;120916;180916;2)[0m
[0;32mI (27165) espnow_recv: (120113;120212;180212;2)[0m
[0;32mI (27175) espnow_recv: (117646;117894;177894;2)[0m
[0;32mI (27185) espnow_recv: (109940;110714;170714;2)[0m
[0;32mI (27195) espnow_recv: (108668;108803;168803;2)[0m
[0;32mI (27205) espnow_recv: (115802;115090;175090;2)[0m
[0;32mI (27215) espnow_recv: (118602;118314;178314;2)[0m
[0;32mI (27225) espnow_recv: (120914;120679;180679;2)[0m
[0;32mI (27235) espnow_recv: (122652;122475;182475;2)[0m
[0;32mI (27245) espnow_recv: (122380;122406;182406;2)[0m
[0;32mI (27255) espnow_recv: (121247;121361;181361;2)[0m
[0;32mI (27265) espnow_recv: (119838;119981;179981;2)[0m
[0;32mI (27275) espnow_recv: (117282;117540;177540;2)[0m
[0;32mI (27285) espnow_recv: (115922;116061;176061;2)[0m
[0;32mI (27295) espnow_recv: (119959;119556;179556;2)[0m
[0;32mI (27305) espnow_recv: (123068;122753;182753;2)[0m
[0;32mI (27315) espnow_recv: (124373;124239;184239;2)[0m
[0;32mI (27325) espnow_recv: (125187;125104;185104;2)[0m
[0;32mI (27335) espnow_recv: (125750;125215;185215;2)[0m
[0;32mI (27345) espnow_recv: (124162;125163;185163;2)[0m
[0;32mI (27355) espnow_recv: (122456;125028;185028;2)[0m
[0;32mI (27365) espnow_recv: (121835;124869;184869;2)[0m
[0;32mI (27375) espnow_recv: (119446;124598;184598;2)[0m
[0;32mI (27385) espnow_recv: (112736;124005;184005;2)[0m
[0;32mI (27395) espnow_recv: (116568;123634;183634;2)[0m
[0;32mI (27405) espnow_recv: (121619;123534;183534;2)[0m
[0;32mI (27415) espnow_recv: (123799;123547;183547;2)[0m
[0;32mI (27425) espnow_recv: (125176;123628;183628;2)[0m
[0;32mI (27435) espnow_recv: (125963;123744;183744;2)[0m
[0;32mI (27445) espnow_recv: (125085;123811;183811;2)[0m
[0;32mI (27455) espnow_recv: (125341;123887;183887;2)[0m
[0;32mI (27465) espnow_recv: (123611;123874;183874;2)[0m
[0;32mI (27475) espnow_recv: (122108;123786;183786;2)[0m
[0;32mI (27485) espnow_recv: (121084;123651;183651;2)[0m
[0;32mI (27495) espnow_recv: (111255;123032;183032;2)[0m
[0;32mI (27505) espnow_recv: (116091;122685;182685;2)[0m
[0;32mI (27515) espnow_recv: (121770;122640;182640;2)[0m
[0;32mI (27525) espnow_recv: (127830;122899;182899;2)[0m
[0;32mI (27535) espnow_recv: (137558;123631;183631;2)[0m
[0;32mI (27545) espnow_recv: (137558;124327;184327;2)[0m
[0;32mI (27555) espnow_recv: (211480;128684;188684;2)[0m
[0;32mI (27565) espnow_recv: (211480;128684;188684;2)[0m
[0;32mI (27575) espnow_recv: (247335;128684;188684;2)[0m
[0;32mI (27575) espnow_recv: (247335;128684;188684;2)[0m
[0;32mI (27595) espnow_recv: (264991;128684;188684;2)[0m
[0;32mI (27605) espnow_recv: (275809;128684;188684;2)[0m
[0;32mI (27615) espnow_recv: (275809;128684;188684;2)[0m
[0;32mI (27625) espnow_recv: (278187;128684;188684;2)[0m
[0;32mI (27635) espnow_recv: (267118;128684;188684;2)[0m
[0;32mI (27645) espnow_recv: (201733;128684;188684;2)[0m
[0;32mI (27655) espnow_recv: (168033;128684;188684;2)[0m
[0;32mI (27665) espnow_recv: (149675;129733;189733;2)[0m
[0;32mI (27675) espnow_recv: (135487;130020;190020;2)[0m
[0;32mI (27675) espnow_recv: (135487;130293;190293;2)[0m
[0;32mI (27685) espnow_recv: (135487;135487;315487;2)[0m
[0;32mI (27695) espnow_recv: (126481;135037;315037;2)[0m
[0;32mI (27705) espnow_recv: (124149;134493;314493;2)[0m
[0;32mI (27715) espnow_recv: (120095;133774;313774;2)[0m
[0;32mI (27725) espnow_recv: (118033;132987;312987;2)[0m
[0;32mI (27735) espnow_recv: (109282;131802;191802;2)[0m
[0;32mI (27745) espnow_recv: (110047;110196;170196;2)[0m
[0;32mI (27755) espnow_recv: (116499;115855;175855;2)[0m
[0;32mI (27765) espnow_recv: (119022;118763;178763;2)[0m
[0;32mI (27775) espnow_recv: (117588;117729;177729;2)[0m
[0;32mI (27785) espnow_recv: (116030;116188;176188;2)[0m
[0;32mI (27795) espnow_recv: (107612;108456;168456;2)[0m
[0;32mI (27805) espnow_recv: (110534;110250;170250;2)[0m
[0;32mI (27815) espnow_recv: (113606;113295;173295;2)[0m
[0;32mI (27825) espnow_recv: (110377;110697;170697;2)[0m
[0;32mI (27835) espnow_recv: (106854;107210;167210;2)[0m
[0;32mI (27845) espnow_recv: (103029;103416;163416;2)[0m
[0;32mI (27855) espnow_recv: (105409;105174;165174;2)[0m
[0;32mI (27865) espnow_recv: (105900;105848;165848;2)[0m
[0;32mI (27875) espnow_recv: (103604;103833;163833;2)[0m
[0;32mI (27885) espnow_recv: (103401;103424;163424;2)[0m
[0;32mI (27895) espnow_recv: (105489;105280;165280;2)[0m
[0;32mI (27905) espnow_recv: (104660;104741;164741;2)[0m
[0;32mI (27915) espnow_recv: (103491;103609;163609;2)[0m
[0;32mI (27925) espnow_recv: (104500;104400;164400;2)[0m
[0;32mI (27935) espnow_recv: (105794;105663;165663;2)[0m
[0;32mI (27945) espnow_recv: (103153;103416;163416;2)[0m
[0;32mI (27955) espnow_recv: (102256;102349;162349;2)[0m
[0;32mI (27965) espnow_recv: (104288;104085;164085;2)[0m
[0;32mI (27975) espnow_recv: (105519;105393;165393;2)[0m
[0;32mI (27985) espnow_recv: (103869;104033;164033;2)[0m
[0;32mI (27995) espnow_recv: (102976;103067;163067;2)[0m
[0;32mI (28005) espnow_recv: (105592;105331;165331;2)[0m
[0;32mI (28015) espnow_recv: (105340;105363;165363;2)[0m
[0;32mI (28025) espnow_recv: (103033;103264;163264;2)[0m
[0;32mI (55555) espnow_recv: (104580;104451;164451;2)[0m
[0;32mI (55565) espnow_recv: (105125;104607;164607;2)[0m
[0;32mI (55575) espnow_recv: (104961;104624;164624;2)[0m
[0;32mI (55585) espnow_recv: (103094;104548;164548;2)[0m
[0;32mI (55595) espnow_recv: (104646;104552;164552;2)[0m
[0;32mI (55605) espnow_recv: (106998;104674;164674;2)[0m
[0;32mI (55615) espnow_recv: (104232;104652;164652;2)[0m
[0;32mI (55625) espnow_recv: (103288;104584;164584;2)[0m
[0;32mI (55645) espnow_recv: (105601;104666;164666;2)[0m
[0;32mI (55655) espnow_recv: (103487;104608;164608;2)[0m
[0;32mI (55665) espnow_recv: (103416;104549;164549;2)[0m
[0;32mI (55675) espnow_recv: (106056;104624;164624;2)[0m
[0;32mI (55685) espnow_recv: (105515;104668;164668;2)[0m
[0;32mI (55695) espnow_recv: (102011;104536;164536;2)[0m
[0;32mI (55705) espnow_recv: (103865;104503;164503;2)[0m
[0;32mI (55725) espnow_recv: (104577;104560;164560;2)[0m
[0;32mI (55735) espnow_recv: (102870;104476;164476;2)[0m
[0;32mI (55745) espnow_recv: (104934;104498;164498;2)[0m
[0;32mI (55755) espnow_recv: (107178;104632;164632;2)[0m
[0;32mI (55765) espnow_recv: (104379;104620;164620;2)[0m
[0;32mI (55775) espnow_recv: (103575;104568;164568;2)[0m
[0;32mI (55785) espnow_recv: (106266;104652;164652;2)[0m
[0;32mI (55795) espnow_recv: (106266;104732;164732;2)[0m
[0;32mI (55805) espnow_recv: (197067;109348;169348;2)[0m
[0;32mI (55815) espnow_recv: (197067;109348;169348;2)[0m
[0;32mI (55825) espnow_recv: (255529;109348;169348;2)[0m
[0;32mI (55835) espnow_recv: (255529;109348;169348;2)[0m
[0;32mI (55835) espnow_recv: (303941;109348;169348;2)[0m
[0;32mI (55855) espnow_recv: (303941;109348;169348;2)[0m
[0;32mI (55865) espnow_recv: (312381;109348;169348;2)[0m
[0;32mI (55875) espnow_recv: (312381;109348;169348;2)[0m
[0;32mI (55885) espnow_recv: (313025;109348;169348;2)[0m
[0;32mI (55895) espnow_recv: (304297;109348;169348;2)[0m
[0;32mI (55905) espnow_recv: (208407;109348;169348;2)[0m
[0;32mI (55915) espnow_recv: (158651;109348;169348;2)[0m
[0;32mI (55925) espnow_recv: (117501;109755;169755;2)[0m
[0;32mI (55935) espnow_recv: (109734;109754;169754;2)[0m
[0;32mI (55935) espnow_recv: (107460;109640;169640;2)[0m
[0;32mI (55935) espnow_recv: (107460;109531;169531;2)[0m
[0;32mI (55955) espnow_recv: (112767;109692;169692;2)[0m
[0;32mI (55965) espnow_recv: (114723;109943;169943;2)[0m
[0;32mI (55975) espnow_recv: (115040;110197;170197;2)[0m
[0;32mI (55985) espnow_recv: (107608;108303;168303;2)[0m
[0;32mI (55995) espnow_recv: (115712;114908;174908;2)[0m
[0;32mI (56005) espnow_recv: (119543;119151;179151;2)[0m
[0;32mI (56015) espnow_recv: (120846;120711;180711;2)[0m
[0;32mI (56025) espnow_recv: (121999;121882;181882;2)[0m
[0;32mI (56035) espnow_recv: (121581;121622;181622;2)[0m
[0;32mI (56045) espnow_recv: (119258;119491;179491;2)[0m
[0;32mI (56055) espnow_recv: (114729;115185;175185;2)[0m
[0;32mI (56065) espnow_recv: (108890;109479;169479;2)[0m
[0;32mI (56075) espnow_recv: (113824;113336;173336;2)[0m
[0;32mI (56085) espnow_recv: (120425;119760;179760;2)[0m
[0;32mI (56095) espnow_recv: (120779;120736;180736;2)[0m
[0;32mI (56105) espnow_recv: (122033;121907;181907;2)[0m
[0;32mI (56115) espnow_recv: (121606;121648;181648;2)[0m
[0;32mI (56125) espnow_recv: (117959;118325;178325;2)[0m
[0;32mI (56135) espnow_recv: (116049;116244;176244;2)[0m
[0;32mI (56145) espnow_recv: (109552;110204;170204;2)[0m
[0;32mI (56155) espnow_recv: (116404;115725;175725;2)[0m
[0;32mI (56165) espnow_recv: (119286;118991;178991;2)[0m
[0;32mI (56175) espnow_recv: (121815;121559;181559;2)[0m
[0;32mI (56185) espnow_recv: (121920;121906;181906;2)[0m
[0;32mI (56195) espnow_recv: (120321;120481;180481;2)[0m
[0;32mI (56205) espnow_recv: (119118;119240;179240;2)[0m
[0;32mI (56215) espnow_recv: (113235;113825;173825;2)[0m
[0;32mI (56225) espnow_recv: (110929;111166;171166;2)[0m
[0;32mI (56235) espnow_recv: (117969;117267;177267;2)[0m
[0;32mI (56245) espnow_recv: (121615;121243;181243;2)[0m
[0;32mI (56255) espnow_recv: (125794;125372;185372;2)[0m
[0;32mI (56265) espnow_recv: (126646;126556;186556;2)[0m
[0;32mI (56275) espnow_recv: (128580;128385;188385;2)[0m
[0;32mI (56285) espnow_recv: (128620;128614;188614;2)[0m
[0;32mI (56295) espnow_recv: (127960;128026;188026;2)[0m
[0;32mI (56305) espnow_recv: (128360;128320;188320;2)[0m
[0;32mI (56315) espnow_recv: (127141;127263;187263;2)[0m
[0;32mI (56325) espnow_recv: (125920;126044;186044;2)[0m
[0;32mI (56335) espnow_recv: (125442;125897;185897;2)[0m
[0;32mI (56345) espnow_recv: (124058;125806;185806;2)[0m
[0;32mI (56365) espnow_recv: (112580;124889;184889;2)[0m
[0;32mI (56375) espnow_recv: (117579;124524;184524;2)[0m
[0;32mI (56385) espnow_recv: (120871;124342;184342;2)[0m
[0;32mI (56395) espnow_recv: (126384;124444;184444;2)[0m
[0;32mI (56405) espnow_recv: (128254;124634;184634;2)[0m
[0;32mI (56415) espnow_recv: (127920;124798;184798;2)[0m
[0;32mI (56425) espnow_recv: (129358;125026;185026;2)[0m
[0;32mI (56445) espnow_recv: (128494;125391;185391;2)[0m
[0;32mI (56455) espnow_recv: (129114;125577;185577;2)[0m
[0;32mI (56465) espnow_recv: (128312;125713;185713;2)[0m
[0;32mI (56475) espnow_recv: (128733;125864;185864;2)[0m
[0;32mI (56485) espnow_recv: (129167;126029;186029;2)[0m
[0;32mI (56495) espnow_recv: (128133;126134;186134;2)[0m
[0;32mI (56505) espnow_recv: (127993;126226;186226;2)[0m
[0;32mI (56515) espnow_recv: (126677;126248;186248;2)[0m
[0;32mI (56525) espnow_recv: (124920;126182;186182;2)[0m
[0;32mI (56535) espnow_recv: (124163;126082;186082;2)[0m
[0;32mI (56545) espnow_recv: (121451;125851;185851;2)[0m
[0;32mI (56555) espnow_recv: (115292;125324;185324;2)[0m
[0;32mI (56565) espnow_recv: (118485;124983;184983;2)[0m
[0;32mI (56575) espnow_recv: (124350;124952;184952;2)[0m
[0;32mI (56585) espnow_recv: (126265;125017;185017;2)[0m
[0;32mI (56595) espnow_recv: (128054;125168;185168;2)[0m
[0;32mI (56605) espnow_recv: (128819;125350;185350;2)[0m
[0;32mI (56615) espnow_recv: (128477;125506;185506;2)[0m
[0;32mI (56625) espnow_recv: (129676;125714;185714;2)[0m
[0;32mI (56635) espnow_recv: (129325;125894;185894;2)[0m
[0;32mI (56645) espnow_recv: (129317;126065;186065;2)[0m
[0;32mI (56655) espnow_recv: (130118;126267;186267;2)[0m
[0;32mI (56665) espnow_recv: (129847;126446;186446;2)[0m
[0;32mI (56675) espnow_recv: (131480;126697;186697;2)[0m
[0;32mI (56685) espnow_recv: (155886;128156;188156;2)[0m
[0;32mI (56695) espnow_recv: (216381;132567;192567;2)[0m
[0;32mI (56705) espnow_recv: (216381;132567;192567;2)[0m
[0;32mI (56715) espnow_recv: (250272;132567;192567;2)[0m
[0;32mI (56715) espnow_recv: (250272;132567;192567;2)[0m
[0;32mI (56735) espnow_recv: (266980;132567;192567;2)[0m
[0;32mI (56745) espnow_recv: (273999;132567;192567;2)[0m
[0;32mI (56755) espnow_recv: (273999;132567;192567;2)[0m
[0;32mI (56765) espnow_recv: (280489;132567;192567;2)[0m
[0;32mI (56775) espnow_recv: (280489;132567;192567;2)[0m
[0;32mI (56785) espnow_recv: (280928;132567;192567;2)[0m
[0;32mI (56795) espnow_recv: (281590;132567;192567;2)[0m
[0;32mI (56805) espnow_recv: (281590;132567;192567;2)[0m
[0;32mI (56815) espnow_recv: (279439;132567;192567;2)[0m
[0;32mI (56825) espnow_recv: (207753;132567;192567;2)[0m
[0;32mI (56835) espnow_recv: (170072;132567;192567;2)[0m
[0;32mI (56845) espnow_recv: (141781;133027;193027;2)[0m
[0;32mI (56855) espnow_recv: (137327;133242;193242;2)[0m
[0;32mI (56855) espnow_recv: (137327;133446;193446;2)[0m
[0;32mI (56865) espnow_recv: (133358;137129;317129;2)[0m
[0;32mI (56875) espnow_recv: (128039;136675;316675;2)[0m
[0;32mI (56885) espnow_recv: (124664;136075;316075;2)[0m
[0;32mI (56895) espnow_recv: (123481;135446;315446;2)[0m
[0;32mI (56905) espnow_recv: (123773;134863;314863;2)[0m
[0;32mI (56915) espnow_recv: (123351;134288;194288;2)[0m
[0;32mI (56925) espnow_recv: (121861;122120;182120;2)[0m
[0;32mI (56935) espnow_recv: (127653;127076;187076;2)[0m
[0;32mI (56945) espnow_recv: (119641;120437;180437;2)[0m
[0;32mI (56955) espnow_recv: (118049;118217;178217;2)[0m
[0;32mI (56965) espnow_recv: (121969;121578;181578;2)[0m
[0;32mI (56975) espnow_recv: (124975;124670;184670;2)[0m
[0;32mI (56985) espnow_recv: (124920;124923;184923;2)[0m
[0;32mI (56995) espnow_recv: (124057;124144;184144;2)[0m
[0;32mI (57005) espnow_recv: (122409;122575;182575;2)[0m
[0;32mI (57015) espnow_recv: (116993;117537;177537;2)[0m
[0;32mI (57025) espnow_recv: (106048;107148;167148;2)[0m
[0;32mI (57035) espnow_recv: (103628;103881;163881;2)[0m
[0;32mI (57045) espnow_recv: (105990;105756;165756;2)[0m
[0;32mI (57055) espnow_recv: (107343;107205;167205;2)[0m
[0;32mI (57065) espnow_recv: (103710;104072;164072;2)[0m
[0;32mI (57075) espnow_recv: (104004;103978;163978;2)[0m
[0;32mI (57085) espnow_recv: (106410;106169;166169;2)[0m
[0;32mI (57095) espnow_recv: (104666;104838;164838;2)[0m
[0;32mI (57105) espnow_recv: (103053;103217;163217;2)[0m
[0;32mI (57115) espnow_recv: (104316;104191;164191;2)[0m
[0;32mI (57125) espnow_recv: (105601;105471;165471;2)[0m
[0;32mI (57135) espnow_recv: (104320;104447;164447;2)[0m
[0;32mI (57145) espnow_recv: (102879;103025;163025;2)[0m
[0;32mI (57155) espnow_recv: (105970;105662;165662;2)[0m
[0;32mI (57165) espnow_recv: (106475;106421;166421;2)[0m
[0;32mI (57175) espnow_recv: (103592;103880;163880;2)[0m
[0;32mI (57185) espnow_recv: (102443;102561;162561;2)[0m
[0;32mI (57195) espnow_recv: (105261;104980;164980;2)[0m
[0;32mI (57205) espnow_recv: (106600;106463;166463;2)[0m
[0;32mI (57215) espnow_recv: (103316;103643;163643;2)[0m
[0;32mI (57225) espnow_recv: (103829;103341;163341;2)[0m
[0;32mI (57235) espnow_recv: (105743;103461;163461;2)[0m
[0;32mI (57245) espnow_recv: (104302;103503;163503;2)[0m
[0;32mI (57255) espnow_recv: (103145;103486;163486;2)[0m
[0;32mI (57265) espnow_recv: (104015;103512;163512;2)[0m
[0;32mI (57275) espnow_recv: (105871;103629;163629;2)[0m
[0;32mI (57285) espnow_recv: (104116;103653;163653;2)[0m
[0;32mI (57295) espnow_recv: (103267;103634;163634;2)[0m
[0;32mI (57305) espnow_recv: (106243;103764;163764;2)[0m
[0;32mI (57315) espnow_recv: (105506;103851;163851;2)[0m
[0;32mI (57325) espnow_recv: (103292;103824;163824;2)[0m
[0;32mI (57335) espnow_recv: (102457;103756;163756;2)[0m
[0;32mI (57345) espnow_recv: (105309;103833;163833;2)[0m
[0;32mI (57355) espnow_recv: (106679;103975;163975;2)[0m
[0;32mI (57365) espnow_recv: (103103;103932;163932;2)[0m
[0;32mI (57375) espnow_recv: (103803;103926;163926;2)[0m
[0;32mI (57385) espnow_recv: (106054;104032;164032;2)[0m
[0;32mI (57395) espnow_recv: (104830;104071;164071;2)[0m
[0;32mI (57405) espnow_recv: (103196;104028;164028;2)[0m
[0;32mI (57415) espnow_recv: (104314;104042;164042;2)[0m
[0;32mI (57425) espnow_recv: (106094;104144;164144;2)[0m
[0;32mI (57435) espnow_recv: (104303;104151;164151;2)[0m
[0;32mI (57445) espnow_recv: (103255;104107;164107;2)[0m
[0;32mI (57455) espnow_recv: (106338;104218;164218;2)[0m
[0;32mI (57465) espnow_recv: (106984;104356;164356;2)[0m
[0;32mI (57475) espnow_recv: (104014;104339;164339;2)[0m
[0;32mI (57485) espnow_recv: (103040;104275;164275;2)[0m
[0;32mI (57495) espnow_recv: (104574;104289;164289;2)[0m
[0;32mI (57505) espnow_recv: (197697;108959;168959;2)[0m
[0;32mI (57515) espnow_recv: (197697;108959;168959;2)[0m
[0;32mI (57525) espnow_recv: (277727;108959;168959;2)[0m
[0;32mI (57535) espnow_recv: (277727;108959;168959;2)[0m
[0;32mI (57535) espnow_recv: (277727;108959;168959;2)[0m
[0;32mI (57555) espnow_recv: (298979;108959;168959;2)[0m
[0;32mI (57565) espnow_recv: (306775;108959;168959;2)[0m
[0;32mI (57575) espnow_recv: (306775;108959;168959;2)[0m
[0;32mI (57585) espnow_recv: (317252;108959;168959;2)[0m
[0;32mI (57595) espnow_recv: (317252;108959;168959;2)[0m
[0;32mI (57605) espnow_recv: (208880;108959;168959;2)[0m
[0;32mI (57615) espnow_recv: (157470;108959;168959;2)[0m
[0;32mI (57625) espnow_recv: (120060;109514;169514;2)[0m
[0;32mI (57635) espnow_recv: (112771;109676;169676;2)[0m
[0;32mI (57635) espnow_recv: (107048;109545;169545;2)[0m
[0;32mI (57635) espnow_recv: (107048;109421;169421;2)[0m
[0;32mI (57655) espnow_recv: (108508;109376;169376;2)[0m
[0;32mI (57665) espnow_recv: (113863;109600;169600;2)[0m
[0;32mI (57675) espnow_recv: (117010;109970;169970;2)[0m
[0;32mI (57685) espnow_recv: (121871;121314;181314;2)[0m
[0;32mI (57695) espnow_recv: (121728;121737;181737;2)[0m
[0;32mI (57705) espnow_recv: (121094;121158;181158;2)[0m
[0;32mI (57715) espnow_recv: (115599;116150;176150;2)[0m
[0;32mI (57725) espnow_recv: (110930;111403;171403;2)[0m
[0;32mI (57735) espnow_recv: (110500;110548;170548;2)[0m
[0;32mI (57745) espnow_recv: (119399;118509;178509;2)[0m
[0;32mI (57755) espnow_recv: (121269;121073;181073;2)[0m
[0;32mI (57765) espnow_recv: (121559;121528;181528;2)[0m
[0;32mI (57775) espnow_recv: (121661;121650;181650;2)[0m
[0;32mI (57785) espnow_recv: (120582;120690;180690;2)[0m
[0;32mI (57795) espnow_recv: (117791;118072;178072;2)[0m
[0;32mI (57805) espnow_recv: (108994;109877;169877;2)[0m
[0;32mI (57815) espnow_recv: (110302;110180;170180;2)[0m
[0;32mI (57825) espnow_recv: (117214;116521;176521;2)[0m
[0;32mI (57835) espnow_recv: (121354;120933;180933;2)[0m
[0;32mI (57845) espnow_recv: (121419;121408;181408;2)[0m
[0;32mI (57855) espnow_recv: (121751;121717;181717;2)[0m
[0;32mI (57865) espnow_recv: (119451;119681;179681;2)[0m
[0;32mI (57875) espnow_recv: (117567;117758;177758;2)[0m
[0;32mI (57885) espnow_recv: (114716;115004;175004;2)[0m
[0;32mI (57895) espnow_recv: (112386;112622;172622;2)[0m
[0;32mI (57905) espnow_recv: (117802;117262;177262;2)[0m
[0;32mI (57915) espnow_recv: (119897;119682;179682;2)[0m
[0;32mI (57925) espnow_recv: (122123;121898;181898;2)[0m
[0;32mI (57935) espnow_recv: (122244;122229;182229;2)[0m
[0;32mI (57945) espnow_recv: (120550;120720;180720;2)[0m
[0;32mI (57955) espnow_recv: (121154;121095;181095;2)[0m
[0;32mI (57965) espnow_recv: (119953;120073;180073;2)[0m
[0;32mI (57975) espnow_recv: (115133;115617;175617;2)[0m
[0;32mI (57985) espnow_recv: (113182;113382;173382;2)[0m
[0;32mI (57995) espnow_recv: (123869;122802;182802;2)[0m
[0;32mI (58005) espnow_recv: (126787;126484;186484;2)[0m
[0;32mI (58015) espnow_recv: (127068;127036;187036;2)[0m
[0;32mI (58025) espnow_recv: (129148;128939;188939;2)[0m
[0;32mI (58035) espnow_recv: (129103;129146;189146;2)[0m
[0;32mI (58045) espnow_recv: (128745;129126;189126;2)[0m
[0;32mI (58055) espnow_recv: (129149;129127;189127;2)[0m
[0;32mI (58065) espnow_recv: (128360;129089;189089;2)[0m
[0;32mI (58075) espnow_recv: (129425;129105;189105;2)[0m
[0;32mI (58085) espnow_recv: (129309;129115;189115;2)[0m
[0;32mI (58095) espnow_recv: (128944;129107;189107;2)[0m
[0;32mI (58105) espnow_recv: (129162;129109;189109;2)[0m
[0;32mI (58115) espnow_recv: (128104;129059;189059;2)[0m
[0;32mI (58125) espnow_recv: (127504;128982;188982;2)[0m
[0;32mI (58135) espnow_recv: (127409;128904;188904;2)[0m
[0;32mI (58145) espnow_recv: (125815;128750;188750;2)[0m
[0;32mI (58155) espnow_recv: (125650;128595;188595;2)[0m
[0;32mI (58165) espnow_recv: (121297;128231;188231;2)[0m
[0;32mI (58175) espnow_recv: (117009;127670;187670;2)[0m
[0;32mI (58185) espnow_recv: (113616;126968;186968;2)[0m
[0;32mI (58195) espnow_recv: (123426;126791;186791;2)[0m
[0;32mI (58205) espnow_recv: (126693;126787;186787;2)[0m
[0;32mI (58215) espnow_recv: (127097;126802;186802;2)[0m
[0;32mI (58225) espnow_recv: (129272;126925;186925;2)[0m
[0;32mI (58235) espnow_recv: (129051;127031;187031;2)[0m
[0;32mI (58245) espnow_recv: (128707;127114;187114;2)[0m
[0;32mI (58255) espnow_recv: (129450;127230;187230;2)[0m
[0;32mI (58265) espnow_recv: (128550;127296;187296;2)[0m
[0;32mI (58275) espnow_recv: (129946;127428;187428;2)[0m
[0;32mI (58285) espnow_recv: (129163;127514;187514;2)[0m
[0;32mI (58295) espnow_recv: (128316;127554;187554;2)[0m
[0;32mI (58305) espnow_recv: (129023;127627;187627;2)[0m
[0;32mI (58315) espnow_recv: (127785;127634;187634;2)[0m
[0;32mI (58325) espnow_recv: (127286;127617;187617;2)[0m
[0;32mI (58335) espnow_recv: (127010;127587;187587;2)[0m
[0;32mI (58345) espnow_recv: (125695;127493;187493;2)[0m
[0;32mI (58355) espnow_recv: (125398;127389;187389;2)[0m
[0;32mI (58365) espnow_recv: (120989;127069;187069;2)[0m
[0;32mI (58375) espnow_recv: (114751;126454;186454;2)[0m
[0;32mI (58385) espnow_recv: (113659;125815;185815;2)[0m
[0;32mI (58395) espnow_recv: (125634;125806;185806;2)[0m
[0;32mI (58405) espnow_recv: (125634;125798;185798;2)[0m
[0;32mI (58415) espnow_recv: (201436;129579;189579;2)[0m
[0;32mI (58425) espnow_recv: (201436;129579;189579;2)[0m
[0;32mI (58435) espnow_recv: (244416;129579;189579;2)[0m
[0;32mI (58435) espnow_recv: (244416;129579;189579;2)[0m
[0;32mI (58455) espnow_recv: (264761;129579;189579;2)[0m
[0;32mI (58465) espnow_recv: (276478;129579;189579;2)[0m
[0;32mI (58475) espnow_recv: (276478;129579;189579;2)[0m
[0;32mI (58485) espnow_recv: (280695;129579;189579;2)[0m
[0;32mI (58495) espnow_recv: (281326;129579;189579;2)[0m
[0;32mI (58505) espnow_recv: (281326;129579;189579;2)[0m
[0;32mI (58515) espnow_recv: (284084;129579;189579;2)[0m
[0;32mI (58525) espnow_recv: (284084;129579;189579;2)[0m
[0;32mI (58535) espnow_recv: (281412;129579;189579;2)[0m
[0;32mI (58545) espnow_recv: (260453;129579;189579;2)[0m
[0;32mI (58555) espnow_recv: (198744;129579;189579;2)[0m
[0;32mI (58565) espnow_recv: (164738;129579;189579;2)[0m
[0;32mI (58575) espnow_recv: (148872;130543;190543;2)[0m
[0;32mI (58585) espnow_recv: (135571;130794;190794;2)[0m
[0;32mI (58595) espnow_recv: (131579;130917;190917;2)[0m
[0;32mI (58605) espnow_recv: (131579;131579;311579;2)[0m
[0;32mI (58615) espnow_recv: (126474;131324;311324;2)[0m
[0;32mI (58625) espnow_recv: (122550;130886;310886;2)[0m
[0;32mI (58635) espnow_recv: (121669;130426;310426;2)[0m
[0;32mI (58645) espnow_recv: (110131;129412;309412;2)[0m
[0;32mI (58655) espnow_recv: (113848;128634;188634;2)[0m
[0;32mI (58665) espnow_recv: (119020;118650;178650;2)[0m
[0;32mI (58675) espnow_recv: (123061;122653;182653;2)[0m
[0;32mI (58685) espnow_recv: (127548;127095;187095;2)[0m
[0;32mI (58695) espnow_recv: (131169;130802;190802;2)[0m
[0;32mI (58705) espnow_recv: (132939;132758;192758;2)[0m
[0;32mI (58715) espnow_recv: (131026;131216;191216;2)[0m
[0;32mI (58725) espnow_recv: (131038;131039;191039;2)[0m
[0;32mI (58735) espnow_recv: (125614;126157;186157;2)[0m
[0;32mI (58745) espnow_recv: (115603;116610;176610;2)[0m
[0;32mI (58755) espnow_recv: (106020;106989;166989;2)[0m
[0;32mI (58765) espnow_recv: (104608;104759;164759;2)[0m
[0;32mI (58775) espnow_recv: (106160;106006;166006;2)[0m
[0;32mI (58785) espnow_recv: (106154;106153;166153;2)[0m
[0;32mI (58795) espnow_recv: (103788;104025;164025;2)[0m
[0;32mI (58805) espnow_recv: (103788;103791;163791;2)[0m
[0;32mI (58815) espnow_recv: (105560;105382;165382;2)[0m
[0;32mI (58825) espnow_recv: (105269;105297;165297;2)[0m
[0;32mI (58835) espnow_recv: (103790;103939;163939;2)[0m
[0;32mI (58845) espnow_recv: (104264;104218;164218;2)[0m
[0;32mI (58855) espnow_recv: (106638;106400;166400;2)[0m
[0;32mI (58865) espnow_recv: (104979;105143;165143;2)[0m
[0;32mI (58875) espnow_recv: (103832;103949;163949;2)[0m
[0;32mI (58885) espnow_recv: (105665;105482;165482;2)[0m
[0;32mI (58895) espnow_recv: (105672;105669;165669;2)[0m
[0;32mI (58905) espnow_recv: (103635;103839;163839;2)[0m
[0;32mI (58915) espnow_recv: (102942;103014;163014;2)[0m
[0;32mI (58925) espnow_recv: (104954;104753;164753;2)[0m
[0;32mI (58935) espnow_recv: (106052;105940;165940;2)[0m
[0;32mI (58945) espnow_recv: (104123;104315;164315;2)[0m
