ESP-ROM:esp32s3-20210327
Build:Mar 27 2021
rst:0x15 (USB_UART_CHIP_RESET),boot:0x8 (SPI_FAST_FLASH_BOOT)
Saved PC:0x4205f9ae
SPIWP:0xee
mode:DIO, clock div:1
load:0x3fcd0108,len:0x164c
load:0x403b6000,len:0xb7c
load:0x403ba000,len:0x2f74
entry 0x403b6248
[0;32mI (24) boot: ESP-IDF v4.4.1 2nd stage bootloader[0m
[0;32mI (25) boot: compile time 08:20:34[0m
[0;32mI (25) boot: chip revision: 0[0m
[0;32mI (26) boot.esp32s3: Boot SPI Speed : 80MHz[0m
[0;32mI (31) boot.esp32s3: SPI Mode       : DIO[0m
[0;32mI (36) boot.esp32s3: SPI Flash Size : 2MB[0m
[0;32mI (40) boot: Enabling RNG early entropy source...[0m
[0;32mI (46) boot: Partition Table:[0m
[0;32mI (49) boot: ## Label            Usage          Type ST Offset   Length[0m
[0;32mI (57) boot:  0 nvs              WiFi data        01 02 00009000 00006000[0m
[0;32mI (64) boot:  1 phy_init         RF data          01 01 0000f000 00001000[0m
[0;32mI (72) boot:  2 factory          factory app      00 00 00010000 00100000[0m
[0;32mI (79) boot: End of partition table[0m
[0;32mI (83) esp_image: segment 0: paddr=00010020 vaddr=3c070020 size=11f5ch ( 73564) map[0m
[0;32mI (105) esp_image: segment 1: paddr=00021f84 vaddr=3fc946a0 size=0414ch ( 16716) load[0m
[0;32mI (109) esp_image: segment 2: paddr=000260d8 vaddr=40374000 size=09f40h ( 40768) load[0m
[0;32mI (120) esp_image: segment 3: paddr=00030020 vaddr=42000020 size=622c0h (402112) map[0m
[0;32mI (192) esp_image: segment 4: paddr=000922e8 vaddr=4037df40 size=06760h ( 26464) load[0m
[0;32mI (199) esp_image: segment 5: paddr=00098a50 vaddr=50000000 size=00010h (    16) load[0m
[0;32mI (206) boot: Loaded app from partition at offset 0x10000[0m
[0;32mI (206) boot: Disabling RNG early entropy source...[0m
[0;32mI (221) cpu_start: Pro cpu up.[0m
[0;32mI (221) cpu_start: Starting app cpu, entry point is 0x403751d0[0m
[0;32mI (0) cpu_start: App cpu up.[0m
[0;32mI (235) cpu_start: Pro cpu start user code[0m
[0;32mI (235) cpu_start: cpu freq: 160000000[0m
[0;32mI (235) cpu_start: Application information:[0m
[0;32mI (238) cpu_start: Project name:     espnow_receiver[0m
[0;32mI (243) cpu_start: App version:      ea4a627-dirty[0m
[0;32mI (249) cpu_start: Compile time:     Mar 13 2024 18:09:57[0m
[0;32mI (255) cpu_start: ELF file SHA256:  b8afe2ffb77c6502...[0m
[0;32mI (261) cpu_start: ESP-IDF:          v4.4.1-dirty[0m
[0;32mI (266) heap_init: Initializing. RAM available for dynamic allocation:[0m
[0;32mI (274) heap_init: At 3FC9B9F8 len 00044608 (273 KiB): D/IRAM[0m
[0;32mI (280) heap_init: At 3FCE0000 len 0000EE34 (59 KiB): STACK/DRAM[0m
[0;32mI (287) heap_init: At 3FCF0000 len 00008000 (32 KiB): DRAM[0m
[0;32mI (293) heap_init: At 600FE000 len 00002000 (8 KiB): RTCRAM[0m
[0;32mI (300) spi_flash: detected chip: gd[0m
[0;32mI (304) spi_flash: flash io: dio[0m
[0;33mW (307) spi_flash: Detected size(8192k) larger than the size in the binary image header(2048k). Using the size in the binary image header.[0m
[0;32mI (321) sleep: Configure to isolate all GPIO pins in sleep state[0m
[0;32mI (328) sleep: Enable automatic switching of GPIO sleep configuration[0m
[0;32mI (335) cpu_start: Starting scheduler on PRO CPU.[0m
[0;32mI (0) cpu_start: Starting scheduler on APP CPU.[0m
[0;32mI (375) pp: pp rom version: e7ae62f[0m
[0;32mI (375) net80211: net80211 rom version: e7ae62f[0m
I (385) wifi:wifi driver task: 3fce33b8, prio:23, stack:6656, core=0
[0;32mI (385) system_api: Base MAC address is not set[0m
[0;32mI (385) system_api: read default base MAC address from EFUSE[0m
I (385) wifi:wifi firmware version: 63017e0
I (395) wifi:wifi certification version: v7.0
I (395) wifi:config NVS flash: enabled
I (395) wifi:config nano formating: disabled
I (405) wifi:Init data frame dynamic rx buffer num: 32
I (405) wifi:Init management frame dynamic rx buffer num: 32
I (415) wifi:Init management short buffer num: 32
I (415) wifi:Init dynamic tx buffer num: 32
I (425) wifi:Init static tx FG buffer num: 2
I (425) wifi:Init static rx buffer size: 1600
I (425) wifi:Init static rx buffer num: 10
I (435) wifi:Init dynamic rx buffer num: 32
[0;32mI (435) wifi_init: rx ba win: 6[0m
[0;32mI (445) wifi_init: tcpip mbox: 32[0m
[0;32mI (445) wifi_init: udp mbox: 6[0m
[0;32mI (445) wifi_init: tcp mbox: 6[0m
[0;32mI (455) wifi_init: tcp tx win: 5744[0m
[0;32mI (455) wifi_init: tcp rx win: 5744[0m
[0;32mI (465) wifi_init: tcp mss: 1440[0m
[0;32mI (465) wifi_init: WiFi IRAM OP enabled[0m
[0;32mI (465) wifi_init: WiFi RX IRAM OP enabled[0m
[0;32mI (475) phy_init: phy_version 501,94697a2,Apr  7 2022,20:49:08[0m
I (585) wifi:mode : sta (dc:54:75:c1:80:34)
I (585) wifi:enable tsf
I (585) ESPNOW: espnow [version: 1.0] init
[0;32mI (62445) espnow_recv: (9710;0;200;3)[0m
[0;32mI (62535) espnow_recv: (35069;0;300;3)[0m
[0;32mI (62625) espnow_recv: (52522;0;400;3)[0m
[0;32mI (62715) espnow_recv: (65874;0;500;3)[0m
[0;32mI (62805) espnow_recv: (81714;0;600;3)[0m
[0;32mI (62895) espnow_recv: (90886;0;700;3)[0m
[0;32mI (62985) espnow_recv: (102637;0;800;3)[0m
[0;32mI (63075) espnow_recv: (113716;0;900;3)[0m
[0;32mI (63165) espnow_recv: (127478;0;1000;3)[0m
[0;32mI (63255) espnow_recv: (141849;0;1100;3)[0m
[0;32mI (63345) espnow_recv: (151891;0;1200;3)[0m
[0;32mI (84255) espnow_recv: (103996;104194;124194;3)[0m
[0;32mI (84265) espnow_recv: (106476;104120;124120;3)[0m
[0;32mI (84275) espnow_recv: (104585;104143;124143;3)[0m
[0;32mI (84285) espnow_recv: (107445;104308;124308;3)[0m
[0;32mI (84295) espnow_recv: (105235;104354;124354;3)[0m
[0;32mI (84305) espnow_recv: (106902;104481;124481;3)[0m
[0;32mI (84315) espnow_recv: (106139;104563;124563;3)[0m
[0;32mI (84325) espnow_recv: (109322;104800;124800;3)[0m
[0;32mI (84335) espnow_recv: (106660;104893;124893;3)[0m
[0;32mI (84345) espnow_recv: (107595;105028;125028;3)[0m
[0;32mI (84355) espnow_recv: (107197;105136;125136;3)[0m
[0;32mI (84365) espnow_recv: (105853;105171;125171;3)[0m
[0;32mI (84375) espnow_recv: (109347;105379;125379;3)[0m
[0;32mI (84385) espnow_recv: (104781;105350;125350;3)[0m
[0;32mI (84395) espnow_recv: (109172;105541;125541;3)[0m
[0;32mI (84405) espnow_recv: (104127;105471;125471;3)[0m
[0;32mI (84415) espnow_recv: (108529;105623;125623;3)[0m
[0;32mI (84425) espnow_recv: (106296;105656;125656;3)[0m
[0;32mI (84435) espnow_recv: (106707;105708;125708;3)[0m
[0;32mI (84445) espnow_recv: (106758;105760;125760;3)[0m
[0;32mI (84455) espnow_recv: (105649;105755;125755;3)[0m
[0;32mI (84465) espnow_recv: (106393;105786;125786;3)[0m
[0;32mI (84475) espnow_recv: (103859;105690;125690;3)[0m
[0;32mI (84485) espnow_recv: (108348;105822;125822;3)[0m
[0;32mI (84495) espnow_recv: (106041;105832;125832;3)[0m
[0;32mI (84515) espnow_recv: (106533;105970;125970;3)[0m
[0;32mI (84525) espnow_recv: (111024;106222;126222;3)[0m
[0;32mI (84535) espnow_recv: (107089;106265;126265;3)[0m
[0;32mI (84545) espnow_recv: (109602;106431;126431;3)[0m
[0;32mI (84555) espnow_recv: (107617;106490;126490;3)[0m
[0;32mI (84565) espnow_recv: (107048;106517;126517;3)[0m
[0;32mI (84575) espnow_recv: (110661;106724;126724;3)[0m
[0;32mI (84585) espnow_recv: (105910;106684;126684;3)[0m
[0;32mI (84595) espnow_recv: (110424;106871;126871;3)[0m
[0;32mI (84605) espnow_recv: (105244;106790;126790;3)[0m
[0;32mI (84615) espnow_recv: (109000;106900;126900;3)[0m
[0;32mI (84625) espnow_recv: (108240;106967;126967;3)[0m
[0;32mI (84635) espnow_recv: (107578;106997;126997;3)[0m
[0;32mI (84645) espnow_recv: (109910;107142;127142;3)[0m
[0;32mI (84655) espnow_recv: (105489;107060;127060;3)[0m
[0;32mI (84665) espnow_recv: (107930;107103;127103;3)[0m
[0;32mI (84675) espnow_recv: (105427;107020;127020;3)[0m
[0;32mI (84685) espnow_recv: (108529;107095;127095;3)[0m
[0;32mI (84695) espnow_recv: (105721;107027;127027;3)[0m
[0;32mI (84705) espnow_recv: (107608;107056;127056;3)[0m
[0;32mI (84715) espnow_recv: (106968;107052;127052;3)[0m
[0;32mI (84725) espnow_recv: (104944;106947;126947;3)[0m
[0;32mI (84735) espnow_recv: (108579;107028;127028;3)[0m
[0;32mI (84745) espnow_recv: (107999;107076;127076;3)[0m
[0;32mI (84755) espnow_recv: (109556;107200;127200;3)[0m
[0;32mI (84765) espnow_recv: (106995;107190;127190;3)[0m
[0;32mI (84775) espnow_recv: (111656;107413;127413;3)[0m
[0;32mI (84785) espnow_recv: (108014;107443;127443;3)[0m
[0;32mI (84795) espnow_recv: (109873;107564;127564;3)[0m
[0;32mI (84805) espnow_recv: (107908;107581;127581;3)[0m
[0;32mI (84815) espnow_recv: (107334;107569;127569;3)[0m
[0;32mI (84825) espnow_recv: (110259;107703;127703;3)[0m
[0;32mI (84835) espnow_recv: (105546;107596;127596;3)[0m
[0;32mI (84845) espnow_recv: (109764;107704;127704;3)[0m
[0;32mI (84855) espnow_recv: (104408;107540;127540;3)[0m
[0;32mI (84865) espnow_recv: (108445;107585;127585;3)[0m
[0;32mI (84875) espnow_recv: (106181;107515;127515;3)[0m
[0;32mI (84885) espnow_recv: (106416;107461;127461;3)[0m
[0;32mI (84895) espnow_recv: (106423;107410;127410;3)[0m
[0;32mI (84905) espnow_recv: (104916;107286;127286;3)[0m
[0;32mI (84915) espnow_recv: (104837;107164;127164;3)[0m
[0;32mI (84925) espnow_recv: (102925;106953;126953;3)[0m
[0;32mI (84935) espnow_recv: (105312;106871;126871;3)[0m
[0;32mI (84945) espnow_recv: (104937;106775;126775;3)[0m
[0;32mI (84955) espnow_recv: (104515;106662;126662;3)[0m
[0;32mI (84965) espnow_recv: (104538;106556;126556;3)[0m
[0;32mI (84975) espnow_recv: (105994;106528;126528;3)[0m
[0;32mI (84985) espnow_recv: (104204;106412;126412;3)[0m
[0;32mI (84995) espnow_recv: (105627;106373;126373;3)[0m
[0;32mI (85005) espnow_recv: (103060;106208;126208;3)[0m
[0;32mI (85015) espnow_recv: (104795;106138;126138;3)[0m
[0;32mI (85025) espnow_recv: (102096;105936;125936;3)[0m
[0;32mI (85035) espnow_recv: (105027;105891;125891;3)[0m
[0;32mI (85045) espnow_recv: (103652;105780;125780;3)[0m
[0;32mI (85055) espnow_recv: (106054;105793;125793;3)[0m
[0;32mI (85065) espnow_recv: (103522;105680;125680;3)[0m
[0;32mI (85075) espnow_recv: (105446;105669;125669;3)[0m
[0;32mI (85085) espnow_recv: (103464;105559;125559;3)[0m
[0;32mI (85095) espnow_recv: (105432;105553;125553;3)[0m
[0;32mI (85105) espnow_recv: (102521;105402;125402;3)[0m
[0;32mI (85115) espnow_recv: (104787;105372;125372;3)[0m
[0;32mI (85135) espnow_recv: (102246;105216;125216;3)[0m
[0;32mI (85135) espnow_recv: (105014;105206;125206;3)[0m
[0;32mI (85145) espnow_recv: (103014;105097;125097;3)[0m
[0;32mI (85155) espnow_recv: (105376;105110;125110;3)[0m
[0;32mI (85165) espnow_recv: (103078;105009;125009;3)[0m
[0;32mI (85175) espnow_recv: (105156;105016;125016;3)[0m
[0;32mI (85185) espnow_recv: (103333;104932;124932;3)[0m
[0;32mI (85195) espnow_recv: (105253;104948;124948;3)[0m
[0;32mI (85205) espnow_recv: (102527;104827;124827;3)[0m
[0;32mI (85215) espnow_recv: (104518;104812;124812;3)[0m
[0;32mI (85225) espnow_recv: (101907;104667;124667;3)[0m
[0;32mI (85235) espnow_recv: (104713;104669;124669;3)[0m
[0;32mI (85245) espnow_recv: (103972;104635;124635;3)[0m
[0;32mI (85255) espnow_recv: (107092;104757;124757;3)[0m
[0;32mI (85265) espnow_recv: (104826;104760;124760;3)[0m
[0;32mI (85275) espnow_recv: (108864;104965;124965;3)[0m
[0;32mI (85285) espnow_recv: (104278;104931;124931;3)[0m
[0;32mI (85295) espnow_recv: (107305;105049;125049;3)[0m
[0;32mI (85305) espnow_recv: (103398;104967;124967;3)[0m
[0;32mI (85315) espnow_recv: (107185;105077;125077;3)[0m
[0;32mI (85325) espnow_recv: (103854;105016;125016;3)[0m
[0;32mI (85335) espnow_recv: (104854;105008;125008;3)[0m
[0;32mI (85345) espnow_recv: (101928;104854;124854;3)[0m
[0;32mI (85355) espnow_recv: (104463;104835;124835;3)[0m
[0;32mI (85365) espnow_recv: (103239;104756;124756;3)[0m
[0;32mI (85375) espnow_recv: (106179;104827;124827;3)[0m
[0;32mI (85385) espnow_recv: (103103;104741;124741;3)[0m
[0;32mI (85395) espnow_recv: (105157;104761;124761;3)[0m
[0;32mI (85405) espnow_recv: (102906;104669;124669;3)[0m
[0;32mI (85415) espnow_recv: (106726;104771;124771;3)[0m
[0;32mI (85425) espnow_recv: (105872;104826;124826;3)[0m
[0;32mI (85435) espnow_recv: (105445;104856;124856;3)[0m
[0;32mI (85445) espnow_recv: (107141;104970;124970;3)[0m
[0;32mI (85455) espnow_recv: (105147;104978;124978;3)[0m
[0;32mI (85465) espnow_recv: (105699;105014;125014;3)[0m
[0;32mI (85475) espnow_recv: (103545;104941;124941;3)[0m
[0;32mI (85485) espnow_recv: (105417;104964;124964;3)[0m
[0;32mI (85495) espnow_recv: (103694;104901;124901;3)[0m
[0;32mI (85505) espnow_recv: (103820;104847;124847;3)[0m
[0;32mI (85515) espnow_recv: (103587;104784;124784;3)[0m
[0;32mI (85525) espnow_recv: (105518;104820;124820;3)[0m
[0;32mI (85535) espnow_recv: (103888;104774;124774;3)[0m
[0;32mI (85545) espnow_recv: (105789;104824;124824;3)[0m
[0;32mI (85555) espnow_recv: (103185;104743;124743;3)[0m
[0;32mI (85565) espnow_recv: (105726;104792;124792;3)[0m
[0;32mI (85575) espnow_recv: (103382;104722;124722;3)[0m
[0;32mI (85585) espnow_recv: (106347;104803;124803;3)[0m
[0;32mI (85595) espnow_recv: (103712;104749;124749;3)[0m
[0;32mI (85605) espnow_recv: (105648;104793;124793;3)[0m
[0;32mI (85615) espnow_recv: (103333;104720;124720;3)[0m
[0;32mI (85625) espnow_recv: (106697;104818;124818;3)[0m
[0;32mI (85635) espnow_recv: (103063;104731;124731;3)[0m
[0;32mI (85645) espnow_recv: (106178;104803;124803;3)[0m
[0;32mI (85655) espnow_recv: (102261;104676;124676;3)[0m
[0;32mI (85665) espnow_recv: (106725;104778;124778;3)[0m
[0;32mI (85675) espnow_recv: (104268;104753;124753;3)[0m
[0;32mI (85685) espnow_recv: (105874;104809;124809;3)[0m
[0;32mI (85695) espnow_recv: (102488;104693;124693;3)[0m
[0;32mI (85705) espnow_recv: (105615;104739;124739;3)[0m
[0;32mI (85715) espnow_recv: (103836;104694;124694;3)[0m
[0;32mI (85725) espnow_recv: (106723;104795;124795;3)[0m
[0;32mI (85735) espnow_recv: (103103;104711;124711;3)[0m
[0;32mI (85745) espnow_recv: (105507;104750;124750;3)[0m
[0;32mI (85755) espnow_recv: (102631;104645;124645;3)[0m
[0;32mI (85765) espnow_recv: (105540;104689;124689;3)[0m
[0;32mI (85775) espnow_recv: (103867;104648;124648;3)[0m
[0;32mI (85785) espnow_recv: (105050;104668;124668;3)[0m
[0;32mI (85795) espnow_recv: (102290;104550;124550;3)[0m
[0;32mI (85805) espnow_recv: (104493;104548;124548;3)[0m
[0;32mI (85815) espnow_recv: (103403;104491;124491;3)[0m
[0;32mI (85825) espnow_recv: (106666;104599;124599;3)[0m
[0;32mI (85835) espnow_recv: (103763;104558;124558;3)[0m
[0;32mI (85845) espnow_recv: (105375;104598;124598;3)[0m
[0;32mI (85855) espnow_recv: (103700;104554;124554;3)[0m
[0;32mI (85865) espnow_recv: (105013;104576;124576;3)[0m
[0;32mI (85875) espnow_recv: (105295;104611;124611;3)[0m
[0;32mI (85885) espnow_recv: (105043;104632;124632;3)[0m
[0;32mI (85895) espnow_recv: (104712;104636;124636;3)[0m
[0;32mI (85905) espnow_recv: (104240;104617;124617;3)[0m
[0;32mI (85915) espnow_recv: (104050;104589;124589;3)[0m
[0;32mI (85925) espnow_recv: (103100;104515;124515;3)[0m
[0;32mI (85935) espnow_recv: (104587;104518;124518;3)[0m
[0;32mI (85945) espnow_recv: (104593;104521;124521;3)[0m
[0;32mI (85955) espnow_recv: (103444;104468;124468;3)[0m
[0;32mI (85965) espnow_recv: (104137;104452;124452;3)[0m
[0;32mI (85975) espnow_recv: (105733;104516;124516;3)[0m
[0;32mI (85985) espnow_recv: (104500;104516;124516;3)[0m
[0;32mI (85995) espnow_recv: (105638;104572;124572;3)[0m
[0;32mI (86005) espnow_recv: (103394;104514;124514;3)[0m
[0;32mI (86015) espnow_recv: (104432;104510;124510;3)[0m
[0;32mI (86025) espnow_recv: (102422;104406;124406;3)[0m
[0;32mI (86035) espnow_recv: (104831;104427;124427;3)[0m
[0;32mI (86045) espnow_recv: (103848;104399;124399;3)[0m
[0;32mI (86055) espnow_recv: (106169;104487;124487;3)[0m
[0;32mI (86065) espnow_recv: (103915;104459;124459;3)[0m
[0;32mI (86075) espnow_recv: (105673;104519;124519;3)[0m
[0;32mI (86085) espnow_recv: (103843;104486;124486;3)[0m
[0;32mI (86095) espnow_recv: (105364;104529;124529;3)[0m
[0;32mI (86105) espnow_recv: (102983;104452;124452;3)[0m
[0;32mI (86115) espnow_recv: (104754;104467;124467;3)[0m
[0;32mI (86125) espnow_recv: (102679;104378;124378;3)[0m
[0;32mI (86135) espnow_recv: (105292;104423;124423;3)[0m
[0;32mI (86145) espnow_recv: (103468;104376;124376;3)[0m
[0;32mI (86155) espnow_recv: (106273;104470;124470;3)[0m
[0;32mI (86165) espnow_recv: (102957;104395;124395;3)[0m
[0;32mI (86175) espnow_recv: (105039;104427;124427;3)[0m
[0;32mI (86185) espnow_recv: (103165;104364;124364;3)[0m
[0;32mI (86195) espnow_recv: (105043;104397;124397;3)[0m
[0;32mI (86215) espnow_recv: (104167;104281;124281;3)[0m
[0;32mI (86225) espnow_recv: (101928;104164;124164;3)[0m
[0;32mI (86235) espnow_recv: (104434;104177;124177;3)[0m
[0;32mI (86245) espnow_recv: (102914;104114;124114;3)[0m
[0;32mI (86255) espnow_recv: (105148;104165;124165;3)[0m
[0;32mI (86265) espnow_recv: (102744;104094;124094;3)[0m
[0;32mI (86275) espnow_recv: (104338;104106;124106;3)[0m
[0;32mI (86285) espnow_recv: (103537;104078;124078;3)[0m
[0;32mI (86295) espnow_recv: (104501;104099;124099;3)[0m
[0;32mI (86305) espnow_recv: (102367;104013;124013;3)[0m
[0;32mI (86315) espnow_recv: (103229;103974;123974;3)[0m
[0;32mI (86325) espnow_recv: (101633;103857;123857;3)[0m
[0;32mI (86335) espnow_recv: (104001;103864;123864;3)[0m
[0;32mI (86355) espnow_recv: (103533;103848;123848;3)[0m
[0;32mI (86355) espnow_recv: (102978;103805;123805;3)[0m
[0;32mI (86365) espnow_recv: (103352;103783;123783;3)[0m
[0;32mI (86375) espnow_recv: (104128;103800;123800;3)[0m
[0;32mI (86385) espnow_recv: (104055;103812;123812;3)[0m
[0;32mI (86395) espnow_recv: (104194;103831;123831;3)[0m
[0;32mI (86405) espnow_recv: (103281;103804;123804;3)[0m
[0;32mI (86415) espnow_recv: (103097;103769;123769;3)[0m
[0;32mI (86425) espnow_recv: (102138;103688;123688;3)[0m
[0;32mI (86435) espnow_recv: (103614;103685;123685;3)[0m
[0;32mI (86445) espnow_recv: (104260;103713;123713;3)[0m
[0;32mI (86455) espnow_recv: (102407;103648;123648;3)[0m
[0;32mI (86465) espnow_recv: (103696;103650;123650;3)[0m
[0;32mI (86475) espnow_recv: (103316;103634;123634;3)[0m
[0;32mI (86485) espnow_recv: (104432;103673;123673;3)[0m
[0;32mI (86495) espnow_recv: (103774;103678;123678;3)[0m
[0;32mI (86505) espnow_recv: (103807;103684;123684;3)[0m
[0;32mI (86515) espnow_recv: (102823;103641;123641;3)[0m
[0;32mI (86525) espnow_recv: (105445;103731;123731;3)[0m
[0;32mI (86535) espnow_recv: (102897;103690;123690;3)[0m
[0;32mI (86545) espnow_recv: (105095;103760;123760;3)[0m
[0;32mI (86555) espnow_recv: (102229;103684;123684;3)[0m
[0;32mI (86565) espnow_recv: (104357;103717;123717;3)[0m
[0;32mI (86575) espnow_recv: (103147;103689;123689;3)[0m
[0;32mI (86585) espnow_recv: (104637;103736;123736;3)[0m
[0;32mI (86595) espnow_recv: (101720;103636;123636;3)[0m
[0;32mI (86605) espnow_recv: (104181;103663;123663;3)[0m
[0;32mI (86615) espnow_recv: (102879;103624;123624;3)[0m
[0;32mI (86625) espnow_recv: (105744;103730;123730;3)[0m
[0;32mI (86635) espnow_recv: (102739;103681;123681;3)[0m
[0;32mI (86645) espnow_recv: (104772;103735;123735;3)[0m
[0;32mI (86655) espnow_recv: (101690;103633;123633;3)[0m
[0;32mI (86665) espnow_recv: (104966;103699;123699;3)[0m
[0;32mI (86675) espnow_recv: (103333;103681;123681;3)[0m
[0;32mI (86685) espnow_recv: (104841;103739;123739;3)[0m
[0;32mI (86695) espnow_recv: (101376;103621;123621;3)[0m
[0;32mI (86705) espnow_recv: (104270;103653;123653;3)[0m
[0;32mI (86715) espnow_recv: (101791;103560;123560;3)[0m
[0;32mI (86735) espnow_recv: (104519;103607;123607;3)[0m
[0;32mI (86735) espnow_recv: (101552;103505;123505;3)[0m
[0;32mI (86745) espnow_recv: (104524;103555;123555;3)[0m
[0;32mI (86755) espnow_recv: (101236;103440;123440;3)[0m
[0;32mI (86765) espnow_recv: (103963;103466;123466;3)[0m
[0;32mI (86775) espnow_recv: (101251;103356;123356;3)[0m
[0;32mI (86785) espnow_recv: (103895;103382;123382;3)[0m
[0;32mI (86795) espnow_recv: (102157;103321;123321;3)[0m
[0;32mI (86805) espnow_recv: (104405;103375;123375;3)[0m
[0;32mI (86815) espnow_recv: (101886;103301;123301;3)[0m
[0;32mI (86825) espnow_recv: (103087;103291;123291;3)[0m
[0;32mI (86835) espnow_recv: (103220;103288;123288;3)[0m
[0;32mI (86845) espnow_recv: (103554;103301;123301;3)[0m
[0;32mI (86855) espnow_recv: (102429;103258;123258;3)[0m
[0;32mI (86865) espnow_recv: (102554;103223;123223;3)[0m
[0;32mI (86875) espnow_recv: (101565;103141;123141;3)[0m
[0;32mI (86885) espnow_recv: (102750;103122;123122;3)[0m
[0;32mI (86895) espnow_recv: (103666;103149;123149;3)[0m
[0;32mI (86905) espnow_recv: (101676;103076;123076;3)[0m
[0;32mI (86915) espnow_recv: (103382;103091;123091;3)[0m
[0;32mI (86925) espnow_recv: (102245;103049;123049;3)[0m
[0;32mI (86935) espnow_recv: (104292;103111;123111;3)[0m
[0;32mI (86945) espnow_recv: (101219;103017;123017;3)[0m
[0;32mI (86955) espnow_recv: (103838;103058;123058;3)[0m
[0;32mI (86965) espnow_recv: (102296;103020;123020;3)[0m
[0;32mI (86975) espnow_recv: (105808;103159;123159;3)[0m
[0;32mI (86995) espnow_recv: (102466;103125;123125;3)[0m
[0;32mI (86995) espnow_recv: (106074;103272;123272;3)[0m
[0;32mI (87005) espnow_recv: (102135;103216;123216;3)[0m
[0;32mI (87015) espnow_recv: (105289;103319;123319;3)[0m
[0;32mI (87025) espnow_recv: (103494;103327;123327;3)[0m
[0;32mI (87035) espnow_recv: (103973;103359;123359;3)[0m
[0;32mI (87045) espnow_recv: (101801;103282;123282;3)[0m
[0;32mI (87055) espnow_recv: (104518;103343;123343;3)[0m
[0;32mI (87065) espnow_recv: (102733;103313;123313;3)[0m
[0;32mI (87075) espnow_recv: (106375;103466;123466;3)[0m
[0;32mI (87095) espnow_recv: (102866;103436;123436;3)[0m
[0;32mI (87095) espnow_recv: (105461;103537;123537;3)[0m
[0;32mI (87105) espnow_recv: (102623;103492;123492;3)[0m
[0;32mI (87115) espnow_recv: (105717;103603;123603;3)[0m
[0;32mI (87125) espnow_recv: (104432;103644;123644;3)[0m
[0;32mI (87135) espnow_recv: (105216;103722;123722;3)[0m
[0;32mI (87155) espnow_recv: (105749;103823;123823;3)[0m
[0;32mI (87155) espnow_recv: (105723;103918;123918;3)[0m
[0;32mI (87165) espnow_recv: (104239;103934;123934;3)[0m
[0;32mI (87175) espnow_recv: (103521;103914;123914;3)[0m
[0;32mI (87185) espnow_recv: (104107;103923;123923;3)[0m
[0;32mI (87195) espnow_recv: (104532;103953;123953;3)[0m
[0;32mI (87205) espnow_recv: (103042;103908;123908;3)[0m
[0;32mI (87215) espnow_recv: (104214;103923;123923;3)[0m
[0;32mI (87225) espnow_recv: (104038;103928;123928;3)[0m
[0;32mI (87235) espnow_recv: (104646;103963;123963;3)[0m
[0;32mI (87245) espnow_recv: (104729;104001;124001;3)[0m
[0;32mI (87255) espnow_recv: (104160;104008;124008;3)[0m
[0;32mI (87265) espnow_recv: (104225;104018;124018;3)[0m
[0;32mI (87275) espnow_recv: (103059;103971;123971;3)[0m
[0;32mI (87285) espnow_recv: (104713;104008;124008;3)[0m
[0;32mI (87295) espnow_recv: (105317;104073;124073;3)[0m
[0;32mI (87305) espnow_recv: (105901;104164;124164;3)[0m
[0;32mI (87315) espnow_recv: (104904;104201;124201;3)[0m
[0;32mI (87325) espnow_recv: (107398;104360;124360;3)[0m
[0;32mI (87335) espnow_recv: (104747;104379;124379;3)[0m
[0;32mI (87345) espnow_recv: (108880;104604;124604;3)[0m
[0;32mI (87355) espnow_recv: (103788;104564;124564;3)[0m
[0;32mI (87375) espnow_recv: (109148;104793;124793;3)[0m
[0;32mI (87375) espnow_recv: (105069;104806;124806;3)[0m
[0;32mI (87385) espnow_recv: (109065;105018;125018;3)[0m
[0;32mI (87395) espnow_recv: (109196;105226;125226;3)[0m
[0;32mI (87405) espnow_recv: (106797;105304;125304;3)[0m
[0;32mI (87415) espnow_recv: (107451;105411;125411;3)[0m
[0;32mI (87425) espnow_recv: (104650;105373;125373;3)[0m
[0;32mI (87435) espnow_recv: (110103;105609;125609;3)[0m
[0;32mI (87445) espnow_recv: (107683;105712;125712;3)[0m
[0;32mI (87455) espnow_recv: (109909;105921;125921;3)[0m
[0;32mI (87465) espnow_recv: (109431;106096;126096;3)[0m
[0;32mI (87475) espnow_recv: (108163;106199;126199;3)[0m
[0;32mI (87485) espnow_recv: (112755;106526;126526;3)[0m
[0;32mI (87495) espnow_recv: (142261;108312;128312;3)[0m
[0;32mI (87515) espnow_recv: (197513;108312;128312;3)[0m
[0;32mI (87515) espnow_recv: (203006;108312;128312;3)[0m
[0;32mI (87525) espnow_recv: (203006;108312;128312;3)[0m
[0;32mI (87535) espnow_recv: (231686;108312;128312;3)[0m
[0;32mI (87545) espnow_recv: (240483;108312;128312;3)[0m
[0;32mI (87565) espnow_recv: (229451;108312;128312;3)[0m
[0;32mI (87565) espnow_recv: (229451;108312;128312;3)[0m
[0;32mI (87575) espnow_recv: (242256;108312;128312;3)[0m
[0;32mI (87585) espnow_recv: (221280;108312;128312;3)[0m
[0;32mI (87595) espnow_recv: (210257;108312;128312;3)[0m
[0;32mI (87605) espnow_recv: (137894;108312;128312;3)[0m
[0;32mI (87625) espnow_recv: (117019;108312;128312;3)[0m
[0;32mI (87625) espnow_recv: (109358;108364;128364;3)[0m
[0;32mI (87635) espnow_recv: (109246;108408;128408;3)[0m
[0;32mI (87645) espnow_recv: (106399;108308;128308;3)[0m
[0;32mI (87645) espnow_recv: (106399;108213;128213;3)[0m
[0;32mI (87655) espnow_recv: (109183;108261;128261;3)[0m
[0;32mI (87665) espnow_recv: (108899;108292;128292;3)[0m
[0;32mI (87675) espnow_recv: (104946;108125;128125;3)[0m
[0;32mI (87685) espnow_recv: (116399;115285;135285;3)[0m
[0;32mI (87695) espnow_recv: (110078;110699;130699;3)[0m
[0;32mI (87705) espnow_recv: (114895;114419;134419;3)[0m
[0;32mI (87725) espnow_recv: (120566;119994;139994;3)[0m
[0;32mI (87725) espnow_recv: (117191;117523;137523;3)[0m
[0;32mI (87735) espnow_recv: (116285;116379;136379;3)[0m
[0;32mI (87745) espnow_recv: (121139;120654;140654;3)[0m
[0;32mI (87755) espnow_recv: (117000;117409;137409;3)[0m
[0;32mI (87765) espnow_recv: (112640;113081;133081;3)[0m
[0;32mI (87775) espnow_recv: (121886;120965;140965;3)[0m
[0;32mI (87785) espnow_recv: (116210;116769;136769;3)[0m
[0;32mI (87795) espnow_recv: (114357;114548;134548;3)[0m
[0;32mI (87805) espnow_recv: (117316;117022;137022;3)[0m
[0;32mI (87815) espnow_recv: (116502;116581;136581;3)[0m
[0;32mI (87825) espnow_recv: (109625;110314;130314;3)[0m
[0;32mI (87835) espnow_recv: (119102;118161;138161;3)[0m
[0;32mI (87845) espnow_recv: (120351;120216;140216;3)[0m
[0;32mI (87855) espnow_recv: (110430;111421;131421;3)[0m
[0;32mI (87865) espnow_recv: (118749;117927;137927;3)[0m
[0;32mI (87875) espnow_recv: (121663;121363;141363;3)[0m
[0;32mI (87885) espnow_recv: (117370;117797;137797;3)[0m
[0;32mI (87895) espnow_recv: (119574;119357;139357;3)[0m
[0;32mI (87905) espnow_recv: (120807;120681;140681;3)[0m
[0;32mI (87915) espnow_recv: (118030;118307;138307;3)[0m
[0;32mI (87925) espnow_recv: (111328;112001;132001;3)[0m
[0;32mI (87935) espnow_recv: (120642;119717;139717;3)[0m
[0;32mI (87945) espnow_recv: (121493;121398;141398;3)[0m
[0;32mI (87955) espnow_recv: (111204;112232;132232;3)[0m
[0;32mI (87965) espnow_recv: (119608;118777;138777;3)[0m
[0;32mI (87975) espnow_recv: (122055;121801;141801;3)[0m
[0;32mI (87985) espnow_recv: (117599;118042;138042;3)[0m
[0;32mI (87995) espnow_recv: (119506;117694;137694;3)[0m
[0;32mI (88005) espnow_recv: (120644;117841;137841;3)[0m
[0;32mI (88015) espnow_recv: (118247;117861;137861;3)[0m
[0;32mI (88025) espnow_recv: (111206;117529;137529;3)[0m
[0;32mI (88035) espnow_recv: (120565;117680;137680;3)[0m
[0;32mI (88045) espnow_recv: (121827;117887;137887;3)[0m
[0;32mI (88055) espnow_recv: (111047;117545;137545;3)[0m
[0;32mI (88065) espnow_recv: (119595;117647;137647;3)[0m
[0;32mI (88075) espnow_recv: (122491;117889;137889;3)[0m
[0;32mI (88085) espnow_recv: (117680;117879;137879;3)[0m
[0;32mI (88095) espnow_recv: (119689;117969;137969;3)[0m
[0;32mI (88105) espnow_recv: (120636;118102;138102;3)[0m
[0;32mI (88115) espnow_recv: (118784;118136;138136;3)[0m
[0;32mI (88125) espnow_recv: (111087;117784;137784;3)[0m
[0;32mI (88135) espnow_recv: (120600;117924;137924;3)[0m
[0;32mI (88145) espnow_recv: (122482;118151;138151;3)[0m
[0;32mI (88155) espnow_recv: (110748;117781;137781;3)[0m
[0;32mI (88165) espnow_recv: (119670;117875;137875;3)[0m
[0;32mI (88175) espnow_recv: (123353;118148;138148;3)[0m
[0;32mI (88185) espnow_recv: (118178;118149;138149;3)[0m
[0;32mI (88195) espnow_recv: (119838;118233;138233;3)[0m
[0;32mI (88205) espnow_recv: (123940;118518;138518;3)[0m
[0;32mI (88215) espnow_recv: (123940;118789;138789;3)[0m
[0;32mI (88225) espnow_recv: (185327;122115;142115;3)[0m
[0;32mI (88235) espnow_recv: (205893;122115;142115;3)[0m
[0;32mI (88245) espnow_recv: (232989;122115;142115;3)[0m
[0;32mI (88255) espnow_recv: (232989;122115;142115;3)[0m
[0;32mI (88265) espnow_recv: (232895;122115;142115;3)[0m
[0;32mI (88275) espnow_recv: (228074;122115;142115;3)[0m
[0;32mI (88285) espnow_recv: (192114;122115;142115;3)[0m
[0;32mI (88295) espnow_recv: (141788;122115;142115;3)[0m
[0;32mI (88305) espnow_recv: (116966;121858;141858;3)[0m
[0;32mI (88315) espnow_recv: (122983;121914;141914;3)[0m
[0;32mI (88325) espnow_recv: (122606;121948;141948;3)[0m
[0;32mI (88325) espnow_recv: (122606;122606;222606;3)[0m
[0;32mI (88335) espnow_recv: (118858;122419;222419;3)[0m
[0;32mI (88345) espnow_recv: (119704;122284;222284;3)[0m
[0;32mI (88355) espnow_recv: (119968;122169;222169;3)[0m
[0;32mI (88365) espnow_recv: (118896;122006;222006;3)[0m
[0;32mI (88375) espnow_recv: (111399;121476;141476;3)[0m
[0;32mI (88385) espnow_recv: (119127;118455;138455;3)[0m
[0;32mI (88395) espnow_recv: (120415;120279;140279;3)[0m
[0;32mI (88405) espnow_recv: (109681;110753;130753;3)[0m
[0;32mI (88415) espnow_recv: (117494;116723;136723;3)[0m
[0;32mI (88425) espnow_recv: (116205;116327;136327;3)[0m
[0;32mI (88435) espnow_recv: (110828;111367;131367;3)[0m
[0;32mI (88445) espnow_recv: (115243;114806;134806;3)[0m
[0;32mI (88455) espnow_recv: (107804;108544;128544;3)[0m
[0;32mI (88475) espnow_recv: (110687;110406;130406;3)[0m
[0;32mI (88475) espnow_recv: (110825;110808;130808;3)[0m
[0;32mI (88485) espnow_recv: (107015;107396;127396;3)[0m
[0;32mI (88495) espnow_recv: (110350;110020;130020;3)[0m
[0;32mI (88505) espnow_recv: (104094;104717;124717;3)[0m
[0;32mI (88515) espnow_recv: (108972;108490;128490;3)[0m
[0;32mI (88525) espnow_recv: (104923;105323;125323;3)[0m
[0;32mI (88535) espnow_recv: (107025;106818;126818;3)[0m
[0;32mI (88545) espnow_recv: (106144;106230;126230;3)[0m
[0;32mI (88555) espnow_recv: (106375;106352;126352;3)[0m
[0;32mI (88565) espnow_recv: (105080;105210;125210;3)[0m
[0;32mI (88575) espnow_recv: (104586;104637;124637;3)[0m
[0;32mI (88585) espnow_recv: (105495;105404;125404;3)[0m
[0;32mI (88595) espnow_recv: (107002;106850;126850;3)[0m
[0;32mI (88605) espnow_recv: (106756;106779;126779;3)[0m
[0;32mI (88615) espnow_recv: (105376;105515;125515;3)[0m
[0;32mI (88625) espnow_recv: (107448;107242;127242;3)[0m
[0;32mI (88635) espnow_recv: (103991;104335;124335;3)[0m
[0;32mI (88645) espnow_recv: (108354;107921;127921;3)[0m
[0;32mI (88655) espnow_recv: (103588;104061;124061;3)[0m
[0;32mI (88665) espnow_recv: (108343;107872;127872;3)[0m
[0;32mI (88685) espnow_recv: (104523;104901;124901;3)[0m
[0;32mI (88685) espnow_recv: (107320;104662;124662;3)[0m
[0;32mI (88695) espnow_recv: (105736;104715;124715;3)[0m
[0;32mI (88715) espnow_recv: (106512;104804;124804;3)[0m
[0;32mI (88715) espnow_recv: (105419;104834;124834;3)[0m
[0;32mI (88725) espnow_recv: (104893;104836;124836;3)[0m
[0;32mI (88735) espnow_recv: (106019;104895;124895;3)[0m
[0;32mI (88745) espnow_recv: (108260;105063;125063;3)[0m
[0;32mI (88755) espnow_recv: (107532;105186;125186;3)[0m
[0;32mI (88765) espnow_recv: (106007;105227;125227;3)[0m
[0;32mI (88775) espnow_recv: (108204;105375;125375;3)[0m
[0;32mI (88785) espnow_recv: (105231;105368;125368;3)[0m
[0;32mI (88795) espnow_recv: (109563;105577;125577;3)[0m
[0;32mI (88805) espnow_recv: (103657;105481;125481;3)[0m
[0;32mI (88815) espnow_recv: (108875;105650;125650;3)[0m
[0;32mI (88825) espnow_recv: (106477;105691;125691;3)[0m
[0;32mI (88835) espnow_recv: (107484;105780;125780;3)[0m
[0;32mI (88845) espnow_recv: (108387;105910;125910;3)[0m
[0;32mI (88855) espnow_recv: (106072;105918;125918;3)[0m
[0;32mI (88865) espnow_recv: (107489;105996;125996;3)[0m
[0;32mI (88875) espnow_recv: (104881;105941;125941;3)[0m
[0;32mI (88885) espnow_recv: (109666;106127;126127;3)[0m
[0;32mI (88895) espnow_recv: (107215;106181;126181;3)[0m
[0;32mI (88905) espnow_recv: (109137;106328;126328;3)[0m
[0;32mI (88915) espnow_recv: (108811;106452;126452;3)[0m
[0;32mI (88925) espnow_recv: (107753;106517;126517;3)[0m
[0;32mI (88935) espnow_recv: (113788;106880;126880;3)[0m
[0;32mI (88945) espnow_recv: (109510;107011;127011;3)[0m
[0;32mI (88955) espnow_recv: (118410;107580;127580;3)[0m
[0;32mI (88965) espnow_recv: (182261;111314;131314;3)[0m
[0;32mI (88975) espnow_recv: (207923;111314;131314;3)[0m
[0;32mI (88985) espnow_recv: (207923;111314;131314;3)[0m
[0;32mI (88995) espnow_recv: (216672;111314;131314;3)[0m
[0;32mI (89005) espnow_recv: (229585;111314;131314;3)[0m
[0;32mI (89015) espnow_recv: (221047;111314;131314;3)[0m
[0;32mI (89025) espnow_recv: (221047;111314;131314;3)[0m
[0;32mI (89035) espnow_recv: (206038;111314;131314;3)[0m
[0;32mI (89045) espnow_recv: (184919;111314;131314;3)[0m
[0;32mI (89055) espnow_recv: (162872;111314;131314;3)[0m
[0;32mI (89065) espnow_recv: (124754;111314;131314;3)[0m
[0;32mI (89085) espnow_recv: (116358;111566;131566;3)[0m
[0;32mI (89085) espnow_recv: (117181;111846;131846;3)[0m
[0;32mI (89095) espnow_recv: (111954;111851;131851;3)[0m
[0;32mI (89105) espnow_recv: (109175;111718;131718;3)[0m
[0;32mI (89105) espnow_recv: (109175;111591;131591;3)[0m
[0;32mI (89115) espnow_recv: (111649;111593;131593;3)[0m
[0;32mI (89125) espnow_recv: (107144;111371;131371;3)[0m
[0;32mI (89135) espnow_recv: (117685;111686;131686;3)[0m
[0;32mI (89145) espnow_recv: (119903;119621;139621;3)[0m
[0;32mI (89155) espnow_recv: (109905;110902;130902;3)[0m
[0;32mI (89165) espnow_recv: (117913;117122;137122;3)[0m
[0;32mI (89175) espnow_recv: (119960;119747;139747;3)[0m
[0;32mI (89185) espnow_recv: (116001;116395;136395;3)[0m
[0;32mI (89195) espnow_recv: (118852;118570;138570;3)[0m
[0;32mI (89205) espnow_recv: (120085;119958;139958;3)[0m
[0;32mI (89215) espnow_recv: (116000;116408;136408;3)[0m
[0;32mI (89225) espnow_recv: (111569;112017;132017;3)[0m
[0;32mI (89235) espnow_recv: (119527;118735;138735;3)[0m
[0;32mI (89245) espnow_recv: (119041;119082;139082;3)[0m
[0;32mI (89255) espnow_recv: (111954;112664;132664;3)[0m
[0;32mI (89275) espnow_recv: (119142;118430;138430;3)[0m
[0;32mI (89275) espnow_recv: (118356;118428;138428;3)[0m
[0;32mI (89285) espnow_recv: (114499;114886;134886;3)[0m
[0;32mI (89295) espnow_recv: (120033;119483;139483;3)[0m
[0;32mI (89305) espnow_recv: (118403;118561;138561;3)[0m
[0;32mI (89325) espnow_recv: (111142;111870;131870;3)[0m
[0;32mI (89325) espnow_recv: (115794;115336;135336;3)[0m
[0;32mI (89335) espnow_recv: (119701;119305;139305;3)[0m
[0;32mI (89345) espnow_recv: (119383;119411;139411;3)[0m
[0;32mI (89355) espnow_recv: (117207;117425;137425;3)[0m
[0;32mI (89365) espnow_recv: (122588;122052;142052;3)[0m
[0;32mI (89375) espnow_recv: (119959;120217;140217;3)[0m
[0;32mI (89385) espnow_recv: (112284;113055;133055;3)[0m
[0;32mI (89405) espnow_recv: (120628;120808;140808;3)[0m
[0;32mI (89415) espnow_recv: (112023;112886;132886;3)[0m
[0;32mI (89425) espnow_recv: (116426;115994;135994;3)[0m
[0;32mI (89435) espnow_recv: (120232;119847;139847;3)[0m
[0;32mI (89445) espnow_recv: (119721;119769;139769;3)[0m
[0;32mI (89455) espnow_recv: (116279;119549;139549;3)[0m
[0;32mI (89465) espnow_recv: (122035;119673;139673;3)[0m
[0;32mI (89475) espnow_recv: (120211;119699;139699;3)[0m
[0;32mI (89485) espnow_recv: (114560;119443;139443;3)[0m
[0;32mI (89495) espnow_recv: (122077;119574;139574;3)[0m
[0;32mI (89505) espnow_recv: (120633;119626;139626;3)[0m
[0;32mI (89515) espnow_recv: (115963;119443;139443;3)[0m
[0;32mI (89525) espnow_recv: (114449;119194;139194;3)[0m
[0;32mI (89535) espnow_recv: (120117;119240;139240;3)[0m
[0;32mI (89545) espnow_recv: (119743;119265;139265;3)[0m
[0;32mI (89555) espnow_recv: (114109;119008;139008;3)[0m
[0;32mI (89565) espnow_recv: (121196;119117;139117;3)[0m
[0;32mI (89575) espnow_recv: (120301;119176;139176;3)[0m
[0;32mI (89585) espnow_recv: (116953;119065;139065;3)[0m
[0;32mI (89595) espnow_recv: (121307;119177;139177;3)[0m
[0;32mI (89605) espnow_recv: (120982;119267;139267;3)[0m
[0;32mI (89615) espnow_recv: (117069;119158;139158;3)[0m
[0;32mI (89625) espnow_recv: (113372;118869;138869;3)[0m
[0;32mI (89645) espnow_recv: (120721;118961;138961;3)[0m
[0;32mI (89645) espnow_recv: (159032;120964;140964;3)[0m
[0;32mI (89655) espnow_recv: (159032;120964;140964;3)[0m
[0;32mI (89665) espnow_recv: (210047;120964;140964;3)[0m
[0;32mI (89675) espnow_recv: (218871;120964;140964;3)[0m
[0;32mI (89685) espnow_recv: (218871;120964;140964;3)[0m
[0;32mI (89695) espnow_recv: (232700;120964;140964;3)[0m
[0;32mI (89705) espnow_recv: (237680;120964;140964;3)[0m
[0;32mI (89715) espnow_recv: (215717;120964;140964;3)[0m
[0;32mI (89725) espnow_recv: (193959;120964;140964;3)[0m
[0;32mI (89735) espnow_recv: (178101;120964;140964;3)[0m
[0;32mI (89745) espnow_recv: (144796;120964;140964;3)[0m
[0;32mI (89755) espnow_recv: (133562;120964;140964;3)[0m
[0;32mI (89765) espnow_recv: (121810;121006;141006;3)[0m
[0;32mI (89775) espnow_recv: (113512;120632;140632;3)[0m
[0;32mI (89785) espnow_recv: (121259;120663;140663;3)[0m
[0;32mI (89785) espnow_recv: (121259;121259;221259;3)[0m
[0;32mI (89795) espnow_recv: (123075;121349;221349;3)[0m
[0;32mI (89805) espnow_recv: (111398;120852;220852;3)[0m
[0;32mI (89815) espnow_recv: (118400;120730;220730;3)[0m
[0;32mI (89825) espnow_recv: (121862;120786;220786;3)[0m
[0;32mI (89835) espnow_recv: (118805;120687;140687;3)[0m
[0;32mI (89845) espnow_recv: (118348;118413;138413;3)[0m
[0;32mI (89855) espnow_recv: (118521;118504;138504;3)[0m
[0;32mI (89865) espnow_recv: (117300;117422;137422;3)[0m
[0;32mI (89875) espnow_recv: (110992;111625;131625;3)[0m
[0;32mI (89885) espnow_recv: (117367;116735;136735;3)[0m
[0;32mI (89895) espnow_recv: (115400;115591;135591;3)[0m
[0;32mI (89905) espnow_recv: (111722;112092;132092;3)[0m
[0;32mI (89915) espnow_recv: (116133;115695;135695;3)[0m
[0;32mI (89925) espnow_recv: (108440;109205;129205;3)[0m
[0;32mI (89935) espnow_recv: (112287;111910;131910;3)[0m
[0;32mI (89945) espnow_recv: (110639;110800;130800;3)[0m
[0;32mI (89955) espnow_recv: (108199;108445;128445;3)[0m
[0;32mI (89965) espnow_recv: (106840;106979;126979;3)[0m
[0;32mI (89975) espnow_recv: (104657;104877;124877;3)[0m
[0;32mI (89985) espnow_recv: (108757;108349;128349;3)[0m
[0;32mI (89995) espnow_recv: (106061;106327;126327;3)[0m
[0;32mI (90005) espnow_recv: (108062;107864;127864;3)[0m
[0;32mI (90015) espnow_recv: (106739;106870;126870;3)[0m
[0;32mI (90025) espnow_recv: (106633;106645;126645;3)[0m
[0;32mI (90035) espnow_recv: (107528;107438;127438;3)[0m
[0;32mI (90045) espnow_recv: (110165;109900;129900;3)[0m
[0;32mI (90055) espnow_recv: (108855;108984;128984;3)[0m
[0;32mI (90065) espnow_recv: (107123;107298;127298;3)[0m
[0;32mI (90075) espnow_recv: (111018;110630;130630;3)[0m
[0;32mI (90085) espnow_recv: (107721;108047;128047;3)[0m
[0;32mI (90095) espnow_recv: (111528;111150;131150;3)[0m
[0;32mI (90105) espnow_recv: (109780;109951;129951;3)[0m
[0;32mI (90115) espnow_recv: (109253;109308;129308;3)[0m
[0;32mI (90125) espnow_recv: (111298;111094;131094;3)[0m
[0;32mI (108255) espnow_recv: (104567;104926;124926;3)[0m
[0;32mI (108265) espnow_recv: (181086;108392;128392;3)[0m
[0;32mI (108275) espnow_recv: (181086;108392;128392;3)[0m
[0;32mI (108285) espnow_recv: (206769;108392;128392;3)[0m
[0;32mI (108295) espnow_recv: (209815;108392;128392;3)[0m
[0;32mI (108305) espnow_recv: (219194;108392;128392;3)[0m
[0;32mI (108315) espnow_recv: (215694;108392;128392;3)[0m
[0;32mI (108325) espnow_recv: (215694;108392;128392;3)[0m
[0;32mI (108335) espnow_recv: (169897;108392;128392;3)[0m
[0;32mI (108345) espnow_recv: (143634;108392;128392;3)[0m
[0;32mI (108355) espnow_recv: (118736;108392;128392;3)[0m
[0;32mI (108365) espnow_recv: (115659;108755;128755;3)[0m
[0;32mI (108375) espnow_recv: (115954;109114;129114;3)[0m
[0;32mI (108385) espnow_recv: (111013;109208;129208;3)[0m
[0;32mI (108385) espnow_recv: (111013;109298;129298;3)[0m
[0;32mI (108395) espnow_recv: (113039;109485;129485;3)[0m
[0;32mI (108405) espnow_recv: (112032;109612;129612;3)[0m
[0;32mI (108415) espnow_recv: (105813;109423;129423;3)[0m
[0;32mI (108425) espnow_recv: (118004;116821;136821;3)[0m
[0;32mI (108435) espnow_recv: (119943;119737;139737;3)[0m
[0;32mI (108445) espnow_recv: (109717;110738;130738;3)[0m
[0;32mI (108455) espnow_recv: (119707;118718;138718;3)[0m
[0;32mI (108465) espnow_recv: (120272;120205;140205;3)[0m
[0;32mI (108475) espnow_recv: (111095;112012;132012;3)[0m
[0;32mI (108485) espnow_recv: (119172;118373;138373;3)[0m
[0;32mI (108495) espnow_recv: (120516;120373;140373;3)[0m
[0;32mI (108505) espnow_recv: (116032;116479;136479;3)[0m
[0;32mI (108515) espnow_recv: (119576;119226;139226;3)[0m
[0;32mI (108525) espnow_recv: (119762;119739;139739;3)[0m
[0;32mI (108535) espnow_recv: (115854;116245;136245;3)[0m
[0;32mI (108545) espnow_recv: (111972;112365;132365;3)[0m
[0;32mI (108555) espnow_recv: (119665;118899;138899;3)[0m
[0;32mI (108565) espnow_recv: (118863;118936;138936;3)[0m
[0;32mI (108575) espnow_recv: (112413;113059;133059;3)[0m
[0;32mI (108585) espnow_recv: (119830;119094;139094;3)[0m
[0;32mI (108595) espnow_recv: (118696;118802;138802;3)[0m
[0;32mI (108605) espnow_recv: (114682;115085;135085;3)[0m
[0;32mI (108615) espnow_recv: (121656;120962;140962;3)[0m
[0;32mI (108625) espnow_recv: (120971;121033;141033;3)[0m
[0;32mI (108635) espnow_recv: (117412;117769;137769;3)[0m
[0;32mI (108645) espnow_recv: (113656;114036;134036;3)[0m
[0;32mI (108655) espnow_recv: (120946;120220;140220;3)[0m
[0;32mI (108665) espnow_recv: (120198;120266;140266;3)[0m
[0;32mI (108675) espnow_recv: (113310;114000;134000;3)[0m
[0;32mI (108685) espnow_recv: (121178;120398;140398;3)[0m
[0;32mI (108695) espnow_recv: (120595;120646;140646;3)[0m
[0;32mI (108705) espnow_recv: (117283;117615;137615;3)[0m
[0;32mI (108715) espnow_recv: (120821;120470;140470;3)[0m
[0;32mI (108725) espnow_recv: (121450;121383;141383;3)[0m
[0;32mI (108735) espnow_recv: (118011;121279;141279;3)[0m
[0;32mI (108745) espnow_recv: (112767;120854;140854;3)[0m
[0;32mI (108755) espnow_recv: (121451;120883;140883;3)[0m
[0;32mI (108765) espnow_recv: (121487;120913;140913;3)[0m
[0;32mI (108775) espnow_recv: (112259;120481;140481;3)[0m
[0;32mI (108785) espnow_recv: (120623;120488;140488;3)[0m
[0;32mI (108795) espnow_recv: (121515;120539;140539;3)[0m
[0;32mI (108805) espnow_recv: (118313;120428;140428;3)[0m
[0;32mI (108815) espnow_recv: (120611;120437;140437;3)[0m
[0;32mI (108825) espnow_recv: (121443;120487;140487;3)[0m
[0;32mI (108835) espnow_recv: (122666;120595;140595;3)[0m
[0;32mI (108845) espnow_recv: (111421;120137;140137;3)[0m
[0;32mI (108855) espnow_recv: (120062;120134;140134;3)[0m
[0;32mI (108865) espnow_recv: (123071;120280;140280;3)[0m
[0;32mI (108875) espnow_recv: (111030;119818;139818;3)[0m
[0;32mI (108885) espnow_recv: (119942;119824;139824;3)[0m
[0;32mI (108895) espnow_recv: (121130;119889;139889;3)[0m
[0;32mI (108905) espnow_recv: (121568;119972;139972;3)[0m
[0;32mI (108915) espnow_recv: (141667;121056;141056;3)[0m
[0;32mI (108925) espnow_recv: (155622;121056;141056;3)[0m
[0;32mI (108935) espnow_recv: (162953;121056;141056;3)[0m
[0;32mI (108945) espnow_recv: (171322;121056;141056;3)[0m
[0;32mI (108955) espnow_recv: (202535;121056;141056;3)[0m
[0;32mI (108965) espnow_recv: (202535;121056;141056;3)[0m
[0;32mI (108975) espnow_recv: (198203;121056;141056;3)[0m
[0;32mI (108985) espnow_recv: (202262;121056;141056;3)[0m
[0;32mI (109005) espnow_recv: (207049;121056;141056;3)[0m
[0;32mI (109005) espnow_recv: (187932;121056;141056;3)[0m
[0;32mI (109015) espnow_recv: (172800;121056;141056;3)[0m
[0;32mI (109025) espnow_recv: (144349;121056;141056;3)[0m
[0;32mI (109035) espnow_recv: (136464;121056;141056;3)[0m
[0;32mI (109045) espnow_recv: (119916;120999;140999;3)[0m
[0;32mI (109055) espnow_recv: (117075;120803;140803;3)[0m
[0;32mI (109065) espnow_recv: (119777;120752;140752;3)[0m
[0;32mI (109065) espnow_recv: (119777;119777;219777;3)[0m
[0;32mI (109075) espnow_recv: (118449;119711;219711;3)[0m
[0;32mI (109085) espnow_recv: (113581;119405;219405;3)[0m
[0;32mI (109095) espnow_recv: (117435;119307;219307;3)[0m
[0;32mI (109105) espnow_recv: (118334;119259;219259;3)[0m
[0;32mI (109115) espnow_recv: (109222;118758;138758;3)[0m
[0;32mI (109125) espnow_recv: (117996;117214;137214;3)[0m
[0;32mI (109135) espnow_recv: (119552;119388;139388;3)[0m
[0;32mI (109145) espnow_recv: (109893;110858;130858;3)[0m
[0;32mI (109155) espnow_recv: (120160;119143;139143;3)[0m
[0;32mI (109165) espnow_recv: (117779;118007;138007;3)[0m
[0;32mI (109175) espnow_recv: (111747;112353;132353;3)[0m
[0;32mI (109185) espnow_recv: (116198;115759;135759;3)[0m
[0;32mI (109195) espnow_recv: (110377;110955;130955;3)[0m
[0;32mI (109205) espnow_recv: (109752;109821;129821;3)[0m
[0;32mI (109215) espnow_recv: (112562;112281;132281;3)[0m
[0;32mI (109225) espnow_recv: (107147;107686;127686;3)[0m
[0;32mI (109235) espnow_recv: (110290;109981;129981;3)[0m
[0;32mI (109245) espnow_recv: (104089;104706;124706;3)[0m
[0;32mI (109255) espnow_recv: (107696;107341;127341;3)[0m
[0;32mI (109265) espnow_recv: (105752;105943;125943;3)[0m
[0;32mI (109275) espnow_recv: (106503;106429;126429;3)[0m
[0;32mI (109285) espnow_recv: (104564;104758;124758;3)[0m
[0;32mI (109295) espnow_recv: (105181;105121;125121;3)[0m
[0;32mI (109305) espnow_recv: (105698;105645;125645;3)[0m
[0;32mI (109325) espnow_recv: (108448;108172;128172;3)[0m
[0;32mI (109325) espnow_recv: (106504;106696;126696;3)[0m
[0;32mI (109335) espnow_recv: (106017;106068;126068;3)[0m
[0;32mI (109345) espnow_recv: (106991;106894;126894;3)[0m
[0;32mI (109355) espnow_recv: (104880;105091;125091;3)[0m
[0;32mI (109365) espnow_recv: (108691;108312;128312;3)[0m
[0;32mI (109375) espnow_recv: (104079;104537;124537;3)[0m
[0;32mI (109385) espnow_recv: (108877;108401;128401;3)[0m
[0;32mI (109395) espnow_recv: (104562;104989;124989;3)[0m
[0;32mI (109405) espnow_recv: (108439;108055;128055;3)[0m
[0;32mI (109415) espnow_recv: (107163;107287;127287;3)[0m
[0;32mI (109425) espnow_recv: (107156;107163;127163;3)[0m
[0;32mI (109435) espnow_recv: (110501;107329;127329;3)[0m
[0;32mI (109445) espnow_recv: (105763;107251;127251;3)[0m
[0;32mI (109455) espnow_recv: (109893;107383;127383;3)[0m
[0;32mI (109465) espnow_recv: (106738;107351;127351;3)[0m
[0;32mI (109475) espnow_recv: (110546;107510;127510;3)[0m
[0;32mI (109485) espnow_recv: (109203;107594;127594;3)[0m
[0;32mI (109495) espnow_recv: (108400;107634;127634;3)[0m
[0;32mI (109515) espnow_recv: (107972;107851;127851;3)[0m
[0;32mI (109525) espnow_recv: (112190;108067;128067;3)[0m
[0;32mI (109535) espnow_recv: (109582;108142;128142;3)[0m
[0;32mI (109545) espnow_recv: (108997;108184;128184;3)[0m
[0;32mI (109555) espnow_recv: (112242;108386;128386;3)[0m
[0;32mI (109565) espnow_recv: (108433;108388;128388;3)[0m
[0;32mI (109575) espnow_recv: (112726;108604;128604;3)[0m
[0;32mI (109595) espnow_recv: (110095;108678;128678;3)[0m
[0;32mI (109595) espnow_recv: (109339;108711;128711;3)[0m
[0;32mI (109605) espnow_recv: (113729;108961;128961;3)[0m
[0;32mI (109615) espnow_recv: (109403;108983;128983;3)[0m
[0;32mI (109625) espnow_recv: (112868;109177;129177;3)[0m
[0;32mI (109635) espnow_recv: (113878;109412;129412;3)[0m
[0;32mI (109645) espnow_recv: (108247;109354;129354;3)[0m
[0;32mI (109655) espnow_recv: (114091;109590;129590;3)[0m
[0;32mI (109665) espnow_recv: (109971;109609;129609;3)[0m
[0;32mI (109675) espnow_recv: (112300;109743;129743;3)[0m
[0;32mI (109685) espnow_recv: (114620;109986;129986;3)[0m
[0;32mI (109695) espnow_recv: (107761;109875;129875;3)[0m
[0;32mI (109705) espnow_recv: (114506;110106;130106;3)[0m
[0;32mI (109715) espnow_recv: (111103;110155;130155;3)[0m
[0;32mI (109725) espnow_recv: (112018;110248;130248;3)[0m
[0;32mI (109735) espnow_recv: (114659;110468;130468;3)[0m
[0;32mI (109745) espnow_recv: (108576;110374;130374;3)[0m
[0;32mI (109755) espnow_recv: (111642;110437;130437;3)[0m
[0;32mI (109765) espnow_recv: (112637;110547;130547;3)[0m
[0;32mI (109775) espnow_recv: (111137;110576;130576;3)[0m
[0;32mI (109795) espnow_recv: (109788;110716;130716;3)[0m
[0;32mI (109805) espnow_recv: (110701;110716;130716;3)[0m
[0;32mI (109815) espnow_recv: (114343;110897;130897;3)[0m
[0;32mI (109825) espnow_recv: (111146;110909;130909;3)[0m
[0;32mI (109835) espnow_recv: (128620;111794;131794;3)[0m
[0;32mI (109845) espnow_recv: (168542;114631;134631;3)[0m
[0;32mI (109855) espnow_recv: (177910;114631;134631;3)[0m
[0;32mI (109865) espnow_recv: (202515;114631;134631;3)[0m
[0;32mI (109875) espnow_recv: (205737;114631;134631;3)[0m
[0;32mI (109885) espnow_recv: (205737;114631;134631;3)[0m
[0;32mI (109895) espnow_recv: (216240;114631;134631;3)[0m
[0;32mI (109905) espnow_recv: (218334;114631;134631;3)[0m
[0;32mI (109915) espnow_recv: (220633;114631;134631;3)[0m
[0;32mI (109925) espnow_recv: (187198;114631;134631;3)[0m
[0;32mI (109935) espnow_recv: (132066;114631;134631;3)[0m
[0;32mI (109945) espnow_recv: (117870;114792;134792;3)[0m
[0;32mI (109955) espnow_recv: (112521;114679;134679;3)[0m
[0;32mI (109965) espnow_recv: (112586;114575;134575;3)[0m
[0;32mI (109965) espnow_recv: (112586;114476;134476;3)[0m
[0;32mI (109975) espnow_recv: (115622;114533;134533;3)[0m
[0;32mI (109985) espnow_recv: (109823;114298;134298;3)[0m
[0;32mI (109995) espnow_recv: (113012;114234;134234;3)[0m
[0;32mI (110005) espnow_recv: (115660;115407;135407;3)[0m
[0;32mI (110015) espnow_recv: (108840;109520;129520;3)[0m
[0;32mI (110025) espnow_recv: (119329;118286;138286;3)[0m
[0;32mI (110035) espnow_recv: (121339;121127;141127;3)[0m
[0;32mI (110045) espnow_recv: (109798;110950;130950;3)[0m
[0;32mI (110055) espnow_recv: (118488;117630;137630;3)[0m
[0;32mI (110065) espnow_recv: (121773;121435;141435;3)[0m
[0;32mI (110075) espnow_recv: (110474;111601;131601;3)[0m
[0;32mI (110085) espnow_recv: (119128;118273;138273;3)[0m
[0;32mI (110095) espnow_recv: (119769;119696;139696;3)[0m
[0;32mI (110105) espnow_recv: (116775;117074;137074;3)[0m
[0;32mI (110115) espnow_recv: (110920;111509;131509;3)[0m
[0;32mI (110125) espnow_recv: (119881;118990;138990;3)[0m
[0;32mI (110135) espnow_recv: (120996;120875;140875;3)[0m
[0;32mI (110145) espnow_recv: (111086;112076;132076;3)[0m
[0;32mI (110155) espnow_recv: (119595;118754;138754;3)[0m
[0;32mI (110165) espnow_recv: (121068;120912;140912;3)[0m
[0;32mI (110175) espnow_recv: (111149;112140;132140;3)[0m
[0;32mI (110185) espnow_recv: (119697;118852;138852;3)[0m
[0;32mI (110195) espnow_recv: (120262;120197;140197;3)[0m
[0;32mI (110205) espnow_recv: (118858;118998;138998;3)[0m
[0;32mI (110215) espnow_recv: (111982;112671;132671;3)[0m
[0;32mI (110225) espnow_recv: (121538;120589;140589;3)[0m
[0;32mI (110235) espnow_recv: (123021;122863;142863;3)[0m
[0;32mI (110245) espnow_recv: (111358;112523;132523;3)[0m
[0;32mI (110255) espnow_recv: (120689;119767;139767;3)[0m
[0;32mI (110265) espnow_recv: (125762;125245;145245;3)[0m
[0;32mI (110275) espnow_recv: (119777;120371;140371;3)[0m
[0;32mI (110285) espnow_recv: (115662;116080;136080;3)[0m
[0;32mI (110295) espnow_recv: (119174;118827;138827;3)[0m
[0;32mI (110305) espnow_recv: (120462;120329;140329;3)[0m
[0;32mI (110315) espnow_recv: (120902;120484;140484;3)[0m
[0;32mI (110325) espnow_recv: (118402;120380;140380;3)[0m
[0;32mI (110335) espnow_recv: (124237;120572;140572;3)[0m
[0;32mI (110345) espnow_recv: (121211;120603;140603;3)[0m
[0;32mI (110355) espnow_recv: (117628;120455;140455;3)[0m
[0;32mI (110365) espnow_recv: (123186;120591;140591;3)[0m
[0;32mI (110375) espnow_recv: (121811;120652;140652;3)[0m
[0;32mI (110385) espnow_recv: (121826;120710;140710;3)[0m
[0;32mI (110395) espnow_recv: (148627;122105;142105;3)[0m
[0;32mI (110405) espnow_recv: (148627;122105;142105;3)[0m
[0;32mI (110415) espnow_recv: (172554;122105;142105;3)[0m
[0;32mI (110425) espnow_recv: (182132;122105;142105;3)[0m
[0;32mI (110435) espnow_recv: (216647;122105;142105;3)[0m
[0;32mI (110445) espnow_recv: (216647;122105;142105;3)[0m
[0;32mI (110455) espnow_recv: (218799;122105;142105;3)[0m
[0;32mI (110465) espnow_recv: (228479;122105;142105;3)[0m
[0;32mI (110475) espnow_recv: (203486;122105;142105;3)[0m
[0;32mI (110485) espnow_recv: (152097;122105;142105;3)[0m
[0;32mI (110495) espnow_recv: (137622;122105;142105;3)[0m
[0;32mI (110505) espnow_recv: (125209;122260;142260;3)[0m
[0;32mI (110515) espnow_recv: (123006;122297;142297;3)[0m
[0;32mI (110525) espnow_recv: (115387;121952;141952;3)[0m
[0;32mI (110525) espnow_recv: (115387;115387;215387;3)[0m
[0;32mI (110535) espnow_recv: (124174;115826;215826;3)[0m
[0;32mI (110545) espnow_recv: (123573;116213;216213;3)[0m
[0;32mI (110555) espnow_recv: (120791;116441;216441;3)[0m
[0;32mI (110565) espnow_recv: (121876;116712;216712;3)[0m
[0;32mI (110575) espnow_recv: (121478;116950;136950;3)[0m
[0;32mI (110585) espnow_recv: (119089;119283;139283;3)[0m
[0;32mI (110595) espnow_recv: (112795;113427;133427;3)[0m
[0;32mI (110605) espnow_recv: (120576;119804;139804;3)[0m
[0;32mI (110615) espnow_recv: (121802;121671;141671;3)[0m
[0;32mI (110625) espnow_recv: (114289;115039;135039;3)[0m
[0;32mI (110635) espnow_recv: (119219;118733;138733;3)[0m
[0;32mI (110645) espnow_recv: (114259;114751;134751;3)[0m
[0;32mI (110655) espnow_recv: (110144;110561;130561;3)[0m
[0;32mI (110665) espnow_recv: (115979;115399;135399;3)[0m
[0;32mI (110675) espnow_recv: (111846;112254;132254;3)[0m
[0;32mI (110685) espnow_recv: (112968;112859;132859;3)[0m
[0;32mI (110695) espnow_recv: (110090;110377;130377;3)[0m
[0;32mI (110705) espnow_recv: (107316;107597;127597;3)[0m
[0;32mI (110715) espnow_recv: (111218;110830;130830;3)[0m
[0;32mI (110725) espnow_recv: (105234;105829;125829;3)[0m
[0;32mI (110735) espnow_recv: (110147;109661;129661;3)[0m
[0;32mI (110745) espnow_recv: (106090;106491;126491;3)[0m
[0;32mI (110755) espnow_recv: (108219;108010;128010;3)[0m
[0;32mI (110765) espnow_recv: (108209;108207;128207;3)[0m
[0;32mI (110775) espnow_recv: (106031;106249;126249;3)[0m
[0;32mI (110785) espnow_recv: (109804;109428;129428;3)[0m
[0;32mI (110795) espnow_recv: (104603;105120;125120;3)[0m
[0;32mI (110805) espnow_recv: (107580;107287;127287;3)[0m
[0;32mI (110815) espnow_recv: (104899;105165;125165;3)[0m
[0;32mI (110825) espnow_recv: (107498;107240;127240;3)[0m
[0;32mI (110835) espnow_recv: (104918;105174;125174;3)[0m
[0;32mI (110845) espnow_recv: (106052;105941;125941;3)[0m
[0;32mI (110855) espnow_recv: (105583;105629;125629;3)[0m
[0;32mI (110865) espnow_recv: (108634;108329;128329;3)[0m
