ESP-ROM:esp32s3-20210327
Build:Mar 27 2021
rst:0x15 (USB_UART_CHIP_RESET),boot:0x8 (SPI_FAST_FLASH_BOOT)
Saved PC:0x4205f9ae
SPIWP:0xee
mode:DIO, clock div:1
load:0x3fcd0108,len:0x1650
load:0x403b6000,len:0xb7c
load:0x403ba000,len:0x2f74
entry 0x403b6248
[0;32mI (24) boot: ESP-IDF v4.4.1-dirty 2nd stage bootloader[0m
[0;32mI (25) boot: compile time 16:01:06[0m
[0;32mI (25) boot: chip revision: 0[0m
[0;32mI (27) boot.esp32s3: Boot SPI Speed : 80MHz[0m
[0;32mI (32) boot.esp32s3: SPI Mode       : DIO[0m
[0;32mI (36) boot.esp32s3: SPI Flash Size : 2MB[0m
[0;32mI (41) boot: Enabling RNG early entropy source...[0m
[0;32mI (46) boot: Partition Table:[0m
[0;32mI (50) boot: ## Label            Usage          Type ST Offset   Length[0m
[0;32mI (57) boot:  0 nvs              WiFi data        01 02 00009000 00006000[0m
[0;32mI (65) boot:  1 phy_init         RF data          01 01 0000f000 00001000[0m
[0;32mI (72) boot:  2 factory          factory app      00 00 00010000 00100000[0m
[0;32mI (80) boot: End of partition table[0m
[0;32mI (84) esp_image: segment 0: paddr=00010020 vaddr=3c070020 size=11f5ch ( 73564) map[0m
[0;32mI (105) esp_image: segment 1: paddr=00021f84 vaddr=3fc946a0 size=0414ch ( 16716) load[0m
[0;32mI (109) esp_image: segment 2: paddr=000260d8 vaddr=40374000 size=09f40h ( 40768) load[0m
[0;32mI (120) esp_image: segment 3: paddr=00030020 vaddr=42000020 size=622c0h (402112) map[0m
[0;32mI (193) esp_image: segment 4: paddr=000922e8 vaddr=4037df40 size=06760h ( 26464) load[0m
[0;32mI (199) esp_image: segment 5: paddr=00098a50 vaddr=50000000 size=00010h (    16) load[0m
[0;32mI (206) boot: Loaded app from partition at offset 0x10000[0m
[0;32mI (206) boot: Disabling RNG early entropy source...[0m
[0;32mI (221) cpu_start: Pro cpu up.[0m
[0;32mI (222) cpu_start: Starting app cpu, entry point is 0x403751d0[0m
[0;32mI (0) cpu_start: App cpu up.[0m
[0;32mI (235) cpu_start: Pro cpu start user code[0m
[0;32mI (236) cpu_start: cpu freq: 160000000[0m
[0;32mI (236) cpu_start: Application information:[0m
[0;32mI (238) cpu_start: Project name:     espnow_receiver[0m
[0;32mI (244) cpu_start: App version:      5146935-dirty[0m
[0;32mI (249) cpu_start: Compile time:     Mar 26 2024 16:00:56[0m
[0;32mI (256) cpu_start: ELF file SHA256:  312c186ad9e1007a...[0m
[0;32mI (261) cpu_start: ESP-IDF:          v4.4.1-dirty[0m
[0;32mI (267) heap_init: Initializing. RAM available for dynamic allocation:[0m
[0;32mI (274) heap_init: At 3FC9B9F8 len 00044608 (273 KiB): D/IRAM[0m
[0;32mI (280) heap_init: At 3FCE0000 len 0000EE34 (59 KiB): STACK/DRAM[0m
[0;32mI (287) heap_init: At 3FCF0000 len 00008000 (32 KiB): DRAM[0m
[0;32mI (293) heap_init: At 600FE000 len 00002000 (8 KiB): RTCRAM[0m
[0;32mI (300) spi_flash: detected chip: gd[0m
[0;32mI (304) spi_flash: flash io: dio[0m
[0;33mW (308) spi_flash: Detected size(8192k) larger than the size in the binary image header(2048k). Using the size in the binary image header.[0m
[0;32mI (321) sleep: Configure to isolate all GPIO pins in sleep state[0m
[0;32mI (328) sleep: Enable automatic switching of GPIO sleep configuration[0m
[0;32mI (335) cpu_start: Starting scheduler on PRO CPU.[0m
[0;32mI (0) cpu_start: Starting scheduler on APP CPU.[0m
[0;32mI (376) pp: pp rom version: e7ae62f[0m
[0;32mI (376) net80211: net80211 rom version: e7ae62f[0m
I (386) wifi:wifi driver task: 3fce33b8, prio:23, stack:6656, core=0
[0;32mI (386) system_api: Base MAC address is not set[0m
[0;32mI (386) system_api: read default base MAC address from EFUSE[0m
I (386) wifi:wifi firmware version: 63017e0
I (396) wifi:wifi certification version: v7.0
I (396) wifi:config NVS flash: enabled
I (396) wifi:config nano formating: disabled
I (406) wifi:Init data frame dynamic rx buffer num: 32
I (406) wifi:Init management frame dynamic rx buffer num: 32
I (416) wifi:Init management short buffer num: 32
I (416) wifi:Init dynamic tx buffer num: 32
I (426) wifi:Init static tx FG buffer num: 2
I (426) wifi:Init static rx buffer size: 1600
I (426) wifi:Init static rx buffer num: 10
I (436) wifi:Init dynamic rx buffer num: 32
[0;32mI (436) wifi_init: rx ba win: 6[0m
[0;32mI (446) wifi_init: tcpip mbox: 32[0m
[0;32mI (446) wifi_init: udp mbox: 6[0m
[0;32mI (446) wifi_init: tcp mbox: 6[0m
[0;32mI (456) wifi_init: tcp tx win: 5744[0m
[0;32mI (456) wifi_init: tcp rx win: 5744[0m
[0;32mI (466) wifi_init: tcp mss: 1440[0m
[0;32mI (466) wifi_init: WiFi IRAM OP enabled[0m
[0;32mI (466) wifi_init: WiFi RX IRAM OP enabled[0m
[0;32mI (476) phy_init: phy_version 501,94697a2,Apr  7 2022,20:49:08[0m
I (586) wifi:mode : sta (dc:54:75:c1:80:34)
I (586) wifi:enable tsf
I (586) ESPNOW: espnow [version: 1.0] init
[0;32mI (28776) espnow_recv: (126402;126430;146430;1)[0m
[0;32mI (28786) espnow_recv: (124558;126310;146310;1)[0m
[0;32mI (28796) espnow_recv: (123314;126161;146161;1)[0m
[0;32mI (28806) espnow_recv: (121517;125929;145929;1)[0m
[0;32mI (28816) espnow_recv: (123413;125804;145804;1)[0m
[0;32mI (28826) espnow_recv: (123827;125706;145706;1)[0m
[0;32mI (28836) espnow_recv: (126089;125725;145725;1)[0m
[0;32mI (28846) espnow_recv: (124186;125649;145649;1)[0m
[0;32mI (28866) espnow_recv: (123684;125389;145389;1)[0m
[0;32mI (28886) espnow_recv: (125839;125344;145344;1)[0m
[0;32mI (28896) espnow_recv: (123834;125269;145269;1)[0m
[0;32mI (28906) espnow_recv: (122428;125127;145127;1)[0m
[0;32mI (28916) espnow_recv: (124188;125081;145081;1)[0m
[0;32mI (28926) espnow_recv: (124308;125043;145043;1)[0m
[0;32mI (28936) espnow_recv: (125767;125079;145079;1)[0m
[0;32mI (28956) espnow_recv: (122550;124906;144906;1)[0m
[0;32mI (28966) espnow_recv: (124928;124907;144907;1)[0m
[0;32mI (28976) espnow_recv: (125663;124944;144944;1)[0m
[0;32mI (28986) espnow_recv: (126025;124998;144998;1)[0m
[0;32mI (28996) espnow_recv: (123953;124946;144946;1)[0m
[0;32mI (29016) espnow_recv: (123948;124776;144776;1)[0m
[0;32mI (29026) espnow_recv: (124246;124750;144750;1)[0m
[0;32mI (29036) espnow_recv: (125772;124801;144801;1)[0m
[0;32mI (29046) espnow_recv: (124034;124763;144763;1)[0m
[0;32mI (29056) espnow_recv: (122245;124638;144638;1)[0m
[0;32mI (29066) espnow_recv: (124448;124629;144629;1)[0m
[0;32mI (29076) espnow_recv: (124441;124620;144620;1)[0m
[0;32mI (29086) espnow_recv: (125634;124670;144670;1)[0m
[0;32mI (29096) espnow_recv: (123615;124618;144618;1)[0m
[0;32mI (29106) espnow_recv: (122355;124505;144505;1)[0m
[0;32mI (29116) espnow_recv: (124620;124510;144510;1)[0m
[0;32mI (29136) espnow_recv: (125034;124508;144508;1)[0m
[0;32mI (29146) espnow_recv: (123396;124453;144453;1)[0m
[0;32mI (29156) espnow_recv: (122240;124343;144343;1)[0m
[0;32mI (29166) espnow_recv: (123985;124326;144326;1)[0m
[0;32mI (29176) espnow_recv: (124249;124323;144323;1)[0m
[0;32mI (29186) espnow_recv: (124169;124316;144316;1)[0m
[0;32mI (29196) espnow_recv: (122944;124248;144248;1)[0m
[0;32mI (29206) espnow_recv: (122638;124168;144168;1)[0m
[0;32mI (29216) espnow_recv: (124266;124172;144172;1)[0m
[0;32mI (29226) espnow_recv: (124958;124211;144211;1)[0m
[0;32mI (29236) espnow_recv: (123742;124188;144188;1)[0m
[0;32mI (29256) espnow_recv: (122880;124053;144053;1)[0m
[0;32mI (29266) espnow_recv: (124141;124057;144057;1)[0m
[0;32mI (29276) espnow_recv: (123401;124025;144025;1)[0m
[0;32mI (29286) espnow_recv: (122531;123951;143951;1)[0m
[0;32mI (29296) espnow_recv: (121612;123835;143835;1)[0m
[0;32mI (29306) espnow_recv: (123936;123840;143840;1)[0m
[0;32mI (29316) espnow_recv: (124514;123873;143873;1)[0m
[0;32mI (29326) espnow_recv: (122931;123826;143826;1)[0m
[0;32mI (29336) espnow_recv: (122450;123758;143758;1)[0m
[0;32mI (29356) espnow_recv: (124282;123683;143683;1)[0m
[0;32mI (29366) espnow_recv: (124288;123713;143713;1)[0m
[0;32mI (29376) espnow_recv: (121543;123605;143605;1)[0m
[0;32mI (29386) espnow_recv: (121502;123500;143500;1)[0m
[0;32mI (29396) espnow_recv: (123936;123521;143521;1)[0m
[0;32mI (29406) espnow_recv: (124459;123567;143567;1)[0m
[0;32mI (29416) espnow_recv: (124646;123620;143620;1)[0m
[0;32mI (29426) espnow_recv: (121119;123495;143495;1)[0m
[0;32mI (29436) espnow_recv: (121232;123382;143382;1)[0m
[0;32mI (29446) espnow_recv: (124221;123423;143423;1)[0m
[0;32mI (29456) espnow_recv: (124728;123488;143488;1)[0m
[0;32mI (29466) espnow_recv: (124095;123518;143518;1)[0m
[0;32mI (29476) espnow_recv: (119985;123342;143342;1)[0m
[0;32mI (29486) espnow_recv: (120269;123189;143189;1)[0m
[0;32mI (29496) espnow_recv: (125106;123284;143284;1)[0m
[0;32mI (29506) espnow_recv: (125399;123389;143389;1)[0m
[0;32mI (29516) espnow_recv: (122371;123339;143339;1)[0m
[0;32mI (29526) espnow_recv: (119117;123128;143128;1)[0m
[0;32mI (29546) espnow_recv: (124988;123136;143136;1)[0m
[0;32mI (29556) espnow_recv: (124991;123228;143228;1)[0m
[0;32mI (29566) espnow_recv: (121801;123157;143157;1)[0m
[0;32mI (29576) espnow_recv: (118848;122942;142942;1)[0m
[0;32mI (29586) espnow_recv: (122498;122920;142920;1)[0m
[0;32mI (29596) espnow_recv: (125589;123053;143053;1)[0m
[0;32mI (29606) espnow_recv: (124432;123121;143121;1)[0m
[0;32mI (29616) espnow_recv: (121346;123033;143033;1)[0m
[0;32mI (29626) espnow_recv: (120140;122889;142889;1)[0m
[0;32mI (29636) espnow_recv: (124989;122994;142994;1)[0m
[0;32mI (29646) espnow_recv: (125774;123133;143133;1)[0m
[0;32mI (29656) espnow_recv: (122682;123111;143111;1)[0m
[0;32mI (29666) espnow_recv: (121035;123008;143008;1)[0m
[0;32mI (29676) espnow_recv: (120964;122906;142906;1)[0m
[0;32mI (29686) espnow_recv: (124625;122991;142991;1)[0m
[0;32mI (29696) espnow_recv: (124030;123042;143042;1)[0m
[0;32mI (29706) espnow_recv: (122333;123007;143007;1)[0m
[0;32mI (29716) espnow_recv: (121142;122914;142914;1)[0m
[0;32mI (29726) espnow_recv: (121838;122861;142861;1)[0m
[0;32mI (29736) espnow_recv: (124575;122946;142946;1)[0m
[0;32mI (29756) espnow_recv: (121237;122850;142850;1)[0m
[0;32mI (29766) espnow_recv: (122705;122843;142843;1)[0m
[0;32mI (29776) espnow_recv: (122886;122845;142845;1)[0m
[0;32mI (29786) espnow_recv: (123907;122898;142898;1)[0m
[0;32mI (29796) espnow_recv: (122261;122867;142867;1)[0m
[0;32mI (29806) espnow_recv: (121765;122812;142812;1)[0m
[0;32mI (29816) espnow_recv: (123347;122838;142838;1)[0m
[0;32mI (29826) espnow_recv: (122634;122828;142828;1)[0m
[0;32mI (29836) espnow_recv: (122840;122828;142828;1)[0m
[0;32mI (29846) espnow_recv: (121394;122757;142757;1)[0m
[0;32mI (29866) espnow_recv: (123955;122809;142809;1)[0m
[0;32mI (29876) espnow_recv: (123327;122834;142834;1)[0m
[0;32mI (29886) espnow_recv: (121696;122778;142778;1)[0m
[0;32mI (29896) espnow_recv: (121071;122693;142693;1)[0m
[0;32mI (29916) espnow_recv: (124508;122842;142842;1)[0m
[0;32mI (29926) espnow_recv: (121575;122779;142779;1)[0m
[0;32mI (29936) espnow_recv: (120483;122665;142665;1)[0m
[0;32mI (29956) espnow_recv: (123197;122714;142714;1)[0m
[0;32mI (29966) espnow_recv: (123095;122733;142733;1)[0m
[0;32mI (29976) espnow_recv: (120276;122611;142611;1)[0m
[0;32mI (29986) espnow_recv: (120221;122492;142492;1)[0m
[0;32mI (29996) espnow_recv: (124352;122585;142585;1)[0m
[0;32mI (30006) espnow_recv: (125334;122722;142722;1)[0m
[0;32mI (30016) espnow_recv: (124184;122795;142795;1)[0m
[0;32mI (30026) espnow_recv: (120134;122662;142662;1)[0m
[0;32mI (30036) espnow_recv: (120203;122540;142540;1)[0m
[0;32mI (30046) espnow_recv: (124914;122658;142658;1)[0m
[0;32mI (30056) espnow_recv: (124287;122739;142739;1)[0m
[0;32mI (30066) espnow_recv: (121672;122686;142686;1)[0m
[0;32mI (30076) espnow_recv: (119090;122507;142507;1)[0m
[0;32mI (30086) espnow_recv: (121461;122455;142455;1)[0m
[0;32mI (30096) espnow_recv: (125350;122599;142599;1)[0m
[0;32mI (30106) espnow_recv: (125346;122736;142736;1)[0m
[0;32mI (30116) espnow_recv: (121862;122693;142693;1)[0m
[0;32mI (30126) espnow_recv: (119460;122532;142532;1)[0m
[0;32mI (30136) espnow_recv: (122257;122519;142519;1)[0m
[0;32mI (30146) espnow_recv: (125290;122657;142657;1)[0m
[0;32mI (30166) espnow_recv: (120946;122637;142637;1)[0m
[0;32mI (30176) espnow_recv: (120255;122518;142518;1)[0m
[0;32mI (30186) espnow_recv: (123844;122584;142584;1)[0m
[0;32mI (30196) espnow_recv: (123966;122653;142653;1)[0m
[0;32mI (30206) espnow_recv: (122411;122641;142641;1)[0m
[0;32mI (30216) espnow_recv: (120803;122550;142550;1)[0m
[0;32mI (30226) espnow_recv: (121087;122477;142477;1)[0m
[0;32mI (30246) espnow_recv: (123130;122606;142606;1)[0m
[0;32mI (30256) espnow_recv: (119088;122431;142431;1)[0m
[0;32mI (30266) espnow_recv: (120196;122320;142320;1)[0m
[0;32mI (30276) espnow_recv: (121368;122273;142273;1)[0m
[0;32mI (30296) espnow_recv: (120955;122223;142223;1)[0m
[0;32mI (30306) espnow_recv: (120636;122144;142144;1)[0m
[0;32mI (30316) espnow_recv: (122644;122169;142169;1)[0m
[0;32mI (30326) espnow_recv: (121998;122161;142161;1)[0m
[0;32mI (30336) espnow_recv: (120650;122086;142086;1)[0m
[0;32mI (30346) espnow_recv: (120151;121990;141990;1)[0m
[0;32mI (30366) espnow_recv: (122955;122043;142043;1)[0m
[0;32mI (30376) espnow_recv: (120324;121958;141958;1)[0m
[0;32mI (30386) espnow_recv: (120616;121891;141891;1)[0m
[0;32mI (30396) espnow_recv: (124032;121998;141998;1)[0m
[0;32mI (30406) espnow_recv: (123346;122065;142065;1)[0m
[0;32mI (30416) espnow_recv: (122325;122078;142078;1)[0m
[0;32mI (30426) espnow_recv: (120164;121983;141983;1)[0m
[0;32mI (30436) espnow_recv: (119706;121870;141870;1)[0m
[0;32mI (30446) espnow_recv: (124777;122015;142015;1)[0m
[0;32mI (30456) espnow_recv: (125744;122201;142201;1)[0m
[0;32mI (30466) espnow_recv: (122358;122208;142208;1)[0m
[0;32mI (30476) espnow_recv: (119587;122077;142077;1)[0m
[0;32mI (30486) espnow_recv: (120692;122008;142008;1)[0m
[0;32mI (30496) espnow_recv: (124858;122150;142150;1)[0m
[0;32mI (30506) espnow_recv: (124795;122282;142282;1)[0m
[0;32mI (30526) espnow_recv: (118328;121925;141925;1)[0m
[0;32mI (30536) espnow_recv: (121569;121908;141908;1)[0m
[0;32mI (30546) espnow_recv: (123980;122011;142011;1)[0m
[0;32mI (30556) espnow_recv: (122473;122034;142034;1)[0m
[0;32mI (30566) espnow_recv: (121162;121991;141991;1)[0m
[0;32mI (30576) espnow_recv: (120943;121939;141939;1)[0m
[0;32mI (30586) espnow_recv: (124408;122062;142062;1)[0m
[0;32mI (30596) espnow_recv: (123213;122119;142119;1)[0m
[0;32mI (30606) espnow_recv: (122001;122114;142114;1)[0m
[0;32mI (30616) espnow_recv: (121782;122098;142098;1)[0m
[0;32mI (30626) espnow_recv: (122350;122110;142110;1)[0m
[0;32mI (30636) espnow_recv: (123946;122201;142201;1)[0m
[0;32mI (30646) espnow_recv: (121967;122190;142190;1)[0m
[0;32mI (30656) espnow_recv: (120643;122113;142113;1)[0m
[0;32mI (30676) espnow_recv: (122704;122183;142183;1)[0m
[0;32mI (30686) espnow_recv: (122286;122188;142188;1)[0m
[0;32mI (30696) espnow_recv: (121075;122133;142133;1)[0m
[0;32mI (30706) espnow_recv: (122324;122142;142142;1)[0m
[0;32mI (30716) espnow_recv: (124100;122239;142239;1)[0m
[0;32mI (30726) espnow_recv: (123623;122308;142308;1)[0m
[0;32mI (30736) espnow_recv: (121554;122271;142271;1)[0m
[0;32mI (30746) espnow_recv: (121023;122209;142209;1)[0m
[0;32mI (30756) espnow_recv: (123911;122294;142294;1)[0m
[0;32mI (30776) espnow_recv: (122745;122423;142423;1)[0m
[0;32mI (30786) espnow_recv: (120399;122322;142322;1)[0m
[0;32mI (30796) espnow_recv: (120212;122217;142217;1)[0m
[0;32mI (30806) espnow_recv: (124323;122322;142322;1)[0m
[0;32mI (30816) espnow_recv: (125067;122459;142459;1)[0m
[0;32mI (30826) espnow_recv: (121353;122404;142404;1)[0m
[0;32mI (30836) espnow_recv: (119560;122262;142262;1)[0m
[0;32mI (30846) espnow_recv: (123259;122311;142311;1)[0m
[0;32mI (30876) espnow_recv: (120574;122479;142479;1)[0m
[0;32mI (30886) espnow_recv: (119234;122317;142317;1)[0m
[0;32mI (30896) espnow_recv: (124188;122410;142410;1)[0m
[0;32mI (30906) espnow_recv: (125571;122568;142568;1)[0m
[0;32mI (30916) espnow_recv: (124593;122669;142669;1)[0m
[0;32mI (30926) espnow_recv: (119400;122506;142506;1)[0m
[0;32mI (30936) espnow_recv: (119668;122365;142365;1)[0m
[0;32mI (30946) espnow_recv: (124436;122468;142468;1)[0m
[0;32mI (30956) espnow_recv: (125733;122631;142631;1)[0m
[0;32mI (30966) espnow_recv: (122068;122603;142603;1)[0m
[0;32mI (30976) espnow_recv: (120393;122493;142493;1)[0m
[0;32mI (30986) espnow_recv: (121120;122425;142425;1)[0m
[0;32mI (30996) espnow_recv: (124940;122550;142550;1)[0m
[0;32mI (31006) espnow_recv: (124975;122671;142671;1)[0m
[0;32mI (31016) espnow_recv: (121769;122626;142626;1)[0m
[0;32mI (31026) espnow_recv: (119463;122468;142468;1)[0m
[0;32mI (31036) espnow_recv: (121437;122417;142417;1)[0m
[0;32mI (31046) espnow_recv: (124984;122545;142545;1)[0m
[0;32mI (31056) espnow_recv: (123628;122599;142599;1)[0m
[0;32mI (31066) espnow_recv: (120985;122519;142519;1)[0m
[0;32mI (31076) espnow_recv: (120417;122414;142414;1)[0m
[0;32mI (31086) espnow_recv: (124092;122497;142497;1)[0m
[0;32mI (31096) espnow_recv: (123686;122556;142556;1)[0m
[0;32mI (31106) espnow_recv: (122374;122547;142547;1)[0m
[0;32mI (31116) espnow_recv: (121448;122493;142493;1)[0m
[0;32mI (31126) espnow_recv: (121638;122451;142451;1)[0m
[0;32mI (31136) espnow_recv: (123970;122526;142526;1)[0m
[0;32mI (31146) espnow_recv: (121660;122483;142483;1)[0m
[0;32mI (31156) espnow_recv: (120286;122374;142374;1)[0m
[0;32mI (31166) espnow_recv: (122231;122367;142367;1)[0m
[0;32mI (31176) espnow_recv: (122545;122375;142375;1)[0m
[0;32mI (31186) espnow_recv: (122149;122364;142364;1)[0m
[0;32mI (31196) espnow_recv: (121089;122301;142301;1)[0m
[0;32mI (31206) espnow_recv: (122557;122313;142313;1)[0m
[0;32mI (31216) espnow_recv: (124302;122412;142412;1)[0m
[0;32mI (31226) espnow_recv: (123243;122453;142453;1)[0m
[0;32mI (31236) espnow_recv: (121340;122398;142398;1)[0m
[0;32mI (31246) espnow_recv: (120595;122308;142308;1)[0m
[0;32mI (31256) espnow_recv: (124094;122397;142397;1)[0m
[0;32mI (31266) espnow_recv: (125367;122545;142545;1)[0m
[0;32mI (31286) espnow_recv: (119658;122407;142407;1)[0m
[0;32mI (31296) espnow_recv: (119521;122263;142263;1)[0m
[0;32mI (31306) espnow_recv: (124878;122393;142393;1)[0m
[0;32mI (31316) espnow_recv: (125796;122563;142563;1)[0m
[0;32mI (31336) espnow_recv: (120381;122437;142437;1)[0m
[0;32mI (31346) espnow_recv: (120347;122333;142333;1)[0m
[0;32mI (31356) espnow_recv: (124853;122459;142459;1)[0m
[0;32mI (31366) espnow_recv: (123548;122513;142513;1)[0m
[0;32mI (31376) espnow_recv: (119917;122384;142384;1)[0m
[0;32mI (31386) espnow_recv: (119380;122234;142234;1)[0m
[0;32mI (31396) espnow_recv: (123332;122288;142288;1)[0m
[0;32mI (31406) espnow_recv: (124178;122382;142382;1)[0m
[0;32mI (31416) espnow_recv: (122392;122382;142382;1)[0m
[0;32mI (31426) espnow_recv: (119181;122222;142222;1)[0m
[0;32mI (31436) espnow_recv: (120952;122159;142159;1)[0m
[0;32mI (31446) espnow_recv: (124334;122267;142267;1)[0m
[0;32mI (31456) espnow_recv: (125135;122410;142410;1)[0m
[0;32mI (31466) espnow_recv: (122849;122431;142431;1)[0m
[0;32mI (31476) espnow_recv: (119697;122295;142295;1)[0m
[0;32mI (31486) espnow_recv: (121798;122271;142271;1)[0m
[0;32mI (31496) espnow_recv: (125379;122426;142426;1)[0m
[0;32mI (31516) espnow_recv: (121378;122460;142460;1)[0m
[0;32mI (31526) espnow_recv: (120103;122343;142343;1)[0m
[0;32mI (31536) espnow_recv: (122740;122362;142362;1)[0m
[0;32mI (31546) espnow_recv: (123874;122437;142437;1)[0m
[0;32mI (31556) espnow_recv: (122728;122451;142451;1)[0m
[0;32mI (31566) espnow_recv: (121001;122379;142379;1)[0m
[0;32mI (31576) espnow_recv: (120833;122302;142302;1)[0m
[0;32mI (31596) espnow_recv: (122966;122394;142394;1)[0m
[0;32mI (31606) espnow_recv: (122445;122396;142396;1)[0m
[0;32mI (31616) espnow_recv: (122743;122413;142413;1)[0m
[0;32mI (31626) espnow_recv: (122732;122428;142428;1)[0m
[0;32mI (31636) espnow_recv: (124051;122509;142509;1)[0m
[0;32mI (31646) espnow_recv: (122206;122494;142494;1)[0m
[0;32mI (31656) espnow_recv: (121589;122449;142449;1)[0m
[0;32mI (31666) espnow_recv: (123032;122478;142478;1)[0m
[0;32mI (31676) espnow_recv: (123351;122521;142521;1)[0m
[0;32mI (31696) espnow_recv: (121924;122516;142516;1)[0m
[0;32mI (31706) espnow_recv: (122456;122513;142513;1)[0m
[0;32mI (31716) espnow_recv: (124941;122634;142634;1)[0m
[0;32mI (31726) espnow_recv: (124403;122722;142722;1)[0m
[0;32mI (31736) espnow_recv: (122439;122708;142708;1)[0m
[0;32mI (31746) espnow_recv: (121387;122642;142642;1)[0m
[0;32mI (31756) espnow_recv: (123005;122660;142660;1)[0m
[0;32mI (31766) espnow_recv: (124604;122757;142757;1)[0m
[0;32mI (31776) espnow_recv: (123301;122784;142784;1)[0m
[0;32mI (31786) espnow_recv: (120426;122667;142667;1)[0m
[0;32mI (31796) espnow_recv: (120266;122547;142547;1)[0m
[0;32mI (31806) espnow_recv: (123731;122606;142606;1)[0m
[0;32mI (31816) espnow_recv: (125282;122739;142739;1)[0m
[0;32mI (31826) espnow_recv: (122605;122733;142733;1)[0m
[0;32mI (31836) espnow_recv: (120360;122615;142615;1)[0m
[0;32mI (31846) espnow_recv: (120573;122513;142513;1)[0m
[0;32mI (31856) espnow_recv: (125094;122642;142642;1)[0m
[0;32mI (31866) espnow_recv: (126166;122818;142818;1)[0m
[0;32mI (31876) espnow_recv: (122290;122792;142792;1)[0m
[0;32mI (31906) espnow_recv: (122899;122544;142544;1)[0m
[0;32mI (31916) espnow_recv: (121775;122506;142506;1)[0m
[0;32mI (31926) espnow_recv: (120227;122393;142393;1)[0m
[0;32mI (31936) espnow_recv: (119537;122251;142251;1)[0m
[0;32mI (31946) espnow_recv: (124704;122373;142373;1)[0m
[0;32mI (31956) espnow_recv: (125609;122534;142534;1)[0m
[0;32mI (31976) espnow_recv: (120720;122547;142547;1)[0m
[0;32mI (31986) espnow_recv: (121402;122490;142490;1)[0m
[0;32mI (32006) espnow_recv: (122688;122593;142593;1)[0m
[0;32mI (32016) espnow_recv: (120744;122501;142501;1)[0m
[0;32mI (32026) espnow_recv: (119033;122328;142328;1)[0m
[0;32mI (32036) espnow_recv: (120957;122260;142260;1)[0m
[0;32mI (32046) espnow_recv: (123410;122317;142317;1)[0m
[0;32mI (32056) espnow_recv: (120264;122215;142215;1)[0m
[0;32mI (32066) espnow_recv: (119612;122085;142085;1)[0m
[0;32mI (32076) espnow_recv: (120979;122030;142030;1)[0m
[0;32mI (32086) espnow_recv: (122421;122049;142049;1)[0m
[0;32mI (32096) espnow_recv: (120725;121983;141983;1)[0m
[0;32mI (32106) espnow_recv: (118648;121817;141817;1)[0m
[0;32mI (32116) espnow_recv: (120496;121751;141751;1)[0m
[0;32mI (32126) espnow_recv: (121341;121731;141731;1)[0m
[0;32mI (32136) espnow_recv: (120221;121656;141656;1)[0m
[0;32mI (32146) espnow_recv: (119942;121571;141571;1)[0m
[0;32mI (32156) espnow_recv: (120754;121531;141531;1)[0m
[0;32mI (32166) espnow_recv: (122185;121563;141563;1)[0m
[0;32mI (32176) espnow_recv: (121308;121551;141551;1)[0m
[0;32mI (32186) espnow_recv: (119573;121453;141453;1)[0m
[0;32mI (32196) espnow_recv: (119784;121370;141370;1)[0m
[0;32mI (32206) espnow_recv: (124523;121527;141527;1)[0m
[0;32mI (32216) espnow_recv: (125867;121744;141744;1)[0m
[0;32mI (32226) espnow_recv: (121882;121750;141750;1)[0m
[0;32mI (32236) espnow_recv: (120133;121670;141670;1)[0m
[0;32mI (32246) espnow_recv: (121410;121657;141657;1)[0m
[0;32mI (32256) espnow_recv: (125359;121842;141842;1)[0m
[0;32mI (32266) espnow_recv: (126458;122072;142072;1)[0m
[0;32mI (32276) espnow_recv: (121324;122035;142035;1)[0m
[0;32mI (32296) espnow_recv: (124189;122021;142021;1)[0m
[0;32mI (32306) espnow_recv: (125564;122198;142198;1)[0m
[0;32mI (32316) espnow_recv: (125595;122367;142367;1)[0m
[0;32mI (32326) espnow_recv: (121060;122302;142302;1)[0m
[0;32mI (32336) espnow_recv: (119899;122182;142182;1)[0m
[0;32mI (32346) espnow_recv: (125026;122324;142324;1)[0m
[0;32mI (32356) espnow_recv: (125870;122501;142501;1)[0m
[0;32mI (32366) espnow_recv: (125411;122646;142646;1)[0m
[0;32mI (32376) espnow_recv: (121364;122582;142582;1)[0m
[0;32mI (32386) espnow_recv: (120753;122491;142491;1)[0m
[0;32mI (32396) espnow_recv: (125100;122621;142621;1)[0m
[0;32mI (32406) espnow_recv: (125732;122776;142776;1)[0m
[0;32mI (32416) espnow_recv: (124428;122858;142858;1)[0m
[0;32mI (32426) espnow_recv: (119397;122685;142685;1)[0m
[0;32mI (32436) espnow_recv: (120850;122594;142594;1)[0m
[0;32mI (32446) espnow_recv: (125034;122716;142716;1)[0m
[0;32mI (32456) espnow_recv: (124899;122825;142825;1)[0m
[0;32mI (32466) espnow_recv: (122916;122829;142829;1)[0m
[0;32mI (32476) espnow_recv: (119947;122685;142685;1)[0m
[0;32mI (32486) espnow_recv: (121962;122649;142649;1)[0m
[0;32mI (32496) espnow_recv: (125162;122774;142774;1)[0m
[0;32mI (32516) espnow_recv: (121988;122805;142805;1)[0m
[0;32mI (32526) espnow_recv: (120312;122681;142681;1)[0m
[0;32mI (32536) espnow_recv: (121756;122635;142635;1)[0m
[0;32mI (32546) espnow_recv: (124455;122726;142726;1)[0m
[0;32mI (32556) espnow_recv: (123030;122741;142741;1)[0m
[0;32mI (32566) espnow_recv: (121888;122699;142699;1)[0m
[0;32mI (32576) espnow_recv: (121370;122633;142633;1)[0m
[0;32mI (32586) espnow_recv: (123867;122694;142694;1)[0m
[0;32mI (32596) espnow_recv: (122834;122701;142701;1)[0m
[0;32mI (32606) espnow_recv: (121934;122663;142663;1)[0m
[0;32mI (32616) espnow_recv: (122397;122650;142650;1)[0m
[0;32mI (32626) espnow_recv: (122590;122647;142647;1)[0m
[0;32mI (32636) espnow_recv: (123618;122695;142695;1)[0m
[0;32mI (32646) espnow_recv: (121795;122650;142650;1)[0m
[0;32mI (32656) espnow_recv: (121533;122595;142595;1)[0m
[0;32mI (32666) espnow_recv: (124021;122666;142666;1)[0m
[0;32mI (32676) espnow_recv: (123458;122705;142705;1)[0m
[0;32mI (32686) espnow_recv: (122633;122702;142702;1)[0m
[0;32mI (32696) espnow_recv: (121512;122643;142643;1)[0m
[0;32mI (32706) espnow_recv: (121890;122606;142606;1)[0m
[0;32mI (32716) espnow_recv: (124544;122702;142702;1)[0m
[0;32mI (32726) espnow_recv: (123483;122741;142741;1)[0m
[0;32mI (32736) espnow_recv: (121547;122682;142682;1)[0m
[0;32mI (32746) espnow_recv: (120817;122589;142589;1)[0m
[0;32mI (32756) espnow_recv: (124147;122666;142666;1)[0m
[0;32mI (32766) espnow_recv: (125641;122814;142814;1)[0m
[0;32mI (32776) espnow_recv: (124212;122883;142883;1)[0m
[0;32mI (32786) espnow_recv: (120512;122765;142765;1)[0m
[0;32mI (32796) espnow_recv: (120449;122650;142650;1)[0m
[0;32mI (32806) espnow_recv: (124425;122738;142738;1)[0m
[0;32mI (32816) espnow_recv: (126157;122908;142908;1)[0m
[0;32mI (32826) espnow_recv: (122091;122868;142868;1)[0m
[0;32mI (32836) espnow_recv: (119397;122695;142695;1)[0m
[0;32mI (32846) espnow_recv: (120085;122565;142565;1)[0m
[0;32mI (32856) espnow_recv: (124942;122683;142683;1)[0m
[0;32mI (32866) espnow_recv: (126451;122871;142871;1)[0m
[0;32mI (32876) espnow_recv: (121895;122823;142823;1)[0m
[0;32mI (32886) espnow_recv: (120032;122684;142684;1)[0m
[0;32mI (32896) espnow_recv: (120889;122595;142595;1)[0m
[0;32mI (32936) espnow_recv: (119500;122664;142664;1)[0m
[0;32mI (32946) espnow_recv: (122244;122643;142643;1)[0m
[0;32mI (32956) espnow_recv: (125854;122803;142803;1)[0m
[0;32mI (32966) espnow_recv: (126845;123005;143005;1)[0m
[0;32mI (32976) espnow_recv: (121831;122947;142947;1)[0m
[0;32mI (32986) espnow_recv: (120302;122815;142815;1)[0m
[0;32mI (32996) espnow_recv: (125028;122925;142925;1)[0m
[0;32mI (33006) espnow_recv: (126117;123084;143084;1)[0m
[0;32mI (33026) espnow_recv: (122248;123201;143201;1)[0m
[0;32mI (33036) espnow_recv: (120652;123074;143074;1)[0m
[0;32mI (33046) espnow_recv: (124969;123168;143168;1)[0m
[0;32mI (33066) espnow_recv: (125998;123441;143441;1)[0m
[0;32mI (33076) espnow_recv: (123079;123423;143423;1)[0m
[0;32mI (33086) espnow_recv: (121975;123351;143351;1)[0m
[0;32mI (33106) espnow_recv: (126753;123645;143645;1)[0m
[0;32mI (33116) espnow_recv: (127206;123823;143823;1)[0m
[0;32mI (33126) espnow_recv: (122118;123738;143738;1)[0m
[0;32mI (33136) espnow_recv: (120997;123601;143601;1)[0m
[0;32mI (33146) espnow_recv: (125687;123705;143705;1)[0m
[0;32mI (33156) espnow_recv: (125871;123813;143813;1)[0m
[0;32mI (33166) espnow_recv: (134121;124328;144328;1)[0m
[0;32mI (33176) espnow_recv: (164295;126326;146326;1)[0m
[0;32mI (33186) espnow_recv: (164295;126326;146326;1)[0m
[0;32mI (33196) espnow_recv: (203517;126326;146326;1)[0m
[0;32mI (33206) espnow_recv: (201386;126326;146326;1)[0m
[0;32mI (33216) espnow_recv: (219959;126326;146326;1)[0m
[0;32mI (33226) espnow_recv: (219959;126326;146326;1)[0m
[0;32mI (33226) espnow_recv: (207329;126326;146326;1)[0m
[0;32mI (33236) espnow_recv: (191878;126326;146326;1)[0m
[0;32mI (33246) espnow_recv: (170766;126326;146326;1)[0m
[0;32mI (33256) espnow_recv: (160588;128039;148039;1)[0m
[0;32mI (33266) espnow_recv: (154621;154893;174893;1)[0m
[0;32mI (33276) espnow_recv: (154636;154638;174638;1)[0m
[0;32mI (33276) espnow_recv: (154636;154637;174637;1)[0m
[0;32mI (33296) espnow_recv: (157299;157032;177032;1)[0m
[0;32mI (33306) espnow_recv: (157204;157211;177211;1)[0m
[0;32mI (33316) espnow_recv: (154470;154744;174744;1)[0m
[0;32mI (33326) espnow_recv: (153017;153166;173166;1)[0m
[0;32mI (33336) espnow_recv: (154537;154386;174386;1)[0m
[0;32mI (33346) espnow_recv: (152969;153125;173125;1)[0m
[0;32mI (33356) espnow_recv: (152742;152767;172767;1)[0m
[0;32mI (33366) espnow_recv: (156471;156098;176098;1)[0m
[0;32mI (33376) espnow_recv: (152078;152514;172514;1)[0m
[0;32mI (33386) espnow_recv: (158283;157666;177666;1)[0m
[0;32mI (33396) espnow_recv: (157015;157136;177136;1)[0m
[0;32mI (33406) espnow_recv: (158801;158623;178623;1)[0m
[0;32mI (33416) espnow_recv: (156486;156716;176716;1)[0m
[0;32mI (33426) espnow_recv: (156550;156545;176545;1)[0m
[0;32mI (33436) espnow_recv: (157072;157019;177019;1)[0m
[0;32mI (33446) espnow_recv: (155810;155936;175936;1)[0m
[0;32mI (33456) espnow_recv: (154266;154422;174422;1)[0m
[0;32mI (33466) espnow_recv: (155821;155667;175667;1)[0m
[0;32mI (33476) espnow_recv: (153045;153321;173321;1)[0m
[0;32mI (33486) espnow_recv: (156613;156259;176259;1)[0m
[0;32mI (33496) espnow_recv: (153020;153376;173376;1)[0m
[0;32mI (33506) espnow_recv: (159038;158439;178439;1)[0m
[0;32mI (33516) espnow_recv: (155762;156084;176084;1)[0m
[0;32mI (33526) espnow_recv: (157384;157225;177225;1)[0m
[0;32mI (33536) espnow_recv: (158738;158601;178601;1)[0m
[0;32mI (33546) espnow_recv: (157993;158067;178067;1)[0m
[0;32mI (33556) espnow_recv: (159012;158910;178910;1)[0m
[0;32mI (33566) espnow_recv: (156403;156663;176663;1)[0m
[0;32mI (33576) espnow_recv: (154590;154774;174774;1)[0m
[0;32mI (33596) espnow_recv: (153626;153870;173870;1)[0m
[0;32mI (33606) espnow_recv: (153032;153094;173094;1)[0m
[0;32mI (33626) espnow_recv: (154869;153339;167339;1)[0m
[0;32mI (33646) espnow_recv: (157242;153731;167731;1)[0m
[0;32mI (33666) espnow_recv: (157398;154168;168168;1)[0m
[0;32mI (33676) espnow_recv: (157798;154349;168349;1)[0m
[0;32mI (33686) espnow_recv: (156519;154457;168457;1)[0m
[0;32mI (33696) espnow_recv: (155783;154523;168523;1)[0m
[0;32mI (33706) espnow_recv: (154136;154504;168504;1)[0m
[0;32mI (33716) espnow_recv: (156311;154594;168594;1)[0m
[0;32mI (33726) espnow_recv: (152829;154506;168506;1)[0m
[0;32mI (33756) espnow_recv: (158660;154720;168720;1)[0m
[0;32mI (33766) espnow_recv: (157424;154855;168855;1)[0m
[0;32mI (33776) espnow_recv: (158729;155048;169048;1)[0m
[0;32mI (33786) espnow_recv: (158832;155237;169237;1)[0m
[0;32mI (33796) espnow_recv: (158377;155394;169394;1)[0m
[0;32mI (33806) espnow_recv: (157643;155506;169506;1)[0m
[0;32mI (33816) espnow_recv: (156235;155542;169542;1)[0m
[0;32mI (33826) espnow_recv: (154207;155476;169476;1)[0m
[0;32mI (33846) espnow_recv: (153473;155412;169412;1)[0m
[0;32mI (33856) espnow_recv: (156715;155477;169477;1)[0m
[0;32mI (33866) espnow_recv: (158845;155645;169645;1)[0m
[0;32mI (33876) espnow_recv: (156919;155708;169708;1)[0m
[0;32mI (33886) espnow_recv: (157998;155822;169822;1)[0m
[0;32mI (33896) espnow_recv: (157628;155912;169912;1)[0m
[0;32mI (33916) espnow_recv: (158210;156163;170163;1)[0m
[0;32mI (33926) espnow_recv: (157976;156253;170253;1)[0m
[0;32mI (33936) espnow_recv: (156468;156263;170263;1)[0m
[0;32mI (33946) espnow_recv: (154207;156161;170161;1)[0m
[0;32mI (33956) espnow_recv: (153580;156032;170032;1)[0m
[0;32mI (33966) espnow_recv: (156568;156058;170058;1)[0m
[0;32mI (33976) espnow_recv: (152383;155875;169875;1)[0m
[0;32mI (33986) espnow_recv: (157967;155979;169979;1)[0m
[0;32mI (33996) espnow_recv: (155185;155940;169940;1)[0m
[0;32mI (34006) espnow_recv: (157337;156009;170009;1)[0m
[0;32mI (34016) espnow_recv: (156396;156028;170028;1)[0m
[0;32mI (34026) espnow_recv: (157771;156115;170115;1)[0m
[0;32mI (34036) espnow_recv: (158484;156233;170233;1)[0m
[0;32mI (34046) espnow_recv: (158044;156323;170323;1)[0m
[0;32mI (34056) espnow_recv: (155560;156285;170285;1)[0m
[0;32mI (34066) espnow_recv: (155903;156266;170266;1)[0m
[0;32mI (34076) espnow_recv: (153879;156147;170147;1)[0m
[0;32mI (34086) espnow_recv: (156655;156172;170172;1)[0m
[0;32mI (34096) espnow_recv: (153472;156037;170037;1)[0m
[0;32mI (34106) espnow_recv: (157455;156107;170107;1)[0m
[0;32mI (34116) espnow_recv: (156775;156140;170140;1)[0m
[0;32mI (34126) espnow_recv: (157978;156231;170231;1)[0m
[0;32mI (34136) espnow_recv: (158878;156363;170363;1)[0m
[0;32mI (34146) espnow_recv: (158105;156450;170450;1)[0m
[0;32mI (34156) espnow_recv: (159564;156605;170605;1)[0m
[0;32mI (34166) espnow_recv: (158124;156680;170680;1)[0m
[0;32mI (34176) espnow_recv: (156076;156650;170650;1)[0m
[0;32mI (34186) espnow_recv: (156033;156620;170620;1)[0m
[0;32mI (34196) espnow_recv: (153999;156489;170489;1)[0m
[0;32mI (34206) espnow_recv: (153383;156334;170334;1)[0m
[0;32mI (34216) espnow_recv: (157352;156384;170384;1)[0m
[0;32mI (34226) espnow_recv: (152307;156181;170181;1)[0m
[0;32mI (34236) espnow_recv: (158670;156305;170305;1)[0m
[0;32mI (34256) espnow_recv: (160106;156601;170601;1)[0m
[0;32mI (34266) espnow_recv: (158720;156706;170706;1)[0m
[0;32mI (34276) espnow_recv: (159404;156840;170840;1)[0m
[0;32mI (34286) espnow_recv: (158191;156907;170907;1)[0m
[0;32mI (34296) espnow_recv: (156399;156882;170882;1)[0m
[0;32mI (34306) espnow_recv: (154240;156750;170750;1)[0m
[0;32mI (34316) espnow_recv: (156620;156744;170744;1)[0m
[0;32mI (34326) espnow_recv: (153221;156568;170568;1)[0m
[0;32mI (34336) espnow_recv: (157308;156605;170605;1)[0m
[0;32mI (34346) espnow_recv: (152164;156383;170383;1)[0m
[0;32mI (34356) espnow_recv: (160343;156581;170581;1)[0m
[0;32mI (34366) espnow_recv: (173341;157419;171419;1)[0m
[0;32mI (34376) espnow_recv: (182744;157419;171419;1)[0m
[0;32mI (34386) espnow_recv: (187215;157419;171419;1)[0m
[0;32mI (34396) espnow_recv: (186732;157419;171419;1)[0m
[0;32mI (34406) espnow_recv: (190270;157419;171419;1)[0m
[0;32mI (34416) espnow_recv: (189266;157419;171419;1)[0m
[0;32mI (34416) espnow_recv: (189266;157419;171419;1)[0m
[0;32mI (34436) espnow_recv: (187519;157419;171419;1)[0m
[0;32mI (34446) espnow_recv: (192430;157419;171419;1)[0m
[0;32mI (34456) espnow_recv: (189209;157419;171419;1)[0m
[0;32mI (34466) espnow_recv: (171697;157419;171419;1)[0m
[0;32mI (34476) espnow_recv: (165068;157419;171419;1)[0m
[0;32mI (34486) espnow_recv: (162726;157684;171684;1)[0m
[0;32mI (34496) espnow_recv: (160134;157806;171806;1)[0m
[0;32mI (34496) espnow_recv: (160134;157922;171922;1)[0m
[0;32mI (34496) espnow_recv: (160983;160176;260176;1)[0m
[0;32mI (34516) espnow_recv: (162323;160283;260283;1)[0m
[0;32mI (34526) espnow_recv: (150129;159776;259776;1)[0m
[0;32mI (34536) espnow_recv: (140392;158807;258807;1)[0m
[0;32mI (34546) espnow_recv: (139143;157824;257824;1)[0m
[0;32mI (34556) espnow_recv: (135007;156684;176684;1)[0m
[0;32mI (34566) espnow_recv: (124658;125910;145910;1)[0m
[0;32mI (34576) espnow_recv: (124910;124897;144897;1)[0m
[0;32mI (34586) espnow_recv: (128411;128060;148060;1)[0m
[0;32mI (34596) espnow_recv: (125851;126104;146104;1)[0m
[0;32mI (34606) espnow_recv: (124200;124368;144368;1)[0m
[0;32mI (34616) espnow_recv: (122835;122974;142974;1)[0m
[0;32mI (34626) espnow_recv: (123100;123074;143074;1)[0m
[0;32mI (34636) espnow_recv: (125055;124859;144859;1)[0m
[0;32mI (34646) espnow_recv: (125303;125276;145276;1)[0m
[0;32mI (34666) espnow_recv: (122781;122902;142902;1)[0m
[0;32mI (34676) espnow_recv: (122843;122838;142838;1)[0m
[0;32mI (34686) espnow_recv: (124737;124547;144547;1)[0m
[0;32mI (34696) espnow_recv: (124753;124749;144749;1)[0m
[0;32mI (34706) espnow_recv: (123740;123842;143842;1)[0m
[0;32mI (34716) espnow_recv: (123138;123200;143200;1)[0m
[0;32mI (34726) espnow_recv: (123563;123521;143521;1)[0m
[0;32mI (34736) espnow_recv: (125145;124986;144986;1)[0m
[0;32mI (34746) espnow_recv: (124327;124408;144408;1)[0m
[0;32mI (34756) espnow_recv: (123545;123625;143625;1)[0m
[0;32mI (34766) espnow_recv: (123185;123222;143222;1)[0m
[0;32mI (34776) espnow_recv: (123235;123230;143230;1)[0m
[0;32mI (34786) espnow_recv: (124321;124212;144212;1)[0m
[0;32mI (34796) espnow_recv: (123780;123833;143833;1)[0m
[0;32mI (34806) espnow_recv: (123401;123440;143440;1)[0m
[0;32mI (34816) espnow_recv: (123017;123056;143056;1)[0m
[0;32mI (34826) espnow_recv: (123703;123634;143634;1)[0m
[0;32mI (34836) espnow_recv: (124748;124642;144642;1)[0m
[0;32mI (34856) espnow_recv: (123121;123183;143183;1)[0m
[0;32mI (34866) espnow_recv: (123580;123143;143143;1)[0m
[0;32mI (34876) espnow_recv: (123784;123175;143175;1)[0m
[0;32mI (34886) espnow_recv: (124566;123244;143244;1)[0m
[0;32mI (34896) espnow_recv: (123257;123244;143244;1)[0m
[0;32mI (34906) espnow_recv: (123140;123239;143239;1)[0m
[0;32mI (34916) espnow_recv: (124056;123279;143279;1)[0m
[0;32mI (34926) espnow_recv: (124055;123317;143317;1)[0m
[0;32mI (34936) espnow_recv: (124553;123378;143378;1)[0m
[0;32mI (34946) espnow_recv: (122814;123350;143350;1)[0m
[0;32mI (34956) espnow_recv: (122816;123324;143324;1)[0m
[0;32mI (34966) espnow_recv: (124574;123386;143386;1)[0m
[0;32mI (34976) espnow_recv: (124150;123424;143424;1)[0m
[0;32mI (34986) espnow_recv: (124607;123483;143483;1)[0m
[0;32mI (34996) espnow_recv: (122854;123452;143452;1)[0m
[0;32mI (35006) espnow_recv: (122578;123409;143409;1)[0m
[0;32mI (35016) espnow_recv: (124849;123481;143481;1)[0m
[0;32mI (35026) espnow_recv: (124579;123535;143535;1)[0m
[0;32mI (35036) espnow_recv: (125522;123634;143634;1)[0m
[0;32mI (35046) espnow_recv: (123951;123649;143649;1)[0m
[0;32mI (35056) espnow_recv: (123595;123647;143647;1)[0m
[0;32mI (35076) espnow_recv: (124329;123730;143730;1)[0m
[0;32mI (35086) espnow_recv: (126240;123855;143855;1)[0m
[0;32mI (35096) espnow_recv: (124158;123870;143870;1)[0m
[0;32mI (35116) espnow_recv: (124722;123920;143920;1)[0m
[0;32mI (35126) espnow_recv: (125496;123998;143998;1)[0m
[0;32mI (35136) espnow_recv: (127041;124150;144150;1)[0m
[0;32mI (35146) espnow_recv: (126028;124243;144243;1)[0m
[0;32mI (35156) espnow_recv: (143999;125230;145230;1)[0m
[0;32mI (35166) espnow_recv: (167493;127343;147343;1)[0m
[0;32mI (35176) espnow_recv: (201083;127343;147343;1)[0m
[0;32mI (35186) espnow_recv: (198503;127343;147343;1)[0m
[0;32mI (35196) espnow_recv: (224016;127343;147343;1)[0m
[0;32mI (35206) espnow_recv: (224016;127343;147343;1)[0m
[0;32mI (35216) espnow_recv: (211578;127343;147343;1)[0m
[0;32mI (35216) espnow_recv: (228329;127343;147343;1)[0m
[0;32mI (35216) espnow_recv: (228329;127343;147343;1)[0m
[0;32mI (35236) espnow_recv: (205554;127343;147343;1)[0m
[0;32mI (35246) espnow_recv: (194332;127343;147343;1)[0m
[0;32mI (35266) espnow_recv: (189302;189264;209264;1)[0m
[0;32mI (35276) espnow_recv: (185765;185769;205769;1)[0m
[0;32mI (35296) espnow_recv: (188783;188481;208481;1)[0m
[0;32mI (35306) espnow_recv: (188783;188779;208779;1)[0m
[0;32mI (35316) espnow_recv: (187238;187393;207393;1)[0m
[0;32mI (35326) espnow_recv: (192494;191970;211970;1)[0m
[0;32mI (35336) espnow_recv: (188961;189309;209309;1)[0m
[0;32mI (35346) espnow_recv: (189001;189000;209000;1)[0m
[0;32mI (35356) espnow_recv: (191600;191340;211340;1)[0m
[0;32mI (35366) espnow_recv: (189233;189468;209468;1)[0m
[0;32mI (35376) espnow_recv: (190862;190701;210701;1)[0m
[0;32mI (35386) espnow_recv: (191332;191283;211283;1)[0m
[0;32mI (35396) espnow_recv: (188893;189137;209137;1)[0m
[0;32mI (35406) espnow_recv: (191721;191440;211440;1)[0m
[0;32mI (35416) espnow_recv: (190255;190399;210399;1)[0m
[0;32mI (35426) espnow_recv: (188461;188642;208642;1)[0m
[0;32mI (35436) espnow_recv: (188461;188463;208463;1)[0m
[0;32mI (35446) espnow_recv: (192859;192419;212419;1)[0m
[0;32mI (35456) espnow_recv: (188794;189197;209197;1)[0m
[0;32mI (35466) espnow_recv: (187867;187964;207964;1)[0m
[0;32mI (35486) espnow_recv: (189322;189631;209631;1)[0m
[0;32mI (35496) espnow_recv: (186991;187228;207228;1)[0m
[0;32mI (35506) espnow_recv: (193607;192947;212947;1)[0m
[0;32mI (35516) espnow_recv: (190011;190364;210364;1)[0m
[0;32mI (35526) espnow_recv: (188106;188301;208301;1)[0m
[0;32mI (35536) espnow_recv: (192912;192433;212433;1)[0m
[0;32mI (35546) espnow_recv: (189347;189699;209699;1)[0m
[0;32mI (35556) espnow_recv: (189127;189153;209153;1)[0m
[0;32mI (35566) espnow_recv: (189127;189128;209128;1)[0m
[0;32mI (35576) espnow_recv: (191428;191198;211198;1)[0m
[0;32mI (35586) espnow_recv: (189045;189281;209281;1)[0m
[0;32mI (35596) espnow_recv: (190647;190489;210489;1)[0m
[0;32mI (35606) espnow_recv: (191318;191249;211249;1)[0m
[0;32mI (35616) espnow_recv: (189746;191240;205240;1)[0m
[0;32mI (35626) espnow_recv: (192281;191292;205292;1)[0m
[0;32mI (35636) espnow_recv: (190699;191263;205263;1)[0m
[0;32mI (35646) espnow_recv: (188975;191149;205149;1)[0m
[0;32mI (35656) espnow_recv: (193172;191250;205250;1)[0m
[0;32mI (35666) espnow_recv: (190052;191191;205191;1)[0m
[0;32mI (35676) espnow_recv: (188474;191056;205056;1)[0m
[0;32mI (35686) espnow_recv: (188474;190927;204927;1)[0m
[0;32mI (35696) espnow_recv: (192765;191018;205018;1)[0m
[0;32mI (35706) espnow_recv: (189699;190953;204953;1)[0m
[0;32mI (35716) espnow_recv: (187123;190762;204762;1)[0m
[0;32mI (35726) espnow_recv: (193113;190879;204879;1)[0m
[0;32mI (35736) espnow_recv: (189716;190821;204821;1)[0m
[0;32mI (35746) espnow_recv: (188051;190683;204683;1)[0m
[0;32mI (35756) espnow_recv: (193099;190803;204803;1)[0m
[0;32mI (35766) espnow_recv: (189543;190740;204740;1)[0m
[0;32mI (35776) espnow_recv: (189229;190665;204665;1)[0m
[0;32mI (35786) espnow_recv: (192305;190747;204747;1)[0m
[0;32mI (35796) espnow_recv: (188879;190654;204654;1)[0m
[0;32mI (35806) espnow_recv: (190052;190624;204624;1)[0m
[0;32mI (35816) espnow_recv: (190052;190596;204596;1)[0m
[0;32mI (35826) espnow_recv: (191541;190643;204643;1)[0m
[0;32mI (35836) espnow_recv: (189641;190593;204593;1)[0m
[0;32mI (35846) espnow_recv: (191619;190644;204644;1)[0m
[0;32mI (35856) espnow_recv: (190976;190660;204660;1)[0m
[0;32mI (35866) espnow_recv: (189258;190590;204590;1)[0m
[0;32mI (35876) espnow_recv: (193037;190712;204712;1)[0m
[0;32mI (35896) espnow_recv: (189654;190639;204639;1)[0m
[0;32mI (35906) espnow_recv: (193455;190779;204779;1)[0m
[0;32mI (35916) espnow_recv: (190020;190742;204742;1)[0m
[0;32mI (35926) espnow_recv: (188306;190621;204621;1)[0m
[0;32mI (35936) espnow_recv: (192531;190716;204716;1)[0m
[0;32mI (35946) espnow_recv: (192531;190806;204806;1)[0m
[0;32mI (35956) espnow_recv: (187517;190642;204642;1)[0m
[0;32mI (35966) espnow_recv: (175632;189892;203892;1)[0m
[0;32mI (35976) espnow_recv: (168041;188800;202800;1)[0m
[0;32mI (35986) espnow_recv: (166542;187688;201688;1)[0m
[0;32mI (35996) espnow_recv: (162691;186439;200439;1)[0m
[0;32mI (36006) espnow_recv: (163223;185279;199279;1)[0m
[0;32mI (36016) espnow_recv: (161478;184089;198089;1)[0m
[0;32mI (36026) espnow_recv: (159649;182867;196867;1)[0m
[0;32mI (36036) espnow_recv: (158444;181646;195646;1)[0m
[0;32mI (36046) espnow_recv: (155942;180361;194361;1)[0m
[0;32mI (36056) espnow_recv: (158286;179258;193258;1)[0m
[0;32mI (36066) espnow_recv: (154017;177996;191996;1)[0m
[0;32mI (36076) espnow_recv: (158117;177003;191003;1)[0m
[0;32mI (36086) espnow_recv: (159547;176131;190131;1)[0m
[0;32mI (36096) espnow_recv: (158437;175247;189247;1)[0m
[0;32mI (36106) espnow_recv: (160181;174494;188494;1)[0m
[0;32mI (36116) espnow_recv: (158913;173715;187715;1)[0m
[0;32mI (36126) espnow_recv: (160581;173059;187059;1)[0m
[0;32mI (36136) espnow_recv: (158325;172323;186323;1)[0m
[0;32mI (36146) espnow_recv: (155357;171475;185475;1)[0m
[0;32mI (36156) espnow_recv: (157547;170779;184779;1)[0m
[0;32mI (36166) espnow_recv: (158246;170153;184153;1)[0m
[0;32mI (36176) espnow_recv: (155409;169416;183416;1)[0m
[0;32mI (36186) espnow_recv: (172287;169559;183559;1)[0m
[0;32mI (36196) espnow_recv: (173788;169770;183770;1)[0m
[0;32mI (36206) espnow_recv: (179453;170254;184254;1)[0m
[0;32mI (36216) espnow_recv: (179453;170713;184713;1)[0m
[0;32mI (36226) espnow_recv: (184864;171420;185420;1)[0m
[0;32mI (36236) espnow_recv: (182360;171967;185967;1)[0m
[0;32mI (36246) espnow_recv: (184695;172603;186603;1)[0m
[0;32mI (36256) espnow_recv: (163250;172136;186136;1)[0m
[0;32mI (36266) espnow_recv: (161710;171615;185615;1)[0m
[0;32mI (36276) espnow_recv: (157780;170924;184924;1)[0m
[0;32mI (36286) espnow_recv: (159877;170372;184372;1)[0m
[0;32mI (36296) espnow_recv: (156976;169703;183703;1)[0m
[0;32mI (36306) espnow_recv: (158856;169161;183161;1)[0m
[0;32mI (36316) espnow_recv: (158194;168613;182613;1)[0m
[0;32mI (36326) espnow_recv: (161815;168274;182274;1)[0m
[0;32mI (36336) espnow_recv: (159660;167844;181844;1)[0m
[0;32mI (36346) espnow_recv: (156839;167294;181294;1)[0m
[0;32mI (36356) espnow_recv: (155655;166713;180713;1)[0m
[0;32mI (36366) espnow_recv: (157085;166232;180232;1)[0m
[0;32mI (36376) espnow_recv: (155984;165720;179720;1)[0m
[0;32mI (36386) espnow_recv: (158270;165348;179348;1)[0m
[0;32mI (36406) espnow_recv: (159367;164495;178495;1)[0m
[0;32mI (36416) espnow_recv: (158121;164177;178177;1)[0m
[0;32mI (36426) espnow_recv: (162114;164074;178074;1)[0m
[0;32mI (36436) espnow_recv: (160124;163877;177877;1)[0m
[0;32mI (36446) espnow_recv: (158690;163618;177618;1)[0m
[0;32mI (36456) espnow_recv: (157048;163290;177290;1)[0m
[0;32mI (36466) espnow_recv: (156839;162968;176968;1)[0m
[0;32mI (36476) espnow_recv: (156266;162633;176633;1)[0m
[0;32mI (36486) espnow_recv: (158293;162416;176416;1)[0m
[0;32mI (36496) espnow_recv: (154404;162016;176016;1)[0m
[0;32mI (36506) espnow_recv: (158910;161861;175861;1)[0m
[0;32mI (36516) espnow_recv: (156321;161584;175584;1)[0m
[0;32mI (36526) espnow_recv: (160843;161547;175547;1)[0m
[0;32mI (36536) espnow_recv: (159867;161463;175463;1)[0m
[0;32mI (36546) espnow_recv: (158700;161325;175325;1)[0m
[0;32mI (36556) espnow_recv: (159526;161236;175236;1)[0m
[0;32mI (36566) espnow_recv: (157059;161028;175028;1)[0m
[0;32mI (36576) espnow_recv: (156604;160807;174807;1)[0m
[0;32mI (36586) espnow_recv: (157656;160650;174650;1)[0m
[0;32mI (36596) espnow_recv: (154026;160319;174319;1)[0m
[0;32mI (36606) espnow_recv: (157626;160185;174185;1)[0m
[0;32mI (36616) espnow_recv: (165743;160462;174462;1)[0m
[0;32mI (36626) espnow_recv: (181515;161514;175514;1)[0m
[0;32mI (36636) espnow_recv: (180399;161514;175514;1)[0m
[0;32mI (36646) espnow_recv: (181246;161514;175514;1)[0m
[0;32mI (36656) espnow_recv: (189434;161514;175514;1)[0m
[0;32mI (36666) espnow_recv: (185318;161514;175514;1)[0m
[0;32mI (36676) espnow_recv: (185767;161514;175514;1)[0m
[0;32mI (36676) espnow_recv: (185767;161514;175514;1)[0m
[0;32mI (36696) espnow_recv: (162998;161514;175514;1)[0m
[0;32mI (36706) espnow_recv: (163959;161636;175636;1)[0m
[0;32mI (36716) espnow_recv: (161343;161622;175622;1)[0m
[0;32mI (36716) espnow_recv: (163469;161714;175714;1)[0m
[0;32mI (36716) espnow_recv: (163469;163469;263469;1)[0m
[0;32mI (36736) espnow_recv: (164381;163514;263514;1)[0m
[0;32mI (36746) espnow_recv: (146536;162666;262666;1)[0m
[0;32mI (36766) espnow_recv: (140134;160531;260531;1)[0m
[0;32mI (36776) espnow_recv: (126657;158838;178838;1)[0m
[0;32mI (36786) espnow_recv: (129260;129322;149322;1)[0m
[0;32mI (36796) espnow_recv: (127055;127277;147277;1)[0m
[0;32mI (36816) espnow_recv: (125778;125975;145975;1)[0m
[0;32mI (36826) espnow_recv: (120554;121079;141079;1)[0m
[0;32mI (36836) espnow_recv: (123641;123337;143337;1)[0m
[0;32mI (36846) espnow_recv: (132600;131701;151701;1)[0m
[0;32mI (36856) espnow_recv: (176345;171961;191961;1)[0m
[0;32mI (36866) espnow_recv: (190240;188806;208806;1)[0m
[0;32mI (36876) espnow_recv: (192792;192522;212522;1)[0m
[0;32mI (36886) espnow_recv: (192792;192789;212789;1)[0m
[0;32mI (36896) espnow_recv: (205857;204550;224550;1)[0m
[0;32mI (36906) espnow_recv: (199281;199926;219926;1)[0m
[0;32mI (36916) espnow_recv: (215206;213620;233620;1)[0m
[0;32mI (36926) espnow_recv: (202949;204159;224159;1)[0m
[0;32mI (36936) espnow_recv: (202614;202660;222660;1)[0m
[0;32mI (36946) espnow_recv: (197226;197766;217766;1)[0m
[0;32mI (36956) espnow_recv: (160332;164027;184027;1)[0m
[0;32mI (36966) espnow_recv: (141212;143161;163161;1)[0m
[0;32mI (36976) espnow_recv: (127796;129158;149158;1)[0m
[0;32mI (36996) espnow_recv: (125158;125349;145349;1)[0m
[0;32mI (37006) espnow_recv: (124153;124256;144256;1)[0m
[0;32mI (37026) espnow_recv: (123526;123460;143460;1)[0m
[0;32mI (37046) espnow_recv: (124080;124143;144143;1)[0m
[0;32mI (37056) espnow_recv: (123308;123386;143386;1)[0m
[0;32mI (37066) espnow_recv: (122908;122949;142949;1)[0m
[0;32mI (58196) espnow_recv: (131862;131817;151817;1)[0m
[0;32mI (58206) espnow_recv: (119064;131223;151223;1)[0m
[0;32mI (58216) espnow_recv: (124042;130864;150864;1)[0m
[0;32mI (58226) espnow_recv: (125787;130611;150611;1)[0m
[0;32mI (58236) espnow_recv: (124328;130297;150297;1)[0m
[0;32mI (58246) espnow_recv: (122546;129910;149910;1)[0m
[0;32mI (58256) espnow_recv: (121053;129468;149468;1)[0m
[0;32mI (58266) espnow_recv: (123917;129191;149191;1)[0m
[0;32mI (58276) espnow_recv: (125438;129004;149004;1)[0m
[0;32mI (58286) espnow_recv: (123104;128709;148709;1)[0m
[0;32mI (58296) espnow_recv: (122142;128381;148381;1)[0m
[0;32mI (58306) espnow_recv: (121231;128024;148024;1)[0m
[0;32mI (58316) espnow_recv: (125692;127908;147908;1)[0m
[0;32mI (58326) espnow_recv: (126457;127836;147836;1)[0m
[0;32mI (58336) espnow_recv: (122777;127584;147584;1)[0m
[0;32mI (58346) espnow_recv: (121994;127305;147305;1)[0m
[0;32mI (58356) espnow_recv: (122186;127050;147050;1)[0m
[0;32mI (58366) espnow_recv: (126060;127001;147001;1)[0m
[0;32mI (58376) espnow_recv: (126674;126985;146985;1)[0m
[0;32mI (58386) espnow_recv: (122460;126759;146759;1)[0m
[0;32mI (58396) espnow_recv: (122031;126523;146523;1)[0m
[0;32mI (58406) espnow_recv: (121546;126275;146275;1)[0m
[0;32mI (58416) espnow_recv: (124972;126210;146210;1)[0m
[0;32mI (58426) espnow_recv: (125819;126191;146191;1)[0m
[0;32mI (58436) espnow_recv: (122371;126000;146000;1)[0m
[0;32mI (58446) espnow_recv: (120408;125721;145721;1)[0m
[0;32mI (58456) espnow_recv: (122238;125547;145547;1)[0m
[0;32mI (58476) espnow_recv: (124702;125495;145495;1)[0m
[0;32mI (58486) espnow_recv: (120851;125263;145263;1)[0m
[0;32mI (58496) espnow_recv: (121232;125062;145062;1)[0m
[0;32mI (58506) espnow_recv: (123806;125000;145000;1)[0m
[0;32mI (58516) espnow_recv: (125606;125030;145030;1)[0m
[0;32mI (58536) espnow_recv: (121171;124751;144751;1)[0m
[0;32mI (58546) espnow_recv: (121570;124592;144592;1)[0m
[0;32mI (58556) espnow_recv: (124736;124599;144599;1)[0m
[0;32mI (58566) espnow_recv: (124721;124605;144605;1)[0m
[0;32mI (58576) espnow_recv: (122803;124515;144515;1)[0m
[0;32mI (58586) espnow_recv: (119838;124282;144282;1)[0m
[0;32mI (58596) espnow_recv: (121559;124146;144146;1)[0m
[0;32mI (58606) espnow_recv: (124507;124164;144164;1)[0m
[0;32mI (58616) espnow_recv: (122194;124066;144066;1)[0m
[0;32mI (58626) espnow_recv: (121282;123927;143927;1)[0m
[0;32mI (58636) espnow_recv: (121569;123810;143810;1)[0m
[0;32mI (58646) espnow_recv: (123496;123795;143795;1)[0m
[0;32mI (58656) espnow_recv: (123399;123776;143776;1)[0m
[0;32mI (58666) espnow_recv: (122539;123715;143715;1)[0m
[0;32mI (58676) espnow_recv: (121963;123628;143628;1)[0m
[0;32mI (58686) espnow_recv: (122096;123552;143552;1)[0m
[0;32mI (58706) espnow_recv: (122684;123501;143501;1)[0m
[0;32mI (58716) espnow_recv: (123068;123480;143480;1)[0m
[0;32mI (58726) espnow_recv: (123961;123504;143504;1)[0m
[0;32mI (58736) espnow_recv: (124589;123558;143558;1)[0m
[0;32mI (58746) espnow_recv: (126554;123707;143707;1)[0m
[0;32mI (58756) espnow_recv: (125001;123771;143771;1)[0m
[0;32mI (58766) espnow_recv: (124209;123792;143792;1)[0m
[0;32mI (58786) espnow_recv: (133900;124294;144294;1)[0m
[0;32mI (58796) espnow_recv: (171203;126639;146639;1)[0m
[0;32mI (58806) espnow_recv: (171203;126639;146639;1)[0m
[0;32mI (58816) espnow_recv: (182223;126639;146639;1)[0m
[0;32mI (58826) espnow_recv: (184294;126639;146639;1)[0m
[0;32mI (58836) espnow_recv: (207962;126639;146639;1)[0m
[0;32mI (58836) espnow_recv: (199243;126639;146639;1)[0m
[0;32mI (58836) espnow_recv: (199243;126639;146639;1)[0m
[0;32mI (58856) espnow_recv: (189068;126639;146639;1)[0m
[0;32mI (58866) espnow_recv: (190807;126639;146639;1)[0m
[0;32mI (58876) espnow_recv: (184930;129553;149553;1)[0m
[0;32mI (58886) espnow_recv: (183979;183520;203520;1)[0m
[0;32mI (58896) espnow_recv: (189776;189191;209191;1)[0m
[0;32mI (58896) espnow_recv: (189776;189770;209770;1)[0m
[0;32mI (58916) espnow_recv: (185962;186344;206344;1)[0m
[0;32mI (58926) espnow_recv: (185628;185666;205666;1)[0m
[0;32mI (58936) espnow_recv: (185628;185629;205629;1)[0m
[0;32mI (58946) espnow_recv: (178681;179376;199376;1)[0m
[0;32mI (58956) espnow_recv: (166949;168130;188130;1)[0m
[0;32mI (58966) espnow_recv: (162873;163293;183293;1)[0m
[0;32mI (58976) espnow_recv: (158681;159105;179105;1)[0m
[0;32mI (58986) espnow_recv: (157246;157394;177394;1)[0m
[0;32mI (58996) espnow_recv: (157479;157457;177457;1)[0m
[0;32mI (59006) espnow_recv: (153985;154335;174335;1)[0m
[0;32mI (59016) espnow_recv: (157346;157013;177013;1)[0m
[0;32mI (59036) espnow_recv: (158789;158200;178200;1)[0m
[0;32mI (59046) espnow_recv: (159258;159205;179205;1)[0m
[0;32mI (59056) espnow_recv: (158111;158226;178226;1)[0m
[0;32mI (59066) espnow_recv: (160333;160112;180112;1)[0m
[0;32mI (59076) espnow_recv: (158709;158870;178870;1)[0m
[0;32mI (59086) espnow_recv: (158675;158681;178681;1)[0m
[0;32mI (59106) espnow_recv: (154814;155106;175106;1)[0m
[0;32mI (59116) espnow_recv: (157257;157015;177015;1)[0m
[0;32mI (59126) espnow_recv: (157283;157277;177277;1)[0m
[0;32mI (59136) espnow_recv: (157009;157037;177037;1)[0m
[0;32mI (59146) espnow_recv: (158625;158463;178463;1)[0m
[0;32mI (59156) espnow_recv: (157219;157358;177358;1)[0m
[0;32mI (59166) espnow_recv: (159123;158934;178934;1)[0m
[0;32mI (59176) espnow_recv: (158087;158189;178189;1)[0m
[0;32mI (59186) espnow_recv: (161963;161576;181576;1)[0m
[0;32mI (59196) espnow_recv: (158349;158707;178707;1)[0m
[0;32mI (59206) espnow_recv: (155862;156115;176115;1)[0m
[0;32mI (59216) espnow_recv: (154211;154379;174379;1)[0m
[0;32mI (59226) espnow_recv: (157069;156784;176784;1)[0m
[0;32mI (59236) espnow_recv: (154646;156948;170948;1)[0m
[0;32mI (59246) espnow_recv: (159387;157069;171069;1)[0m
[0;32mI (59256) espnow_recv: (155053;156969;170969;1)[0m
[0;32mI (59266) espnow_recv: (158212;157031;171031;1)[0m
[0;32mI (59276) espnow_recv: (157748;157066;171066;1)[0m
[0;32mI (59286) espnow_recv: (161859;157305;171305;1)[0m
[0;32mI (59296) espnow_recv: (159141;157396;171396;1)[0m
[0;32mI (59306) espnow_recv: (159903;157521;171521;1)[0m
[0;32mI (59316) espnow_recv: (161684;157729;171729;1)[0m
[0;32mI (59326) espnow_recv: (161684;157926;171926;1)[0m
[0;32mI (59336) espnow_recv: (176468;158853;172853;1)[0m
[0;32mI (59346) espnow_recv: (178967;158853;172853;1)[0m
[0;32mI (59356) espnow_recv: (186039;158853;172853;1)[0m
[0;32mI (59366) espnow_recv: (186505;158853;172853;1)[0m
[0;32mI (59376) espnow_recv: (184168;158853;172853;1)[0m
[0;32mI (59376) espnow_recv: (190448;158853;172853;1)[0m
[0;32mI (59396) espnow_recv: (184839;158853;172853;1)[0m
[0;32mI (59406) espnow_recv: (181550;158853;172853;1)[0m
[0;32mI (59426) espnow_recv: (182130;158853;172853;1)[0m
[0;32mI (59446) espnow_recv: (163559;159088;173088;1)[0m
[0;32mI (59466) espnow_recv: (158872;159056;173056;1)[0m
[0;32mI (59466) espnow_recv: (158872;158872;258872;1)[0m
[0;32mI (59476) espnow_recv: (153395;158599;258599;1)[0m
[0;32mI (59496) espnow_recv: (143827;157258;257258;1)[0m
[0;32mI (59506) espnow_recv: (139338;156362;256362;1)[0m
[0;32mI (59516) espnow_recv: (137516;155420;175420;1)[0m
[0;32mI (59526) espnow_recv: (133669;134233;154233;1)[0m
[0;32mI (59536) espnow_recv: (129843;130232;150232;1)[0m
[0;32mI (59546) espnow_recv: (127602;127830;147830;1)[0m
[0;32mI (59556) espnow_recv: (122553;123061;143061;1)[0m
[0;32mI (59566) espnow_recv: (127565;127068;147068;1)[0m
[0;32mI (59576) espnow_recv: (126889;126952;146952;1)[0m
[0;32mI (59586) espnow_recv: (124442;124688;144688;1)[0m
[0;32mI (59596) espnow_recv: (122721;122896;142896;1)[0m
[0;32mI (59606) espnow_recv: (121511;121634;141634;1)[0m
[0;32mI (59616) espnow_recv: (124267;123992;143992;1)[0m
[0;32mI (59636) espnow_recv: (121840;122155;142155;1)[0m
[0;32mI (59646) espnow_recv: (120684;120803;140803;1)[0m
[0;32mI (59656) espnow_recv: (122202;122051;142051;1)[0m
[0;32mI (59666) espnow_recv: (124631;124386;144386;1)[0m
[0;32mI (59676) espnow_recv: (123950;124016;144016;1)[0m
[0;32mI (59686) espnow_recv: (120570;120909;140909;1)[0m
[0;32mI (59696) espnow_recv: (120071;120125;140125;1)[0m
[0;32mI (59716) espnow_recv: (124239;124044;144044;1)[0m
[0;32mI (59726) espnow_recv: (122103;122315;142315;1)[0m
[0;32mI (59736) espnow_recv: (118716;119057;139057;1)[0m
[0;32mI (59746) espnow_recv: (120847;120637;140637;1)[0m
[0;32mI (59756) espnow_recv: (123439;123177;143177;1)[0m
[0;32mI (59766) espnow_recv: (122290;122403;142403;1)[0m
[0;32mI (59776) espnow_recv: (120750;120906;140906;1)[0m
[0;32mI (59786) espnow_recv: (120672;120682;140682;1)[0m
[0;32mI (59796) espnow_recv: (122424;122248;142248;1)[0m
[0;32mI (59816) espnow_recv: (122218;122267;142267;1)[0m
[0;32mI (59826) espnow_recv: (121948;122205;142205;1)[0m
[0;32mI (59836) espnow_recv: (122659;122227;142227;1)[0m
[0;32mI (59846) espnow_recv: (122725;122251;142251;1)[0m
[0;32mI (59856) espnow_recv: (121077;122193;142193;1)[0m
[0;32mI (59866) espnow_recv: (120686;122118;142118;1)[0m
[0;32mI (59876) espnow_recv: (123204;122172;142172;1)[0m
[0;32mI (59886) espnow_recv: (123532;122240;142240;1)[0m
[0;32mI (59896) espnow_recv: (124245;122340;142340;1)[0m
[0;32mI (59906) espnow_recv: (121210;122284;142284;1)[0m
[0;32mI (59916) espnow_recv: (121552;122248;142248;1)[0m
[0;32mI (59926) espnow_recv: (124219;122346;142346;1)[0m
[0;32mI (59936) espnow_recv: (124567;122457;142457;1)[0m
[0;32mI (59946) espnow_recv: (124681;122568;142568;1)[0m
[0;32mI (59956) espnow_recv: (120504;122465;142465;1)[0m
[0;32mI (59966) espnow_recv: (121313;122408;142408;1)[0m
[0;32mI (59976) espnow_recv: (125566;122565;142565;1)[0m
[0;32mI (59986) espnow_recv: (124959;122684;142684;1)[0m
[0;32mI (59996) espnow_recv: (123671;122733;142733;1)[0m
[0;32mI (60006) espnow_recv: (120522;122623;142623;1)[0m
[0;32mI (60016) espnow_recv: (121445;122565;142565;1)[0m
[0;32mI (60026) espnow_recv: (125708;122722;142722;1)[0m
[0;32mI (60036) espnow_recv: (125285;122850;142850;1)[0m
[0;32mI (60046) espnow_recv: (123617;122888;142888;1)[0m
[0;32mI (60066) espnow_recv: (122417;122781;142781;1)[0m
[0;32mI (60076) espnow_recv: (126428;122963;142963;1)[0m
[0;32mI (60086) espnow_recv: (125871;123108;143108;1)[0m
[0;32mI (60096) espnow_recv: (124328;123169;143169;1)[0m
[0;32mI (60106) espnow_recv: (121044;123063;143063;1)[0m
[0;32mI (60116) espnow_recv: (122172;123019;143019;1)[0m
[0;32mI (60126) espnow_recv: (126157;123175;143175;1)[0m
[0;32mI (60136) espnow_recv: (125670;123299;143299;1)[0m
[0;32mI (60146) espnow_recv: (124205;123344;143344;1)[0m
[0;32mI (60156) espnow_recv: (122028;123279;143279;1)[0m
[0;32mI (60166) espnow_recv: (122762;123254;143254;1)[0m
[0;32mI (60176) espnow_recv: (126420;123412;143412;1)[0m
[0;32mI (60186) espnow_recv: (126529;123567;143567;1)[0m
[0;32mI (60196) espnow_recv: (123929;123585;143585;1)[0m
[0;32mI (60206) espnow_recv: (121673;123490;143490;1)[0m
[0;32mI (60216) espnow_recv: (122626;123447;143447;1)[0m
[0;32mI (60226) espnow_recv: (126115;123580;143580;1)[0m
[0;32mI (60246) espnow_recv: (124260;123732;143732;1)[0m
[0;32mI (60256) espnow_recv: (122314;123662;143662;1)[0m
[0;32mI (60266) espnow_recv: (122559;123607;143607;1)[0m
[0;32mI (60276) espnow_recv: (125853;123719;143719;1)[0m
[0;32mI (60286) espnow_recv: (125452;123805;143805;1)[0m
[0;32mI (60296) espnow_recv: (124392;123834;143834;1)[0m
[0;32mI (60306) espnow_recv: (121510;123718;143718;1)[0m
[0;32mI (60316) espnow_recv: (121991;123632;143632;1)[0m
[0;32mI (60326) espnow_recv: (126006;123750;143750;1)[0m
[0;32mI (60336) espnow_recv: (125758;123850;143850;1)[0m
[0;32mI (60346) espnow_recv: (124309;123872;143872;1)[0m
[0;32mI (60356) espnow_recv: (121854;123772;143772;1)[0m
[0;32mI (60366) espnow_recv: (122740;123721;143721;1)[0m
[0;32mI (60386) espnow_recv: (125871;123933;143933;1)[0m
[0;32mI (60396) espnow_recv: (124539;123963;143963;1)[0m
[0;32mI (60406) espnow_recv: (122072;123869;143869;1)[0m
[0;32mI (60416) espnow_recv: (122613;123807;143807;1)[0m
[0;32mI (60426) espnow_recv: (132464;124239;144239;1)[0m
[0;32mI (60436) espnow_recv: (132464;124650;144650;1)[0m
[0;32mI (60456) espnow_recv: (190122;127060;147060;1)[0m
[0;32mI (60466) espnow_recv: (197487;127060;147060;1)[0m
[0;32mI (60476) espnow_recv: (214480;127060;147060;1)[0m
[0;32mI (60486) espnow_recv: (201120;127060;147060;1)[0m
[0;32mI (60496) espnow_recv: (201120;127060;147060;1)[0m
[0;32mI (60496) espnow_recv: (216886;127060;147060;1)[0m
[0;32mI (60506) espnow_recv: (216886;127060;147060;1)[0m
[0;32mI (60516) espnow_recv: (200931;127060;147060;1)[0m
[0;32mI (60526) espnow_recv: (187386;127060;147060;1)[0m
[0;32mI (60536) espnow_recv: (190872;130250;150250;1)[0m
[0;32mI (60546) espnow_recv: (185982;185864;205864;1)[0m
[0;32mI (60556) espnow_recv: (185154;185236;205236;1)[0m
[0;32mI (60556) espnow_recv: (185154;185155;205155;1)[0m
[0;32mI (60576) espnow_recv: (185471;185439;205439;1)[0m
[0;32mI (60586) espnow_recv: (179374;179984;199984;1)[0m
[0;32mI (60596) espnow_recv: (166345;167654;187654;1)[0m
[0;32mI (60606) espnow_recv: (159123;159859;179859;1)[0m
[0;32mI (60616) espnow_recv: (158011;158130;178130;1)[0m
[0;32mI (60626) espnow_recv: (157205;157287;177287;1)[0m
[0;32mI (60636) espnow_recv: (153020;153440;173440;1)[0m
[0;32mI (60646) espnow_recv: (158084;157581;177581;1)[0m
[0;32mI (60656) espnow_recv: (155048;155347;175347;1)[0m
[0;32mI (60666) espnow_recv: (158783;158412;178412;1)[0m
[0;32mI (60676) espnow_recv: (156945;157125;177125;1)[0m
[0;32mI (60686) espnow_recv: (158607;158442;178442;1)[0m
[0;32mI (60706) espnow_recv: (158836;158627;178627;1)[0m
[0;32mI (60716) espnow_recv: (155059;155435;175435;1)[0m
[0;32mI (60726) espnow_recv: (155942;155857;175857;1)[0m
[0;32mI (60736) espnow_recv: (153390;153645;173645;1)[0m
[0;32mI (60746) espnow_recv: (156362;156067;176067;1)[0m
[0;32mI (60756) espnow_recv: (152693;153057;173057;1)[0m
[0;32mI (60766) espnow_recv: (158152;157609;177609;1)[0m
[0;32mI (60776) espnow_recv: (154997;155307;175307;1)[0m
[0;32mI (60786) espnow_recv: (157298;157071;177071;1)[0m
[0;32mI (60796) espnow_recv: (169997;168724;188724;1)[0m
[0;32mI (60806) espnow_recv: (180354;179305;199305;1)[0m
[0;32mI (60816) espnow_recv: (185187;184693;204693;1)[0m
[0;32mI (60826) espnow_recv: (184206;184300;204300;1)[0m
[0;32mI (60836) espnow_recv: (189968;189392;209392;1)[0m
[0;32mI (60846) espnow_recv: (187237;187505;207505;1)[0m
[0;32mI (60856) espnow_recv: (184828;185072;205072;1)[0m
[0;32mI (60866) espnow_recv: (191222;190585;210585;1)[0m
[0;32mI (60876) espnow_recv: (186596;187053;207053;1)[0m
[0;32mI (60886) espnow_recv: (183965;184233;204233;1)[0m
[0;32mI (60896) espnow_recv: (190711;184302;198302;1)[0m
[0;32mI (60906) espnow_recv: (178546;184015;198015;1)[0m
[0;32mI (60916) espnow_recv: (171005;183365;197365;1)[0m
[0;32mI (60926) espnow_recv: (162303;182312;196312;1)[0m
[0;32mI (60936) espnow_recv: (157777;181086;195086;1)[0m
[0;32mI (60946) espnow_recv: (157176;179891;193891;1)[0m
[0;32mI (60956) espnow_recv: (154535;178624;192624;1)[0m
[0;32mI (60966) espnow_recv: (157642;177575;191575;1)[0m
[0;32mI (60976) espnow_recv: (153542;176374;190374;1)[0m
[0;32mI (60986) espnow_recv: (155520;175332;189332;1)[0m
[0;32mI (60996) espnow_recv: (158116;174472;188472;1)[0m
[0;32mI (61026) espnow_recv: (158083;172201;186201;1)[0m
[0;32mI (61036) espnow_recv: (159328;171558;185558;1)[0m
[0;32mI (61046) espnow_recv: (156624;170812;184812;1)[0m
[0;32mI (61056) espnow_recv: (154667;170005;184005;1)[0m
[0;32mI (61066) espnow_recv: (156745;169342;183342;1)[0m
[0;32mI (61076) espnow_recv: (156723;168712;182712;1)[0m
[0;32mI (61086) espnow_recv: (153023;167928;181928;1)[0m
[0;32mI (61096) espnow_recv: (157061;167385;181385;1)[0m
[0;32mI (61106) espnow_recv: (151881;166610;180610;1)[0m
[0;32mI (61116) espnow_recv: (158470;166203;180203;1)[0m
[0;32mI (61126) espnow_recv: (157090;165748;179748;1)[0m
[0;32mI (61136) espnow_recv: (158415;165382;179382;1)[0m
[0;32mI (61146) espnow_recv: (157557;164991;178991;1)[0m
[0;32mI (61156) espnow_recv: (159074;164696;178696;1)[0m
[0;32mI (61166) espnow_recv: (156519;164288;178288;1)[0m
[0;32mI (61176) espnow_recv: (156291;163889;177889;1)[0m
[0;32mI (61186) espnow_recv: (154191;163405;177405;1)[0m
[0;32mI (61196) espnow_recv: (156326;163052;177052;1)[0m
[0;32mI (61206) espnow_recv: (153028;162551;176551;1)[0m
[0;32mI (61216) espnow_recv: (157900;162319;176319;1)[0m
[0;32mI (61226) espnow_recv: (152076;161807;175807;1)[0m
[0;32mI (61246) espnow_recv: (158329;161459;175459;1)[0m
[0;32mI (61256) espnow_recv: (157680;161271;175271;1)[0m
[0;32mI (61266) espnow_recv: (159304;161173;175173;1)[0m
[0;32mI (61276) espnow_recv: (158136;161022;175022;1)[0m
[0;32mI (61286) espnow_recv: (158035;160873;174873;1)[0m
[0;32mI (61296) espnow_recv: (157078;160684;174684;1)[0m
[0;32mI (61306) espnow_recv: (153964;160348;174348;1)[0m
[0;32mI (61316) espnow_recv: (157064;160184;174184;1)[0m
[0;32mI (61326) espnow_recv: (152731;159812;173812;1)[0m
[0;32mI (61346) espnow_recv: (158415;159377;173377;1)[0m
[0;32mI (61356) espnow_recv: (156702;159244;173244;1)[0m
[0;32mI (61366) espnow_recv: (158661;159215;173215;1)[0m
[0;32mI (61376) espnow_recv: (157385;159124;173124;1)[0m
[0;32mI (61386) espnow_recv: (158709;159104;173104;1)[0m
[0;32mI (61396) espnow_recv: (158034;159051;173051;1)[0m
[0;32mI (61406) espnow_recv: (157730;158985;172985;1)[0m
[0;32mI (61416) espnow_recv: (153995;158736;172736;1)[0m
[0;32mI (61426) espnow_recv: (155970;158598;172598;1)[0m
[0;32mI (61436) espnow_recv: (153316;158334;172334;1)[0m
[0;32mI (61446) espnow_recv: (156519;158244;172244;1)[0m
[0;32mI (61456) espnow_recv: (152541;157959;171959;1)[0m
[0;32mI (61466) espnow_recv: (158708;157996;171996;1)[0m
[0;32mI (61476) espnow_recv: (155584;157876;171876;1)[0m
[0;32mI (61486) espnow_recv: (157997;157882;171882;1)[0m
[0;32mI (61496) espnow_recv: (157320;157854;171854;1)[0m
[0;32mI (61506) espnow_recv: (157761;157850;171850;1)[0m
[0;32mI (61516) espnow_recv: (159365;157925;171925;1)[0m
[0;32mI (61526) espnow_recv: (156987;157879;171879;1)[0m
[0;32mI (61536) espnow_recv: (155234;157747;171747;1)[0m
[0;32mI (61546) espnow_recv: (155974;157659;171659;1)[0m
[0;32mI (61556) espnow_recv: (153491;157451;171451;1)[0m
[0;32mI (61566) espnow_recv: (157295;157444;171444;1)[0m
[0;32mI (61576) espnow_recv: (152855;157215;171215;1)[0m
[0;32mI (61596) espnow_recv: (157475;157129;171129;1)[0m
[0;32mI (61606) espnow_recv: (157111;157129;171129;1)[0m
[0;32mI (61616) espnow_recv: (158917;157218;171218;1)[0m
[0;32mI (61626) espnow_recv: (157798;157247;171247;1)[0m
[0;32mI (61646) espnow_recv: (157011;157328;171328;1)[0m
[0;32mI (61666) espnow_recv: (156292;157173;171173;1)[0m
[0;32mI (61676) espnow_recv: (156872;157158;171158;1)[0m
[0;32mI (61686) espnow_recv: (153224;156962;170962;1)[0m
[0;32mI (61696) espnow_recv: (157476;156987;170987;1)[0m
[0;32mI (61706) espnow_recv: (152610;156769;170769;1)[0m
[0;32mI (61716) espnow_recv: (159326;156896;170896;1)[0m
[0;32mI (61726) espnow_recv: (157822;156942;170942;1)[0m
[0;32mI (61736) espnow_recv: (159422;157066;171066;1)[0m
[0;32mI (61746) espnow_recv: (157913;157108;171108;1)[0m
[0;32mI (61756) espnow_recv: (159899;157247;171247;1)[0m
[0;32mI (61766) espnow_recv: (156269;157199;171199;1)[0m
[0;32mI (61776) espnow_recv: (156527;157166;171166;1)[0m
[0;32mI (61786) espnow_recv: (154440;157030;171030;1)[0m
[0;32mI (61796) espnow_recv: (156620;157010;171010;1)[0m
[0;32mI (61806) espnow_recv: (153058;156813;170813;1)[0m
[0;32mI (61816) espnow_recv: (157911;156867;170867;1)[0m
[0;32mI (61826) espnow_recv: (152354;156642;170642;1)[0m
[0;32mI (61836) espnow_recv: (159067;156763;170763;1)[0m
[0;32mI (61846) espnow_recv: (157303;156790;170790;1)[0m
[0;32mI (61856) espnow_recv: (157841;156842;170842;1)[0m
[0;32mI (61866) espnow_recv: (157841;156891;170891;1)[0m
[0;32mI (61876) espnow_recv: (174580;157775;171775;1)[0m
[0;32mI (61886) espnow_recv: (182185;157775;171775;1)[0m
[0;32mI (61906) espnow_recv: (189846;157775;171775;1)[0m
[0;32mI (61916) espnow_recv: (187072;157775;171775;1)[0m
[0;32mI (61916) espnow_recv: (183952;157775;171775;1)[0m
[0;32mI (61936) espnow_recv: (181968;157775;171775;1)[0m
[0;32mI (61956) espnow_recv: (165487;158160;172160;1)[0m
[0;32mI (61966) espnow_recv: (157547;158130;172130;1)[0m
[0;32mI (61976) espnow_recv: (157541;158073;172073;1)[0m
[0;32mI (61976) espnow_recv: (157541;157541;257541;1)[0m
[0;32mI (61996) espnow_recv: (158417;157584;257584;1)[0m
[0;32mI (62006) espnow_recv: (151284;157269;257269;1)[0m
[0;32mI (62016) espnow_recv: (146514;156732;256732;1)[0m
[0;32mI (62026) espnow_recv: (140654;155929;255929;1)[0m
[0;32mI (62036) espnow_recv: (137668;155016;175016;1)[0m
[0;32mI (62046) espnow_recv: (135498;135889;155889;1)[0m
[0;32mI (62056) espnow_recv: (129986;130542;150542;1)[0m
[0;32mI (62066) espnow_recv: (128045;128245;148245;1)[0m
[0;32mI (62076) espnow_recv: (125296;125573;145573;1)[0m
[0;32mI (62086) espnow_recv: (126799;126651;146651;1)[0m
[0;32mI (62096) espnow_recv: (128623;128439;148439;1)[0m
[0;32mI (62106) espnow_recv: (125258;125593;145593;1)[0m
[0;32mI (62116) espnow_recv: (123353;123547;143547;1)[0m
[0;32mI (62126) espnow_recv: (122357;122459;142459;1)[0m
[0;32mI (62136) espnow_recv: (125837;125490;145490;1)[0m
[0;32mI (62146) espnow_recv: (126456;126390;146390;1)[0m
[0;32mI (62156) espnow_recv: (124310;124524;144524;1)[0m
[0;32mI (62166) espnow_recv: (122887;123032;143032;1)[0m
[0;32mI (62186) espnow_recv: (124847;124606;144606;1)[0m
[0;32mI (62196) espnow_recv: (126005;125886;145886;1)[0m
[0;32mI (62206) espnow_recv: (124479;124631;144631;1)[0m
[0;32mI (62216) espnow_recv: (122460;122664;142664;1)[0m
[0;32mI (62226) espnow_recv: (122101;122139;142139;1)[0m
[0;32mI (62236) espnow_recv: (125485;125147;145147;1)[0m
[0;32mI (62256) espnow_recv: (123174;123385;143385;1)[0m
[0;32mI (62266) espnow_recv: (121403;121583;141583;1)[0m
[0;32mI (62276) espnow_recv: (121018;121059;141059;1)[0m
[0;32mI (62286) espnow_recv: (123382;123146;143146;1)[0m
[0;32mI (62306) espnow_recv: (122614;122863;142863;1)[0m
[0;32mI (62316) espnow_recv: (121383;121509;141509;1)[0m
[0;32mI (62326) espnow_recv: (121486;121477;141477;1)[0m
