ESP-ROM:esp32s3-20210327
Build:Mar 27 2021
rst:0x15 (USB_UART_CHIP_RESET),boot:0x8 (SPI_FAST_FLASH_BOOT)
Saved PC:0x4205f9ae
SPIWP:0xee
mode:DIO, clock div:1
load:0x3fcd0108,len:0x1650
load:0x403b6000,len:0xb7c
load:0x403ba000,len:0x2f74
entry 0x403b6248
[0;32mI (24) boot: ESP-IDF v4.4.1-dirty 2nd stage bootloader[0m
[0;32mI (25) boot: compile time 09:23:41[0m
[0;32mI (25) boot: chip revision: 0[0m
[0;32mI (27) boot.esp32s3: Boot SPI Speed : 80MHz[0m
[0;32mI (32) boot.esp32s3: SPI Mode       : DIO[0m
[0;32mI (36) boot.esp32s3: SPI Flash Size : 2MB[0m
[0;32mI (41) boot: Enabling RNG early entropy source...[0m
[0;32mI (46) boot: Partition Table:[0m
[0;32mI (50) boot: ## Label            Usage          Type ST Offset   Length[0m
[0;32mI (57) boot:  0 nvs              WiFi data        01 02 00009000 00006000[0m
[0;32mI (65) boot:  1 phy_init         RF data          01 01 0000f000 00001000[0m
[0;32mI (72) boot:  2 factory          factory app      00 00 00010000 00100000[0m
[0;32mI (80) boot: End of partition table[0m
[0;32mI (84) esp_image: segment 0: paddr=00010020 vaddr=3c070020 size=11f5ch ( 73564) map[0m
[0;32mI (105) esp_image: segment 1: paddr=00021f84 vaddr=3fc946a0 size=0414ch ( 16716) load[0m
[0;32mI (109) esp_image: segment 2: paddr=000260d8 vaddr=40374000 size=09f40h ( 40768) load[0m
[0;32mI (120) esp_image: segment 3: paddr=00030020 vaddr=42000020 size=622c0h (402112) map[0m
[0;32mI (193) esp_image: segment 4: paddr=000922e8 vaddr=4037df40 size=06760h ( 26464) load[0m
[0;32mI (199) esp_image: segment 5: paddr=00098a50 vaddr=50000000 size=00010h (    16) load[0m
[0;32mI (206) boot: Loaded app from partition at offset 0x10000[0m
[0;32mI (206) boot: Disabling RNG early entropy source...[0m
[0;32mI (221) cpu_start: Pro cpu up.[0m
[0;32mI (222) cpu_start: Starting app cpu, entry point is 0x403751d0[0m
[0;32mI (0) cpu_start: App cpu up.[0m
[0;32mI (235) cpu_start: Pro cpu start user code[0m
[0;32mI (236) cpu_start: cpu freq: 160000000[0m
[0;32mI (236) cpu_start: Application information:[0m
[0;32mI (238) cpu_start: Project name:     espnow_receiver[0m
[0;32mI (244) cpu_start: App version:      5146935-dirty[0m
[0;32mI (249) cpu_start: Compile time:     Mar 22 2024 09:23:37[0m
[0;32mI (256) cpu_start: ELF file SHA256:  b9d9d033863c2d30...[0m
[0;32mI (261) cpu_start: ESP-IDF:          v4.4.1-dirty[0m
[0;32mI (267) heap_init: Initializing. RAM available for dynamic allocation:[0m
[0;32mI (274) heap_init: At 3FC9B9F8 len 00044608 (273 KiB): D/IRAM[0m
[0;32mI (280) heap_init: At 3FCE0000 len 0000EE34 (59 KiB): STACK/DRAM[0m
[0;32mI (287) heap_init: At 3FCF0000 len 00008000 (32 KiB): DRAM[0m
[0;32mI (293) heap_init: At 600FE000 len 00002000 (8 KiB): RTCRAM[0m
[0;32mI (300) spi_flash: detected chip: gd[0m
[0;32mI (304) spi_flash: flash io: dio[0m
[0;33mW (308) spi_flash: Detected size(8192k) larger than the size in the binary image header(2048k). Using the size in the binary image header.[0m
[0;32mI (321) sleep: Configure to isolate all GPIO pins in sleep state[0m
[0;32mI (328) sleep: Enable automatic switching of GPIO sleep configuration[0m
[0;32mI (335) cpu_start: Starting scheduler on PRO CPU.[0m
[0;32mI (0) cpu_start: Starting scheduler on APP CPU.[0m
[0;32mI (376) pp: pp rom version: e7ae62f[0m
[0;32mI (376) net80211: net80211 rom version: e7ae62f[0m
I (386) wifi:wifi driver task: 3fce33b8, prio:23, stack:6656, core=0
[0;32mI (386) system_api: Base MAC address is not set[0m
[0;32mI (386) system_api: read default base MAC address from EFUSE[0m
I (386) wifi:wifi firmware version: 63017e0
I (396) wifi:wifi certification version: v7.0
I (396) wifi:config NVS flash: enabled
I (396) wifi:config nano formating: disabled
I (406) wifi:Init data frame dynamic rx buffer num: 32
I (406) wifi:Init management frame dynamic rx buffer num: 32
I (416) wifi:Init management short buffer num: 32
I (416) wifi:Init dynamic tx buffer num: 32
I (426) wifi:Init static tx FG buffer num: 2
I (426) wifi:Init static rx buffer size: 1600
I (426) wifi:Init static rx buffer num: 10
I (436) wifi:Init dynamic rx buffer num: 32
[0;32mI (436) wifi_init: rx ba win: 6[0m
[0;32mI (446) wifi_init: tcpip mbox: 32[0m
[0;32mI (446) wifi_init: udp mbox: 6[0m
[0;32mI (446) wifi_init: tcp mbox: 6[0m
[0;32mI (456) wifi_init: tcp tx win: 5744[0m
[0;32mI (456) wifi_init: tcp rx win: 5744[0m
[0;32mI (466) wifi_init: tcp mss: 1440[0m
[0;32mI (466) wifi_init: WiFi IRAM OP enabled[0m
[0;32mI (466) wifi_init: WiFi RX IRAM OP enabled[0m
[0;32mI (476) phy_init: phy_version 501,94697a2,Apr  7 2022,20:49:08[0m
I (586) wifi:mode : sta (dc:54:75:c1:80:34)
I (586) wifi:enable tsf
I (586) ESPNOW: espnow [version: 1.0] init
[0;32mI (122906) espnow_recv: (7083;0;100;1)[0m
[0;32mI (122996) espnow_recv: (24988;0;150;1)[0m
[0;32mI (123086) espnow_recv: (30786;0;200;1)[0m
[0;32mI (123176) espnow_recv: (33045;0;250;1)[0m
[0;32mI (123266) espnow_recv: (35272;0;300;1)[0m
[0;32mI (123356) espnow_recv: (35272;0;350;1)[0m
[0;32mI (123446) espnow_recv: (56530;0;400;1)[0m
[0;32mI (123536) espnow_recv: (68193;0;450;1)[0m
[0;32mI (123626) espnow_recv: (77919;0;500;1)[0m
[0;32mI (123716) espnow_recv: (73122;0;550;1)[0m
[0;32mI (123806) espnow_recv: (67167;0;600;1)[0m
[0;32mI (123896) espnow_recv: (82405;0;650;1)[0m
[0;32mI (123986) espnow_recv: (96311;0;700;1)[0m
[0;32mI (124076) espnow_recv: (110279;0;750;1)[0m
[0;32mI (142586) espnow_recv: (156336;156426;176426;1)[0m
[0;32mI (142596) espnow_recv: (153551;156197;176197;1)[0m
[0;32mI (142606) espnow_recv: (151289;155952;175952;1)[0m
[0;32mI (142616) espnow_recv: (150261;155668;175668;1)[0m
[0;32mI (142636) espnow_recv: (188442;157418;177418;1)[0m
[0;32mI (142656) espnow_recv: (214451;157418;177418;1)[0m
[0;32mI (142666) espnow_recv: (216065;157418;177418;1)[0m
[0;32mI (142676) espnow_recv: (237038;157418;177418;1)[0m
[0;32mI (142686) espnow_recv: (227265;157418;177418;1)[0m
[0;32mI (142696) espnow_recv: (227265;157418;177418;1)[0m
[0;32mI (142706) espnow_recv: (226376;157418;177418;1)[0m
[0;32mI (142716) espnow_recv: (211706;157418;177418;1)[0m
[0;32mI (142726) espnow_recv: (212322;160163;180163;1)[0m
[0;32mI (142736) espnow_recv: (208852;208677;228677;1)[0m
[0;32mI (142746) espnow_recv: (212599;212222;232222;1)[0m
[0;32mI (142756) espnow_recv: (212599;212595;232595;1)[0m
[0;32mI (142766) espnow_recv: (211155;211300;231300;1)[0m
[0;32mI (142776) espnow_recv: (198641;199894;219894;1)[0m
[0;32mI (142786) espnow_recv: (201403;201139;221139;1)[0m
[0;32mI (142806) espnow_recv: (186977;187838;207838;1)[0m
[0;32mI (142816) espnow_recv: (189273;189052;209052;1)[0m
[0;32mI (142826) espnow_recv: (192351;192040;212040;1)[0m
[0;32mI (142836) espnow_recv: (188481;188865;208865;1)[0m
[0;32mI (142846) espnow_recv: (183289;183813;203813;1)[0m
[0;32mI (142856) espnow_recv: (188870;188317;208317;1)[0m
[0;32mI (142866) espnow_recv: (193725;193233;213233;1)[0m
[0;32mI (142876) espnow_recv: (185251;186094;206094;1)[0m
[0;32mI (142886) espnow_recv: (181418;181810;201810;1)[0m
[0;32mI (142896) espnow_recv: (193016;191860;211860;1)[0m
[0;32mI (142906) espnow_recv: (193016;193004;213004;1)[0m
[0;32mI (142916) espnow_recv: (190718;190948;210948;1)[0m
[0;32mI (142926) espnow_recv: (184608;185222;205222;1)[0m
[0;32mI (142936) espnow_recv: (188498;188115;208115;1)[0m
[0;32mI (142956) espnow_recv: (187652;188019;208019;1)[0m
[0;32mI (142966) espnow_recv: (183720;184117;204117;1)[0m
[0;32mI (142976) espnow_recv: (190155;189515;209515;1)[0m
[0;32mI (142986) espnow_recv: (193674;193315;213315;1)[0m
[0;32mI (142996) espnow_recv: (185312;186145;206145;1)[0m
[0;32mI (143006) espnow_recv: (181055;181490;201490;1)[0m
[0;32mI (143016) espnow_recv: (194486;193147;213147;1)[0m
[0;32mI (143026) espnow_recv: (191239;191551;211551;1)[0m
[0;32mI (143046) espnow_recv: (190308;189773;209773;1)[0m
[0;32mI (143056) espnow_recv: (192985;192711;212711;1)[0m
[0;32mI (143066) espnow_recv: (187102;187688;207688;1)[0m
[0;32mI (143076) espnow_recv: (183246;183638;203638;1)[0m
[0;32mI (143086) espnow_recv: (183246;183246;197246;1)[0m
[0;32mI (143116) espnow_recv: (185783;184208;198208;1)[0m
[0;32mI (143126) espnow_recv: (188777;184436;198436;1)[0m
[0;32mI (143136) espnow_recv: (193629;184895;198895;1)[0m
[0;32mI (143146) espnow_recv: (187629;185031;199031;1)[0m
[0;32mI (143156) espnow_recv: (183315;184946;198946;1)[0m
[0;32mI (143166) espnow_recv: (193727;185385;199385;1)[0m
[0;32mI (143176) espnow_recv: (193047;185768;199768;1)[0m
[0;32mI (143186) espnow_recv: (185832;185771;199771;1)[0m
[0;32mI (143196) espnow_recv: (188719;185918;199918;1)[0m
[0;32mI (143206) espnow_recv: (192705;186257;200257;1)[0m
[0;32mI (143216) espnow_recv: (189046;186396;200396;1)[0m
[0;32mI (143226) espnow_recv: (184146;186284;200284;1)[0m
[0;32mI (143236) espnow_recv: (184146;186178;200178;1)[0m
[0;32mI (143246) espnow_recv: (191567;186447;200447;1)[0m
[0;32mI (143256) espnow_recv: (193559;186802;200802;1)[0m
[0;32mI (143266) espnow_recv: (186124;186769;200769;1)[0m
[0;32mI (143276) espnow_recv: (187458;186803;200803;1)[0m
[0;32mI (143286) espnow_recv: (193017;187113;201113;1)[0m
[0;32mI (143296) espnow_recv: (189003;187207;201207;1)[0m
[0;32mI (143306) espnow_recv: (183753;187035;201035;1)[0m
[0;32mI (143316) espnow_recv: (191556;187261;201261;1)[0m
[0;32mI (143326) espnow_recv: (194128;187604;201604;1)[0m
[0;32mI (143336) espnow_recv: (191367;187792;201792;1)[0m
[0;32mI (143346) espnow_recv: (205157;188660;202660;1)[0m
[0;32mI (143366) espnow_recv: (206969;188660;202660;1)[0m
[0;32mI (143376) espnow_recv: (211885;188660;202660;1)[0m
[0;32mI (143386) espnow_recv: (214353;188660;202660;1)[0m
[0;32mI (143396) espnow_recv: (214353;188660;202660;1)[0m
[0;32mI (143406) espnow_recv: (214451;188660;202660;1)[0m
[0;32mI (143416) espnow_recv: (214451;188660;202660;1)[0m
[0;32mI (143426) espnow_recv: (209776;188660;202660;1)[0m
[0;32mI (143436) espnow_recv: (216682;188660;202660;1)[0m
[0;32mI (143446) espnow_recv: (210826;188660;202660;1)[0m
[0;32mI (143466) espnow_recv: (214220;188660;202660;1)[0m
[0;32mI (143496) espnow_recv: (205368;188660;202660;1)[0m
[0;32mI (143506) espnow_recv: (192196;188660;202660;1)[0m
[0;32mI (143516) espnow_recv: (186904;188573;202573;1)[0m
[0;32mI (143526) espnow_recv: (194651;188876;202876;1)[0m
[0;32mI (143536) espnow_recv: (192463;189055;203055;1)[0m
[0;32mI (143536) espnow_recv: (192463;192463;292463;1)[0m
[0;32mI (143556) espnow_recv: (189307;192139;292139;1)[0m
[0;32mI (143566) espnow_recv: (180375;191551;291551;1)[0m
[0;32mI (143576) espnow_recv: (174310;190689;290689;1)[0m
[0;32mI (143586) espnow_recv: (167183;189514;209514;1)[0m
[0;32mI (143596) espnow_recv: (163391;163994;183994;1)[0m
[0;32mI (143616) espnow_recv: (161048;161066;181066;1)[0m
[0;32mI (143626) espnow_recv: (161282;161258;181258;1)[0m
[0;32mI (143636) espnow_recv: (162739;162593;182593;1)[0m
[0;32mI (143646) espnow_recv: (159454;159781;179781;1)[0m
[0;32mI (143656) espnow_recv: (156243;156568;176568;1)[0m
[0;32mI (143666) espnow_recv: (154216;154422;174422;1)[0m
[0;32mI (143686) espnow_recv: (152730;152724;172724;1)[0m
[0;32mI (143696) espnow_recv: (151437;151567;171567;1)[0m
[0;32mI (143706) espnow_recv: (150424;150527;170527;1)[0m
[0;32mI (143716) espnow_recv: (150048;150087;170087;1)[0m
[0;32mI (143726) espnow_recv: (150123;150115;170115;1)[0m
[0;32mI (143736) espnow_recv: (150589;150542;170542;1)[0m
[0;32mI (143746) espnow_recv: (151245;151178;171178;1)[0m
[0;32mI (143756) espnow_recv: (149518;149690;169690;1)[0m
[0;32mI (143766) espnow_recv: (149870;149836;169836;1)[0m
[0;32mI (143776) espnow_recv: (151975;151764;171764;1)[0m
[0;32mI (143786) espnow_recv: (151041;151133;171133;1)[0m
[0;32mI (143796) espnow_recv: (150785;150812;170812;1)[0m
[0;32mI (143806) espnow_recv: (149479;149610;169610;1)[0m
[0;32mI (143816) espnow_recv: (150319;150236;170236;1)[0m
[0;32mI (143836) espnow_recv: (150247;150205;170205;1)[0m
[0;32mI (143846) espnow_recv: (151596;151460;171460;1)[0m
[0;32mI (143856) espnow_recv: (150280;150411;170411;1)[0m
[0;32mI (143876) espnow_recv: (149811;149815;169815;1)[0m
[0;32mI (143886) espnow_recv: (150779;150682;170682;1)[0m
[0;32mI (143896) espnow_recv: (151827;150831;170831;1)[0m
[0;32mI (143916) espnow_recv: (150398;150780;170780;1)[0m
[0;32mI (143926) espnow_recv: (150736;150778;170778;1)[0m
[0;32mI (143936) espnow_recv: (149490;150714;170714;1)[0m
[0;32mI (143946) espnow_recv: (151871;150771;170771;1)[0m
[0;32mI (143956) espnow_recv: (149684;150717;170717;1)[0m
[0;32mI (143966) espnow_recv: (149963;150680;170680;1)[0m
[0;32mI (143976) espnow_recv: (149797;150636;170636;1)[0m
[0;32mI (143986) espnow_recv: (150395;150624;170624;1)[0m
[0;32mI (143996) espnow_recv: (151064;150646;170646;1)[0m
[0;32mI (144006) espnow_recv: (150801;150653;170653;1)[0m
[0;32mI (144016) espnow_recv: (150733;150657;170657;1)[0m
[0;32mI (144026) espnow_recv: (149830;150616;170616;1)[0m
[0;32mI (144036) espnow_recv: (150344;150603;170603;1)[0m
[0;32mI (144046) espnow_recv: (151290;150637;170637;1)[0m
[0;32mI (144056) espnow_recv: (150750;150642;170642;1)[0m
[0;32mI (144066) espnow_recv: (150946;150657;170657;1)[0m
[0;32mI (144076) espnow_recv: (152917;150770;170770;1)[0m
[0;32mI (144086) espnow_recv: (152022;150832;170832;1)[0m
[0;32mI (144096) espnow_recv: (152306;150905;170905;1)[0m
[0;32mI (144106) espnow_recv: (152101;150964;170964;1)[0m
[0;32mI (144116) espnow_recv: (151916;151011;171011;1)[0m
[0;32mI (144136) espnow_recv: (151652;151050;171050;1)[0m
[0;32mI (144146) espnow_recv: (151737;151084;171084;1)[0m
[0;32mI (144156) espnow_recv: (151125;151086;171086;1)[0m
[0;32mI (144166) espnow_recv: (151062;151085;171085;1)[0m
[0;32mI (144176) espnow_recv: (150978;151080;171080;1)[0m
[0;32mI (144186) espnow_recv: (150995;151076;171076;1)[0m
[0;32mI (144196) espnow_recv: (150777;151062;171062;1)[0m
[0;32mI (144206) espnow_recv: (150449;151032;171032;1)[0m
[0;32mI (144216) espnow_recv: (149448;150953;170953;1)[0m
[0;32mI (144226) espnow_recv: (150096;150911;170911;1)[0m
[0;32mI (144236) espnow_recv: (148754;150804;170804;1)[0m
[0;32mI (144246) espnow_recv: (149402;150734;170734;1)[0m
[0;32mI (144256) espnow_recv: (148593;150627;170627;1)[0m
[0;32mI (144266) espnow_recv: (149486;150570;170570;1)[0m
[0;32mI (144286) espnow_recv: (147449;150374;170374;1)[0m
[0;32mI (144296) espnow_recv: (148385;150275;170275;1)[0m
[0;32mI (144306) espnow_recv: (147376;150131;170131;1)[0m
[0;32mI (144326) espnow_recv: (148905;150044;170044;1)[0m
[0;32mI (144336) espnow_recv: (148063;149945;169945;1)[0m
[0;32mI (144346) espnow_recv: (149770;149937;169937;1)[0m
[0;32mI (144356) espnow_recv: (148702;149876;169876;1)[0m
[0;32mI (144366) espnow_recv: (148867;149826;169826;1)[0m
[0;32mI (144376) espnow_recv: (149191;149795;169795;1)[0m
[0;32mI (144386) espnow_recv: (148638;149738;169738;1)[0m
[0;32mI (144396) espnow_recv: (148612;149682;169682;1)[0m
[0;32mI (144416) espnow_recv: (148400;149540;169540;1)[0m
[0;32mI (144426) espnow_recv: (148419;149484;169484;1)[0m
[0;32mI (144436) espnow_recv: (148830;149452;169452;1)[0m
[0;32mI (144446) espnow_recv: (148681;149414;169414;1)[0m
[0;32mI (144456) espnow_recv: (148240;149356;169356;1)[0m
[0;32mI (144476) espnow_recv: (149920;149388;169388;1)[0m
[0;32mI (144496) espnow_recv: (149213;149346;169346;1)[0m
[0;32mI (144506) espnow_recv: (148652;149312;169312;1)[0m
[0;32mI (144516) espnow_recv: (148849;149289;169289;1)[0m
[0;32mI (144536) espnow_recv: (149401;149298;169298;1)[0m
[0;32mI (144556) espnow_recv: (147307;149125;169125;1)[0m
[0;32mI (144566) espnow_recv: (145908;148965;168965;1)[0m
[0;32mI (144576) espnow_recv: (144975;148766;168766;1)[0m
[0;32mI (144586) espnow_recv: (141189;148388;168388;1)[0m
[0;32mI (144596) espnow_recv: (139912;147965;167965;1)[0m
[0;32mI (144606) espnow_recv: (140824;147608;167608;1)[0m
[0;32mI (144616) espnow_recv: (141689;147313;167313;1)[0m
[0;32mI (144626) espnow_recv: (141473;147021;167021;1)[0m
[0;32mI (144636) espnow_recv: (139922;146667;166667;1)[0m
[0;32mI (144646) espnow_recv: (139599;146314;166314;1)[0m
[0;32mI (144656) espnow_recv: (141677;146083;166083;1)[0m
[0;32mI (144666) espnow_recv: (143078;145933;165933;1)[0m
[0;32mI (144676) espnow_recv: (143856;145830;165830;1)[0m
[0;32mI (144686) espnow_recv: (141992;145639;165639;1)[0m
[0;32mI (144696) espnow_recv: (142382;145477;165477;1)[0m
[0;32mI (144726) espnow_recv: (143427;145181;165181;1)[0m
[0;32mI (144736) espnow_recv: (141781;145011;165011;1)[0m
[0;32mI (144746) espnow_recv: (141500;144836;164836;1)[0m
[0;32mI (144756) espnow_recv: (141584;144674;164674;1)[0m
[0;32mI (144776) espnow_recv: (142028;144410;164410;1)[0m
[0;32mI (144786) espnow_recv: (140132;144197;164197;1)[0m
[0;32mI (144796) espnow_recv: (138508;143913;163913;1)[0m
[0;32mI (144806) espnow_recv: (139511;143693;163693;1)[0m
[0;32mI (144816) espnow_recv: (140819;143550;163550;1)[0m
[0;32mI (144826) espnow_recv: (141772;143462;163462;1)[0m
[0;32mI (144836) espnow_recv: (162951;144436;164436;1)[0m
[0;32mI (144846) espnow_recv: (189929;146710;166710;1)[0m
[0;32mI (144856) espnow_recv: (222722;146710;166710;1)[0m
[0;32mI (144866) espnow_recv: (222722;146710;166710;1)[0m
[0;32mI (144876) espnow_recv: (218586;146710;166710;1)[0m
[0;32mI (144886) espnow_recv: (228618;146710;166710;1)[0m
[0;32mI (144896) espnow_recv: (222069;146710;166710;1)[0m
[0;32mI (144906) espnow_recv: (182368;146710;166710;1)[0m
[0;32mI (144916) espnow_recv: (170077;146710;166710;1)[0m
[0;32mI (144926) espnow_recv: (168105;147779;167779;1)[0m
[0;32mI (144936) espnow_recv: (163335;163609;183609;1)[0m
[0;32mI (144946) espnow_recv: (167692;167259;187259;1)[0m
[0;32mI (144966) espnow_recv: (162814;162778;182778;1)[0m
[0;32mI (144976) espnow_recv: (172279;171332;191332;1)[0m
[0;32mI (144986) espnow_recv: (168679;169030;189030;1)[0m
[0;32mI (144996) espnow_recv: (174020;173489;193489;1)[0m
[0;32mI (145006) espnow_recv: (174876;174785;194785;1)[0m
[0;32mI (145026) espnow_recv: (170996;170793;190793;1)[0m
[0;32mI (145036) espnow_recv: (171690;171618;191618;1)[0m
[0;32mI (145046) espnow_recv: (176371;175902;195902;1)[0m
[0;32mI (145056) espnow_recv: (178342;178140;198140;1)[0m
[0;32mI (145066) espnow_recv: (170462;171248;191248;1)[0m
[0;32mI (145076) espnow_recv: (170840;170810;190810;1)[0m
[0;32mI (145086) espnow_recv: (164219;164881;184881;1)[0m
[0;32mI (145106) espnow_recv: (169278;169581;189581;1)[0m
[0;32mI (145116) espnow_recv: (170923;170761;190761;1)[0m
[0;32mI (145126) espnow_recv: (173404;173154;193154;1)[0m
[0;32mI (145136) espnow_recv: (165060;165892;185892;1)[0m
[0;32mI (145146) espnow_recv: (167577;167333;187333;1)[0m
[0;32mI (145156) espnow_recv: (161656;162246;182246;1)[0m
[0;32mI (145166) espnow_recv: (171749;170745;190745;1)[0m
[0;32mI (145186) espnow_recv: (169124;168909;188909;1)[0m
[0;32mI (145196) espnow_recv: (163276;163859;183859;1)[0m
[0;32mI (145206) espnow_recv: (166731;166391;186391;1)[0m
[0;32mI (145216) espnow_recv: (159742;160438;180438;1)[0m
[0;32mI (145226) espnow_recv: (165898;165289;185289;1)[0m
[0;32mI (145236) espnow_recv: (159383;160029;180029;1)[0m
[0;32mI (145246) espnow_recv: (172427;171129;191129;1)[0m
[0;32mI (145256) espnow_recv: (171938;171974;191974;1)[0m
[0;32mI (145266) espnow_recv: (166870;167378;187378;1)[0m
[0;32mI (145276) espnow_recv: (167240;167208;187208;1)[0m
[0;32mI (145286) espnow_recv: (160341;166896;180896;1)[0m
[0;32mI (145296) espnow_recv: (165370;166820;180820;1)[0m
[0;32mI (145306) espnow_recv: (159299;166444;180444;1)[0m
[0;32mI (145316) espnow_recv: (170000;166621;180621;1)[0m
[0;32mI (145326) espnow_recv: (164978;166539;180539;1)[0m
[0;32mI (145336) espnow_recv: (167955;166609;180609;1)[0m
[0;32mI (145346) espnow_recv: (161989;166378;180378;1)[0m
[0;32mI (145356) espnow_recv: (165815;166350;180350;1)[0m
[0;32mI (145366) espnow_recv: (160202;166043;180043;1)[0m
[0;32mI (145376) espnow_recv: (166156;166048;180048;1)[0m
[0;32mI (145386) espnow_recv: (158241;165658;179658;1)[0m
[0;32mI (145396) espnow_recv: (172122;165981;179981;1)[0m
[0;32mI (145406) espnow_recv: (169777;166170;180170;1)[0m
[0;32mI (145416) espnow_recv: (166734;166198;180198;1)[0m
[0;32mI (145426) espnow_recv: (167722;166274;180274;1)[0m
[0;32mI (145436) espnow_recv: (161071;166014;180014;1)[0m
[0;32mI (145456) espnow_recv: (158756;165604;179604;1)[0m
[0;32mI (145476) espnow_recv: (162624;165661;179661;1)[0m
[0;32mI (145486) espnow_recv: (166752;165715;179715;1)[0m
[0;32mI (145496) espnow_recv: (164085;165634;179634;1)[0m
[0;32mI (145516) espnow_recv: (159746;165378;179378;1)[0m
[0;32mI (145536) espnow_recv: (158977;165031;179031;1)[0m
[0;32mI (145546) espnow_recv: (171133;165336;179336;1)[0m
[0;32mI (145556) espnow_recv: (165648;165351;179351;1)[0m
[0;32mI (145566) espnow_recv: (166329;165399;179399;1)[0m
[0;32mI (145576) espnow_recv: (169102;165584;179584;1)[0m
[0;32mI (145586) espnow_recv: (160052;165308;179308;1)[0m
[0;32mI (145596) espnow_recv: (164826;165284;179284;1)[0m
[0;32mI (145606) espnow_recv: (158924;164966;178966;1)[0m
[0;32mI (145616) espnow_recv: (158501;164643;178643;1)[0m
[0;32mI (145626) espnow_recv: (170727;164947;178947;1)[0m
[0;32mI (145636) espnow_recv: (167879;165093;179093;1)[0m
[0;32mI (145646) espnow_recv: (166608;165168;179168;1)[0m
[0;32mI (145656) espnow_recv: (168290;165324;179324;1)[0m
[0;32mI (145666) espnow_recv: (159936;165055;179055;1)[0m
[0;32mI (145676) espnow_recv: (163987;165002;179002;1)[0m
[0;32mI (145686) espnow_recv: (158797;164692;178692;1)[0m
[0;32mI (145696) espnow_recv: (166017;164758;178758;1)[0m
[0;32mI (145706) espnow_recv: (163901;164716;178716;1)[0m
[0;32mI (145716) espnow_recv: (168494;164904;178904;1)[0m
[0;32mI (145726) espnow_recv: (168519;165084;179084;1)[0m
[0;32mI (145736) espnow_recv: (164484;165054;179054;1)[0m
[0;32mI (145746) espnow_recv: (166915;165147;179147;1)[0m
[0;32mI (145756) espnow_recv: (165078;165144;179144;1)[0m
[0;32mI (145766) espnow_recv: (159125;164844;178844;1)[0m
[0;32mI (145776) espnow_recv: (169972;165100;179100;1)[0m
[0;32mI (145786) espnow_recv: (163652;165028;179028;1)[0m
[0;32mI (145796) espnow_recv: (166047;165078;179078;1)[0m
[0;32mI (145806) espnow_recv: (168820;165265;179265;1)[0m
[0;32mI (145816) espnow_recv: (162635;165134;179134;1)[0m
[0;32mI (145826) espnow_recv: (165418;165148;179148;1)[0m
[0;32mI (145836) espnow_recv: (159452;164864;178864;1)[0m
[0;32mI (145846) espnow_recv: (164928;164867;178867;1)[0m
[0;32mI (145856) espnow_recv: (157353;164492;178492;1)[0m
[0;32mI (145866) espnow_recv: (169632;164749;178749;1)[0m
[0;32mI (145876) espnow_recv: (165580;164790;178790;1)[0m
[0;32mI (145886) espnow_recv: (166028;164851;178851;1)[0m
[0;32mI (145896) espnow_recv: (162254;164722;178722;1)[0m
[0;32mI (145906) espnow_recv: (165121;164741;178741;1)[0m
[0;32mI (145916) espnow_recv: (158501;164429;178429;1)[0m
[0;32mI (145926) espnow_recv: (164688;164441;178441;1)[0m
[0;32mI (145946) espnow_recv: (170575;164446;178446;1)[0m
[0;32mI (145956) espnow_recv: (168684;164657;178657;1)[0m
[0;32mI (145966) espnow_recv: (165703;164709;178709;1)[0m
[0;32mI (145976) espnow_recv: (168504;164898;178898;1)[0m
[0;32mI (145986) espnow_recv: (161621;164735;178735;1)[0m
[0;32mI (145996) espnow_recv: (165648;164780;178780;1)[0m
[0;32mI (146006) espnow_recv: (159160;164499;178499;1)[0m
[0;32mI (146026) espnow_recv: (166906;164906;178906;1)[0m
[0;32mI (146036) espnow_recv: (166987;165010;179010;1)[0m
[0;32mI (146056) espnow_recv: (166334;165061;179061;1)[0m
[0;32mI (146076) espnow_recv: (165633;164897;178897;1)[0m
[0;32mI (146086) espnow_recv: (158318;164569;178569;1)[0m
[0;32mI (146096) espnow_recv: (170605;164870;178870;1)[0m
[0;32mI (146106) espnow_recv: (166083;164930;178930;1)[0m
[0;32mI (146116) espnow_recv: (166559;165011;179011;1)[0m
[0;32mI (146126) espnow_recv: (168486;165184;179184;1)[0m
[0;32mI (146136) espnow_recv: (161678;165009;179009;1)[0m
[0;32mI (146146) espnow_recv: (165399;165028;179028;1)[0m
[0;32mI (146156) espnow_recv: (158966;164725;178725;1)[0m
[0;32mI (146176) espnow_recv: (171149;164765;178765;1)[0m
[0;32mI (146186) espnow_recv: (170936;165073;179073;1)[0m
[0;32mI (146196) espnow_recv: (168063;165222;179222;1)[0m
[0;32mI (146206) espnow_recv: (168042;165363;179363;1)[0m
[0;32mI (146216) espnow_recv: (160761;165133;179133;1)[0m
[0;32mI (146226) espnow_recv: (164909;165122;179122;1)[0m
[0;32mI (146236) espnow_recv: (158283;164781;178781;1)[0m
[0;32mI (146246) espnow_recv: (170606;165072;179072;1)[0m
[0;32mI (146256) espnow_recv: (164777;165058;179058;1)[0m
[0;32mI (146266) espnow_recv: (167003;165155;179155;1)[0m
[0;32mI (146276) espnow_recv: (169416;165368;179368;1)[0m
[0;32mI (146286) espnow_recv: (163271;165264;179264;1)[0m
[0;32mI (146306) espnow_recv: (165293;165336;179336;1)[0m
[0;32mI (146316) espnow_recv: (158112;164975;178975;1)[0m
[0;32mI (146326) espnow_recv: (170414;165246;179246;1)[0m
[0;32mI (146336) espnow_recv: (168740;165420;179420;1)[0m
[0;32mI (146346) espnow_recv: (167097;165503;179503;1)[0m
[0;32mI (146356) espnow_recv: (167612;165608;179608;1)[0m
[0;32mI (146366) espnow_recv: (161094;165383;179383;1)[0m
[0;32mI (146376) espnow_recv: (164656;165347;179347;1)[0m
[0;32mI (146386) espnow_recv: (158617;165011;179011;1)[0m
[0;32mI (146396) espnow_recv: (169391;165230;179230;1)[0m
[0;32mI (146406) espnow_recv: (164139;165176;179176;1)[0m
[0;32mI (146416) espnow_recv: (167871;165310;179310;1)[0m
[0;32mI (146436) espnow_recv: (164541;165465;179465;1)[0m
[0;32mI (146456) espnow_recv: (166302;165274;179274;1)[0m
[0;32mI (146466) espnow_recv: (161824;165102;179102;1)[0m
[0;32mI (146476) espnow_recv: (171761;165434;179434;1)[0m
[0;32mI (146496) espnow_recv: (168147;165729;179729;1)[0m
[0;32mI (146506) espnow_recv: (169394;165912;179912;1)[0m
[0;32mI (146516) espnow_recv: (163146;165774;179774;1)[0m
[0;32mI (146526) espnow_recv: (166460;165808;179808;1)[0m
[0;32mI (146536) espnow_recv: (160124;165524;179524;1)[0m
[0;32mI (146546) espnow_recv: (171218;165808;179808;1)[0m
[0;32mI (146556) espnow_recv: (167815;165908;179908;1)[0m
[0;32mI (146566) espnow_recv: (166676;165946;179946;1)[0m
[0;32mI (146576) espnow_recv: (169968;166147;180147;1)[0m
[0;32mI (146586) espnow_recv: (162767;165978;179978;1)[0m
[0;32mI (146596) espnow_recv: (166564;166007;180007;1)[0m
[0;32mI (146606) espnow_recv: (160609;165738;179738;1)[0m
[0;32mI (146626) espnow_recv: (171605;165696;179696;1)[0m
[0;32mI (146636) espnow_recv: (170363;165929;179929;1)[0m
[0;32mI (146646) espnow_recv: (167896;166027;180027;1)[0m
[0;32mI (146656) espnow_recv: (168075;166129;180129;1)[0m
[0;32mI (146666) espnow_recv: (160906;165868;179868;1)[0m
[0;32mI (146676) espnow_recv: (165765;165863;179863;1)[0m
[0;32mI (146686) espnow_recv: (159333;165537;179537;1)[0m
[0;32mI (146696) espnow_recv: (170570;165788;179788;1)[0m
[0;32mI (146706) espnow_recv: (166527;165824;179824;1)[0m
[0;32mI (146716) espnow_recv: (166173;165841;179841;1)[0m
[0;32mI (146726) espnow_recv: (168917;165994;179994;1)[0m
[0;32mI (146736) espnow_recv: (162856;165838;179838;1)[0m
[0;32mI (146766) espnow_recv: (159168;165510;179510;1)[0m
[0;32mI (146776) espnow_recv: (171118;165790;179790;1)[0m
[0;32mI (146796) espnow_recv: (166175;166036;180036;1)[0m
[0;32mI (146806) espnow_recv: (168212;166144;180144;1)[0m
[0;32mI (146816) espnow_recv: (162102;165942;179942;1)[0m
[0;32mI (146826) espnow_recv: (166540;165971;179971;1)[0m
[0;32mI (146846) espnow_recv: (170690;165934;179934;1)[0m
[0;32mI (146856) espnow_recv: (167005;165987;179987;1)[0m
[0;32mI (146866) espnow_recv: (168573;166116;180116;1)[0m
[0;32mI (146886) espnow_recv: (162034;166097;180097;1)[0m
[0;32mI (146896) espnow_recv: (166045;166095;180095;1)[0m
[0;32mI (146906) espnow_recv: (165618;166072;180072;1)[0m
[0;32mI (146916) espnow_recv: (164427;165990;179990;1)[0m
[0;32mI (146926) espnow_recv: (169052;166143;180143;1)[0m
[0;32mI (146936) espnow_recv: (170088;166340;180340;1)[0m
[0;32mI (146946) espnow_recv: (165083;166278;180278;1)[0m
[0;32mI (146956) espnow_recv: (167071;166317;180317;1)[0m
[0;32mI (146976) espnow_recv: (165938;166090;180090;1)[0m
[0;32mI (146996) espnow_recv: (171205;166034;180034;1)[0m
[0;32mI (147006) espnow_recv: (168074;166136;180136;1)[0m
[0;32mI (147016) espnow_recv: (168252;166241;180241;1)[0m
[0;32mI (147026) espnow_recv: (169225;166390;180390;1)[0m
[0;32mI (147036) espnow_recv: (163671;166255;180255;1)[0m
[0;32mI (147046) espnow_recv: (167374;166310;180310;1)[0m
[0;32mI (147056) espnow_recv: (161123;166051;180051;1)[0m
[0;32mI (147066) espnow_recv: (172556;166376;180376;1)[0m
[0;32mI (147076) espnow_recv: (165928;166354;180354;1)[0m
[0;32mI (147086) espnow_recv: (170374;166555;180555;1)[0m
[0;32mI (147096) espnow_recv: (164424;166449;180449;1)[0m
[0;32mI (147106) espnow_recv: (167116;166482;180482;1)[0m
[0;32mI (147116) espnow_recv: (160690;166193;180193;1)[0m
[0;32mI (147126) espnow_recv: (165944;166181;180181;1)[0m
[0;32mI (147136) espnow_recv: (165945;166170;180170;1)[0m
[0;32mI (147146) espnow_recv: (170071;166365;180365;1)[0m
[0;32mI (147156) espnow_recv: (169766;166535;180535;1)[0m
[0;32mI (147166) espnow_recv: (168333;166624;180624;1)[0m
[0;32mI (147176) espnow_recv: (168473;166716;180716;1)[0m
[0;32mI (147186) espnow_recv: (163083;166535;180535;1)[0m
[0;32mI (147196) espnow_recv: (168585;166637;180637;1)[0m
[0;32mI (147206) espnow_recv: (160878;166350;180350;1)[0m
[0;32mI (147216) espnow_recv: (175812;166823;180823;1)[0m
[0;32mI (147226) espnow_recv: (173651;167164;181164;1)[0m
[0;32mI (147236) espnow_recv: (169258;167268;181268;1)[0m
[0;32mI (147266) espnow_recv: (169386;167236;181236;1)[0m
[0;32mI (147276) espnow_recv: (172352;167491;181491;1)[0m
[0;32mI (147286) espnow_recv: (175166;167874;181874;1)[0m
[0;32mI (147296) espnow_recv: (167439;167853;181853;1)[0m
[0;32mI (147306) espnow_recv: (169272;167923;181923;1)[0m
[0;32mI (147316) espnow_recv: (166250;167840;181840;1)[0m
[0;32mI (147326) espnow_recv: (175133;168204;182204;1)[0m
[0;32mI (147336) espnow_recv: (173712;168479;182479;1)[0m
[0;32mI (147346) espnow_recv: (173405;168725;182725;1)[0m
[0;32mI (147366) espnow_recv: (169543;168990;182990;1)[0m
[0;32mI (147376) espnow_recv: (171558;169118;183118;1)[0m
[0;32mI (147396) espnow_recv: (178556;169806;183806;1)[0m
[0;32mI (147406) espnow_recv: (179180;170274;184274;1)[0m
[0;32mI (147416) espnow_recv: (174060;170463;184463;1)[0m
[0;32mI (147426) espnow_recv: (174128;170646;184646;1)[0m
[0;32mI (147436) espnow_recv: (177450;170986;184986;1)[0m
[0;32mI (147446) espnow_recv: (181222;171497;185497;1)[0m
[0;32mI (147466) espnow_recv: (174867;172096;186096;1)[0m
[0;32mI (147476) espnow_recv: (174535;172217;186217;1)[0m
[0;32mI (147486) espnow_recv: (180175;172614;186614;1)[0m
[0;32mI (147496) espnow_recv: (183952;173180;187180;1)[0m
[0;32mI (147506) espnow_recv: (179844;173513;187513;1)[0m
[0;32mI (147516) espnow_recv: (176183;173646;187646;1)[0m
[0;32mI (147526) espnow_recv: (180548;173991;187991;1)[0m
[0;32mI (147536) espnow_recv: (183705;174476;188476;1)[0m
[0;32mI (147546) espnow_recv: (183204;174912;188912;1)[0m
[0;32mI (147566) espnow_recv: (175911;175128;189128;1)[0m
[0;32mI (147576) espnow_recv: (186377;175690;189690;1)[0m
[0;32mI (147586) espnow_recv: (187808;176295;190295;1)[0m
[0;32mI (147596) espnow_recv: (179646;176462;190462;1)[0m
[0;32mI (147606) espnow_recv: (177560;176516;190516;1)[0m
[0;32mI (147616) espnow_recv: (184772;176928;190928;1)[0m
[0;32mI (147636) espnow_recv: (184772;177320;191320;1)[0m
[0;32mI (147636) espnow_recv: (187745;177841;191841;1)[0m
[0;32mI (147646) espnow_recv: (181258;178011;192011;1)[0m
[0;32mI (147666) espnow_recv: (199567;179034;193034;1)[0m
[0;32mI (147676) espnow_recv: (203412;179034;193034;1)[0m
[0;32mI (147686) espnow_recv: (210502;179034;193034;1)[0m
[0;32mI (147696) espnow_recv: (213528;179034;193034;1)[0m
[0;32mI (147706) espnow_recv: (213528;179034;193034;1)[0m
[0;32mI (147716) espnow_recv: (214107;179034;193034;1)[0m
[0;32mI (147726) espnow_recv: (214323;179034;193034;1)[0m
[0;32mI (147736) espnow_recv: (209177;179034;193034;1)[0m
[0;32mI (147746) espnow_recv: (204698;179034;193034;1)[0m
[0;32mI (147766) espnow_recv: (183185;179034;193034;1)[0m
[0;32mI (147776) espnow_recv: (179592;179061;193061;1)[0m
[0;32mI (147786) espnow_recv: (185790;179397;193397;1)[0m
[0;32mI (147796) espnow_recv: (185790;179716;193716;1)[0m
[0;32mI (147796) espnow_recv: (185790;185790;285790;1)[0m
[0;32mI (147806) espnow_recv: (171295;185066;285066;1)[0m
[0;32mI (147816) espnow_recv: (160806;183853;283853;1)[0m
[0;32mI (147826) espnow_recv: (158219;182572;282572;1)[0m
[0;32mI (147836) espnow_recv: (153917;181140;281140;1)[0m
[0;32mI (147846) espnow_recv: (151185;179643;199643;1)[0m
[0;32mI (147856) espnow_recv: (147735;148365;168365;1)[0m
[0;32mI (147866) espnow_recv: (144404;144744;164744;1)[0m
[0;32mI (147876) espnow_recv: (145429;145329;165329;1)[0m
[0;32mI (147886) espnow_recv: (142788;143052;163052;1)[0m
[0;32mI (147896) espnow_recv: (140474;140709;160709;1)[0m
[0;32mI (147906) espnow_recv: (142164;141997;161997;1)[0m
[0;32mI (147926) espnow_recv: (140538;140520;160520;1)[0m
[0;32mI (147936) espnow_recv: (139042;139192;159192;1)[0m
[0;32mI (147946) espnow_recv: (140571;140419;160419;1)[0m
[0;32mI (147956) espnow_recv: (141427;141339;161339;1)[0m
[0;32mI (147976) espnow_recv: (139991;139979;159979;1)[0m
[0;32mI (147996) espnow_recv: (140854;140681;160681;1)[0m
[0;32mI (148006) espnow_recv: (142219;142080;162080;1)[0m
[0;32mI (148036) espnow_recv: (141041;141052;161052;1)[0m
[0;32mI (148046) espnow_recv: (142961;142769;162769;1)[0m
[0;32mI (148056) espnow_recv: (143038;143028;163028;1)[0m
[0;32mI (148066) espnow_recv: (141127;141318;161318;1)[0m
[0;32mI (148076) espnow_recv: (140529;140591;160591;1)[0m
[0;32mI (148086) espnow_recv: (141964;141821;161821;1)[0m
[0;32mI (148096) espnow_recv: (143121;143003;163003;1)[0m
[0;32mI (148106) espnow_recv: (143009;143019;163019;1)[0m
[0;32mI (148116) espnow_recv: (140287;140560;160560;1)[0m
[0;32mI (148126) espnow_recv: (140635;140603;160603;1)[0m
[0;32mI (148136) espnow_recv: (139593;139697;159697;1)[0m
[0;32mI (161046) espnow_recv: (159527;159545;179545;1)[0m
[0;32mI (161056) espnow_recv: (157638;159433;179433;1)[0m
[0;32mI (161066) espnow_recv: (158524;159388;179388;1)[0m
[0;32mI (161076) espnow_recv: (158524;159345;179345;1)[0m
[0;32mI (161086) espnow_recv: (200984;161426;181426;1)[0m
[0;32mI (161096) espnow_recv: (236811;161426;181426;1)[0m
[0;32mI (161106) espnow_recv: (236811;161426;181426;1)[0m
[0;32mI (161116) espnow_recv: (240529;161426;181426;1)[0m
[0;32mI (161126) espnow_recv: (233513;161426;181426;1)[0m
[0;32mI (161136) espnow_recv: (193503;161426;181426;1)[0m
[0;32mI (161136) espnow_recv: (193503;161426;181426;1)[0m
[0;32mI (161146) espnow_recv: (173751;161426;181426;1)[0m
[0;32mI (161166) espnow_recv: (186481;163541;183541;1)[0m
[0;32mI (161196) espnow_recv: (192482;191518;211518;1)[0m
[0;32mI (161206) espnow_recv: (192466;192457;212457;1)[0m
[0;32mI (161216) espnow_recv: (186915;187470;207470;1)[0m
[0;32mI (161226) espnow_recv: (190800;190417;210417;1)[0m
[0;32mI (161236) espnow_recv: (196967;196346;216346;1)[0m
[0;32mI (161246) espnow_recv: (189567;190301;210301;1)[0m
[0;32mI (161256) espnow_recv: (191392;191216;211216;1)[0m
[0;32mI (161266) espnow_recv: (191392;191390;211390;1)[0m
[0;32mI (161276) espnow_recv: (196647;196121;216121;1)[0m
[0;32mI (161296) espnow_recv: (186001;186493;206493;1)[0m
[0;32mI (161306) espnow_recv: (198105;196899;216899;1)[0m
[0;32mI (161316) espnow_recv: (193929;194335;214335;1)[0m
[0;32mI (161326) espnow_recv: (187840;188453;208453;1)[0m
[0;32mI (161336) espnow_recv: (196544;195679;215679;1)[0m
[0;32mI (161356) espnow_recv: (189037;189697;209697;1)[0m
[0;32mI (161366) espnow_recv: (193712;193251;213251;1)[0m
[0;32mI (161386) espnow_recv: (196281;196278;216278;1)[0m
[0;32mI (161396) espnow_recv: (190370;190961;210961;1)[0m
[0;32mI (161406) espnow_recv: (193196;192919;212919;1)[0m
[0;32mI (161416) espnow_recv: (197089;196696;216696;1)[0m
[0;32mI (161426) espnow_recv: (191872;192390;212390;1)[0m
[0;32mI (161436) espnow_recv: (192084;192068;212068;1)[0m
[0;32mI (161446) espnow_recv: (196940;196454;216454;1)[0m
[0;32mI (161456) espnow_recv: (193785;194096;214096;1)[0m
[0;32mI (161466) espnow_recv: (189459;189895;209895;1)[0m
[0;32mI (161476) espnow_recv: (197823;196991;216991;1)[0m
[0;32mI (161486) espnow_recv: (196598;196713;216713;1)[0m
[0;32mI (161496) espnow_recv: (190665;191260;211260;1)[0m
[0;32mI (161506) espnow_recv: (190665;190671;210671;1)[0m
[0;32mI (161516) espnow_recv: (197822;197106;217106;1)[0m
[0;32mI (161526) espnow_recv: (197343;197799;211799;1)[0m
[0;32mI (161536) espnow_recv: (191415;197480;211480;1)[0m
[0;32mI (161546) espnow_recv: (196945;197454;211454;1)[0m
[0;32mI (161556) espnow_recv: (198077;197485;211485;1)[0m
[0;32mI (161566) espnow_recv: (191556;197189;211189;1)[0m
[0;32mI (161576) espnow_recv: (196767;197168;211168;1)[0m
[0;32mI (161586) espnow_recv: (198973;197258;211258;1)[0m
[0;32mI (161596) espnow_recv: (200587;197424;211424;1)[0m
[0;32mI (161606) espnow_recv: (200587;197582;211582;1)[0m
[0;32mI (161616) espnow_recv: (211023;198254;212254;1)[0m
[0;32mI (161626) espnow_recv: (211846;198933;212933;1)[0m
[0;32mI (161636) espnow_recv: (222152;200093;214093;1)[0m
[0;32mI (161646) espnow_recv: (217528;200093;214093;1)[0m
[0;32mI (161666) espnow_recv: (219982;200093;214093;1)[0m
[0;32mI (161676) espnow_recv: (217388;200093;214093;1)[0m
[0;32mI (161686) espnow_recv: (224148;200093;214093;1)[0m
[0;32mI (161696) espnow_recv: (224148;200093;214093;1)[0m
[0;32mI (161716) espnow_recv: (205129;200344;214344;1)[0m
[0;32mI (161726) espnow_recv: (204599;200556;214556;1)[0m
[0;32mI (161736) espnow_recv: (195145;200286;214286;1)[0m
[0;32mI (161736) espnow_recv: (195145;195145;295145;1)[0m
[0;32mI (161756) espnow_recv: (192154;195189;295189;1)[0m
[0;32mI (161776) espnow_recv: (179324;194058;294058;1)[0m
[0;32mI (161796) espnow_recv: (179473;179316;199316;1)[0m
[0;32mI (161816) espnow_recv: (173788;173972;193972;1)[0m
[0;32mI (161826) espnow_recv: (168776;169280;189280;1)[0m
[0;32mI (161836) espnow_recv: (167349;167497;187497;1)[0m
[0;32mI (161846) espnow_recv: (165926;166070;186070;1)[0m
[0;32mI (161856) espnow_recv: (161628;162060;182060;1)[0m
[0;32mI (161866) espnow_recv: (159962;160133;180133;1)[0m
[0;32mI (161876) espnow_recv: (157188;157468;177468;1)[0m
[0;32mI (161886) espnow_recv: (156034;156153;176153;1)[0m
[0;32mI (161896) espnow_recv: (154316;154489;174489;1)[0m
[0;32mI (161906) espnow_recv: (153637;153707;173707;1)[0m
[0;32mI (161916) espnow_recv: (155082;154938;174938;1)[0m
[0;32mI (161926) espnow_recv: (153879;153998;173998;1)[0m
[0;32mI (161936) espnow_recv: (154330;154286;174286;1)[0m
[0;32mI (161946) espnow_recv: (153888;153932;173932;1)[0m
[0;32mI (161956) espnow_recv: (153707;153726;173726;1)[0m
[0;32mI (161966) espnow_recv: (154168;154122;174122;1)[0m
[0;32mI (161976) espnow_recv: (153283;153371;173371;1)[0m
[0;32mI (161986) espnow_recv: (152886;152927;172927;1)[0m
[0;32mI (161996) espnow_recv: (152682;152703;172703;1)[0m
[0;32mI (162006) espnow_recv: (152613;152621;172621;1)[0m
[0;32mI (162016) espnow_recv: (154438;154255;174255;1)[0m
[0;32mI (162026) espnow_recv: (154810;154770;174770;1)[0m
[0;32mI (162036) espnow_recv: (154530;154558;174558;1)[0m
[0;32mI (162046) espnow_recv: (153804;153877;173877;1)[0m
[0;32mI (162056) espnow_recv: (154429;154367;174367;1)[0m
[0;32mI (162066) espnow_recv: (155318;155228;175228;1)[0m
[0;32mI (162076) espnow_recv: (153968;154103;174103;1)[0m
[0;32mI (162086) espnow_recv: (153292;153361;173361;1)[0m
[0;32mI (162096) espnow_recv: (153144;153285;173285;1)[0m
[0;32mI (162106) espnow_recv: (153067;153275;173275;1)[0m
[0;32mI (162116) espnow_recv: (154357;153329;173329;1)[0m
[0;32mI (162126) espnow_recv: (152578;153292;173292;1)[0m
[0;32mI (162136) espnow_recv: (152006;153228;173228;1)[0m
[0;32mI (162146) espnow_recv: (151802;153157;173157;1)[0m
[0;32mI (162156) espnow_recv: (151894;153094;173094;1)[0m
[0;32mI (162166) espnow_recv: (152855;153083;173083;1)[0m
[0;32mI (162176) espnow_recv: (196497;155253;175253;1)[0m
[0;32mI (162186) espnow_recv: (196497;155253;175253;1)[0m
[0;32mI (162206) espnow_recv: (244660;155253;175253;1)[0m
[0;32mI (162216) espnow_recv: (244660;155253;175253;1)[0m
[0;32mI (162226) espnow_recv: (255248;155253;175253;1)[0m
[0;32mI (162236) espnow_recv: (248927;155253;175253;1)[0m
[0;32mI (162236) espnow_recv: (248927;155253;175253;1)[0m
[0;32mI (162246) espnow_recv: (235843;155253;175253;1)[0m
[0;32mI (162256) espnow_recv: (223268;155253;175253;1)[0m
[0;32mI (162266) espnow_recv: (223268;158653;178653;1)[0m
[0;32mI (162276) espnow_recv: (221718;221226;241226;1)[0m
[0;32mI (162286) espnow_recv: (205938;207511;227511;1)[0m
[0;32mI (162296) espnow_recv: (202338;202714;222714;1)[0m
[0;32mI (162306) espnow_recv: (200566;200747;220747;1)[0m
[0;32mI (162326) espnow_recv: (191539;191434;211434;1)[0m
[0;32mI (162336) espnow_recv: (196526;196026;216026;1)[0m
[0;32mI (162346) espnow_recv: (189371;190082;210082;1)[0m
[0;32mI (162356) espnow_recv: (185563;185951;205951;1)[0m
[0;32mI (162376) espnow_recv: (193173;193623;213623;1)[0m
[0;32mI (162386) espnow_recv: (193173;193178;213178;1)[0m
[0;32mI (162396) espnow_recv: (187580;188140;208140;1)[0m
[0;32mI (162406) espnow_recv: (196595;195699;215699;1)[0m
[0;32mI (162416) espnow_recv: (195211;195341;215341;1)[0m
[0;32mI (162426) espnow_recv: (188666;189322;209322;1)[0m
[0;32mI (162436) espnow_recv: (194738;194137;214137;1)[0m
[0;32mI (162446) espnow_recv: (196712;196508;216508;1)[0m
[0;32mI (162456) espnow_recv: (189321;190058;210058;1)[0m
[0;32mI (162466) espnow_recv: (191753;191517;211517;1)[0m
[0;32mI (162476) espnow_recv: (195060;194726;214726;1)[0m
[0;32mI (162496) espnow_recv: (191876;191890;211890;1)[0m
[0;32mI (162506) espnow_recv: (191876;191877;211877;1)[0m
[0;32mI (162516) espnow_recv: (196194;195762;215762;1)[0m
[0;32mI (162526) espnow_recv: (194003;194218;214218;1)[0m
[0;32mI (162536) espnow_recv: (190237;190616;210616;1)[0m
[0;32mI (162546) espnow_recv: (197741;196994;216994;1)[0m
[0;32mI (162556) espnow_recv: (195923;196098;216098;1)[0m
[0;32mI (162566) espnow_recv: (189941;190541;210541;1)[0m
[0;32mI (162576) espnow_recv: (196593;195933;215933;1)[0m
[0;32mI (162586) espnow_recv: (197423;197333;217333;1)[0m
[0;32mI (162596) espnow_recv: (190439;191137;211137;1)[0m
[0;32mI (162616) espnow_recv: (195937;195931;215931;1)[0m
[0;32mI (162626) espnow_recv: (198123;196046;210046;1)[0m
[0;32mI (162646) espnow_recv: (194633;195755;209755;1)[0m
[0;32mI (162656) espnow_recv: (199113;195922;209922;1)[0m
[0;32mI (162666) espnow_recv: (191022;195677;209677;1)[0m
[0;32mI (162676) espnow_recv: (193282;195558;209558;1)[0m
[0;32mI (162686) espnow_recv: (198348;195697;209697;1)[0m
[0;32mI (162696) espnow_recv: (191678;195497;209497;1)[0m
[0;32mI (162706) espnow_recv: (186978;195072;209072;1)[0m
[0;32mI (162716) espnow_recv: (199475;195292;209292;1)[0m
[0;32mI (162726) espnow_recv: (193628;195209;209209;1)[0m
[0;32mI (162736) espnow_recv: (193628;195130;209130;1)[0m
[0;32mI (162746) espnow_recv: (188538;194801;208801;1)[0m
[0;32mI (162756) espnow_recv: (199773;195049;209049;1)[0m
[0;32mI (162766) espnow_recv: (195406;195066;209066;1)[0m
[0;32mI (162776) espnow_recv: (189351;194781;208781;1)[0m
[0;32mI (162786) espnow_recv: (210963;195590;209590;1)[0m
[0;32mI (162796) espnow_recv: (212206;195590;209590;1)[0m
[0;32mI (162806) espnow_recv: (212206;195590;209590;1)[0m
[0;32mI (162816) espnow_recv: (217592;195590;209590;1)[0m
[0;32mI (162826) espnow_recv: (216172;195590;209590;1)[0m
[0;32mI (162836) espnow_recv: (216172;195590;209590;1)[0m
[0;32mI (162866) espnow_recv: (220636;195590;209590;1)[0m
[0;32mI (162876) espnow_recv: (218430;195590;209590;1)[0m
[0;32mI (162886) espnow_recv: (224134;195590;209590;1)[0m
[0;32mI (162896) espnow_recv: (217915;195590;209590;1)[0m
[0;32mI (162906) espnow_recv: (211507;195590;209590;1)[0m
[0;32mI (162916) espnow_recv: (211507;195590;209590;1)[0m
[0;32mI (162926) espnow_recv: (206011;195590;209590;1)[0m
[0;32mI (162936) espnow_recv: (195347;195578;209578;1)[0m
[0;32mI (162946) espnow_recv: (197510;195674;209674;1)[0m
[0;32mI (162956) espnow_recv: (199902;195885;209885;1)[0m
[0;32mI (162956) espnow_recv: (199902;199902;299902;1)[0m
[0;32mI (162966) espnow_recv: (195596;199687;299687;1)[0m
[0;32mI (162976) espnow_recv: (196466;199526;299526;1)[0m
[0;32mI (162986) espnow_recv: (192225;199161;299161;1)[0m
[0;32mI (162996) espnow_recv: (184000;198403;298403;1)[0m
[0;32mI (163006) espnow_recv: (173812;197174;217174;1)[0m
[0;32mI (163026) espnow_recv: (167992;168145;188145;1)[0m
[0;32mI (163036) espnow_recv: (171544;171190;191190;1)[0m
[0;32mI (163046) espnow_recv: (172517;172416;192416;1)[0m
[0;32mI (163056) espnow_recv: (168272;168696;188696;1)[0m
[0;32mI (163066) espnow_recv: (165493;165776;185776;1)[0m
[0;32mI (163076) espnow_recv: (157640;158429;178429;1)[0m
[0;32mI (163086) espnow_recv: (154783;155077;175077;1)[0m
[0;32mI (163096) espnow_recv: (154064;154139;174139;1)[0m
[0;32mI (163106) espnow_recv: (153041;153145;173145;1)[0m
[0;32mI (163116) espnow_recv: (153170;153158;173158;1)[0m
[0;32mI (163126) espnow_recv: (152233;152327;172327;1)[0m
[0;32mI (163136) espnow_recv: (152535;152505;172505;1)[0m
[0;32mI (163146) espnow_recv: (154428;154238;174238;1)[0m
[0;32mI (163166) espnow_recv: (153357;153411;173411;1)[0m
[0;32mI (163176) espnow_recv: (153135;153158;173158;1)[0m
[0;32mI (163186) espnow_recv: (152947;152967;172967;1)[0m
[0;32mI (163206) espnow_recv: (154818;154647;174647;1)[0m
[0;32mI (163216) espnow_recv: (153985;154067;174067;1)[0m
[0;32mI (163226) espnow_recv: (152920;153028;173028;1)[0m
[0;32mI (163246) espnow_recv: (153387;153341;173341;1)[0m
[0;32mI (163246) espnow_recv: (151731;151897;171897;1)[0m
[0;32mI (163256) espnow_recv: (151655;151665;171665;1)[0m
[0;32mI (163266) espnow_recv: (151703;151698;171698;1)[0m
[0;32mI (163276) espnow_recv: (154928;154605;174605;1)[0m
[0;32mI (163286) espnow_recv: (154928;154924;174924;1)[0m
[0;32mI (163296) espnow_recv: (213959;208055;228055;1)[0m
[0;32mI (177206) espnow_recv: (150296;150232;170232;1)[0m
[0;32mI (177216) espnow_recv: (142861;149925;169925;1)[0m
[0;32mI (177226) espnow_recv: (142196;149539;169539;1)[0m
[0;32mI (177236) espnow_recv: (141897;149157;169157;1)[0m
[0;32mI (177246) espnow_recv: (143942;148897;168897;1)[0m
[0;32mI (177256) espnow_recv: (144678;148687;168687;1)[0m
[0;32mI (177266) espnow_recv: (145104;148508;168508;1)[0m
[0;32mI (177276) espnow_recv: (143123;148239;168239;1)[0m
[0;32mI (177286) espnow_recv: (142349;147945;167945;1)[0m
[0;32mI (177306) espnow_recv: (143497;147481;167481;1)[0m
[0;32mI (177316) espnow_recv: (144015;147308;167308;1)[0m
[0;32mI (177326) espnow_recv: (142305;147058;167058;1)[0m
[0;32mI (177336) espnow_recv: (140713;146741;166741;1)[0m
[0;32mI (177346) espnow_recv: (142200;146514;166514;1)[0m
[0;32mI (177366) espnow_recv: (143427;146160;166160;1)[0m
[0;32mI (177376) espnow_recv: (147813;146242;166242;1)[0m
[0;32mI (177386) espnow_recv: (149173;146388;166388;1)[0m
[0;32mI (177396) espnow_recv: (150071;146572;166572;1)[0m
[0;32mI (177406) espnow_recv: (151068;146796;166796;1)[0m
[0;32mI (177416) espnow_recv: (153194;147115;167115;1)[0m
[0;32mI (177426) espnow_recv: (152654;147391;167391;1)[0m
[0;32mI (177436) espnow_recv: (152155;147629;167629;1)[0m
[0;32mI (177456) espnow_recv: (152380;148084;168084;1)[0m
[0;32mI (177476) espnow_recv: (152268;148517;168517;1)[0m
[0;32mI (177486) espnow_recv: (151878;148685;168685;1)[0m
[0;32mI (177496) espnow_recv: (152119;148856;168856;1)[0m
[0;32mI (177516) espnow_recv: (157654;149533;169533;1)[0m
[0;32mI (177526) espnow_recv: (164888;150300;170300;1)[0m
[0;32mI (177546) espnow_recv: (180797;151500;171500;1)[0m
[0;32mI (177566) espnow_recv: (185803;151500;171500;1)[0m
[0;32mI (177576) espnow_recv: (185803;151500;171500;1)[0m
[0;32mI (177586) espnow_recv: (194880;151500;171500;1)[0m
[0;32mI (177596) espnow_recv: (188465;151500;171500;1)[0m
[0;32mI (177596) espnow_recv: (188465;151500;171500;1)[0m
[0;32mI (177606) espnow_recv: (184504;151500;171500;1)[0m
[0;32mI (177616) espnow_recv: (191238;151500;171500;1)[0m
[0;32mI (177626) espnow_recv: (193873;153618;173618;1)[0m
[0;32mI (177656) espnow_recv: (199544;199535;219535;1)[0m
[0;32mI (177666) espnow_recv: (195790;196166;216166;1)[0m
[0;32mI (177676) espnow_recv: (202514;201845;221845;1)[0m
[0;32mI (177686) espnow_recv: (202514;202507;222507;1)[0m
[0;32mI (177696) espnow_recv: (197460;197966;217966;1)[0m
[0;32mI (177706) espnow_recv: (193360;193776;213776;1)[0m
[0;32mI (177716) espnow_recv: (199250;198665;218665;1)[0m
[0;32mI (177726) espnow_recv: (196618;196876;216876;1)[0m
[0;32mI (177736) espnow_recv: (192124;192576;212576;1)[0m
[0;32mI (177746) espnow_recv: (198815;198150;218150;1)[0m
[0;32mI (177756) espnow_recv: (196921;197104;217104;1)[0m
[0;32mI (177766) espnow_recv: (191663;192191;212191;1)[0m
[0;32mI (177776) espnow_recv: (198366;197701;217701;1)[0m
[0;32mI (177786) espnow_recv: (198366;198359;218359;1)[0m
[0;32mI (177796) espnow_recv: (196930;197074;217074;1)[0m
[0;32mI (177806) espnow_recv: (191381;191938;211938;1)[0m
[0;32mI (177816) espnow_recv: (197650;197028;217028;1)[0m
[0;32mI (177826) espnow_recv: (197522;197529;217529;1)[0m
[0;32mI (177836) espnow_recv: (192018;192569;212569;1)[0m
[0;32mI (177846) espnow_recv: (198743;198076;218076;1)[0m
[0;32mI (177856) espnow_recv: (199027;198991;218991;1)[0m
[0;32mI (177866) espnow_recv: (192905;193517;213517;1)[0m
[0;32mI (177876) espnow_recv: (199633;198966;218966;1)[0m
[0;32mI (177886) espnow_recv: (198479;198588;218588;1)[0m
[0;32mI (177896) espnow_recv: (198479;198481;218481;1)[0m
[0;32mI (177906) espnow_recv: (192674;193255;213255;1)[0m
[0;32mI (177916) espnow_recv: (199287;198631;218631;1)[0m
[0;32mI (177926) espnow_recv: (198949;198977;218977;1)[0m
[0;32mI (177946) espnow_recv: (200571;199881;219881;1)[0m
[0;32mI (177956) espnow_recv: (199050;199196;219196;1)[0m
[0;32mI (177976) espnow_recv: (200820;200085;220085;1)[0m
[0;32mI (177986) espnow_recv: (200820;200820;214820;1)[0m
[0;32mI (177996) espnow_recv: (198432;200701;214701;1)[0m
[0;32mI (178006) espnow_recv: (193660;200349;214349;1)[0m
[0;32mI (178016) espnow_recv: (201260;200394;214394;1)[0m
[0;32mI (178026) espnow_recv: (197407;200245;214245;1)[0m
[0;32mI (178036) espnow_recv: (193171;199892;213892;1)[0m
[0;32mI (178046) espnow_recv: (200492;199922;213922;1)[0m
[0;32mI (178056) espnow_recv: (197911;199822;213822;1)[0m
[0;32mI (178066) espnow_recv: (192997;199481;213481;1)[0m
[0;32mI (178076) espnow_recv: (201696;199591;213591;1)[0m
[0;32mI (178086) espnow_recv: (201696;199696;213696;1)[0m
[0;32mI (178096) espnow_recv: (197810;199602;213602;1)[0m
[0;32mI (178106) espnow_recv: (196192;199432;213432;1)[0m
[0;32mI (178116) espnow_recv: (200577;199489;213489;1)[0m
[0;32mI (178126) espnow_recv: (196477;199339;213339;1)[0m
[0;32mI (178136) espnow_recv: (196619;199203;213203;1)[0m
[0;32mI (178146) espnow_recv: (202185;199352;213352;1)[0m
[0;32mI (178156) espnow_recv: (200702;199419;213419;1)[0m
[0;32mI (178166) espnow_recv: (200702;199483;213483;1)[0m
[0;32mI (178196) espnow_recv: (208658;200838;214838;1)[0m
[0;32mI (178216) espnow_recv: (215373;201600;215600;1)[0m
[0;32mI (178226) espnow_recv: (215373;202288;216288;1)[0m
[0;32mI (178236) espnow_recv: (216844;203015;217015;1)[0m
[0;32mI (178246) espnow_recv: (208226;203275;217275;1)[0m
[0;32mI (178256) espnow_recv: (210491;203635;217635;1)[0m
[0;32mI (178286) espnow_recv: (204890;203237;217237;1)[0m
[0;32mI (178296) espnow_recv: (199167;203034;217034;1)[0m
[0;32mI (178306) espnow_recv: (192941;202530;216530;1)[0m
[0;32mI (178316) espnow_recv: (192941;202051;216051;1)[0m
[0;32mI (178326) espnow_recv: (205271;202212;216212;1)[0m
[0;32mI (178346) espnow_recv: (197107;201793;215793;1)[0m
[0;32mI (178356) espnow_recv: (202085;201807;215807;1)[0m
[0;32mI (178366) espnow_recv: (195614;201498;215498;1)[0m
[0;32mI (178396) espnow_recv: (195216;200992;214992;1)[0m
[0;32mI (178406) espnow_recv: (195216;200704;214704;1)[0m
[0;32mI (178416) espnow_recv: (197068;200523;214523;1)[0m
[0;32mI (178426) espnow_recv: (201526;200573;214573;1)[0m
[0;32mI (178436) espnow_recv: (194900;200290;214290;1)[0m
[0;32mI (178446) espnow_recv: (197222;200137;214137;1)[0m
[0;32mI (178456) espnow_recv: (201609;200210;214210;1)[0m
[0;32mI (178466) espnow_recv: (194239;199912;213912;1)[0m
[0;32mI (178476) espnow_recv: (198025;199818;213818;1)[0m
[0;32mI (178496) espnow_recv: (202039;199929;213929;1)[0m
[0;32mI (178496) espnow_recv: (194857;199676;213676;1)[0m
[0;32mI (178516) espnow_recv: (199312;199430;213430;1)[0m
[0;32mI (178526) espnow_recv: (200979;199507;213507;1)[0m
[0;32mI (178546) espnow_recv: (199591;199303;213303;1)[0m
[0;32mI (178556) espnow_recv: (199754;199325;213325;1)[0m
[0;32mI (178566) espnow_recv: (193529;199036;213036;1)[0m
[0;32mI (178576) espnow_recv: (199622;199065;213065;1)[0m
[0;32mI (178586) espnow_recv: (199594;199091;213091;1)[0m
[0;32mI (178596) espnow_recv: (199594;199116;213116;1)[0m
[0;32mI (178606) espnow_recv: (193354;198828;212828;1)[0m
[0;32mI (178626) espnow_recv: (199176;198927;212927;1)[0m
[0;32mI (178636) espnow_recv: (194057;198684;212684;1)[0m
[0;32mI (178676) espnow_recv: (192599;198394;212394;1)[0m
[0;32mI (178676) espnow_recv: (199686;198458;212458;1)[0m
[0;32mI (178686) espnow_recv: (198437;198457;212457;1)[0m
[0;32mI (178696) espnow_recv: (198437;198456;212456;1)[0m
[0;32mI (178706) espnow_recv: (192490;198158;212158;1)[0m
[0;32mI (178716) espnow_recv: (199652;198232;212232;1)[0m
[0;32mI (178726) espnow_recv: (197803;198211;212211;1)[0m
[0;32mI (178736) espnow_recv: (193603;197981;211981;1)[0m
[0;32mI (178746) espnow_recv: (200140;198088;212088;1)[0m
[0;32mI (178756) espnow_recv: (197440;198056;212056;1)[0m
[0;32mI (178776) espnow_recv: (199421;197858;211858;1)[0m
[0;32mI (178786) espnow_recv: (197934;197861;211861;1)[0m
[0;32mI (178796) espnow_recv: (197934;197864;211864;1)[0m
[0;32mI (178806) espnow_recv: (191831;197563;211563;1)[0m
[0;32mI (178816) espnow_recv: (197135;197542;211542;1)[0m
[0;32mI (178826) espnow_recv: (197144;197523;211523;1)[0m
[0;32mI (178836) espnow_recv: (191973;197246;211246;1)[0m
[0;32mI (178846) espnow_recv: (197271;197247;211247;1)[0m
[0;32mI (178856) espnow_recv: (197457;197257;211257;1)[0m
[0;32mI (178866) espnow_recv: (190972;196943;210943;1)[0m
[0;32mI (178876) espnow_recv: (195969;196895;210895;1)[0m
[0;32mI (178896) espnow_recv: (191760;196749;210749;1)[0m
[0;32mI (178906) espnow_recv: (191760;196500;210500;1)[0m
[0;32mI (178916) espnow_recv: (195532;196452;210452;1)[0m
[0;32mI (178926) espnow_recv: (199214;196590;210590;1)[0m
[0;32mI (178936) espnow_recv: (192811;196402;210402;1)[0m
[0;32mI (178956) espnow_recv: (199741;196529;210529;1)[0m
[0;32mI (178976) espnow_recv: (194889;196245;210245;1)[0m
[0;32mI (178986) espnow_recv: (200462;196455;210455;1)[0m
[0;32mI (178996) espnow_recv: (192266;196246;210246;1)[0m
[0;32mI (179016) espnow_recv: (195017;196127;210127;1)[0m
[0;32mI (179026) espnow_recv: (199170;196279;210279;1)[0m
[0;32mI (179036) espnow_recv: (193220;196127;210127;1)[0m
[0;32mI (179056) espnow_recv: (199292;196202;210202;1)[0m
[0;32mI (179066) espnow_recv: (193264;196056;210056;1)[0m
[0;32mI (179076) espnow_recv: (194823;195995;209995;1)[0m
[0;32mI (179096) espnow_recv: (206158;196731;210731;1)[0m
[0;32mI (179106) espnow_recv: (206158;197202;211202;1)[0m
[0;32mI (179116) espnow_recv: (213334;198008;212008;1)[0m
[0;32mI (179136) espnow_recv: (221533;198008;212008;1)[0m
[0;32mI (179146) espnow_recv: (217254;198008;212008;1)[0m
[0;32mI (179156) espnow_recv: (217254;198008;212008;1)[0m
[0;32mI (179166) espnow_recv: (218862;198008;212008;1)[0m
[0;32mI (179176) espnow_recv: (217066;198008;212008;1)[0m
[0;32mI (179186) espnow_recv: (211256;198008;212008;1)[0m
[0;32mI (179196) espnow_recv: (206691;198442;212442;1)[0m
[0;32mI (179206) espnow_recv: (195580;198299;212299;1)[0m
[0;32mI (179216) espnow_recv: (195580;198164;212164;1)[0m
[0;32mI (179216) espnow_recv: (195580;195580;295580;1)[0m
[0;32mI (179226) espnow_recv: (201244;195863;295863;1)[0m
[0;32mI (179236) espnow_recv: (203092;196224;296224;1)[0m
[0;32mI (179246) espnow_recv: (191116;195969;295969;1)[0m
[0;32mI (179256) espnow_recv: (192383;195790;295790;1)[0m
[0;32mI (179266) espnow_recv: (187504;195376;215376;1)[0m
[0;32mI (179286) espnow_recv: (173700;174309;194309;1)[0m
[0;32mI (179306) espnow_recv: (168558;168509;188509;1)[0m
[0;32mI (179316) espnow_recv: (170609;170403;190403;1)[0m
[0;32mI (179326) espnow_recv: (168146;168391;188391;1)[0m
[0;32mI (179336) espnow_recv: (164941;165264;185264;1)[0m
[0;32mI (179346) espnow_recv: (159997;160495;180495;1)[0m
[0;32mI (179356) espnow_recv: (157545;157796;177796;1)[0m
[0;32mI (179366) espnow_recv: (157429;157444;177444;1)[0m
[0;32mI (179376) espnow_recv: (158524;158414;178414;1)[0m
[0;32mI (179386) espnow_recv: (156303;156524;176524;1)[0m
[0;32mI (179396) espnow_recv: (154573;154749;174749;1)[0m
[0;32mI (179406) espnow_recv: (154496;154506;174506;1)[0m
[0;32mI (179416) espnow_recv: (157231;156957;176957;1)[0m
[0;32mI (179426) espnow_recv: (158782;158624;178624;1)[0m
[0;32mI (179436) espnow_recv: (158599;158616;178616;1)[0m
[0;32mI (179446) espnow_recv: (156166;156410;176410;1)[0m
[0;32mI (179466) espnow_recv: (157899;157758;177758;1)[0m
[0;32mI (179476) espnow_recv: (157276;157337;177337;1)[0m
[0;32mI (179486) espnow_recv: (158225;158130;178130;1)[0m
[0;32mI (179496) espnow_recv: (157359;157445;177445;1)[0m
[0;32mI (179506) espnow_recv: (155634;155808;175808;1)[0m
[0;32mI (179536) espnow_recv: (156323;156376;176376;1)[0m
[0;32mI (179566) espnow_recv: (222110;220416;240416;1)[0m
[0;32mI (179576) espnow_recv: (222110;222110;242110;1)[0m
[0;32mI (179586) espnow_recv: (224493;222229;242229;1)[0m
[0;32mI (179596) espnow_recv: (243230;223279;243279;1)[0m
[0;32mI (179606) espnow_recv: (243230;224276;244276;1)[0m
[0;32mI (179616) espnow_recv: (236319;224878;244878;1)[0m
[0;32mI (179626) espnow_recv: (182336;222751;242751;1)[0m
[0;32mI (179636) espnow_recv: (169384;220083;240083;1)[0m
[0;32mI (179646) espnow_recv: (161060;217132;237132;1)[0m
[0;32mI (179666) espnow_recv: (158984;211454;231454;1)[0m
[0;32mI (179676) espnow_recv: (158932;208828;228828;1)[0m
[0;32mI (179686) espnow_recv: (156637;206219;226219;1)[0m
[0;32mI (179716) espnow_recv: (158462;199106;219106;1)[0m
[0;32mI (179736) espnow_recv: (157890;195091;215091;1)[0m
[0;32mI (179746) espnow_recv: (156417;193158;213158;1)[0m
[0;32mI (179756) espnow_recv: (156700;191336;211336;1)[0m
[0;32mI (179766) espnow_recv: (158338;189687;209687;1)[0m
[0;32mI (179776) espnow_recv: (156058;188006;208006;1)[0m
[0;32mI (179786) espnow_recv: (156074;186410;206410;1)[0m
[0;32mI (179796) espnow_recv: (154342;184807;204807;1)[0m
[0;32mI (179806) espnow_recv: (153534;183244;203244;1)[0m
[0;32mI (179816) espnow_recv: (155252;181845;201845;1)[0m
[0;32mI (179826) espnow_recv: (156051;180556;200556;1)[0m
[0;32mI (179846) espnow_recv: (156609;178143;198143;1)[0m
[0;32mI (179856) espnow_recv: (157908;177132;197132;1)[0m
[0;32mI (179866) espnow_recv: (160012;176276;196276;1)[0m
[0;32mI (179886) espnow_recv: (160417;174686;194686;1)[0m
[0;32mI (179896) espnow_recv: (159052;173905;193905;1)[0m
[0;32mI (179906) espnow_recv: (156576;173039;193039;1)[0m
[0;32mI (179926) espnow_recv: (157238;171528;191528;1)[0m
[0;32mI (179936) espnow_recv: (155726;170738;190738;1)[0m
[0;32mI (179946) espnow_recv: (155391;169971;189971;1)[0m
[0;32mI (179956) espnow_recv: (157498;169348;189348;1)[0m
[0;32mI (179966) espnow_recv: (159184;168840;188840;1)[0m
[0;32mI (179976) espnow_recv: (158212;168309;188309;1)[0m
[0;32mI (179996) espnow_recv: (160651;167379;187379;1)[0m
[0;32mI (180016) espnow_recv: (194582;168739;188739;1)[0m
[0;32mI (180026) espnow_recv: (226199;168739;188739;1)[0m
[0;32mI (180036) espnow_recv: (229423;168739;188739;1)[0m
[0;32mI (180046) espnow_recv: (237839;168739;188739;1)[0m
[0;32mI (180056) espnow_recv: (237839;168739;188739;1)[0m
[0;32mI (180056) espnow_recv: (237839;168739;188739;1)[0m
[0;32mI (180066) espnow_recv: (200584;168739;188739;1)[0m
[0;32mI (180076) espnow_recv: (200584;168739;188739;1)[0m
[0;32mI (180096) espnow_recv: (184927;185436;205436;1)[0m
[0;32mI (180106) espnow_recv: (192253;191525;211525;1)[0m
[0;32mI (180116) espnow_recv: (195874;195504;215504;1)[0m
[0;32mI (180126) espnow_recv: (189109;189782;209782;1)[0m
[0;32mI (180136) espnow_recv: (192648;192300;212300;1)[0m
[0;32mI (180146) espnow_recv: (196071;195725;215725;1)[0m
[0;32mI (180156) espnow_recv: (191227;191708;211708;1)[0m
[0;32mI (180166) espnow_recv: (191853;191795;211795;1)[0m
[0;32mI (180176) espnow_recv: (196688;196203;216203;1)[0m
[0;32mI (180186) espnow_recv: (193717;194010;214010;1)[0m
[0;32mI (180196) espnow_recv: (189853;190243;210243;1)[0m
[0;32mI (180206) espnow_recv: (189853;189857;209857;1)[0m
[0;32mI (180216) espnow_recv: (197983;197170;217170;1)[0m
[0;32mI (180226) espnow_recv: (195340;195597;215597;1)[0m
[0;32mI (180236) espnow_recv: (190572;191052;211052;1)[0m
[0;32mI (180246) espnow_recv: (197145;196492;216492;1)[0m
[0;32mI (180256) espnow_recv: (196368;196440;216440;1)[0m
[0;32mI (180266) espnow_recv: (190727;191292;211292;1)[0m
[0;32mI (180276) espnow_recv: (196171;195632;215632;1)[0m
[0;32mI (180286) espnow_recv: (197701;197542;217542;1)[0m
[0;32mI (180296) espnow_recv: (191398;192027;212027;1)[0m
[0;32mI (180306) espnow_recv: (196371;195880;215880;1)[0m
[0;32mI (180316) espnow_recv: (196371;196366;216366;1)[0m
[0;32mI (180336) espnow_recv: (193020;193622;213622;1)[0m
[0;32mI (180346) espnow_recv: (196749;196382;216382;1)[0m
[0;32mI (180356) espnow_recv: (199113;198872;218872;1)[0m
[0;32mI (180366) espnow_recv: (192180;192871;212871;1)[0m
[0;32mI (180376) espnow_recv: (196634;196195;216195;1)[0m
[0;32mI (180386) espnow_recv: (199588;199288;219288;1)[0m
[0;32mI (180396) espnow_recv: (192248;192979;212979;1)[0m
[0;32mI (180406) espnow_recv: (196101;195723;215723;1)[0m
[0;32mI (180416) espnow_recv: (196101;196097;216097;1)[0m
[0;32mI (180426) espnow_recv: (199533;199189;219189;1)[0m
[0;32mI (180436) espnow_recv: (192709;193388;213388;1)[0m
[0;32mI (180446) espnow_recv: (195367;192841;206841;1)[0m
[0;32mI (180456) espnow_recv: (199571;193177;207177;1)[0m
[0;32mI (180466) espnow_recv: (192399;193139;207139;1)[0m
[0;32mI (180476) espnow_recv: (195100;193237;207237;1)[0m
[0;32mI (180486) espnow_recv: (199931;193571;207571;1)[0m
[0;32mI (180496) espnow_recv: (192650;193525;207525;1)[0m
[0;32mI (180516) espnow_recv: (194709;193640;207640;1)[0m
[0;32mI (180546) espnow_recv: (194957;193961;207961;1)[0m
[0;32mI (180556) espnow_recv: (199580;194241;208241;1)[0m
[0;32mI (180566) espnow_recv: (192856;194172;208172;1)[0m
[0;32mI (180576) espnow_recv: (194365;194181;208181;1)[0m
[0;32mI (180586) espnow_recv: (200092;194476;208476;1)[0m
[0;32mI (180596) espnow_recv: (193184;194412;208412;1)[0m
[0;32mI (180606) espnow_recv: (194472;194415;208415;1)[0m
[0;32mI (180616) espnow_recv: (200131;194700;208700;1)[0m
[0;32mI (180626) espnow_recv: (200131;194971;208971;1)[0m
[0;32mI (180636) espnow_recv: (194174;194932;208932;1)[0m
[0;32mI (180646) espnow_recv: (194631;194917;208917;1)[0m
[0;32mI (180656) espnow_recv: (199570;195149;209149;1)[0m
[0;32mI (180666) espnow_recv: (194050;195095;209095;1)[0m
[0;32mI (180676) espnow_recv: (189269;194804;208804;1)[0m
[0;32mI (180686) espnow_recv: (201754;195151;209151;1)[0m
[0;32mI (180696) espnow_recv: (195264;195156;209156;1)[0m
[0;32mI (180706) espnow_recv: (189643;194881;208881;1)[0m
[0;32mI (180726) espnow_recv: (202060;195580;209580;1)[0m
[0;32mI (180746) espnow_recv: (190531;195356;209356;1)[0m
[0;32mI (180756) espnow_recv: (202989;195737;209737;1)[0m
[0;32mI (180776) espnow_recv: (210907;196661;210661;1)[0m
[0;32mI (180786) espnow_recv: (215625;196661;210661;1)[0m
[0;32mI (180796) espnow_recv: (215625;196661;210661;1)[0m
[0;32mI (180806) espnow_recv: (220174;196661;210661;1)[0m
[0;32mI (180826) espnow_recv: (219252;196661;210661;1)[0m
[0;32mI (180846) espnow_recv: (200707;196661;210661;1)[0m
[0;32mI (180856) espnow_recv: (200707;196863;210863;1)[0m
[0;32mI (180866) espnow_recv: (203279;197183;211183;1)[0m
[0;32mI (180876) espnow_recv: (200211;197334;211334;1)[0m
[0;32mI (180886) espnow_recv: (192521;199827;299827;1)[0m
[0;32mI (180906) espnow_recv: (203543;200012;300012;1)[0m
[0;32mI (180906) espnow_recv: (196021;199813;299813;1)[0m
[0;32mI (180916) espnow_recv: (186201;199133;299133;1)[0m
[0;32mI (180926) espnow_recv: (177548;198054;218054;1)[0m
[0;32mI (180946) espnow_recv: (178575;178658;198658;1)[0m
[0;32mI (180966) espnow_recv: (169928;170313;190313;1)[0m
[0;32mI (180976) espnow_recv: (166613;166949;186949;1)[0m
[0;32mI (180986) espnow_recv: (166412;166436;186436;1)[0m
[0;32mI (180996) espnow_recv: (168631;168409;188409;1)[0m
[0;32mI (181006) espnow_recv: (160701;161492;181492;1)[0m
[0;32mI (181016) espnow_recv: (161511;161438;181438;1)[0m
[0;32mI (181036) espnow_recv: (157680;157715;177715;1)[0m
[0;32mI (181046) espnow_recv: (155920;156097;176097;1)[0m
[0;32mI (181056) espnow_recv: (157173;157049;177049;1)[0m
[0;32mI (181066) espnow_recv: (156553;156614;176614;1)[0m
[0;32mI (181076) espnow_recv: (156085;156133;176133;1)[0m
[0;32mI (181086) espnow_recv: (156105;156103;176103;1)[0m
[0;32mI (181106) espnow_recv: (157454;157263;177263;1)[0m
[0;32mI (181116) espnow_recv: (158923;158774;178774;1)[0m
[0;32mI (181126) espnow_recv: (159601;159531;179531;1)[0m
[0;32mI (181146) espnow_recv: (157407;157493;177493;1)[0m
[0;32mI (181166) espnow_recv: (158587;158477;178477;1)[0m
[0;32mI (181176) espnow_recv: (156482;156692;176692;1)[0m
[0;32mI (181186) espnow_recv: (155954;156009;176009;1)[0m
[0;32mI (181196) espnow_recv: (154906;155012;175012;1)[0m
[0;32mI (181216) espnow_recv: (154175;154188;174188;1)[0m
