ESP-ROM:esp32s3-20210327
Build:Mar 27 2021
rst:0x15 (USB_UART_CHIP_RESET),boot:0x8 (SPI_FAST_FLASH_BOOT)
Saved PC:0x4205f9ae
SPIWP:0xee
mode:DIO, clock div:1
load:0x3fcd0108,len:0x1650
load:0x403b6000,len:0xb7c
load:0x403ba000,len:0x2f74
entry 0x403b6248
[0;32mI (24) boot: ESP-IDF v4.4.1-dirty 2nd stage bootloader[0m
[0;32mI (25) boot: compile time 16:01:06[0m
[0;32mI (25) boot: chip revision: 0[0m
[0;32mI (27) boot.esp32s3: Boot SPI Speed : 80MHz[0m
[0;32mI (32) boot.esp32s3: SPI Mode       : DIO[0m
[0;32mI (36) boot.esp32s3: SPI Flash Size : 2MB[0m
[0;32mI (41) boot: Enabling RNG early entropy source...[0m
[0;32mI (46) boot: Partition Table:[0m
[0;32mI (50) boot: ## Label            Usage          Type ST Offset   Length[0m
[0;32mI (57) boot:  0 nvs              WiFi data        01 02 00009000 00006000[0m
[0;32mI (65) boot:  1 phy_init         RF data          01 01 0000f000 00001000[0m
[0;32mI (72) boot:  2 factory          factory app      00 00 00010000 00100000[0m
[0;32mI (80) boot: End of partition table[0m
[0;32mI (84) esp_image: segment 0: paddr=00010020 vaddr=3c070020 size=11f5ch ( 73564) map[0m
[0;32mI (105) esp_image: segment 1: paddr=00021f84 vaddr=3fc946a0 size=0414ch ( 16716) load[0m
[0;32mI (109) esp_image: segment 2: paddr=000260d8 vaddr=40374000 size=09f40h ( 40768) load[0m
[0;32mI (120) esp_image: segment 3: paddr=00030020 vaddr=42000020 size=622c0h (402112) map[0m
[0;32mI (193) esp_image: segment 4: paddr=000922e8 vaddr=4037df40 size=06760h ( 26464) load[0m
[0;32mI (199) esp_image: segment 5: paddr=00098a50 vaddr=50000000 size=00010h (    16) load[0m
[0;32mI (206) boot: Loaded app from partition at offset 0x10000[0m
[0;32mI (206) boot: Disabling RNG early entropy source...[0m
[0;32mI (221) cpu_start: Pro cpu up.[0m
[0;32mI (222) cpu_start: Starting app cpu, entry point is 0x403751d0[0m
[0;32mI (0) cpu_start: App cpu up.[0m
[0;32mI (235) cpu_start: Pro cpu start user code[0m
[0;32mI (236) cpu_start: cpu freq: 160000000[0m
[0;32mI (236) cpu_start: Application information:[0m
[0;32mI (238) cpu_start: Project name:     espnow_receiver[0m
[0;32mI (244) cpu_start: App version:      5146935-dirty[0m
[0;32mI (249) cpu_start: Compile time:     Mar 26 2024 16:00:56[0m
[0;32mI (255) cpu_start: ELF file SHA256:  312c186ad9e1007a...[0m
[0;32mI (261) cpu_start: ESP-IDF:          v4.4.1-dirty[0m
[0;32mI (267) heap_init: Initializing. RAM available for dynamic allocation:[0m
[0;32mI (274) heap_init: At 3FC9B9F8 len 00044608 (273 KiB): D/IRAM[0m
[0;32mI (280) heap_init: At 3FCE0000 len 0000EE34 (59 KiB): STACK/DRAM[0m
[0;32mI (287) heap_init: At 3FCF0000 len 00008000 (32 KiB): DRAM[0m
[0;32mI (293) heap_init: At 600FE000 len 00002000 (8 KiB): RTCRAM[0m
[0;32mI (300) spi_flash: detected chip: gd[0m
[0;32mI (304) spi_flash: flash io: dio[0m
[0;33mW (308) spi_flash: Detected size(8192k) larger than the size in the binary image header(2048k). Using the size in the binary image header.[0m
[0;32mI (321) sleep: Configure to isolate all GPIO pins in sleep state[0m
[0;32mI (328) sleep: Enable automatic switching of GPIO sleep configuration[0m
[0;32mI (335) cpu_start: Starting scheduler on PRO CPU.[0m
[0;32mI (0) cpu_start: Starting scheduler on APP CPU.[0m
[0;32mI (376) pp: pp rom version: e7ae62f[0m
[0;32mI (376) net80211: net80211 rom version: e7ae62f[0m
I (386) wifi:wifi driver task: 3fce33b8, prio:23, stack:6656, core=0
[0;32mI (386) system_api: Base MAC address is not set[0m
[0;32mI (386) system_api: read default base MAC address from EFUSE[0m
I (386) wifi:wifi firmware version: 63017e0
I (396) wifi:wifi certification version: v7.0
I (396) wifi:config NVS flash: enabled
I (396) wifi:config nano formating: disabled
I (406) wifi:Init data frame dynamic rx buffer num: 32
I (406) wifi:Init management frame dynamic rx buffer num: 32
I (416) wifi:Init management short buffer num: 32
I (416) wifi:Init dynamic tx buffer num: 32
I (426) wifi:Init static tx FG buffer num: 2
I (426) wifi:Init static rx buffer size: 1600
I (426) wifi:Init static rx buffer num: 10
I (436) wifi:Init dynamic rx buffer num: 32
[0;32mI (436) wifi_init: rx ba win: 6[0m
[0;32mI (446) wifi_init: tcpip mbox: 32[0m
[0;32mI (446) wifi_init: udp mbox: 6[0m
[0;32mI (446) wifi_init: tcp mbox: 6[0m
[0;32mI (456) wifi_init: tcp tx win: 5744[0m
[0;32mI (456) wifi_init: tcp rx win: 5744[0m
[0;32mI (466) wifi_init: tcp mss: 1440[0m
[0;32mI (466) wifi_init: WiFi IRAM OP enabled[0m
[0;32mI (466) wifi_init: WiFi RX IRAM OP enabled[0m
[0;32mI (476) phy_init: phy_version 501,94697a2,Apr  7 2022,20:49:08[0m
I (586) wifi:mode : sta (dc:54:75:c1:80:34)
I (586) wifi:enable tsf
I (586) ESPNOW: espnow [version: 1.0] init
[0;32mI (22976) espnow_recv: (8343;0;100;1)[0m
[0;32mI (23066) espnow_recv: (25977;0;150;1)[0m
[0;32mI (23146) espnow_recv: (32374;0;200;1)[0m
[0;32mI (23236) espnow_recv: (36800;0;250;1)[0m
[0;32mI (23326) espnow_recv: (46788;0;300;1)[0m
[0;32mI (23416) espnow_recv: (57831;0;350;1)[0m
[0;32mI (23506) espnow_recv: (65673;0;400;1)[0m
[0;32mI (23596) espnow_recv: (74320;0;450;1)[0m
[0;32mI (23686) espnow_recv: (74971;0;500;1)[0m
[0;32mI (23776) espnow_recv: (81270;0;550;1)[0m
[0;32mI (23866) espnow_recv: (92322;0;600;1)[0m
[0;32mI (23956) espnow_recv: (102466;0;650;1)[0m
[0;32mI (37226) espnow_recv: (135939;139715;159715;1)[0m
[0;32mI (37236) espnow_recv: (135091;139484;159484;1)[0m
[0;32mI (37246) espnow_recv: (135769;139299;159299;1)[0m
[0;32mI (37256) espnow_recv: (139626;139315;159315;1)[0m
[0;32mI (37266) espnow_recv: (140240;139361;159361;1)[0m
[0;32mI (37276) espnow_recv: (137343;139261;159261;1)[0m
[0;32mI (37286) espnow_recv: (136892;139143;159143;1)[0m
[0;32mI (37306) espnow_recv: (134256;138770;158770;1)[0m
[0;32mI (37316) espnow_recv: (136211;138643;158643;1)[0m
[0;32mI (37326) espnow_recv: (133806;138402;158402;1)[0m
[0;32mI (37336) espnow_recv: (133168;138141;158141;1)[0m
[0;32mI (37346) espnow_recv: (134525;137961;157961;1)[0m
[0;32mI (37356) espnow_recv: (137346;137931;157931;1)[0m
[0;32mI (37366) espnow_recv: (136337;137852;157852;1)[0m
[0;32mI (37376) espnow_recv: (135915;137756;157756;1)[0m
[0;32mI (37386) espnow_recv: (136238;137681;157681;1)[0m
[0;32mI (37396) espnow_recv: (136610;137628;157628;1)[0m
[0;32mI (37406) espnow_recv: (134349;137465;157465;1)[0m
[0;32mI (37416) espnow_recv: (136995;137442;157442;1)[0m
[0;32mI (37426) espnow_recv: (133581;137249;157249;1)[0m
[0;32mI (37436) espnow_recv: (132862;137030;157030;1)[0m
[0;32mI (37446) espnow_recv: (134315;136895;156895;1)[0m
[0;32mI (37466) espnow_recv: (134485;136636;156636;1)[0m
[0;32mI (37476) espnow_recv: (136055;136607;156607;1)[0m
[0;32mI (37486) espnow_recv: (134888;136522;156522;1)[0m
[0;32mI (37496) espnow_recv: (135693;136481;156481;1)[0m
[0;32mI (37506) espnow_recv: (138679;136590;156590;1)[0m
[0;32mI (37516) espnow_recv: (138327;136676;156676;1)[0m
[0;32mI (37526) espnow_recv: (133556;136520;156520;1)[0m
[0;32mI (37536) espnow_recv: (133190;136354;156354;1)[0m
[0;32mI (37556) espnow_recv: (136015;136278;156278;1)[0m
[0;32mI (37566) espnow_recv: (132263;136078;156078;1)[0m
[0;32mI (37586) espnow_recv: (136254;136067;156067;1)[0m
[0;32mI (37596) espnow_recv: (136738;136100;156100;1)[0m
[0;32mI (37606) espnow_recv: (140387;136314;156314;1)[0m
[0;32mI (37616) espnow_recv: (138685;136432;156432;1)[0m
[0;32mI (37626) espnow_recv: (137030;136461;156461;1)[0m
[0;32mI (37636) espnow_recv: (136694;136472;156472;1)[0m
[0;32mI (37646) espnow_recv: (134264;136362;156362;1)[0m
[0;32mI (37656) espnow_recv: (134988;136294;156294;1)[0m
[0;32mI (37666) espnow_recv: (136173;136288;156288;1)[0m
[0;32mI (37676) espnow_recv: (135590;136254;156254;1)[0m
[0;32mI (37686) espnow_recv: (134717;136178;156178;1)[0m
[0;32mI (37706) espnow_recv: (139079;136322;156322;1)[0m
[0;32mI (37716) espnow_recv: (137753;136393;156393;1)[0m
[0;32mI (37726) espnow_recv: (137536;136450;156450;1)[0m
[0;32mI (37736) espnow_recv: (135655;136411;156411;1)[0m
[0;32mI (37746) espnow_recv: (136433;136412;156412;1)[0m
[0;32mI (37756) espnow_recv: (135665;136375;156375;1)[0m
[0;32mI (37766) espnow_recv: (138757;136494;156494;1)[0m
[0;32mI (37786) espnow_recv: (186441;137721;157721;1)[0m
[0;32mI (37796) espnow_recv: (186441;137721;157721;1)[0m
[0;32mI (37806) espnow_recv: (204896;137721;157721;1)[0m
[0;32mI (37826) espnow_recv: (209685;137721;157721;1)[0m
[0;32mI (37836) espnow_recv: (197818;137721;157721;1)[0m
[0;32mI (37846) espnow_recv: (194866;137721;157721;1)[0m
[0;32mI (37866) espnow_recv: (190717;190213;210213;1)[0m
[0;32mI (37876) espnow_recv: (189555;189667;209667;1)[0m
[0;32mI (37886) espnow_recv: (191626;191420;211420;1)[0m
[0;32mI (37896) espnow_recv: (188739;189026;209026;1)[0m
[0;32mI (37906) espnow_recv: (180131;180995;200995;1)[0m
[0;32mI (37916) espnow_recv: (165947;167375;187375;1)[0m
[0;32mI (37926) espnow_recv: (165468;165531;185531;1)[0m
[0;32mI (37936) espnow_recv: (161692;162071;182071;1)[0m
[0;32mI (37966) espnow_recv: (170683;170420;190420;1)[0m
[0;32mI (37976) espnow_recv: (166594;167001;187001;1)[0m
[0;32mI (37996) espnow_recv: (164382;164368;184368;1)[0m
[0;32mI (38006) espnow_recv: (161213;161530;181530;1)[0m
[0;32mI (38016) espnow_recv: (168952;168181;188181;1)[0m
[0;32mI (38026) espnow_recv: (167911;168008;188008;1)[0m
[0;32mI (38036) espnow_recv: (169690;169513;189513;1)[0m
[0;32mI (38046) espnow_recv: (166993;167261;187261;1)[0m
[0;32mI (38056) espnow_recv: (164126;164416;184416;1)[0m
[0;32mI (38066) espnow_recv: (164812;164746;184746;1)[0m
[0;32mI (38076) espnow_recv: (161615;161934;181934;1)[0m
[0;32mI (38086) espnow_recv: (166997;166462;186462;1)[0m
[0;32mI (38096) espnow_recv: (167095;167079;187079;1)[0m
[0;32mI (38106) espnow_recv: (168210;168098;188098;1)[0m
[0;32mI (38116) espnow_recv: (165574;165837;185837;1)[0m
[0;32mI (38136) espnow_recv: (161924;162194;182194;1)[0m
[0;32mI (38146) espnow_recv: (166167;165745;185745;1)[0m
[0;32mI (38156) espnow_recv: (166803;166735;186735;1)[0m
[0;32mI (38166) espnow_recv: (169591;169311;189311;1)[0m
[0;32mI (38176) espnow_recv: (168398;168515;188515;1)[0m
[0;32mI (38186) espnow_recv: (166395;166597;186597;1)[0m
[0;32mI (38196) espnow_recv: (164636;164814;184814;1)[0m
[0;32mI (38206) espnow_recv: (162461;162681;182681;1)[0m
[0;32mI (38216) espnow_recv: (165927;162634;176634;1)[0m
[0;32mI (38226) espnow_recv: (166495;162827;176827;1)[0m
[0;32mI (38236) espnow_recv: (168813;163126;177126;1)[0m
[0;32mI (38246) espnow_recv: (168157;163377;177377;1)[0m
[0;32mI (38256) espnow_recv: (167846;163600;177600;1)[0m
[0;32mI (38276) espnow_recv: (163069;163658;177658;1)[0m
[0;32mI (38286) espnow_recv: (167031;163826;177826;1)[0m
[0;32mI (38296) espnow_recv: (169402;164104;178104;1)[0m
[0;32mI (38306) espnow_recv: (168575;164327;178327;1)[0m
[0;32mI (38316) espnow_recv: (168969;164559;178559;1)[0m
[0;32mI (38326) espnow_recv: (165452;164603;178603;1)[0m
[0;32mI (38336) espnow_recv: (163107;164529;178529;1)[0m
[0;32mI (38346) espnow_recv: (164803;164542;178542;1)[0m
[0;32mI (38356) espnow_recv: (165977;164613;178613;1)[0m
[0;32mI (38376) espnow_recv: (168209;164997;178997;1)[0m
[0;32mI (38386) espnow_recv: (169016;165197;179197;1)[0m
[0;32mI (38396) espnow_recv: (165527;165213;179213;1)[0m
[0;32mI (38406) espnow_recv: (163448;165125;179125;1)[0m
[0;32mI (38416) espnow_recv: (165424;165139;179139;1)[0m
[0;32mI (38426) espnow_recv: (165505;165157;179157;1)[0m
[0;32mI (38436) espnow_recv: (169021;165350;179350;1)[0m
[0;32mI (38446) espnow_recv: (168114;165488;179488;1)[0m
[0;32mI (38456) espnow_recv: (169571;165692;179692;1)[0m
[0;32mI (38466) espnow_recv: (166009;165707;179707;1)[0m
[0;32mI (38476) espnow_recv: (165315;165688;179688;1)[0m
[0;32mI (38486) espnow_recv: (165453;165677;179677;1)[0m
[0;32mI (38496) espnow_recv: (168680;165827;179827;1)[0m
[0;32mI (38506) espnow_recv: (168236;165947;179947;1)[0m
[0;32mI (38516) espnow_recv: (170707;166185;180185;1)[0m
[0;32mI (38526) espnow_recv: (165744;166163;180163;1)[0m
[0;32mI (38536) espnow_recv: (163665;166039;180039;1)[0m
[0;32mI (38546) espnow_recv: (164494;165962;179962;1)[0m
[0;32mI (38556) espnow_recv: (161314;165730;179730;1)[0m
[0;32mI (38566) espnow_recv: (170049;165945;179945;1)[0m
[0;32mI (38576) espnow_recv: (168581;166076;180076;1)[0m
[0;32mI (38586) espnow_recv: (169743;166259;180259;1)[0m
[0;32mI (38596) espnow_recv: (166151;166254;180254;1)[0m
[0;32mI (38616) espnow_recv: (165956;166157;180157;1)[0m
[0;32mI (38636) espnow_recv: (171103;166214;180214;1)[0m
[0;32mI (38646) espnow_recv: (169804;166393;180393;1)[0m
[0;32mI (38656) espnow_recv: (171112;166628;180628;1)[0m
[0;32mI (38666) espnow_recv: (167366;166664;180664;1)[0m
[0;32mI (38676) espnow_recv: (165726;166618;180618;1)[0m
[0;32mI (38686) espnow_recv: (166566;166616;180616;1)[0m
[0;32mI (38696) espnow_recv: (169954;166782;180782;1)[0m
[0;32mI (38706) espnow_recv: (169621;166923;180923;1)[0m
[0;32mI (38716) espnow_recv: (171115;167132;181132;1)[0m
[0;32mI (38726) espnow_recv: (167252;167138;181138;1)[0m
[0;32mI (38736) espnow_recv: (164778;167020;181020;1)[0m
[0;32mI (38746) espnow_recv: (165863;166963;180963;1)[0m
[0;32mI (38756) espnow_recv: (167595;166994;180994;1)[0m
[0;32mI (38766) espnow_recv: (170936;167191;181191;1)[0m
[0;32mI (38786) espnow_recv: (175546;167733;181733;1)[0m
[0;32mI (38796) espnow_recv: (183917;168542;182542;1)[0m
[0;32mI (38806) espnow_recv: (185889;168542;182542;1)[0m
[0;32mI (38816) espnow_recv: (190501;168542;182542;1)[0m
[0;32mI (38826) espnow_recv: (189903;168542;182542;1)[0m
[0;32mI (38836) espnow_recv: (189903;168542;182542;1)[0m
[0;32mI (38846) espnow_recv: (189539;168542;182542;1)[0m
[0;32mI (38866) espnow_recv: (190274;168542;182542;1)[0m
[0;32mI (38886) espnow_recv: (192600;168542;182542;1)[0m
[0;32mI (38896) espnow_recv: (189345;168542;182542;1)[0m
[0;32mI (38906) espnow_recv: (186065;168542;182542;1)[0m
[0;32mI (38916) espnow_recv: (194345;168542;182542;1)[0m
[0;32mI (38926) espnow_recv: (190677;168542;182542;1)[0m
[0;32mI (38936) espnow_recv: (188440;168542;182542;1)[0m
[0;32mI (38946) espnow_recv: (182914;168542;182542;1)[0m
[0;32mI (38956) espnow_recv: (176867;168542;182542;1)[0m
[0;32mI (38966) espnow_recv: (175849;168907;182907;1)[0m
[0;32mI (38976) espnow_recv: (170702;168996;182996;1)[0m
[0;32mI (38986) espnow_recv: (166682;170501;270501;1)[0m
[0;32mI (38996) espnow_recv: (169026;170428;270428;1)[0m
[0;32mI (39006) espnow_recv: (162356;170025;270025;1)[0m
[0;32mI (39016) espnow_recv: (171359;170091;270091;1)[0m
[0;32mI (39026) espnow_recv: (169502;170062;270062;1)[0m
[0;32mI (39046) espnow_recv: (152027;152950;172950;1)[0m
[0;32mI (39056) espnow_recv: (146219;146810;166810;1)[0m
[0;32mI (39066) espnow_recv: (145353;145446;165446;1)[0m
[0;32mI (39076) espnow_recv: (144406;144502;164502;1)[0m
[0;32mI (39086) espnow_recv: (141457;141753;161753;1)[0m
[0;32mI (39096) espnow_recv: (142823;142689;162689;1)[0m
[0;32mI (39106) espnow_recv: (139716;140026;160026;1)[0m
[0;32mI (39116) espnow_recv: (138078;138245;158245;1)[0m
[0;32mI (39126) espnow_recv: (136449;136614;156614;1)[0m
[0;32mI (39136) espnow_recv: (136993;136940;156940;1)[0m
[0;32mI (39146) espnow_recv: (138520;138366;158366;1)[0m
[0;32mI (39156) espnow_recv: (140096;139936;159936;1)[0m
[0;32mI (39166) espnow_recv: (139048;139152;159152;1)[0m
[0;32mI (39176) espnow_recv: (141261;141040;161040;1)[0m
[0;32mI (39196) espnow_recv: (139520;139622;159622;1)[0m
[0;32mI (39206) espnow_recv: (140010;139962;159962;1)[0m
[0;32mI (39216) espnow_recv: (138806;138926;158926;1)[0m
[0;32mI (39226) espnow_recv: (136823;137023;157023;1)[0m
[0;32mI (39236) espnow_recv: (135960;136049;156049;1)[0m
[0;32mI (39246) espnow_recv: (135524;135569;155569;1)[0m
[0;32mI (39256) espnow_recv: (135396;135410;155410;1)[0m
[0;32mI (39266) espnow_recv: (136012;135950;155950;1)[0m
[0;32mI (39276) espnow_recv: (135383;135446;155446;1)[0m
[0;32mI (39286) espnow_recv: (135488;135478;155478;1)[0m
[0;32mI (39296) espnow_recv: (135840;135804;155804;1)[0m
[0;32mI (39306) espnow_recv: (138074;137850;157850;1)[0m
[0;32mI (39316) espnow_recv: (137835;137857;157857;1)[0m
[0;32mI (39326) espnow_recv: (137872;137868;157868;1)[0m
[0;32mI (39336) espnow_recv: (138679;138598;158598;1)[0m
[0;32mI (39346) espnow_recv: (136610;138576;158576;1)[0m
[0;32mI (39356) espnow_recv: (132881;138292;158292;1)[0m
[0;32mI (39366) espnow_recv: (135338;138145;158145;1)[0m
[0;32mI (39376) espnow_recv: (132908;137884;157884;1)[0m
[0;32mI (39386) espnow_recv: (129592;137470;157470;1)[0m
[0;32mI (39396) espnow_recv: (134089;137301;157301;1)[0m
[0;32mI (39406) espnow_recv: (135519;137212;157212;1)[0m
[0;32mI (39426) espnow_recv: (134386;136985;156985;1)[0m
[0;32mI (39436) espnow_recv: (135599;136916;156916;1)[0m
[0;32mI (39446) espnow_recv: (136430;136892;156892;1)[0m
[0;32mI (39456) espnow_recv: (132397;136668;156668;1)[0m
[0;32mI (39466) espnow_recv: (137192;136694;156694;1)[0m
[0;32mI (39476) espnow_recv: (135044;136612;156612;1)[0m
[0;32mI (39486) espnow_recv: (133444;136454;156454;1)[0m
[0;32mI (39496) espnow_recv: (131815;136223;156223;1)[0m
[0;32mI (39506) espnow_recv: (135847;136205;156205;1)[0m
[0;32mI (39526) espnow_recv: (136417;136221;156221;1)[0m
[0;32mI (39536) espnow_recv: (136943;136257;156257;1)[0m
[0;32mI (39546) espnow_recv: (136320;136260;156260;1)[0m
[0;32mI (39556) espnow_recv: (137581;136326;156326;1)[0m
[0;32mI (39566) espnow_recv: (137380;136378;156378;1)[0m
[0;32mI (39576) espnow_recv: (134005;136260;156260;1)[0m
[0;32mI (39596) espnow_recv: (135150;136097;156097;1)[0m
[0;32mI (39616) espnow_recv: (133208;135934;155934;1)[0m
[0;32mI (39626) espnow_recv: (137474;136011;156011;1)[0m
[0;32mI (39636) espnow_recv: (138532;136137;156137;1)[0m
[0;32mI (39646) espnow_recv: (139796;136319;156319;1)[0m
[0;32mI (39656) espnow_recv: (145043;136755;156755;1)[0m
[0;32mI (39666) espnow_recv: (186616;139248;159248;1)[0m
[0;32mI (39676) espnow_recv: (200958;139248;159248;1)[0m
[0;32mI (39686) espnow_recv: (200958;139248;159248;1)[0m
[0;32mI (39706) espnow_recv: (210279;139248;159248;1)[0m
[0;32mI (39716) espnow_recv: (231942;139248;159248;1)[0m
[0;32mI (39726) espnow_recv: (231942;139248;159248;1)[0m
[0;32mI (39726) espnow_recv: (231942;139248;159248;1)[0m
[0;32mI (39736) espnow_recv: (215966;139248;159248;1)[0m
[0;32mI (39746) espnow_recv: (201257;139248;159248;1)[0m
[0;32mI (39756) espnow_recv: (194023;141986;161986;1)[0m
[0;32mI (39776) espnow_recv: (181375;180941;200941;1)[0m
[0;32mI (39786) espnow_recv: (178045;178374;198374;1)[0m
[0;32mI (39796) espnow_recv: (172230;172815;192815;1)[0m
[0;32mI (39816) espnow_recv: (165803;166410;186410;1)[0m
[0;32mI (39826) espnow_recv: (164445;164587;184587;1)[0m
[0;32mI (39836) espnow_recv: (162156;162387;182387;1)[0m
[0;32mI (39846) espnow_recv: (165833;165467;185467;1)[0m
[0;32mI (39856) espnow_recv: (166534;166460;186460;1)[0m
[0;32mI (39866) espnow_recv: (169906;169568;189568;1)[0m
[0;32mI (39876) espnow_recv: (168367;168518;188518;1)[0m
[0;32mI (39886) espnow_recv: (167285;167395;187395;1)[0m
[0;32mI (39896) espnow_recv: (165256;165460;185460;1)[0m
[0;32mI (39906) espnow_recv: (163080;163300;183300;1)[0m
[0;32mI (39916) espnow_recv: (166852;166477;186477;1)[0m
[0;32mI (39926) espnow_recv: (167183;167146;187146;1)[0m
[0;32mI (39936) espnow_recv: (169653;169405;189405;1)[0m
[0;32mI (39946) espnow_recv: (168875;168951;188951;1)[0m
[0;32mI (39956) espnow_recv: (166951;167145;187145;1)[0m
[0;32mI (39966) espnow_recv: (165726;165851;185851;1)[0m
[0;32mI (39976) espnow_recv: (162936;163217;183217;1)[0m
[0;32mI (39986) espnow_recv: (166089;165776;185776;1)[0m
[0;32mI (39996) espnow_recv: (166850;166770;186770;1)[0m
[0;32mI (40016) espnow_recv: (168243;168292;188292;1)[0m
[0;32mI (40026) espnow_recv: (165570;165838;185838;1)[0m
[0;32mI (40036) espnow_recv: (163039;163295;183295;1)[0m
[0;32mI (40046) espnow_recv: (165600;165346;185346;1)[0m
[0;32mI (40056) espnow_recv: (167285;167113;187113;1)[0m
[0;32mI (40066) espnow_recv: (170588;170255;190255;1)[0m
[0;32mI (40076) espnow_recv: (169306;169431;189431;1)[0m
[0;32mI (40086) espnow_recv: (167761;167917;187917;1)[0m
[0;32mI (40096) espnow_recv: (165423;165659;185659;1)[0m
[0;32mI (40116) espnow_recv: (166537;163409;177409;1)[0m
[0;32mI (40126) espnow_recv: (167263;163601;177601;1)[0m
[0;32mI (40136) espnow_recv: (169689;163905;177905;1)[0m
[0;32mI (40146) espnow_recv: (169000;164159;178159;1)[0m
[0;32mI (40156) espnow_recv: (167591;164330;178330;1)[0m
[0;32mI (40166) espnow_recv: (166126;164419;178419;1)[0m
[0;32mI (40176) espnow_recv: (163054;164351;178351;1)[0m
[0;32mI (40186) espnow_recv: (166444;164455;178455;1)[0m
[0;32mI (40196) espnow_recv: (167354;164599;178599;1)[0m
[0;32mI (40216) espnow_recv: (167644;164970;178970;1)[0m
[0;32mI (40226) espnow_recv: (165693;165006;179006;1)[0m
[0;32mI (40256) espnow_recv: (167313;165111;179111;1)[0m
[0;32mI (40266) espnow_recv: (170155;165363;179363;1)[0m
[0;32mI (40286) espnow_recv: (167225;165640;179640;1)[0m
[0;32mI (40296) espnow_recv: (165564;165637;179637;1)[0m
[0;32mI (40306) espnow_recv: (162862;165499;179499;1)[0m
[0;32mI (40316) espnow_recv: (166645;165556;179556;1)[0m
[0;32mI (40326) espnow_recv: (167738;165665;179665;1)[0m
[0;32mI (40336) espnow_recv: (169286;165846;179846;1)[0m
[0;32mI (40346) espnow_recv: (168511;165979;179979;1)[0m
[0;32mI (40356) espnow_recv: (167083;166034;180034;1)[0m
[0;32mI (40366) espnow_recv: (166060;166035;180035;1)[0m
[0;32mI (40376) espnow_recv: (163090;165888;179888;1)[0m
[0;32mI (40386) espnow_recv: (166551;165921;179921;1)[0m
[0;32mI (40406) espnow_recv: (168185;166095;180095;1)[0m
[0;32mI (40426) espnow_recv: (165320;166128;180128;1)[0m
[0;32mI (40436) espnow_recv: (163439;165994;179994;1)[0m
[0;32mI (40446) espnow_recv: (167044;166046;180046;1)[0m
[0;32mI (40456) espnow_recv: (167825;166134;180134;1)[0m
[0;32mI (40466) espnow_recv: (170726;166363;180363;1)[0m
[0;32mI (40476) espnow_recv: (169379;166513;180513;1)[0m
[0;32mI (40486) espnow_recv: (167352;166554;180554;1)[0m
[0;32mI (40496) espnow_recv: (165771;166515;180515;1)[0m
[0;32mI (40506) espnow_recv: (162920;166336;180336;1)[0m
[0;32mI (40526) espnow_recv: (167367;166411;180411;1)[0m
[0;32mI (40536) espnow_recv: (170463;166613;180613;1)[0m
[0;32mI (40546) espnow_recv: (169548;166759;180759;1)[0m
[0;32mI (40556) espnow_recv: (166972;166769;180769;1)[0m
[0;32mI (40566) espnow_recv: (166439;166753;180753;1)[0m
[0;32mI (40576) espnow_recv: (162580;166545;180545;1)[0m
[0;32mI (40586) espnow_recv: (166766;166556;180556;1)[0m
[0;32mI (40596) espnow_recv: (167847;166620;180620;1)[0m
[0;32mI (40606) espnow_recv: (170836;166830;180830;1)[0m
[0;32mI (40616) espnow_recv: (167079;166842;180842;1)[0m
[0;32mI (40626) espnow_recv: (165550;166778;180778;1)[0m
[0;32mI (40636) espnow_recv: (162820;166581;180581;1)[0m
[0;32mI (40646) espnow_recv: (167827;166643;180643;1)[0m
[0;32mI (40656) espnow_recv: (168053;166713;180713;1)[0m
[0;32mI (40666) espnow_recv: (170792;166916;180916;1)[0m
[0;32mI (40676) espnow_recv: (169721;167056;181056;1)[0m
[0;32mI (40686) espnow_recv: (166592;167033;181033;1)[0m
[0;32mI (40696) espnow_recv: (165854;166975;180975;1)[0m
[0;32mI (40726) espnow_recv: (168613;166935;180935;1)[0m
[0;32mI (40736) espnow_recv: (170903;167133;181133;1)[0m
[0;32mI (40746) espnow_recv: (168646;167208;181208;1)[0m
[0;32mI (40756) espnow_recv: (165592;167128;181128;1)[0m
[0;32mI (40766) espnow_recv: (165797;167062;181062;1)[0m
[0;32mI (40776) espnow_recv: (162373;166828;180828;1)[0m
[0;32mI (40786) espnow_recv: (168415;166907;180907;1)[0m
[0;32mI (40796) espnow_recv: (167902;166956;180956;1)[0m
[0;32mI (40806) espnow_recv: (169996;167108;181108;1)[0m
[0;32mI (40816) espnow_recv: (169017;167203;181203;1)[0m
[0;32mI (40836) espnow_recv: (162489;166874;180874;1)[0m
[0;32mI (40846) espnow_recv: (168408;166950;180950;1)[0m
[0;32mI (40856) espnow_recv: (168527;167028;181028;1)[0m
[0;32mI (40866) espnow_recv: (170572;167205;181205;1)[0m
[0;32mI (40876) espnow_recv: (169113;167300;181300;1)[0m
[0;32mI (40886) espnow_recv: (166079;167239;181239;1)[0m
[0;32mI (40896) espnow_recv: (165873;167171;181171;1)[0m
[0;32mI (40906) espnow_recv: (162708;166948;180948;1)[0m
[0;32mI (40916) espnow_recv: (169742;167087;181087;1)[0m
[0;32mI (40936) espnow_recv: (171457;167398;181398;1)[0m
[0;32mI (40946) espnow_recv: (167933;167424;181424;1)[0m
[0;32mI (40956) espnow_recv: (165148;167311;181311;1)[0m
[0;32mI (40966) espnow_recv: (165801;167236;181236;1)[0m
[0;32mI (40976) espnow_recv: (162050;166977;180977;1)[0m
[0;32mI (40986) espnow_recv: (170425;167149;181149;1)[0m
[0;32mI (40996) espnow_recv: (169213;167252;181252;1)[0m
[0;32mI (41006) espnow_recv: (170814;167430;181430;1)[0m
[0;32mI (41016) espnow_recv: (168097;167463;181463;1)[0m
[0;32mI (41026) espnow_recv: (165256;167353;181353;1)[0m
[0;32mI (41036) espnow_recv: (162499;167111;181111;1)[0m
[0;32mI (41046) espnow_recv: (170353;167273;181273;1)[0m
[0;32mI (41066) espnow_recv: (171401;167584;181584;1)[0m
[0;32mI (41076) espnow_recv: (167038;167557;181557;1)[0m
[0;32mI (41086) espnow_recv: (165487;167454;181454;1)[0m
[0;32mI (41096) espnow_recv: (166258;167395;181395;1)[0m
[0;32mI (41116) espnow_recv: (171651;167405;181405;1)[0m
[0;32mI (41126) espnow_recv: (171090;167589;181589;1)[0m
[0;32mI (41136) espnow_recv: (176708;168044;182044;1)[0m
[0;32mI (41146) espnow_recv: (177050;168494;182494;1)[0m
[0;32mI (41156) espnow_recv: (178913;169014;183014;1)[0m
[0;32mI (41166) espnow_recv: (184637;169795;183795;1)[0m
[0;32mI (41176) espnow_recv: (182385;169795;183795;1)[0m
[0;32mI (41186) espnow_recv: (181181;170364;184364;1)[0m
[0;32mI (41196) espnow_recv: (187678;171229;185229;1)[0m
[0;32mI (41206) espnow_recv: (185660;171229;185229;1)[0m
[0;32mI (41216) espnow_recv: (185660;171229;185229;1)[0m
[0;32mI (41226) espnow_recv: (185276;171229;185229;1)[0m
[0;32mI (41236) espnow_recv: (183870;171229;185229;1)[0m
[0;32mI (41246) espnow_recv: (180997;171717;185717;1)[0m
[0;32mI (41256) espnow_recv: (182954;172278;186278;1)[0m
[0;32mI (41266) espnow_recv: (177041;172516;186516;1)[0m
[0;32mI (41266) espnow_recv: (177041;177041;277041;1)[0m
[0;32mI (41276) espnow_recv: (166432;176511;276511;1)[0m
[0;32mI (41286) espnow_recv: (163635;175868;275868;1)[0m
[0;32mI (41296) espnow_recv: (170057;175578;275578;1)[0m
[0;32mI (41306) espnow_recv: (165206;175060;275060;1)[0m
[0;32mI (41316) espnow_recv: (153107;173963;193963;1)[0m
[0;32mI (41326) espnow_recv: (148642;149298;169298;1)[0m
[0;32mI (41346) espnow_recv: (142240;142627;162627;1)[0m
[0;32mI (41356) espnow_recv: (137162;137674;157674;1)[0m
[0;32mI (41366) espnow_recv: (134711;134962;154962;1)[0m
[0;32mI (41376) espnow_recv: (134030;134101;154101;1)[0m
[0;32mI (41386) espnow_recv: (130546;130896;150896;1)[0m
[0;32mI (41396) espnow_recv: (129719;129806;149806;1)[0m
[0;32mI (41406) espnow_recv: (124363;124900;144900;1)[0m
[0;32mI (41416) espnow_recv: (121996;122239;142239;1)[0m
[0;32mI (41426) espnow_recv: (125254;124930;144930;1)[0m
[0;32mI (41436) espnow_recv: (126590;126453;146453;1)[0m
[0;32mI (41446) espnow_recv: (127502;127409;147409;1)[0m
[0;32mI (41456) espnow_recv: (122767;123240;143240;1)[0m
[0;32mI (41466) espnow_recv: (120946;121133;141133;1)[0m
[0;32mI (41476) espnow_recv: (124796;124412;144412;1)[0m
[0;32mI (41486) espnow_recv: (126394;126230;146230;1)[0m
[0;32mI (41496) espnow_recv: (126883;126832;146832;1)[0m
[0;32mI (41506) espnow_recv: (122345;122799;142799;1)[0m
[0;32mI (41516) espnow_recv: (120364;120567;140567;1)[0m
[0;32mI (41526) espnow_recv: (124769;124330;144330;1)[0m
[0;32mI (41546) espnow_recv: (126991;126927;146927;1)[0m
[0;32mI (41556) espnow_recv: (121644;122178;142178;1)[0m
[0;32mI (41566) espnow_recv: (120287;120429;140429;1)[0m
[0;32mI (41576) espnow_recv: (124825;124372;144372;1)[0m
[0;32mI (41586) espnow_recv: (126124;125989;145989;1)[0m
[0;32mI (41596) espnow_recv: (125695;125737;145737;1)[0m
[0;32mI (41606) espnow_recv: (120966;121440;141440;1)[0m
[0;32mI (59866) espnow_recv: (118222;131032;151032;1)[0m
[0;32mI (59876) espnow_recv: (124849;130723;150723;1)[0m
[0;32mI (59886) espnow_recv: (126682;130521;150521;1)[0m
[0;32mI (59896) espnow_recv: (122864;130139;150139;1)[0m
[0;32mI (59906) espnow_recv: (121024;129684;149684;1)[0m
[0;32mI (59916) espnow_recv: (121010;129251;149251;1)[0m
[0;32mI (59926) espnow_recv: (125518;129065;149065;1)[0m
[0;32mI (59936) espnow_recv: (126791;128952;148952;1)[0m
[0;32mI (59946) espnow_recv: (122456;128628;148628;1)[0m
[0;32mI (59966) espnow_recv: (120928;127867;147867;1)[0m
[0;32mI (59986) espnow_recv: (126514;127700;147700;1)[0m
[0;32mI (59996) espnow_recv: (122066;127419;147419;1)[0m
[0;32mI (60006) espnow_recv: (120306;127064;147064;1)[0m
[0;32mI (60016) espnow_recv: (121663;126794;146794;1)[0m
[0;32mI (60036) espnow_recv: (127218;126777;146777;1)[0m
[0;32mI (60046) espnow_recv: (121737;126525;146525;1)[0m
[0;32mI (60066) espnow_recv: (124108;126099;146099;1)[0m
[0;32mI (60076) espnow_recv: (125888;126089;146089;1)[0m
[0;32mI (60086) espnow_recv: (126288;126098;146098;1)[0m
[0;32mI (60096) espnow_recv: (121139;125851;145851;1)[0m
[0;32mI (60106) espnow_recv: (120236;125571;145571;1)[0m
[0;32mI (60116) espnow_recv: (125481;125567;145567;1)[0m
[0;32mI (60126) espnow_recv: (126296;125603;145603;1)[0m
[0;32mI (60136) espnow_recv: (126264;125636;145636;1)[0m
[0;32mI (60146) espnow_recv: (121300;125420;145420;1)[0m
[0;32mI (60156) espnow_recv: (120858;125192;145192;1)[0m
[0;32mI (60166) espnow_recv: (125257;125195;145195;1)[0m
[0;32mI (60186) espnow_recv: (125394;125252;145252;1)[0m
[0;32mI (60196) espnow_recv: (121629;125071;145071;1)[0m
[0;32mI (60206) espnow_recv: (124350;125035;145035;1)[0m
[0;32mI (60216) espnow_recv: (173036;127435;147435;1)[0m
[0;32mI (60226) espnow_recv: (184387;127435;147435;1)[0m
[0;32mI (60236) espnow_recv: (184387;127435;147435;1)[0m
[0;32mI (60246) espnow_recv: (202582;127435;147435;1)[0m
[0;32mI (60256) espnow_recv: (208415;127435;147435;1)[0m
[0;32mI (60266) espnow_recv: (208415;127435;147435;1)[0m
[0;32mI (60266) espnow_recv: (218029;127435;147435;1)[0m
[0;32mI (60276) espnow_recv: (199081;127435;147435;1)[0m
[0;32mI (60286) espnow_recv: (187477;127435;147435;1)[0m
[0;32mI (60296) espnow_recv: (183393;130232;150232;1)[0m
[0;32mI (60306) espnow_recv: (191158;189849;209849;1)[0m
[0;32mI (60316) espnow_recv: (188164;188451;208451;1)[0m
[0;32mI (60326) espnow_recv: (188164;188167;208167;1)[0m
[0;32mI (60336) espnow_recv: (186673;186823;206823;1)[0m
[0;32mI (60346) espnow_recv: (191875;191356;211356;1)[0m
[0;32mI (60366) espnow_recv: (186845;187007;207007;1)[0m
[0;32mI (60376) espnow_recv: (181003;181589;201589;1)[0m
[0;32mI (60386) espnow_recv: (165927;167441;187441;1)[0m
[0;32mI (60396) espnow_recv: (162451;162814;182814;1)[0m
[0;32mI (60416) espnow_recv: (160693;160774;180774;1)[0m
[0;32mI (60426) espnow_recv: (160125;160183;180183;1)[0m
[0;32mI (60436) espnow_recv: (158367;158544;178544;1)[0m
[0;32mI (60446) espnow_recv: (156311;156519;176519;1)[0m
[0;32mI (60456) espnow_recv: (156807;156759;176759;1)[0m
[0;32mI (60466) espnow_recv: (154668;154882;174882;1)[0m
[0;32mI (60476) espnow_recv: (153924;154001;174001;1)[0m
[0;32mI (60506) espnow_recv: (158999;158870;178870;1)[0m
[0;32mI (60516) espnow_recv: (160191;160070;180070;1)[0m
[0;32mI (60526) espnow_recv: (159378;159458;179458;1)[0m
[0;32mI (60536) espnow_recv: (159329;159335;179335;1)[0m
[0;32mI (60546) espnow_recv: (159863;159809;179809;1)[0m
[0;32mI (60556) espnow_recv: (158012;158197;178197;1)[0m
[0;32mI (60566) espnow_recv: (157210;157293;177293;1)[0m
[0;32mI (60576) espnow_recv: (154590;154853;174853;1)[0m
[0;32mI (60596) espnow_recv: (153801;154142;174142;1)[0m
[0;32mI (60606) espnow_recv: (160407;159749;179749;1)[0m
[0;32mI (60616) espnow_recv: (159437;159528;179528;1)[0m
[0;32mI (60626) espnow_recv: (159371;159379;179379;1)[0m
[0;32mI (60656) espnow_recv: (160540;160072;174072;1)[0m
[0;32mI (60676) espnow_recv: (155788;159739;173739;1)[0m
[0;32mI (60686) espnow_recv: (157364;159621;173621;1)[0m
[0;32mI (60696) espnow_recv: (154839;159382;173382;1)[0m
[0;32mI (60706) espnow_recv: (158504;159339;173339;1)[0m
[0;32mI (60716) espnow_recv: (158185;159282;173282;1)[0m
[0;32mI (60726) espnow_recv: (159259;159281;173281;1)[0m
[0;32mI (60736) espnow_recv: (159864;159310;173310;1)[0m
[0;32mI (60746) espnow_recv: (160331;159361;173361;1)[0m
[0;32mI (60756) espnow_recv: (160335;159409;173409;1)[0m
[0;32mI (60766) espnow_recv: (158336;159356;173356;1)[0m
[0;32mI (60776) espnow_recv: (156239;159201;173201;1)[0m
[0;32mI (60786) espnow_recv: (157392;159111;173111;1)[0m
[0;32mI (60796) espnow_recv: (155708;158941;172941;1)[0m
[0;32mI (60816) espnow_recv: (154639;158712;172712;1)[0m
[0;32mI (60826) espnow_recv: (160644;158808;172808;1)[0m
[0;32mI (60836) espnow_recv: (160549;158895;172895;1)[0m
[0;32mI (60846) espnow_recv: (161134;159006;173006;1)[0m
[0;32mI (60856) espnow_recv: (161106;159111;173111;1)[0m
[0;32mI (60866) espnow_recv: (159371;159124;173124;1)[0m
[0;32mI (60876) espnow_recv: (156659;159001;173001;1)[0m
[0;32mI (60886) espnow_recv: (157760;158939;172939;1)[0m
[0;32mI (60896) espnow_recv: (155812;158783;172783;1)[0m
[0;32mI (60906) espnow_recv: (158687;158779;172779;1)[0m
[0;32mI (60916) espnow_recv: (154818;158581;172581;1)[0m
[0;32mI (60926) espnow_recv: (160912;158697;172697;1)[0m
[0;32mI (60936) espnow_recv: (159639;158744;172744;1)[0m
[0;32mI (60946) espnow_recv: (160385;158826;172826;1)[0m
[0;32mI (60966) espnow_recv: (160427;158993;172993;1)[0m
[0;32mI (60976) espnow_recv: (157452;158916;172916;1)[0m
[0;32mI (60986) espnow_recv: (157601;158851;172851;1)[0m
[0;32mI (61006) espnow_recv: (158166;158674;172674;1)[0m
[0;32mI (61016) espnow_recv: (154701;158476;172476;1)[0m
[0;32mI (61026) espnow_recv: (175929;159348;173348;1)[0m
[0;32mI (61036) espnow_recv: (179873;159348;173348;1)[0m
[0;32mI (61046) espnow_recv: (184611;159348;173348;1)[0m
[0;32mI (61056) espnow_recv: (189424;159348;173348;1)[0m
[0;32mI (61066) espnow_recv: (188759;159348;173348;1)[0m
[0;32mI (61076) espnow_recv: (190118;159348;173348;1)[0m
[0;32mI (61086) espnow_recv: (190118;159348;173348;1)[0m
[0;32mI (61116) espnow_recv: (191784;159348;173348;1)[0m
[0;32mI (61126) espnow_recv: (189537;159348;173348;1)[0m
[0;32mI (61136) espnow_recv: (187274;159348;173348;1)[0m
[0;32mI (61146) espnow_recv: (191795;159348;173348;1)[0m
[0;32mI (61156) espnow_recv: (186712;159348;173348;1)[0m
[0;32mI (61166) espnow_recv: (176834;159348;173348;1)[0m
[0;32mI (61176) espnow_recv: (170532;159348;173348;1)[0m
[0;32mI (61186) espnow_recv: (163068;159534;173534;1)[0m
[0;32mI (61196) espnow_recv: (161713;159642;173642;1)[0m
[0;32mI (61206) espnow_recv: (161713;161713;261713;1)[0m
[0;32mI (61216) espnow_recv: (155560;161406;261406;1)[0m
[0;32mI (61226) espnow_recv: (147085;160690;260690;1)[0m
[0;32mI (61236) espnow_recv: (143161;159814;259814;1)[0m
[0;32mI (61246) espnow_recv: (137513;158699;258699;1)[0m
[0;32mI (61256) espnow_recv: (127836;157156;177156;1)[0m
[0;32mI (61266) espnow_recv: (128571;128791;148791;1)[0m
[0;32mI (61276) espnow_recv: (127070;127223;147223;1)[0m
[0;32mI (61286) espnow_recv: (126440;126505;146505;1)[0m
[0;32mI (61296) espnow_recv: (122806;123171;143171;1)[0m
[0;32mI (61306) espnow_recv: (121860;121959;141959;1)[0m
[0;32mI (61326) espnow_recv: (125788;125437;145437;1)[0m
[0;32mI (61336) espnow_recv: (124463;124592;144592;1)[0m
[0;32mI (61346) espnow_recv: (120351;120764;140764;1)[0m
[0;32mI (61356) espnow_recv: (119857;119911;139911;1)[0m
[0;32mI (61366) espnow_recv: (124265;123824;143824;1)[0m
[0;32mI (61376) espnow_recv: (124179;124184;144184;1)[0m
[0;32mI (61386) espnow_recv: (122410;122587;142587;1)[0m
[0;32mI (61396) espnow_recv: (119697;119971;139971;1)[0m
[0;32mI (61416) espnow_recv: (125145;124827;144827;1)[0m
[0;32mI (61426) espnow_recv: (124414;124484;144484;1)[0m
[0;32mI (61436) espnow_recv: (121963;122209;142209;1)[0m
[0;32mI (61466) espnow_recv: (124137;123895;143895;1)[0m
[0;32mI (61476) espnow_recv: (122614;122764;142764;1)[0m
[0;32mI (61486) espnow_recv: (121136;121286;141286;1)[0m
[0;32mI (61496) espnow_recv: (121653;121602;141602;1)[0m
[0;32mI (61506) espnow_recv: (122817;122700;142700;1)[0m
[0;32mI (61516) espnow_recv: (122711;122721;142721;1)[0m
[0;32mI (61526) espnow_recv: (121896;121978;141978;1)[0m
[0;32mI (61536) espnow_recv: (122581;122513;142513;1)[0m
[0;32mI (61546) espnow_recv: (122938;122901;142901;1)[0m
[0;32mI (61556) espnow_recv: (123400;123353;143353;1)[0m
[0;32mI (61566) espnow_recv: (121849;123323;143323;1)[0m
[0;32mI (61576) espnow_recv: (121647;123240;143240;1)[0m
[0;32mI (61586) espnow_recv: (123871;123271;143271;1)[0m
[0;32mI (61606) espnow_recv: (122375;123244;143244;1)[0m
[0;32mI (61616) espnow_recv: (120118;123088;143088;1)[0m
[0;32mI (61626) espnow_recv: (122750;123072;143072;1)[0m
[0;32mI (61636) espnow_recv: (124985;123167;143167;1)[0m
[0;32mI (61646) espnow_recv: (124376;123227;143227;1)[0m
[0;32mI (61656) espnow_recv: (121995;123166;143166;1)[0m
[0;32mI (61666) espnow_recv: (120617;123039;143039;1)[0m
[0;32mI (61676) espnow_recv: (124077;123090;143090;1)[0m
[0;32mI (61686) espnow_recv: (126501;123260;143260;1)[0m
[0;32mI (61696) espnow_recv: (125536;123373;143373;1)[0m
[0;32mI (61706) espnow_recv: (121977;123304;143304;1)[0m
[0;32mI (61716) espnow_recv: (120899;123184;143184;1)[0m
[0;32mI (61726) espnow_recv: (126996;123374;143374;1)[0m
[0;32mI (61736) espnow_recv: (129142;123662;143662;1)[0m
[0;32mI (61746) espnow_recv: (131228;124040;144040;1)[0m
[0;32mI (61756) espnow_recv: (131043;124390;144390;1)[0m
[0;32mI (61776) espnow_recv: (130217;124923;144923;1)[0m
[0;32mI (61786) espnow_recv: (128379;125095;145095;1)[0m
[0;32mI (61796) espnow_recv: (131925;125436;145436;1)[0m
[0;32mI (61806) espnow_recv: (133603;125844;145844;1)[0m
[0;32mI (61826) espnow_recv: (137157;126861;146861;1)[0m
[0;32mI (61836) espnow_recv: (135570;127296;147296;1)[0m
[0;32mI (61846) espnow_recv: (135694;127715;147715;1)[0m
[0;32mI (61856) espnow_recv: (133540;128006;148006;1)[0m
[0;32mI (61866) espnow_recv: (131104;128160;148160;1)[0m
[0;32mI (61876) espnow_recv: (133863;128445;148445;1)[0m
[0;32mI (61886) espnow_recv: (132045;128625;148625;1)[0m
[0;32mI (61896) espnow_recv: (133705;128879;148879;1)[0m
[0;32mI (61906) espnow_recv: (134812;129175;149175;1)[0m
[0;32mI (61916) espnow_recv: (136444;129538;149538;1)[0m
[0;32mI (61926) espnow_recv: (138290;129975;149975;1)[0m
[0;32mI (61936) espnow_recv: (136142;130283;150283;1)[0m
[0;32mI (61946) espnow_recv: (136367;130587;150587;1)[0m
[0;32mI (61956) espnow_recv: (137016;130908;150908;1)[0m
[0;32mI (61966) espnow_recv: (133129;131019;151019;1)[0m
[0;32mI (61976) espnow_recv: (134518;131193;151193;1)[0m
[0;32mI (61986) espnow_recv: (132180;131242;151242;1)[0m
[0;32mI (61996) espnow_recv: (133384;131349;151349;1)[0m
[0;32mI (62006) espnow_recv: (134171;131490;151490;1)[0m
[0;32mI (62016) espnow_recv: (136449;131737;151737;1)[0m
[0;32mI (62026) espnow_recv: (138376;132068;152068;1)[0m
[0;32mI (62036) espnow_recv: (135603;132244;152244;1)[0m
[0;32mI (62046) espnow_recv: (136935;132478;152478;1)[0m
[0;32mI (62056) espnow_recv: (136898;132699;152699;1)[0m
[0;32mI (62076) espnow_recv: (139526;133340;153340;1)[0m
[0;32mI (62086) espnow_recv: (133822;133364;153364;1)[0m
[0;32mI (62096) espnow_recv: (134397;133415;153415;1)[0m
[0;32mI (62106) espnow_recv: (135009;133494;153494;1)[0m
[0;32mI (62116) espnow_recv: (137875;133713;153713;1)[0m
[0;32mI (62126) espnow_recv: (137693;133912;153912;1)[0m
[0;32mI (62136) espnow_recv: (133698;133902;153902;1)[0m
[0;32mI (62146) espnow_recv: (137699;134091;154091;1)[0m
[0;32mI (62156) espnow_recv: (139347;134353;154353;1)[0m
[0;32mI (62166) espnow_recv: (140281;134649;154649;1)[0m
[0;32mI (62176) espnow_recv: (141609;134997;154997;1)[0m
[0;32mI (62186) espnow_recv: (139960;135245;155245;1)[0m
[0;32mI (62196) espnow_recv: (139331;135449;155449;1)[0m
[0;32mI (62206) espnow_recv: (139331;135643;155643;1)[0m
[0;32mI (62216) espnow_recv: (139448;135833;155833;1)[0m
[0;32mI (62226) espnow_recv: (141596;136121;156121;1)[0m
[0;32mI (62246) espnow_recv: (138503;136400;156400;1)[0m
[0;32mI (62256) espnow_recv: (138253;136492;156492;1)[0m
[0;32mI (62266) espnow_recv: (135015;136419;156419;1)[0m
[0;32mI (62276) espnow_recv: (136699;136433;156433;1)[0m
[0;32mI (62286) espnow_recv: (134016;136313;156313;1)[0m
[0;32mI (62296) espnow_recv: (133628;136179;156179;1)[0m
[0;32mI (62306) espnow_recv: (134788;136110;156110;1)[0m
[0;32mI (62316) espnow_recv: (135999;136105;156105;1)[0m
[0;32mI (62336) espnow_recv: (135816;136125;156125;1)[0m
[0;32mI (62346) espnow_recv: (136087;136124;156124;1)[0m
[0;32mI (62356) espnow_recv: (137781;136206;156206;1)[0m
[0;32mI (62366) espnow_recv: (133705;136081;156081;1)[0m
[0;32mI (62376) espnow_recv: (133390;135947;155947;1)[0m
[0;32mI (62396) espnow_recv: (130778;135484;155484;1)[0m
[0;32mI (62416) espnow_recv: (135509;135399;155399;1)[0m
[0;32mI (62426) espnow_recv: (134850;135372;155372;1)[0m
[0;32mI (62436) espnow_recv: (134694;135339;155339;1)[0m
[0;32mI (62446) espnow_recv: (135522;135348;155348;1)[0m
[0;32mI (62456) espnow_recv: (137243;135442;155442;1)[0m
[0;32mI (62466) espnow_recv: (132986;135320;155320;1)[0m
[0;32mI (62476) espnow_recv: (133767;135243;155243;1)[0m
[0;32mI (62486) espnow_recv: (132780;135120;155120;1)[0m
[0;32mI (62496) espnow_recv: (132611;134995;154995;1)[0m
[0;32mI (62506) espnow_recv: (134634;134977;154977;1)[0m
[0;32mI (62526) espnow_recv: (135595;135034;155034;1)[0m
[0;32mI (62536) espnow_recv: (134847;135025;155025;1)[0m
[0;32mI (62546) espnow_recv: (134227;134986;154986;1)[0m
[0;32mI (62576) espnow_recv: (133904;134714;154714;1)[0m
[0;32mI (62586) espnow_recv: (133893;134673;154673;1)[0m
[0;32mI (62596) espnow_recv: (131346;134507;154507;1)[0m
[0;32mI (62606) espnow_recv: (132725;134418;154418;1)[0m
[0;32mI (62616) espnow_recv: (136585;134526;154526;1)[0m
[0;32mI (62626) espnow_recv: (135048;134552;154552;1)[0m
[0;32mI (62636) espnow_recv: (135257;134587;154587;1)[0m
[0;32mI (62646) espnow_recv: (136385;134676;154676;1)[0m
[0;32mI (62656) espnow_recv: (136240;134754;154754;1)[0m
[0;32mI (62666) espnow_recv: (134360;134735;154735;1)[0m
[0;32mI (62676) espnow_recv: (134317;134715;154715;1)[0m
[0;32mI (62686) espnow_recv: (132589;134609;154609;1)[0m
[0;32mI (62696) espnow_recv: (135309;134644;154644;1)[0m
[0;32mI (62706) espnow_recv: (133715;134598;154598;1)[0m
[0;32mI (62716) espnow_recv: (137376;134736;154736;1)[0m
[0;32mI (62746) espnow_recv: (136139;134948;154948;1)[0m
[0;32mI (62756) espnow_recv: (136994;135050;155050;1)[0m
[0;32mI (62766) espnow_recv: (137106;135152;155152;1)[0m
[0;32mI (62776) espnow_recv: (138546;135321;155321;1)[0m
[0;32mI (62796) espnow_recv: (139280;135586;155586;1)[0m
[0;32mI (62806) espnow_recv: (169044;137258;157258;1)[0m
[0;32mI (62816) espnow_recv: (202739;137258;157258;1)[0m
[0;32mI (62826) espnow_recv: (202739;137258;157258;1)[0m
[0;32mI (62836) espnow_recv: (208358;137258;157258;1)[0m
[0;32mI (62846) espnow_recv: (229870;137258;157258;1)[0m
[0;32mI (62856) espnow_recv: (215301;137258;157258;1)[0m
[0;32mI (62866) espnow_recv: (215301;137258;157258;1)[0m
[0;32mI (62866) espnow_recv: (215301;137258;157258;1)[0m
[0;32mI (62876) espnow_recv: (200443;137258;157258;1)[0m
[0;32mI (62886) espnow_recv: (195428;137258;157258;1)[0m
[0;32mI (62896) espnow_recv: (195428;140166;160166;1)[0m
[0;32mI (62906) espnow_recv: (191034;190920;210920;1)[0m
[0;32mI (62916) espnow_recv: (191912;191823;211823;1)[0m
[0;32mI (62926) espnow_recv: (185170;185844;205844;1)[0m
[0;32mI (62936) espnow_recv: (171116;172529;192529;1)[0m
[0;32mI (62946) espnow_recv: (167884;168222;188222;1)[0m
[0;32mI (62956) espnow_recv: (169157;169033;189033;1)[0m
[0;32mI (62966) espnow_recv: (166295;166580;186580;1)[0m
[0;32mI (62976) espnow_recv: (165515;165596;185596;1)[0m
[0;32mI (62996) espnow_recv: (161741;161965;181965;1)[0m
[0;32mI (63006) espnow_recv: (164617;164331;184331;1)[0m
[0;32mI (63016) espnow_recv: (165038;164993;184993;1)[0m
[0;32mI (63026) espnow_recv: (168401;168064;188064;1)[0m
[0;32mI (63036) espnow_recv: (167148;167270;187270;1)[0m
[0;32mI (63056) espnow_recv: (164298;164600;184600;1)[0m
[0;32mI (63066) espnow_recv: (162403;162596;182596;1)[0m
[0;32mI (63076) espnow_recv: (164612;164393;184393;1)[0m
[0;32mI (63086) espnow_recv: (164624;164620;184620;1)[0m
[0;32mI (63096) espnow_recv: (168060;167716;187716;1)[0m
[0;32mI (63106) espnow_recv: (167143;167232;187232;1)[0m
[0;32mI (63116) espnow_recv: (168814;168647;188647;1)[0m
[0;32mI (63126) espnow_recv: (163232;163789;183789;1)[0m
[0;32mI (63136) espnow_recv: (163581;163551;183551;1)[0m
[0;32mI (63156) espnow_recv: (169394;168538;188538;1)[0m
[0;32mI (63166) espnow_recv: (167913;168053;188053;1)[0m
[0;32mI (63176) espnow_recv: (169825;169635;189635;1)[0m
[0;32mI (63186) espnow_recv: (166469;166803;186803;1)[0m
[0;32mI (63196) espnow_recv: (164322;164541;184541;1)[0m
[0;32mI (63206) espnow_recv: (164401;164395;184395;1)[0m
[0;32mI (63216) espnow_recv: (161303;161613;181613;1)[0m
[0;32mI (63226) espnow_recv: (168315;167616;187616;1)[0m
[0;32mI (63236) espnow_recv: (168001;168026;188026;1)[0m
[0;32mI (63246) espnow_recv: (170162;169946;189946;1)[0m
[0;32mI (63256) espnow_recv: (167503;170030;184030;1)[0m
[0;32mI (63266) espnow_recv: (164341;169746;183746;1)[0m
[0;32mI (63276) espnow_recv: (164368;169478;183478;1)[0m
[0;32mI (63286) espnow_recv: (162165;169113;183113;1)[0m
[0;32mI (63296) espnow_recv: (168063;169061;183061;1)[0m
[0;32mI (63306) espnow_recv: (169126;169064;183064;1)[0m
[0;32mI (63316) espnow_recv: (167648;168994;182994;1)[0m
[0;32mI (63326) espnow_recv: (165233;168806;182806;1)[0m
[0;32mI (63336) espnow_recv: (164382;168585;182585;1)[0m
[0;32mI (63356) espnow_recv: (166796;168178;182178;1)[0m
[0;32mI (63376) espnow_recv: (169587;168173;182173;1)[0m
[0;32mI (63386) espnow_recv: (168510;168189;182189;1)[0m
[0;32mI (63396) espnow_recv: (165799;168070;182070;1)[0m
[0;32mI (63406) espnow_recv: (164519;167893;181893;1)[0m
[0;32mI (63416) espnow_recv: (162434;167621;181621;1)[0m
[0;32mI (63426) espnow_recv: (166582;167570;181570;1)[0m
[0;32mI (63436) espnow_recv: (167094;167547;181547;1)[0m
[0;32mI (63446) espnow_recv: (169115;167625;181625;1)[0m
[0;32mI (63456) espnow_recv: (168600;167673;181673;1)[0m
[0;32mI (63466) espnow_recv: (167144;167647;181647;1)[0m
[0;32mI (63476) espnow_recv: (165878;167559;181559;1)[0m
[0;32mI (63486) espnow_recv: (163542;167359;181359;1)[0m
[0;32mI (63496) espnow_recv: (166820;167333;181333;1)[0m
[0;32mI (63506) espnow_recv: (175648;167748;181748;1)[0m
[0;32mI (63516) espnow_recv: (184986;168609;182609;1)[0m
[0;32mI (63526) espnow_recv: (186158;168609;182609;1)[0m
[0;32mI (63536) espnow_recv: (186430;168609;182609;1)[0m
[0;32mI (63566) espnow_recv: (187147;168609;182609;1)[0m
[0;32mI (63576) espnow_recv: (191899;168609;182609;1)[0m
[0;32mI (63586) espnow_recv: (188327;168609;182609;1)[0m
[0;32mI (63596) espnow_recv: (186423;168609;182609;1)[0m
[0;32mI (63606) espnow_recv: (192113;168609;182609;1)[0m
[0;32mI (63616) espnow_recv: (187086;168609;182609;1)[0m
[0;32mI (63626) espnow_recv: (177306;168609;182609;1)[0m
[0;32mI (63636) espnow_recv: (170431;168700;182700;1)[0m
[0;32mI (63646) espnow_recv: (165731;168552;182552;1)[0m
[0;32mI (63656) espnow_recv: (168463;168548;182548;1)[0m
[0;32mI (63666) espnow_recv: (168463;168544;182544;1)[0m
[0;32mI (63676) espnow_recv: (173201;168673;268673;1)[0m
[0;32mI (63686) espnow_recv: (169854;168732;268732;1)[0m
[0;32mI (63696) espnow_recv: (162790;168435;268435;1)[0m
[0;32mI (63706) espnow_recv: (160284;168028;268028;1)[0m
[0;32mI (63716) espnow_recv: (154945;167374;187374;1)[0m
[0;32mI (63726) espnow_recv: (146733;147679;167679;1)[0m
[0;32mI (63736) espnow_recv: (145984;146069;166069;1)[0m
[0;32mI (63746) espnow_recv: (143319;143587;163587;1)[0m
[0;32mI (63756) espnow_recv: (144309;144212;164212;1)[0m
[0;32mI (63766) espnow_recv: (143597;143668;163668;1)[0m
[0;32mI (63776) espnow_recv: (144762;144646;164646;1)[0m
[0;32mI (63786) espnow_recv: (140707;141112;161112;1)[0m
[0;32mI (63796) espnow_recv: (138223;138476;158476;1)[0m
[0;32mI (63806) espnow_recv: (137006;137131;157131;1)[0m
[0;32mI (63816) espnow_recv: (135075;135270;155270;1)[0m
[0;32mI (63826) espnow_recv: (136206;136094;156094;1)[0m
[0;32mI (63836) espnow_recv: (135276;135368;155368;1)[0m
[0;32mI (63846) espnow_recv: (134679;134740;154740;1)[0m
[0;32mI (63856) espnow_recv: (134980;134950;154950;1)[0m
[0;32mI (63866) espnow_recv: (138145;137828;157828;1)[0m
[0;32mI (63876) espnow_recv: (137550;137607;157607;1)[0m
[0;32mI (63886) espnow_recv: (137367;137386;157386;1)[0m
[0;32mI (63896) espnow_recv: (137445;137437;157437;1)[0m
[0;32mI (63906) espnow_recv: (138004;137948;157948;1)[0m
[0;32mI (63916) espnow_recv: (139430;139286;159286;1)[0m
[0;32mI (63926) espnow_recv: (139296;139308;159308;1)[0m
[0;32mI (63936) espnow_recv: (137498;137678;157678;1)[0m
[0;32mI (63946) espnow_recv: (136591;136684;156684;1)[0m
[0;32mI (63956) espnow_recv: (137972;137834;157834;1)[0m
[0;32mI (63976) espnow_recv: (134721;134942;154942;1)[0m
[0;32mI (63996) espnow_recv: (135176;135317;155317;1)[0m
[0;32mI (64006) espnow_recv: (136339;136224;156224;1)[0m
[0;32mI (79276) espnow_recv: (145075;145150;165150;1)[0m
[0;32mI (79286) espnow_recv: (145335;145088;165088;1)[0m
[0;32mI (79296) espnow_recv: (140733;144871;164871;1)[0m
[0;32mI (79306) espnow_recv: (141816;144719;164719;1)[0m
[0;32mI (79336) espnow_recv: (143042;144253;164253;1)[0m
[0;32mI (79346) espnow_recv: (142059;144144;164144;1)[0m
[0;32mI (79356) espnow_recv: (141961;144035;164035;1)[0m
[0;32mI (79366) espnow_recv: (141571;143912;163912;1)[0m
[0;32mI (79376) espnow_recv: (139385;143686;163686;1)[0m
[0;32mI (79386) espnow_recv: (161581;144580;164580;1)[0m
[0;32mI (79396) espnow_recv: (181390;146420;166420;1)[0m
[0;32mI (79406) espnow_recv: (181390;146420;166420;1)[0m
[0;32mI (79416) espnow_recv: (205681;146420;166420;1)[0m
[0;32mI (79426) espnow_recv: (201341;146420;166420;1)[0m
[0;32mI (79436) espnow_recv: (223743;146420;166420;1)[0m
[0;32mI (79446) espnow_recv: (223743;146420;166420;1)[0m
[0;32mI (79446) espnow_recv: (223743;146420;166420;1)[0m
[0;32mI (79456) espnow_recv: (197696;146420;166420;1)[0m
[0;32mI (79466) espnow_recv: (197696;146420;166420;1)[0m
[0;32mI (79476) espnow_recv: (194503;148824;168824;1)[0m
[0;32mI (79486) espnow_recv: (189476;189522;209522;1)[0m
[0;32mI (79496) espnow_recv: (186599;186888;206888;1)[0m
[0;32mI (79506) espnow_recv: (191664;191160;211160;1)[0m
[0;32mI (79516) espnow_recv: (188351;188678;208678;1)[0m
[0;32mI (79526) espnow_recv: (186024;186260;206260;1)[0m
[0;32mI (79536) espnow_recv: (193095;192390;212390;1)[0m
[0;32mI (79546) espnow_recv: (188586;189030;209030;1)[0m
[0;32mI (79556) espnow_recv: (187584;187689;207689;1)[0m
[0;32mI (79566) espnow_recv: (192242;191777;211777;1)[0m
[0;32mI (79576) espnow_recv: (189261;189555;209555;1)[0m
[0;32mI (79586) espnow_recv: (189757;189710;209710;1)[0m
[0;32mI (79596) espnow_recv: (190748;190648;210648;1)[0m
[0;32mI (79606) espnow_recv: (188520;188742;208742;1)[0m
[0;32mI (79616) espnow_recv: (188520;188523;208523;1)[0m
[0;32mI (79626) espnow_recv: (191372;191086;211086;1)[0m
[0;32mI (79636) espnow_recv: (191107;191131;211131;1)[0m
[0;32mI (79646) espnow_recv: (187309;187690;207690;1)[0m
[0;32mI (79656) espnow_recv: (192429;191920;211920;1)[0m
[0;32mI (79666) espnow_recv: (189643;189917;209917;1)[0m
[0;32mI (79676) espnow_recv: (189464;189485;209485;1)[0m
[0;32mI (79686) espnow_recv: (193497;193094;213094;1)[0m
[0;32mI (79696) espnow_recv: (188803;189269;209269;1)[0m
[0;32mI (79706) espnow_recv: (188253;188313;208313;1)[0m
[0;32mI (79716) espnow_recv: (192642;192203;212203;1)[0m
[0;32mI (79726) espnow_recv: (189897;190168;210168;1)[0m
[0;32mI (79736) espnow_recv: (187296;187559;207559;1)[0m
[0;32mI (79746) espnow_recv: (187296;187299;207299;1)[0m
[0;32mI (79756) espnow_recv: (192315;191813;211813;1)[0m
[0;32mI (79766) espnow_recv: (189781;190030;210030;1)[0m
[0;32mI (79776) espnow_recv: (188953;189039;209039;1)[0m
[0;32mI (79786) espnow_recv: (192628;192261;212261;1)[0m
[0;32mI (79796) espnow_recv: (188394;188814;208814;1)[0m
[0;32mI (79806) espnow_recv: (189784;189649;209649;1)[0m
[0;32mI (79816) espnow_recv: (191273;191122;211122;1)[0m
[0;32mI (79826) espnow_recv: (189969;190098;210098;1)[0m
[0;32mI (79846) espnow_recv: (189229;189998;203998;1)[0m
[0;32mI (79856) espnow_recv: (187120;189855;203855;1)[0m
[0;32mI (79866) espnow_recv: (189577;189842;203842;1)[0m
[0;32mI (79876) espnow_recv: (178082;189254;203254;1)[0m
[0;32mI (79886) espnow_recv: (171395;188362;202362;1)[0m
[0;32mI (79896) espnow_recv: (169669;187428;201428;1)[0m
[0;32mI (79906) espnow_recv: (169093;186512;200512;1)[0m
[0;32mI (79916) espnow_recv: (171632;185768;199768;1)[0m
[0;32mI (79926) espnow_recv: (171004;185030;199030;1)[0m
[0;32mI (79936) espnow_recv: (171290;184343;198343;1)[0m
[0;32mI (79946) espnow_recv: (167227;183488;197488;1)[0m
[0;32mI (79956) espnow_recv: (164924;182560;196560;1)[0m
[0;32mI (79966) espnow_recv: (167436;181804;195804;1)[0m
[0;32mI (79976) espnow_recv: (169600;181194;195194;1)[0m
[0;32mI (79986) espnow_recv: (172600;180765;194765;1)[0m
[0;32mI (79996) espnow_recv: (170699;180262;194262;1)[0m
[0;32mI (80016) espnow_recv: (167620;179045;193045;1)[0m
[0;32mI (80026) espnow_recv: (164721;178329;192329;1)[0m
[0;32mI (80046) espnow_recv: (169940;177565;191565;1)[0m
[0;32mI (80056) espnow_recv: (172551;177315;191315;1)[0m
[0;32mI (80066) espnow_recv: (169733;176936;190936;1)[0m
[0;32mI (80076) espnow_recv: (166966;176438;190438;1)[0m
[0;32mI (80086) espnow_recv: (179104;176571;190571;1)[0m
[0;32mI (80096) espnow_recv: (181879;176836;190836;1)[0m
[0;32mI (80106) espnow_recv: (188220;177405;191405;1)[0m
[0;32mI (80116) espnow_recv: (188734;177971;191971;1)[0m
[0;32mI (80126) espnow_recv: (188431;178494;192494;1)[0m
[0;32mI (80146) espnow_recv: (187947;179640;193640;1)[0m
[0;32mI (80156) espnow_recv: (187418;180028;194028;1)[0m
[0;32mI (80166) espnow_recv: (192037;180628;194628;1)[0m
[0;32mI (80176) espnow_recv: (180653;180629;194629;1)[0m
[0;32mI (80186) espnow_recv: (172673;180232;194232;1)[0m
[0;32mI (80196) espnow_recv: (170237;179733;193733;1)[0m
[0;32mI (80206) espnow_recv: (165266;179010;193010;1)[0m
[0;32mI (80216) espnow_recv: (173392;178730;192730;1)[0m
[0;32mI (80226) espnow_recv: (172127;178400;192400;1)[0m
[0;32mI (80236) espnow_recv: (173689;178165;192165;1)[0m
[0;32mI (80256) espnow_recv: (165864;177089;191089;1)[0m
[0;32mI (80266) espnow_recv: (167572;176614;190614;1)[0m
[0;32mI (80276) espnow_recv: (169559;176262;190262;1)[0m
[0;32mI (80286) espnow_recv: (171932;176046;190046;1)[0m
[0;32mI (80296) espnow_recv: (170213;175755;189755;1)[0m
[0;32mI (80316) espnow_recv: (167450;175013;189013;1)[0m
[0;32mI (80326) espnow_recv: (164787;174502;188502;1)[0m
[0;32mI (80336) espnow_recv: (170116;174283;188283;1)[0m
[0;32mI (80346) espnow_recv: (170219;174080;188080;1)[0m
[0;32mI (80356) espnow_recv: (171816;173967;187967;1)[0m
[0;32mI (80366) espnow_recv: (170425;173790;187790;1)[0m
[0;32mI (80376) espnow_recv: (167250;173463;187463;1)[0m
[0;32mI (80386) espnow_recv: (168375;173209;187209;1)[0m
[0;32mI (80396) espnow_recv: (164038;172751;186751;1)[0m
[0;32mI (80406) espnow_recv: (172390;172733;186733;1)[0m
[0;32mI (80416) espnow_recv: (171634;172679;186679;1)[0m
[0;32mI (80436) espnow_recv: (166214;172141;186141;1)[0m
[0;32mI (80446) espnow_recv: (167917;171930;185930;1)[0m
[0;32mI (80456) espnow_recv: (169249;171796;185796;1)[0m
[0;32mI (80466) espnow_recv: (171327;171773;185773;1)[0m
[0;32mI (80486) espnow_recv: (169219;171594;185594;1)[0m
[0;32mI (80496) espnow_recv: (167938;171412;185412;1)[0m
[0;32mI (80506) espnow_recv: (164626;171073;185073;1)[0m
[0;32mI (80516) espnow_recv: (169449;170992;184992;1)[0m
[0;32mI (80526) espnow_recv: (170102;170948;184948;1)[0m
[0;32mI (80536) espnow_recv: (172821;171041;185041;1)[0m
[0;32mI (80546) espnow_recv: (170557;171017;185017;1)[0m
[0;32mI (80556) espnow_recv: (166567;170795;184795;1)[0m
[0;32mI (80566) espnow_recv: (167528;170632;184632;1)[0m
[0;32mI (80576) espnow_recv: (164319;170317;184317;1)[0m
[0;32mI (80586) espnow_recv: (173060;170454;184454;1)[0m
[0;32mI (80596) espnow_recv: (171532;170507;184507;1)[0m
[0;32mI (80606) espnow_recv: (173180;170640;184640;1)[0m
[0;32mI (80616) espnow_recv: (168770;170547;184547;1)[0m
[0;32mI (80626) espnow_recv: (165883;170314;184314;1)[0m
[0;32mI (80636) espnow_recv: (168690;170233;184233;1)[0m
[0;32mI (80646) espnow_recv: (168796;170162;184162;1)[0m
[0;32mI (80666) espnow_recv: (170814;170266;184266;1)[0m
[0;32mI (80676) espnow_recv: (168487;170178;184178;1)[0m
[0;32mI (80686) espnow_recv: (164980;169919;183919;1)[0m
[0;32mI (80696) espnow_recv: (170327;169939;183939;1)[0m
[0;32mI (80706) espnow_recv: (170903;169987;183987;1)[0m
[0;32mI (80716) espnow_recv: (175220;170248;184248;1)[0m
[0;32mI (80726) espnow_recv: (175220;170496;184496;1)[0m
[0;32mI (80736) espnow_recv: (180871;171014;185014;1)[0m
[0;32mI (80746) espnow_recv: (183471;171636;185636;1)[0m
[0;32mI (80756) espnow_recv: (190255;172566;186566;1)[0m
[0;32mI (80766) espnow_recv: (188450;172566;186566;1)[0m
[0;32mI (80776) espnow_recv: (187444;172566;186566;1)[0m
[0;32mI (80786) espnow_recv: (193857;172566;186566;1)[0m
[0;32mI (80806) espnow_recv: (189432;172566;186566;1)[0m
[0;32mI (80816) espnow_recv: (193297;172566;186566;1)[0m
[0;32mI (80826) espnow_recv: (189941;172566;186566;1)[0m
[0;32mI (80836) espnow_recv: (189445;172566;186566;1)[0m
[0;32mI (80846) espnow_recv: (181533;172566;186566;1)[0m
[0;32mI (80856) espnow_recv: (175922;172733;186733;1)[0m
[0;32mI (80866) espnow_recv: (175249;172858;186858;1)[0m
[0;32mI (80876) espnow_recv: (172939;172862;186862;1)[0m
[0;32mI (80886) espnow_recv: (172939;172865;186865;1)[0m
[0;32mI (80886) espnow_recv: (172939;172939;272939;1)[0m
[0;32mI (80896) espnow_recv: (168196;172702;272702;1)[0m
[0;32mI (80916) espnow_recv: (161814;171695;271695;1)[0m
[0;32mI (80926) espnow_recv: (170304;171626;271626;1)[0m
[0;32mI (80936) espnow_recv: (163179;171204;191204;1)[0m
[0;32mI (80946) espnow_recv: (154576;155517;175517;1)[0m
[0;32mI (80956) espnow_recv: (147137;147891;167891;1)[0m
[0;32mI (80966) espnow_recv: (145942;146070;166070;1)[0m
[0;32mI (80986) espnow_recv: (145785;145782;165782;1)[0m
[0;32mI (80996) espnow_recv: (143722;143929;163929;1)[0m
[0;32mI (81006) espnow_recv: (140260;140609;160609;1)[0m
[0;32mI (81016) espnow_recv: (138227;138434;158434;1)[0m
[0;32mI (81026) espnow_recv: (139314;139207;159207;1)[0m
[0;32mI (81036) espnow_recv: (138122;138241;158241;1)[0m
[0;32mI (81046) espnow_recv: (139063;138970;158970;1)[0m
[0;32mI (81056) espnow_recv: (139880;139797;159797;1)[0m
[0;32mI (81076) espnow_recv: (140176;140155;160155;1)[0m
[0;32mI (81086) espnow_recv: (142666;142416;162416;1)[0m
[0;32mI (81096) espnow_recv: (141310;141444;161444;1)[0m
[0;32mI (81106) espnow_recv: (141582;141556;161556;1)[0m
[0;32mI (81116) espnow_recv: (140819;140895;160895;1)[0m
[0;32mI (81126) espnow_recv: (139690;139804;159804;1)[0m
[0;32mI (81136) espnow_recv: (141638;141444;161444;1)[0m
[0;32mI (81146) espnow_recv: (139315;139546;159546;1)[0m
[0;32mI (81156) espnow_recv: (141830;141580;161580;1)[0m
[0;32mI (81166) espnow_recv: (141596;141617;161617;1)[0m
[0;32mI (81176) espnow_recv: (138446;138762;158762;1)[0m
[0;32mI (81186) espnow_recv: (140395;140203;160203;1)[0m
[0;32mI (81196) espnow_recv: (136169;136590;156590;1)[0m
[0;32mI (81206) espnow_recv: (139542;139209;159209;1)[0m
[0;32mI (81216) espnow_recv: (139386;139399;159399;1)[0m
[0;32mI (81226) espnow_recv: (142294;142003;162003;1)[0m
[0;32mI (81236) espnow_recv: (140549;140721;160721;1)[0m
[0;32mI (81246) espnow_recv: (139480;140496;160496;1)[0m
[0;32mI (81256) espnow_recv: (139120;140428;160428;1)[0m
[0;32mI (81266) espnow_recv: (138811;140348;160348;1)[0m
[0;32mI (81276) espnow_recv: (140233;140343;160343;1)[0m
[0;32mI (81286) espnow_recv: (143772;140514;160514;1)[0m
[0;32mI (81296) espnow_recv: (142258;140601;160601;1)[0m
[0;32mI (81306) espnow_recv: (142311;140686;160686;1)[0m
[0;32mI (81316) espnow_recv: (140947;140699;160699;1)[0m
[0;32mI (81326) espnow_recv: (139498;140639;160639;1)[0m
[0;32mI (81336) espnow_recv: (142186;140716;160716;1)[0m
[0;32mI (81346) espnow_recv: (140991;140729;160729;1)[0m
[0;32mI (81366) espnow_recv: (138651;140597;160597;1)[0m
[0;32mI (81376) espnow_recv: (138680;140502;160502;1)[0m
[0;32mI (81386) espnow_recv: (143924;140673;160673;1)[0m
[0;32mI (81396) espnow_recv: (138234;140552;160552;1)[0m
[0;32mI (81406) espnow_recv: (140775;140563;160563;1)[0m
[0;32mI (81416) espnow_recv: (139662;140518;160518;1)[0m
[0;32mI (81426) espnow_recv: (137006;140343;160343;1)[0m
[0;32mI (81446) espnow_recv: (136389;140039;160039;1)[0m
[0;32mI (81456) espnow_recv: (137079;139891;159891;1)[0m
[0;32mI (81466) espnow_recv: (137963;139795;159795;1)[0m
[0;32mI (81486) espnow_recv: (141434;140013;160013;1)[0m
[0;32mI (81496) espnow_recv: (139947;140010;160010;1)[0m
[0;32mI (81506) espnow_recv: (141271;140073;160073;1)[0m
[0;32mI (81516) espnow_recv: (140920;140115;160115;1)[0m
[0;32mI (81526) espnow_recv: (141714;140194;160194;1)[0m
[0;32mI (81536) espnow_recv: (143276;140348;160348;1)[0m
[0;32mI (81546) espnow_recv: (141863;140423;160423;1)[0m
[0;32mI (81556) espnow_recv: (142664;140535;160535;1)[0m
[0;32mI (81566) espnow_recv: (141103;140563;160563;1)[0m
[0;32mI (81576) espnow_recv: (142177;140643;160643;1)[0m
[0;32mI (81586) espnow_recv: (144932;140857;160857;1)[0m
[0;32mI (81596) espnow_recv: (141918;140910;160910;1)[0m
[0;32mI (81616) espnow_recv: (141723;140963;160963;1)[0m
[0;32mI (81626) espnow_recv: (137238;140777;160777;1)[0m
[0;32mI (81636) espnow_recv: (140893;140782;160782;1)[0m
[0;32mI (81646) espnow_recv: (138842;140685;160685;1)[0m
[0;32mI (81666) espnow_recv: (142724;140809;160809;1)[0m
[0;32mI (81676) espnow_recv: (139461;140742;160742;1)[0m
[0;32mI (81686) espnow_recv: (140928;140751;160751;1)[0m
[0;32mI (81696) espnow_recv: (141869;140806;160806;1)[0m
[0;32mI (81706) espnow_recv: (140170;140775;160775;1)[0m
[0;32mI (81716) espnow_recv: (140393;140756;160756;1)[0m
[0;32mI (81726) espnow_recv: (141585;140797;160797;1)[0m
[0;32mI (81736) espnow_recv: (140479;140782;160782;1)[0m
[0;32mI (81746) espnow_recv: (142515;140868;160868;1)[0m
[0;32mI (81756) espnow_recv: (156036;141626;161626;1)[0m
[0;32mI (81766) espnow_recv: (190958;144092;164092;1)[0m
[0;32mI (81776) espnow_recv: (200001;144092;164092;1)[0m
[0;32mI (81786) espnow_recv: (216950;144092;164092;1)[0m
[0;32mI (81796) espnow_recv: (216950;144092;164092;1)[0m
[0;32mI (81816) espnow_recv: (220347;144092;164092;1)[0m
[0;32mI (81826) espnow_recv: (203957;144092;164092;1)[0m
[0;32mI (81836) espnow_recv: (190390;144092;164092;1)[0m
[0;32mI (81846) espnow_recv: (173596;144092;164092;1)[0m
[0;32mI (81856) espnow_recv: (168585;145316;165316;1)[0m
[0;32mI (81876) espnow_recv: (165435;165422;185422;1)[0m
[0;32mI (81886) espnow_recv: (163734;163904;183904;1)[0m
[0;32mI (81896) espnow_recv: (165261;165110;185110;1)[0m
[0;32mI (81906) espnow_recv: (166429;166310;186310;1)[0m
[0;32mI (81916) espnow_recv: (169889;169541;189541;1)[0m
[0;32mI (81926) espnow_recv: (168533;168666;188666;1)[0m
[0;32mI (81936) espnow_recv: (168864;168832;188832;1)[0m
[0;32mI (81946) espnow_recv: (166896;167093;187093;1)[0m
[0;32mI (81956) espnow_recv: (164483;164727;184727;1)[0m
[0;32mI (81976) espnow_recv: (168805;168732;188732;1)[0m
[0;32mI (81996) espnow_recv: (170435;170603;190603;1)[0m
[0;32mI (82006) espnow_recv: (167139;167471;187471;1)[0m
[0;32mI (82026) espnow_recv: (163734;164054;184054;1)[0m
[0;32mI (82036) espnow_recv: (171148;170409;190409;1)[0m
[0;32mI (82046) espnow_recv: (170365;170436;190436;1)[0m
[0;32mI (82056) espnow_recv: (172284;172092;192092;1)[0m
[0;32mI (82066) espnow_recv: (169068;169388;189388;1)[0m
[0;32mI (82076) espnow_recv: (165998;166309;186309;1)[0m
[0;32mI (82086) espnow_recv: (168338;168107;188107;1)[0m
[0;32mI (82096) espnow_recv: (167979;168013;188013;1)[0m
[0;32mI (82106) espnow_recv: (171457;171109;191109;1)[0m
[0;32mI (82116) espnow_recv: (171054;171091;191091;1)[0m
[0;32mI (82126) espnow_recv: (170957;170968;190968;1)[0m
[0;32mI (82136) espnow_recv: (165743;166265;186265;1)[0m
[0;32mI (82146) espnow_recv: (168615;168333;188333;1)[0m
[0;32mI (82156) espnow_recv: (169642;169536;189536;1)[0m
[0;32mI (82166) espnow_recv: (171656;171453;191453;1)[0m
[0;32mI (82186) espnow_recv: (168301;168596;188596;1)[0m
[0;32mI (82196) espnow_recv: (167583;167658;187658;1)[0m
[0;32mI (82206) espnow_recv: (164376;164698;184698;1)[0m
[0;32mI (82216) espnow_recv: (171569;164735;178735;1)[0m
[0;32mI (82226) espnow_recv: (170632;165029;179029;1)[0m
[0;32mI (82236) espnow_recv: (173632;165459;179459;1)[0m
[0;32mI (82246) espnow_recv: (169166;165644;179644;1)[0m
[0;32mI (82256) espnow_recv: (166538;165688;179688;1)[0m
[0;32mI (82266) espnow_recv: (167832;165795;179795;1)[0m
[0;32mI (82276) espnow_recv: (169162;165963;179963;1)[0m
[0;32mI (82286) espnow_recv: (172955;166312;180312;1)[0m
[0;32mI (82296) espnow_recv: (172035;166598;180598;1)[0m
[0;32mI (82306) espnow_recv: (169554;166745;180745;1)[0m
[0;32mI (82326) espnow_recv: (164832;166718;180718;1)[0m
[0;32mI (82336) espnow_recv: (173882;167076;181076;1)[0m
[0;32mI (82346) espnow_recv: (180054;167724;181724;1)[0m
[0;32mI (82366) espnow_recv: (189043;168621;182621;1)[0m
[0;32mI (82386) espnow_recv: (191276;168621;182621;1)[0m
[0;32mI (82406) espnow_recv: (190552;168621;182621;1)[0m
[0;32mI (82416) espnow_recv: (181909;168621;182621;1)[0m
[0;32mI (82426) espnow_recv: (175837;168981;182981;1)[0m
[0;32mI (82436) espnow_recv: (170887;169076;183076;1)[0m
[0;32mI (82446) espnow_recv: (170887;169166;183166;1)[0m
[0;32mI (82446) espnow_recv: (170887;170887;270887;1)[0m
[0;32mI (82456) espnow_recv: (167348;170711;270711;1)[0m
[0;32mI (82466) espnow_recv: (173423;170846;270846;1)[0m
[0;32mI (82476) espnow_recv: (171398;170873;270873;1)[0m
[0;32mI (82486) espnow_recv: (168418;170751;270751;1)[0m
[0;32mI (82496) espnow_recv: (163633;170396;190396;1)[0m
[0;32mI (82506) espnow_recv: (154481;155464;175464;1)[0m
[0;32mI (82516) espnow_recv: (150582;150982;170982;1)[0m
[0;32mI (82526) espnow_recv: (148740;148929;168929;1)[0m
[0;32mI (82536) espnow_recv: (146386;146624;166624;1)[0m
[0;32mI (82546) espnow_recv: (146246;146263;166263;1)[0m
[0;32mI (82556) espnow_recv: (144294;144490;164490;1)[0m
[0;32mI (82566) espnow_recv: (142729;142888;162888;1)[0m
[0;32mI (82576) espnow_recv: (140359;140598;160598;1)[0m
[0;32mI (82586) espnow_recv: (141619;141495;161495;1)[0m
[0;32mI (82606) espnow_recv: (139370;139149;159149;1)[0m
[0;32mI (82616) espnow_recv: (141450;141239;161239;1)[0m
[0;32mI (82626) espnow_recv: (137461;137858;157858;1)[0m
[0;32mI (82646) espnow_recv: (138502;138738;158738;1)[0m
[0;32mI (82656) espnow_recv: (135437;135746;155746;1)[0m
[0;32mI (82666) espnow_recv: (137184;137012;157012;1)[0m
[0;32mI (82676) espnow_recv: (141633;141186;161186;1)[0m
[0;32mI (82686) espnow_recv: (142262;142194;162194;1)[0m
[0;32mI (82696) espnow_recv: (140584;140752;160752;1)[0m
[0;32mI (82706) espnow_recv: (140487;140499;160499;1)[0m
[0;32mI (82736) espnow_recv: (141048;141173;161173;1)[0m
[0;32mI (82746) espnow_recv: (138869;139089;159089;1)[0m
[0;32mI (82756) espnow_recv: (138224;138291;158291;1)[0m
[0;32mI (82776) espnow_recv: (136647;136847;156847;1)[0m
[0;32mI (82786) espnow_recv: (138813;138598;158598;1)[0m
